14.6417	DATA	version C
1059.8987	DATA	trigger received
1059.8987	DATA	begin trial
1059.8987	DATA	{'pressed': False, 'port': 0, 'key': 4, 'time': 0}
1060.5770	DATA	{'pressed': True, 'port': 0, 'key': 1, 'time': 0}
1061.0082	DATA	{'pressed': False, 'port': 0, 'key': 1, 'time': 0}
1061.1080	DATA	{'pressed': True, 'port': 0, 'key': 1, 'time': 0}
1062.1203	DATA	{'pressed': False, 'port': 0, 'key': 1, 'time': 0}
1062.4854	DATA	{'pressed': True, 'port': 0, 'key': 4, 'time': 0}
1062.5022	DATA	{'pressed': False, 'port': 0, 'key': 4, 'time': 0}
1063.1327	DATA	3
1063.1327	DATA	2
1064.1451	DATA	3
1064.1451	DATA	3
1064.3941	DATA	{'pressed': True, 'port': 0, 'key': 1, 'time': 0}
1064.6267	DATA	{'pressed': False, 'port': 0, 'key': 1, 'time': 0}
1064.7260	DATA	{'pressed': True, 'port': 0, 'key': 1, 'time': 0}
1064.8923	DATA	{'pressed': False, 'port': 0, 'key': 1, 'time': 0}
1065.0084	DATA	{'pressed': True, 'port': 0, 'key': 1, 'time': 0}
1065.0914	DATA	{'pressed': True, 'port': 0, 'key': 4, 'time': 0}
1065.1078	DATA	{'pressed': False, 'port': 0, 'key': 4, 'time': 0}
1065.1246	DATA	{'pressed': False, 'port': 0, 'key': 1, 'time': 0}
1065.2572	DATA	{'pressed': True, 'port': 0, 'key': 1, 'time': 0}
1065.3899	DATA	{'pressed': False, 'port': 0, 'key': 1, 'time': 0}
1065.4897	DATA	{'pressed': True, 'port': 0, 'key': 1, 'time': 0}
1065.5061	DATA	earn R
1065.6109	DATA	{'pressed': False, 'port': 0, 'key': 1, 'time': 0}
1065.7222	DATA	{'pressed': True, 'port': 0, 'key': 1, 'time': 0}
1065.8385	DATA	{'pressed': False, 'port': 0, 'key': 1, 'time': 0}
1066.8674	DATA	{'pressed': True, 'port': 0, 'key': 1, 'time': 0}
1067.2489	DATA	{'pressed': False, 'port': 0, 'key': 1, 'time': 0}
1067.3486	DATA	{'pressed': True, 'port': 0, 'key': 1, 'time': 0}
1067.5311	DATA	earn R
1067.5312	DATA	{'pressed': False, 'port': 0, 'key': 1, 'time': 0}
1067.6359	DATA	{'pressed': True, 'port': 0, 'key': 1, 'time': 0}
1067.6972	DATA	{'pressed': True, 'port': 0, 'key': 4, 'time': 0}
1067.7139	DATA	{'pressed': False, 'port': 0, 'key': 4, 'time': 0}
1067.7303	DATA	{'pressed': False, 'port': 0, 'key': 1, 'time': 0}
1067.8134	DATA	{'pressed': True, 'port': 0, 'key': 1, 'time': 0}
1067.9465	DATA	{'pressed': False, 'port': 0, 'key': 1, 'time': 0}
1068.0457	DATA	{'pressed': True, 'port': 0, 'key': 1, 'time': 0}
1068.1785	DATA	{'pressed': False, 'port': 0, 'key': 1, 'time': 0}
1068.8591	DATA	{'pressed': True, 'port': 0, 'key': 1, 'time': 0}
1069.2076	DATA	{'pressed': False, 'port': 0, 'key': 1, 'time': 0}
1069.3237	DATA	{'pressed': True, 'port': 0, 'key': 1, 'time': 0}
1069.4566	DATA	{'pressed': False, 'port': 0, 'key': 1, 'time': 0}
1069.5560	DATA	{'pressed': True, 'port': 0, 'key': 1, 'time': 0}
1069.6889	DATA	{'pressed': False, 'port': 0, 'key': 1, 'time': 0}
1069.7884	DATA	{'pressed': True, 'port': 0, 'key': 1, 'time': 0}
1069.9046	DATA	{'pressed': False, 'port': 0, 'key': 1, 'time': 0}
1070.0044	DATA	{'pressed': True, 'port': 0, 'key': 1, 'time': 0}
1070.1369	DATA	{'pressed': False, 'port': 0, 'key': 1, 'time': 0}
1070.2367	DATA	{'pressed': True, 'port': 0, 'key': 1, 'time': 0}
1070.2862	DATA	{'pressed': True, 'port': 0, 'key': 4, 'time': 0}
1070.3197	DATA	{'pressed': False, 'port': 0, 'key': 4, 'time': 0}
1070.3860	DATA	{'pressed': False, 'port': 0, 'key': 1, 'time': 0}
1070.4853	DATA	{'pressed': True, 'port': 0, 'key': 1, 'time': 0}
1070.5848	DATA	earn R
1070.6869	DATA	{'pressed': False, 'port': 0, 'key': 1, 'time': 0}
1070.7181	DATA	{'pressed': True, 'port': 0, 'key': 1, 'time': 0}
1070.8509	DATA	{'pressed': False, 'port': 0, 'key': 1, 'time': 0}
1070.9672	DATA	{'pressed': True, 'port': 0, 'key': 1, 'time': 0}
1071.0831	DATA	{'pressed': False, 'port': 0, 'key': 1, 'time': 0}
1071.3818	DATA	{'pressed': True, 'port': 0, 'key': 1, 'time': 0}
1071.5313	DATA	{'pressed': False, 'port': 0, 'key': 1, 'time': 0}
1071.9129	DATA	{'pressed': True, 'port': 0, 'key': 1, 'time': 0}
1072.0622	DATA	{'pressed': False, 'port': 0, 'key': 1, 'time': 0}
1072.1286	DATA	{'pressed': True, 'port': 0, 'key': 1, 'time': 0}
1072.2946	DATA	{'pressed': False, 'port': 0, 'key': 1, 'time': 0}
1072.3611	DATA	{'pressed': True, 'port': 0, 'key': 1, 'time': 0}
1072.5107	DATA	{'pressed': False, 'port': 0, 'key': 1, 'time': 0}
1072.5932	DATA	{'pressed': True, 'port': 0, 'key': 1, 'time': 0}
1072.7096	DATA	{'pressed': False, 'port': 0, 'key': 1, 'time': 0}
1072.8257	DATA	{'pressed': True, 'port': 0, 'key': 1, 'time': 0}
1072.8921	DATA	{'pressed': True, 'port': 0, 'key': 4, 'time': 0}
1072.9088	DATA	{'pressed': False, 'port': 0, 'key': 4, 'time': 0}
1072.9585	DATA	{'pressed': False, 'port': 0, 'key': 1, 'time': 0}
1073.0581	DATA	{'pressed': True, 'port': 0, 'key': 1, 'time': 0}
1073.1742	DATA	{'pressed': False, 'port': 0, 'key': 1, 'time': 0}
1073.2573	DATA	{'pressed': True, 'port': 0, 'key': 1, 'time': 0}
1073.4233	DATA	{'pressed': False, 'port': 0, 'key': 1, 'time': 0}
1073.4896	DATA	{'pressed': True, 'port': 0, 'key': 1, 'time': 0}
1073.6224	DATA	{'pressed': False, 'port': 0, 'key': 1, 'time': 0}
1073.7385	DATA	{'pressed': True, 'port': 0, 'key': 1, 'time': 0}
1073.8714	DATA	{'pressed': False, 'port': 0, 'key': 1, 'time': 0}
1073.9711	DATA	{'pressed': True, 'port': 0, 'key': 1, 'time': 0}
1074.1204	DATA	{'pressed': False, 'port': 0, 'key': 1, 'time': 0}
1074.2365	DATA	{'pressed': True, 'port': 0, 'key': 1, 'time': 0}
1074.3858	DATA	{'pressed': False, 'port': 0, 'key': 1, 'time': 0}
1074.4689	DATA	{'pressed': True, 'port': 0, 'key': 1, 'time': 0}
1074.6183	DATA	{'pressed': False, 'port': 0, 'key': 1, 'time': 0}
1074.7345	DATA	{'pressed': True, 'port': 0, 'key': 1, 'time': 0}
1074.8672	DATA	{'pressed': False, 'port': 0, 'key': 1, 'time': 0}
1074.9668	DATA	{'pressed': True, 'port': 0, 'key': 1, 'time': 0}
1075.0995	DATA	{'pressed': False, 'port': 0, 'key': 1, 'time': 0}
1075.2159	DATA	{'pressed': True, 'port': 0, 'key': 1, 'time': 0}
1075.4980	DATA	{'pressed': True, 'port': 0, 'key': 4, 'time': 0}
1075.5147	DATA	{'pressed': False, 'port': 0, 'key': 4, 'time': 0}
1076.7758	DATA	earn R
1077.5064	DATA	{'pressed': False, 'port': 0, 'key': 1, 'time': 0}
1078.0871	DATA	{'pressed': True, 'port': 0, 'key': 1, 'time': 0}
1078.1037	DATA	{'pressed': True, 'port': 0, 'key': 4, 'time': 0}
1078.1203	DATA	{'pressed': False, 'port': 0, 'key': 4, 'time': 0}
1078.8008	DATA	earn R
1079.4982	DATA	{'pressed': False, 'port': 0, 'key': 1, 'time': 0}
1080.0954	DATA	{'pressed': True, 'port': 0, 'key': 1, 'time': 0}
1080.6931	DATA	{'pressed': True, 'port': 0, 'key': 4, 'time': 0}
1080.7263	DATA	{'pressed': False, 'port': 0, 'key': 4, 'time': 0}
1083.2987	DATA	{'pressed': True, 'port': 0, 'key': 4, 'time': 0}
1083.3155	DATA	{'pressed': False, 'port': 0, 'key': 4, 'time': 0}
1084.8754	DATA	earn R
1085.8054	DATA	{'pressed': False, 'port': 0, 'key': 1, 'time': 0}
1085.9046	DATA	{'pressed': True, 'port': 0, 'key': 4, 'time': 0}
1085.9214	DATA	{'pressed': False, 'port': 0, 'key': 4, 'time': 0}
1086.3528	DATA	{'pressed': True, 'port': 0, 'key': 1, 'time': 0}
1087.9128	DATA	earn R
1088.5105	DATA	{'pressed': True, 'port': 0, 'key': 4, 'time': 0}
1088.5270	DATA	{'pressed': False, 'port': 0, 'key': 4, 'time': 0}
1088.8424	DATA	{'pressed': False, 'port': 0, 'key': 1, 'time': 0}
1089.3570	DATA	{'pressed': True, 'port': 0, 'key': 1, 'time': 0}
1089.9377	DATA	earn R
1090.8510	DATA	{'pressed': False, 'port': 0, 'key': 1, 'time': 0}
1091.1164	DATA	{'pressed': True, 'port': 0, 'key': 4, 'time': 0}
1091.1330	DATA	{'pressed': False, 'port': 0, 'key': 4, 'time': 0}
1091.3156	DATA	{'pressed': True, 'port': 0, 'key': 1, 'time': 0}
1093.7055	DATA	{'pressed': True, 'port': 0, 'key': 4, 'time': 0}
1093.7388	DATA	{'pressed': False, 'port': 0, 'key': 4, 'time': 0}
1096.3113	DATA	{'pressed': True, 'port': 0, 'key': 4, 'time': 0}
1096.3280	DATA	{'pressed': False, 'port': 0, 'key': 4, 'time': 0}
1098.0373	DATA	earn R
1098.9009	DATA	{'pressed': False, 'port': 0, 'key': 1, 'time': 0}
1098.9172	DATA	{'pressed': True, 'port': 0, 'key': 4, 'time': 0}
1098.9338	DATA	{'pressed': False, 'port': 0, 'key': 4, 'time': 0}
1099.4316	DATA	{'pressed': True, 'port': 0, 'key': 1, 'time': 0}
1100.0622	DATA	earn R
1100.7431	DATA	{'pressed': False, 'port': 0, 'key': 1, 'time': 0}
1101.4232	DATA	{'pressed': True, 'port': 0, 'key': 1, 'time': 0}
1101.5229	DATA	{'pressed': True, 'port': 0, 'key': 4, 'time': 0}
1101.5395	DATA	{'pressed': False, 'port': 0, 'key': 4, 'time': 0}
1102.0871	DATA	earn R
1102.7181	DATA	{'pressed': False, 'port': 0, 'key': 1, 'time': 0}
1103.4814	DATA	{'pressed': True, 'port': 0, 'key': 1, 'time': 0}
1104.1119	DATA	earn R
1104.1122	DATA	{'pressed': True, 'port': 0, 'key': 4, 'time': 0}
1104.2141	DATA	{'pressed': False, 'port': 0, 'key': 4, 'time': 0}
1104.9420	DATA	{'pressed': False, 'port': 0, 'key': 1, 'time': 0}
1106.1367	DATA	5
1106.1368	DATA	2
1106.5853	DATA	{'pressed': True, 'port': 0, 'key': 1, 'time': 0}
1106.6015	DATA	earn R
1106.7179	DATA	{'pressed': True, 'port': 0, 'key': 4, 'time': 0}
1106.7348	DATA	{'pressed': False, 'port': 0, 'key': 4, 'time': 0}
1107.3321	DATA	{'pressed': False, 'port': 0, 'key': 1, 'time': 0}
1108.2615	DATA	{'pressed': True, 'port': 0, 'key': 1, 'time': 0}
1109.3238	DATA	{'pressed': True, 'port': 0, 'key': 4, 'time': 0}
1109.3404	DATA	{'pressed': False, 'port': 0, 'key': 4, 'time': 0}
1110.6515	DATA	earn R
1111.5315	DATA	{'pressed': False, 'port': 0, 'key': 1, 'time': 0}
1111.9297	DATA	{'pressed': True, 'port': 0, 'key': 4, 'time': 0}
1111.9464	DATA	{'pressed': False, 'port': 0, 'key': 4, 'time': 0}
1112.0292	DATA	{'pressed': True, 'port': 0, 'key': 1, 'time': 0}
1114.5189	DATA	{'pressed': True, 'port': 0, 'key': 4, 'time': 0}
1114.5521	DATA	{'pressed': False, 'port': 0, 'key': 4, 'time': 0}
1117.1247	DATA	{'pressed': True, 'port': 0, 'key': 4, 'time': 0}
1117.1413	DATA	{'pressed': False, 'port': 0, 'key': 4, 'time': 0}
1119.7305	DATA	{'pressed': True, 'port': 0, 'key': 4, 'time': 0}
1119.7471	DATA	{'pressed': False, 'port': 0, 'key': 4, 'time': 0}
1119.7635	DATA	earn R
1120.5273	DATA	{'pressed': False, 'port': 0, 'key': 1, 'time': 0}
1121.7884	DATA	3
1121.7884	DATA	3
1122.3362	DATA	{'pressed': True, 'port': 0, 'key': 4, 'time': 0}
1122.3530	DATA	{'pressed': False, 'port': 0, 'key': 4, 'time': 0}
1122.8009	DATA	3
1122.8010	DATA	3
1123.0501	DATA	{'pressed': True, 'port': 0, 'key': 1, 'time': 0}
1124.9421	DATA	{'pressed': True, 'port': 0, 'key': 4, 'time': 0}
1124.9586	DATA	{'pressed': False, 'port': 0, 'key': 4, 'time': 0}
1127.5313	DATA	{'pressed': True, 'port': 0, 'key': 4, 'time': 0}
1127.5646	DATA	{'pressed': False, 'port': 0, 'key': 4, 'time': 0}
1130.1371	DATA	{'pressed': True, 'port': 0, 'key': 4, 'time': 0}
1130.1538	DATA	{'pressed': False, 'port': 0, 'key': 4, 'time': 0}
1132.1784	DATA	earn R
1132.7430	DATA	{'pressed': True, 'port': 0, 'key': 4, 'time': 0}
1132.7597	DATA	{'pressed': False, 'port': 0, 'key': 4, 'time': 0}
1132.9091	DATA	{'pressed': False, 'port': 0, 'key': 1, 'time': 0}
1133.8552	DATA	{'pressed': True, 'port': 0, 'key': 1, 'time': 0}
1135.3487	DATA	{'pressed': True, 'port': 0, 'key': 4, 'time': 0}
1135.3655	DATA	{'pressed': False, 'port': 0, 'key': 4, 'time': 0}
1137.1579	DATA	{'pressed': False, 'port': 0, 'key': 1, 'time': 0}
1137.4568	DATA	{'pressed': True, 'port': 0, 'key': 0, 'time': 0}
1137.4731	DATA	earn L
1137.9380	DATA	{'pressed': True, 'port': 0, 'key': 4, 'time': 0}
1137.9713	DATA	{'pressed': False, 'port': 0, 'key': 4, 'time': 0}
1138.2204	DATA	{'pressed': False, 'port': 0, 'key': 0, 'time': 0}
1138.7513	DATA	{'pressed': True, 'port': 0, 'key': 0, 'time': 0}
1140.5437	DATA	{'pressed': True, 'port': 0, 'key': 4, 'time': 0}
1140.5602	DATA	{'pressed': False, 'port': 0, 'key': 4, 'time': 0}
1143.1494	DATA	{'pressed': True, 'port': 0, 'key': 4, 'time': 0}
1143.1660	DATA	{'pressed': False, 'port': 0, 'key': 4, 'time': 0}
1143.9796	DATA	{'pressed': False, 'port': 0, 'key': 0, 'time': 0}
1144.4442	DATA	{'pressed': True, 'port': 0, 'key': 1, 'time': 0}
1145.7554	DATA	{'pressed': True, 'port': 0, 'key': 4, 'time': 0}
1145.7720	DATA	{'pressed': False, 'port': 0, 'key': 4, 'time': 0}
1147.5976	DATA	earn R
1148.3448	DATA	{'pressed': True, 'port': 0, 'key': 4, 'time': 0}
1148.3779	DATA	{'pressed': False, 'port': 0, 'key': 4, 'time': 0}
1148.4611	DATA	{'pressed': False, 'port': 0, 'key': 1, 'time': 0}
1148.9257	DATA	{'pressed': True, 'port': 0, 'key': 1, 'time': 0}
1149.6225	DATA	earn R
1150.3696	DATA	{'pressed': False, 'port': 0, 'key': 1, 'time': 0}
1150.9505	DATA	{'pressed': True, 'port': 0, 'key': 4, 'time': 0}
1150.9672	DATA	{'pressed': False, 'port': 0, 'key': 4, 'time': 0}
1151.0003	DATA	{'pressed': True, 'port': 0, 'key': 1, 'time': 0}
1152.6598	DATA	earn R
1153.3740	DATA	{'pressed': False, 'port': 0, 'key': 1, 'time': 0}
1153.5563	DATA	{'pressed': True, 'port': 0, 'key': 4, 'time': 0}
1153.5728	DATA	{'pressed': False, 'port': 0, 'key': 4, 'time': 0}
1154.1207	DATA	{'pressed': True, 'port': 0, 'key': 1, 'time': 0}
1156.1621	DATA	{'pressed': True, 'port': 0, 'key': 4, 'time': 0}
1156.1788	DATA	{'pressed': False, 'port': 0, 'key': 4, 'time': 0}
1158.7344	DATA	earn R
1158.8422	DATA	{'pressed': True, 'port': 0, 'key': 4, 'time': 0}
1158.8510	DATA	{'pressed': False, 'port': 0, 'key': 4, 'time': 0}
1159.3989	DATA	{'pressed': False, 'port': 0, 'key': 1, 'time': 0}
1160.0625	DATA	{'pressed': True, 'port': 0, 'key': 1, 'time': 0}
1161.3572	DATA	{'pressed': True, 'port': 0, 'key': 4, 'time': 0}
1161.3903	DATA	{'pressed': False, 'port': 0, 'key': 4, 'time': 0}
1163.7968	DATA	earn R
1163.9630	DATA	{'pressed': True, 'port': 0, 'key': 4, 'time': 0}
1163.9798	DATA	{'pressed': False, 'port': 0, 'key': 4, 'time': 0}
1164.4775	DATA	{'pressed': False, 'port': 0, 'key': 1, 'time': 0}
1165.4402	DATA	{'pressed': True, 'port': 0, 'key': 1, 'time': 0}
1166.5687	DATA	{'pressed': True, 'port': 0, 'key': 4, 'time': 0}
1166.5855	DATA	{'pressed': False, 'port': 0, 'key': 4, 'time': 0}
1169.1744	DATA	{'pressed': True, 'port': 0, 'key': 4, 'time': 0}
1169.1911	DATA	{'pressed': False, 'port': 0, 'key': 4, 'time': 0}
1169.8716	DATA	earn R
1170.5525	DATA	{'pressed': False, 'port': 0, 'key': 1, 'time': 0}
1171.4982	DATA	{'pressed': True, 'port': 0, 'key': 1, 'time': 0}
1171.7637	DATA	{'pressed': True, 'port': 0, 'key': 4, 'time': 0}
1171.7971	DATA	{'pressed': False, 'port': 0, 'key': 4, 'time': 0}
1172.9089	DATA	earn R
1173.8551	DATA	{'pressed': False, 'port': 0, 'key': 1, 'time': 0}
1174.3695	DATA	{'pressed': True, 'port': 0, 'key': 4, 'time': 0}
1174.3861	DATA	{'pressed': False, 'port': 0, 'key': 4, 'time': 0}
1174.6351	DATA	{'pressed': True, 'port': 0, 'key': 1, 'time': 0}
1176.9754	DATA	{'pressed': True, 'port': 0, 'key': 4, 'time': 0}
1176.9919	DATA	{'pressed': False, 'port': 0, 'key': 4, 'time': 0}
1179.5812	DATA	{'pressed': True, 'port': 0, 'key': 4, 'time': 0}
1179.5980	DATA	{'pressed': False, 'port': 0, 'key': 4, 'time': 0}
1182.1704	DATA	{'pressed': True, 'port': 0, 'key': 4, 'time': 0}
1182.2038	DATA	{'pressed': False, 'port': 0, 'key': 4, 'time': 0}
1182.4529	DATA	{'pressed': False, 'port': 0, 'key': 1, 'time': 0}
1182.6851	DATA	{'pressed': True, 'port': 0, 'key': 0, 'time': 0}
1183.0335	DATA	earn L
1183.6812	DATA	{'pressed': False, 'port': 0, 'key': 0, 'time': 0}
1184.0473	DATA	start rating A
1186.1870	DATA	EmulatedKey: 1
1194.0376	DATA	5.0
1194.0376	DATA	end rating A
1194.0379	DATA	start rating B
1194.7514	DATA	EmulatedKey: 1
1195.1333	DATA	EmulatedKey: 1
1204.0458	DATA	6.0
1204.0459	DATA	end rating B
1205.0584	DATA	6
1205.0584	DATA	3
1205.5897	DATA	{'pressed': True, 'port': 0, 'key': 4, 'time': 0}
1205.6229	DATA	{'pressed': False, 'port': 0, 'key': 4, 'time': 0}
1206.0707	DATA	5
1206.0707	DATA	1
1206.0708	DATA	free R
1208.0295	DATA	{'pressed': True, 'port': 0, 'key': 0, 'time': 0}
1208.0957	DATA	earn L
1208.2039	DATA	{'pressed': True, 'port': 0, 'key': 4, 'time': 0}
1208.2122	DATA	{'pressed': False, 'port': 0, 'key': 4, 'time': 0}
1208.8595	DATA	{'pressed': False, 'port': 0, 'key': 0, 'time': 0}
1209.6893	DATA	{'pressed': True, 'port': 0, 'key': 0, 'time': 0}
1210.8012	DATA	{'pressed': True, 'port': 0, 'key': 4, 'time': 0}
1210.8178	DATA	{'pressed': False, 'port': 0, 'key': 4, 'time': 0}
1213.4072	DATA	{'pressed': True, 'port': 0, 'key': 4, 'time': 0}
1213.4236	DATA	{'pressed': False, 'port': 0, 'key': 4, 'time': 0}
1214.1704	DATA	earn L
1214.7847	DATA	{'pressed': False, 'port': 0, 'key': 0, 'time': 0}
1215.9962	DATA	{'pressed': True, 'port': 0, 'key': 4, 'time': 0}
1216.0295	DATA	{'pressed': False, 'port': 0, 'key': 4, 'time': 0}
1216.1952	DATA	5
1216.1952	DATA	2
1216.3781	DATA	{'pressed': True, 'port': 0, 'key': 0, 'time': 0}
1218.6022	DATA	{'pressed': True, 'port': 0, 'key': 4, 'time': 0}
1218.6188	DATA	{'pressed': False, 'port': 0, 'key': 4, 'time': 0}
1221.2079	DATA	{'pressed': True, 'port': 0, 'key': 4, 'time': 0}
1221.2245	DATA	{'pressed': False, 'port': 0, 'key': 4, 'time': 0}
1223.8139	DATA	{'pressed': True, 'port': 0, 'key': 4, 'time': 0}
1223.8304	DATA	{'pressed': False, 'port': 0, 'key': 4, 'time': 0}
1225.0420	DATA	{'pressed': False, 'port': 0, 'key': 0, 'time': 0}
1225.3573	DATA	{'pressed': True, 'port': 0, 'key': 1, 'time': 0}
1225.5066	DATA	earn R
1226.1374	DATA	{'pressed': False, 'port': 0, 'key': 1, 'time': 0}
1226.4196	DATA	{'pressed': True, 'port': 0, 'key': 4, 'time': 0}
1226.4361	DATA	{'pressed': False, 'port': 0, 'key': 4, 'time': 0}
1227.5314	DATA	5
1227.5314	DATA	8
1228.5439	DATA	2
1228.5440	DATA	5
1229.0088	DATA	{'pressed': True, 'port': 0, 'key': 4, 'time': 0}
1229.0421	DATA	{'pressed': False, 'port': 0, 'key': 4, 'time': 0}
1229.5564	DATA	8
1229.5564	DATA	1
1229.5564	DATA	free R
1231.2163	DATA	{'pressed': True, 'port': 0, 'key': 0, 'time': 0}
1231.6145	DATA	{'pressed': True, 'port': 0, 'key': 4, 'time': 0}
1231.6311	DATA	{'pressed': False, 'port': 0, 'key': 4, 'time': 0}
1233.6063	DATA	earn L
1234.2205	DATA	{'pressed': True, 'port': 0, 'key': 4, 'time': 0}
1234.2370	DATA	{'pressed': False, 'port': 0, 'key': 4, 'time': 0}
1234.2538	DATA	{'pressed': False, 'port': 0, 'key': 0, 'time': 0}
1234.9675	DATA	{'pressed': True, 'port': 0, 'key': 0, 'time': 0}
1236.8262	DATA	{'pressed': True, 'port': 0, 'key': 4, 'time': 0}
1236.8428	DATA	{'pressed': False, 'port': 0, 'key': 4, 'time': 0}
1239.4153	DATA	{'pressed': True, 'port': 0, 'key': 4, 'time': 0}
1239.4486	DATA	{'pressed': False, 'port': 0, 'key': 4, 'time': 0}
1242.0212	DATA	{'pressed': True, 'port': 0, 'key': 4, 'time': 0}
1242.0382	DATA	{'pressed': False, 'port': 0, 'key': 4, 'time': 0}
1243.8968	DATA	{'pressed': False, 'port': 0, 'key': 0, 'time': 0}
1244.2454	DATA	{'pressed': True, 'port': 0, 'key': 1, 'time': 0}
1244.6269	DATA	{'pressed': True, 'port': 0, 'key': 4, 'time': 0}
1244.6437	DATA	{'pressed': False, 'port': 0, 'key': 4, 'time': 0}
1247.2329	DATA	{'pressed': True, 'port': 0, 'key': 4, 'time': 0}
1247.2495	DATA	{'pressed': False, 'port': 0, 'key': 4, 'time': 0}
1248.3948	DATA	{'pressed': False, 'port': 0, 'key': 1, 'time': 0}
1248.6270	DATA	{'pressed': True, 'port': 0, 'key': 0, 'time': 0}
1248.7929	DATA	earn L
1249.5237	DATA	{'pressed': False, 'port': 0, 'key': 0, 'time': 0}
1249.8220	DATA	{'pressed': True, 'port': 0, 'key': 4, 'time': 0}
1249.8554	DATA	{'pressed': False, 'port': 0, 'key': 4, 'time': 0}
1250.8179	DATA	5
1250.8179	DATA	4
1251.1167	DATA	{'pressed': True, 'port': 0, 'key': 0, 'time': 0}
1251.1332	DATA	earn L
1251.9964	DATA	{'pressed': False, 'port': 0, 'key': 0, 'time': 0}
1252.4280	DATA	{'pressed': True, 'port': 0, 'key': 4, 'time': 0}
1252.4445	DATA	{'pressed': False, 'port': 0, 'key': 4, 'time': 0}
1252.5774	DATA	{'pressed': True, 'port': 0, 'key': 0, 'time': 0}
1255.0337	DATA	{'pressed': True, 'port': 0, 'key': 4, 'time': 0}
1255.0503	DATA	{'pressed': False, 'port': 0, 'key': 4, 'time': 0}
1257.6396	DATA	{'pressed': True, 'port': 0, 'key': 4, 'time': 0}
1257.6561	DATA	{'pressed': False, 'port': 0, 'key': 4, 'time': 0}
1260.2454	DATA	{'pressed': True, 'port': 0, 'key': 4, 'time': 0}
1260.2621	DATA	{'pressed': False, 'port': 0, 'key': 4, 'time': 0}
1262.8345	DATA	{'pressed': True, 'port': 0, 'key': 4, 'time': 0}
1262.8679	DATA	{'pressed': False, 'port': 0, 'key': 4, 'time': 0}
1265.1747	DATA	{'pressed': False, 'port': 0, 'key': 0, 'time': 0}
1265.4403	DATA	{'pressed': True, 'port': 0, 'key': 4, 'time': 0}
1265.4572	DATA	{'pressed': False, 'port': 0, 'key': 4, 'time': 0}
1266.1708	DATA	{'pressed': True, 'port': 0, 'key': 1, 'time': 0}
1267.9799	DATA	{'pressed': False, 'port': 0, 'key': 1, 'time': 0}
1268.0462	DATA	{'pressed': True, 'port': 0, 'key': 4, 'time': 0}
1268.0629	DATA	{'pressed': False, 'port': 0, 'key': 4, 'time': 0}
1268.2786	DATA	{'pressed': True, 'port': 0, 'key': 0, 'time': 0}
1270.6520	DATA	{'pressed': True, 'port': 0, 'key': 4, 'time': 0}
1270.6687	DATA	{'pressed': False, 'port': 0, 'key': 4, 'time': 0}
1273.2412	DATA	{'pressed': True, 'port': 0, 'key': 4, 'time': 0}
1273.2746	DATA	{'pressed': False, 'port': 0, 'key': 4, 'time': 0}
1275.3821	DATA	earn L
1275.8471	DATA	{'pressed': True, 'port': 0, 'key': 4, 'time': 0}
1275.8637	DATA	{'pressed': False, 'port': 0, 'key': 4, 'time': 0}
1276.1793	DATA	{'pressed': False, 'port': 0, 'key': 0, 'time': 0}
1276.6769	DATA	{'pressed': True, 'port': 0, 'key': 0, 'time': 0}
1278.4529	DATA	{'pressed': True, 'port': 0, 'key': 4, 'time': 0}
1278.4694	DATA	{'pressed': False, 'port': 0, 'key': 4, 'time': 0}
1281.0588	DATA	{'pressed': True, 'port': 0, 'key': 4, 'time': 0}
1281.0755	DATA	{'pressed': False, 'port': 0, 'key': 4, 'time': 0}
1283.6646	DATA	{'pressed': True, 'port': 0, 'key': 4, 'time': 0}
1283.6812	DATA	{'pressed': False, 'port': 0, 'key': 4, 'time': 0}
1285.5066	DATA	earn L
1286.2537	DATA	{'pressed': True, 'port': 0, 'key': 4, 'time': 0}
1286.2707	DATA	{'pressed': False, 'port': 0, 'key': 4, 'time': 0}
1286.3038	DATA	{'pressed': False, 'port': 0, 'key': 0, 'time': 0}
1286.9178	DATA	{'pressed': True, 'port': 0, 'key': 0, 'time': 0}
1288.5441	DATA	earn L
1288.8597	DATA	{'pressed': True, 'port': 0, 'key': 4, 'time': 0}
1288.8762	DATA	{'pressed': False, 'port': 0, 'key': 4, 'time': 0}
1289.2579	DATA	{'pressed': False, 'port': 0, 'key': 0, 'time': 0}
1289.8555	DATA	{'pressed': True, 'port': 0, 'key': 0, 'time': 0}
1291.4655	DATA	{'pressed': True, 'port': 0, 'key': 4, 'time': 0}
1291.4821	DATA	{'pressed': False, 'port': 0, 'key': 4, 'time': 0}
1294.0713	DATA	{'pressed': True, 'port': 0, 'key': 4, 'time': 0}
1294.0878	DATA	{'pressed': False, 'port': 0, 'key': 4, 'time': 0}
1296.6603	DATA	{'pressed': True, 'port': 0, 'key': 4, 'time': 0}
1296.6936	DATA	{'pressed': False, 'port': 0, 'key': 4, 'time': 0}
1299.2661	DATA	{'pressed': True, 'port': 0, 'key': 4, 'time': 0}
1299.2828	DATA	{'pressed': False, 'port': 0, 'key': 4, 'time': 0}
1301.8721	DATA	{'pressed': True, 'port': 0, 'key': 4, 'time': 0}
1301.8885	DATA	{'pressed': False, 'port': 0, 'key': 4, 'time': 0}
1304.4779	DATA	{'pressed': True, 'port': 0, 'key': 4, 'time': 0}
1304.4946	DATA	{'pressed': False, 'port': 0, 'key': 4, 'time': 0}
1305.7558	DATA	earn L
1306.4699	DATA	{'pressed': False, 'port': 0, 'key': 0, 'time': 0}
1307.0671	DATA	{'pressed': True, 'port': 0, 'key': 4, 'time': 0}
1307.1003	DATA	{'pressed': False, 'port': 0, 'key': 4, 'time': 0}
1307.1833	DATA	{'pressed': True, 'port': 0, 'key': 0, 'time': 0}
1309.6728	DATA	{'pressed': True, 'port': 0, 'key': 4, 'time': 0}
1309.6895	DATA	{'pressed': False, 'port': 0, 'key': 4, 'time': 0}
1310.8179	DATA	earn L
1311.4821	DATA	{'pressed': False, 'port': 0, 'key': 0, 'time': 0}
1312.2787	DATA	{'pressed': True, 'port': 0, 'key': 0, 'time': 0}
1312.2952	DATA	{'pressed': True, 'port': 0, 'key': 4, 'time': 0}
1312.3120	DATA	{'pressed': False, 'port': 0, 'key': 4, 'time': 0}
1312.8430	DATA	earn L
1313.4904	DATA	{'pressed': False, 'port': 0, 'key': 0, 'time': 0}
1314.2705	DATA	{'pressed': True, 'port': 0, 'key': 0, 'time': 0}
1314.8845	DATA	{'pressed': True, 'port': 0, 'key': 4, 'time': 0}
1314.9012	DATA	{'pressed': False, 'port': 0, 'key': 4, 'time': 0}
1317.4737	DATA	{'pressed': True, 'port': 0, 'key': 4, 'time': 0}
1317.5070	DATA	{'pressed': False, 'port': 0, 'key': 4, 'time': 0}
1317.9052	DATA	earn L
1318.9015	DATA	{'pressed': False, 'port': 0, 'key': 0, 'time': 0}
1319.3328	DATA	{'pressed': True, 'port': 0, 'key': 0, 'time': 0}
1320.0795	DATA	{'pressed': True, 'port': 0, 'key': 4, 'time': 0}
1320.1127	DATA	{'pressed': False, 'port': 0, 'key': 4, 'time': 0}
1322.6854	DATA	{'pressed': True, 'port': 0, 'key': 4, 'time': 0}
1322.7020	DATA	{'pressed': False, 'port': 0, 'key': 4, 'time': 0}
1324.9923	DATA	earn L
1325.2913	DATA	{'pressed': True, 'port': 0, 'key': 4, 'time': 0}
1325.3078	DATA	{'pressed': False, 'port': 0, 'key': 4, 'time': 0}
1325.7229	DATA	{'pressed': False, 'port': 0, 'key': 0, 'time': 0}
1326.0056	DATA	start rating A
1327.6813	DATA	EmulatedKey: 1
1328.3119	DATA	EmulatedKey: 1
1335.9964	DATA	6.0
1335.9965	DATA	end rating A
1335.9967	DATA	start rating B
1336.7767	DATA	EmulatedKey: 0
1338.1377	DATA	EmulatedKey: 0
1346.0048	DATA	2.0
1346.0049	DATA	end rating B
1346.1045	DATA	{'pressed': True, 'port': 0, 'key': 4, 'time': 0}
1346.1211	DATA	{'pressed': False, 'port': 0, 'key': 4, 'time': 0}
1347.0173	DATA	5
1347.0173	DATA	10
1347.1005	DATA	{'pressed': True, 'port': 0, 'key': 0, 'time': 0}
1347.1167	DATA	earn L
1347.8473	DATA	{'pressed': False, 'port': 0, 'key': 0, 'time': 0}
1348.7104	DATA	{'pressed': True, 'port': 0, 'key': 4, 'time': 0}
1348.7269	DATA	{'pressed': False, 'port': 0, 'key': 4, 'time': 0}
1349.1417	DATA	9
1349.1418	DATA	4
1350.1542	DATA	3
1350.1542	DATA	2
1351.1667	DATA	7
1351.1667	DATA	6
1351.2995	DATA	{'pressed': True, 'port': 0, 'key': 4, 'time': 0}
1351.3327	DATA	{'pressed': False, 'port': 0, 'key': 4, 'time': 0}
1351.6814	DATA	{'pressed': True, 'port': 0, 'key': 0, 'time': 0}
1353.7227	DATA	earn L
1353.9055	DATA	{'pressed': True, 'port': 0, 'key': 4, 'time': 0}
1353.9222	DATA	{'pressed': False, 'port': 0, 'key': 4, 'time': 0}
1354.4202	DATA	{'pressed': False, 'port': 0, 'key': 0, 'time': 0}
1355.2331	DATA	{'pressed': True, 'port': 0, 'key': 0, 'time': 0}
1356.5113	DATA	{'pressed': True, 'port': 0, 'key': 4, 'time': 0}
1356.5278	DATA	{'pressed': False, 'port': 0, 'key': 4, 'time': 0}
1357.7726	DATA	earn L
1358.4364	DATA	{'pressed': False, 'port': 0, 'key': 0, 'time': 0}
1359.1004	DATA	{'pressed': True, 'port': 0, 'key': 0, 'time': 0}
1359.1170	DATA	{'pressed': True, 'port': 0, 'key': 4, 'time': 0}
1359.1335	DATA	{'pressed': False, 'port': 0, 'key': 4, 'time': 0}
1360.8098	DATA	earn L
1361.4241	DATA	{'pressed': False, 'port': 0, 'key': 0, 'time': 0}
1361.7231	DATA	{'pressed': True, 'port': 0, 'key': 4, 'time': 0}
1361.7395	DATA	{'pressed': False, 'port': 0, 'key': 4, 'time': 0}
1362.7187	DATA	{'pressed': True, 'port': 0, 'key': 0, 'time': 0}
1364.3121	DATA	{'pressed': True, 'port': 0, 'key': 4, 'time': 0}
1364.3453	DATA	{'pressed': False, 'port': 0, 'key': 4, 'time': 0}
1365.8721	DATA	earn L
1366.5364	DATA	{'pressed': False, 'port': 0, 'key': 0, 'time': 0}
1366.9179	DATA	{'pressed': True, 'port': 0, 'key': 4, 'time': 0}
1366.9343	DATA	{'pressed': False, 'port': 0, 'key': 4, 'time': 0}
1367.2830	DATA	{'pressed': True, 'port': 0, 'key': 0, 'time': 0}
1369.5236	DATA	{'pressed': True, 'port': 0, 'key': 4, 'time': 0}
1369.5405	DATA	{'pressed': False, 'port': 0, 'key': 4, 'time': 0}
1372.1295	DATA	{'pressed': True, 'port': 0, 'key': 4, 'time': 0}
1372.1460	DATA	{'pressed': False, 'port': 0, 'key': 4, 'time': 0}
1374.7187	DATA	{'pressed': True, 'port': 0, 'key': 4, 'time': 0}
1374.7519	DATA	{'pressed': False, 'port': 0, 'key': 4, 'time': 0}
1377.3245	DATA	{'pressed': True, 'port': 0, 'key': 4, 'time': 0}
1377.3411	DATA	{'pressed': False, 'port': 0, 'key': 4, 'time': 0}
1378.0215	DATA	earn L
1378.6857	DATA	{'pressed': False, 'port': 0, 'key': 0, 'time': 0}
1379.7644	DATA	{'pressed': True, 'port': 0, 'key': 1, 'time': 0}
1379.9304	DATA	{'pressed': True, 'port': 0, 'key': 4, 'time': 0}
1379.9469	DATA	{'pressed': False, 'port': 0, 'key': 4, 'time': 0}
1382.0547	DATA	{'pressed': False, 'port': 0, 'key': 1, 'time': 0}
1382.2209	DATA	{'pressed': True, 'port': 0, 'key': 0, 'time': 0}
1382.5362	DATA	{'pressed': True, 'port': 0, 'key': 4, 'time': 0}
1382.5529	DATA	{'pressed': False, 'port': 0, 'key': 4, 'time': 0}
1385.1420	DATA	{'pressed': True, 'port': 0, 'key': 4, 'time': 0}
1385.1587	DATA	{'pressed': False, 'port': 0, 'key': 4, 'time': 0}
1387.7311	DATA	{'pressed': True, 'port': 0, 'key': 4, 'time': 0}
1387.7645	DATA	{'pressed': False, 'port': 0, 'key': 4, 'time': 0}
1390.3370	DATA	{'pressed': True, 'port': 0, 'key': 4, 'time': 0}
1390.3538	DATA	{'pressed': False, 'port': 0, 'key': 4, 'time': 0}
1392.9429	DATA	{'pressed': True, 'port': 0, 'key': 4, 'time': 0}
1392.9596	DATA	{'pressed': False, 'port': 0, 'key': 4, 'time': 0}
1395.5486	DATA	{'pressed': True, 'port': 0, 'key': 4, 'time': 0}
1395.5654	DATA	{'pressed': False, 'port': 0, 'key': 4, 'time': 0}
1396.5280	DATA	{'pressed': False, 'port': 0, 'key': 0, 'time': 0}
1396.8101	DATA	{'pressed': True, 'port': 0, 'key': 1, 'time': 0}
1398.1381	DATA	{'pressed': True, 'port': 0, 'key': 4, 'time': 0}
1398.1709	DATA	{'pressed': False, 'port': 0, 'key': 4, 'time': 0}
1400.6939	DATA	{'pressed': False, 'port': 0, 'key': 1, 'time': 0}
1400.7436	DATA	{'pressed': True, 'port': 0, 'key': 4, 'time': 0}
1400.7604	DATA	{'pressed': False, 'port': 0, 'key': 4, 'time': 0}
1401.0259	DATA	{'pressed': True, 'port': 0, 'key': 0, 'time': 0}
1403.3494	DATA	{'pressed': True, 'port': 0, 'key': 4, 'time': 0}
1403.3663	DATA	{'pressed': False, 'port': 0, 'key': 4, 'time': 0}
1405.9555	DATA	{'pressed': True, 'port': 0, 'key': 4, 'time': 0}
1405.9720	DATA	{'pressed': False, 'port': 0, 'key': 4, 'time': 0}
1406.5360	DATA	earn L
1407.2336	DATA	{'pressed': False, 'port': 0, 'key': 0, 'time': 0}
1407.8807	DATA	{'pressed': True, 'port': 0, 'key': 0, 'time': 0}
1408.5445	DATA	{'pressed': True, 'port': 0, 'key': 4, 'time': 0}
1408.5779	DATA	{'pressed': False, 'port': 0, 'key': 4, 'time': 0}
1411.1504	DATA	{'pressed': True, 'port': 0, 'key': 4, 'time': 0}
1411.1669	DATA	{'pressed': False, 'port': 0, 'key': 4, 'time': 0}
1413.7562	DATA	{'pressed': True, 'port': 0, 'key': 4, 'time': 0}
1413.7728	DATA	{'pressed': False, 'port': 0, 'key': 4, 'time': 0}
1414.6357	DATA	earn L
1415.3332	DATA	{'pressed': False, 'port': 0, 'key': 0, 'time': 0}
1415.9139	DATA	{'pressed': True, 'port': 0, 'key': 0, 'time': 0}
1416.3619	DATA	{'pressed': True, 'port': 0, 'key': 4, 'time': 0}
1416.3785	DATA	{'pressed': False, 'port': 0, 'key': 4, 'time': 0}
1418.9678	DATA	{'pressed': True, 'port': 0, 'key': 4, 'time': 0}
1418.9843	DATA	{'pressed': False, 'port': 0, 'key': 4, 'time': 0}
1421.5571	DATA	{'pressed': True, 'port': 0, 'key': 4, 'time': 0}
1421.5902	DATA	{'pressed': False, 'port': 0, 'key': 4, 'time': 0}
1424.1628	DATA	{'pressed': True, 'port': 0, 'key': 4, 'time': 0}
1424.1795	DATA	{'pressed': False, 'port': 0, 'key': 4, 'time': 0}
1426.7689	DATA	{'pressed': True, 'port': 0, 'key': 4, 'time': 0}
1426.7853	DATA	{'pressed': False, 'port': 0, 'key': 4, 'time': 0}
1429.3744	DATA	{'pressed': True, 'port': 0, 'key': 4, 'time': 0}
1429.3911	DATA	{'pressed': False, 'port': 0, 'key': 4, 'time': 0}
1431.9635	DATA	{'pressed': True, 'port': 0, 'key': 4, 'time': 0}
1431.9968	DATA	{'pressed': False, 'port': 0, 'key': 4, 'time': 0}
1434.4367	DATA	{'pressed': False, 'port': 0, 'key': 0, 'time': 0}
1434.5694	DATA	{'pressed': True, 'port': 0, 'key': 4, 'time': 0}
1434.5860	DATA	{'pressed': False, 'port': 0, 'key': 4, 'time': 0}
1434.8018	DATA	{'pressed': True, 'port': 0, 'key': 1, 'time': 0}
1435.8972	DATA	earn R
1436.7274	DATA	{'pressed': False, 'port': 0, 'key': 1, 'time': 0}
1437.1753	DATA	{'pressed': True, 'port': 0, 'key': 4, 'time': 0}
1437.1920	DATA	{'pressed': False, 'port': 0, 'key': 4, 'time': 0}
1437.7398	DATA	{'pressed': True, 'port': 0, 'key': 1, 'time': 0}
1439.7811	DATA	{'pressed': True, 'port': 0, 'key': 4, 'time': 0}
1439.7978	DATA	{'pressed': False, 'port': 0, 'key': 4, 'time': 0}
1442.3704	DATA	{'pressed': True, 'port': 0, 'key': 4, 'time': 0}
1442.4036	DATA	{'pressed': False, 'port': 0, 'key': 4, 'time': 0}
1444.7272	DATA	{'pressed': False, 'port': 0, 'key': 1, 'time': 0}
1444.9761	DATA	{'pressed': True, 'port': 0, 'key': 0, 'time': 0}
1444.9928	DATA	{'pressed': True, 'port': 0, 'key': 4, 'time': 0}
1445.0095	DATA	{'pressed': False, 'port': 0, 'key': 4, 'time': 0}
1447.5820	DATA	{'pressed': True, 'port': 0, 'key': 4, 'time': 0}
1447.5987	DATA	{'pressed': False, 'port': 0, 'key': 4, 'time': 0}
1449.0590	DATA	earn L
1449.8727	DATA	{'pressed': False, 'port': 0, 'key': 0, 'time': 0}
1450.1878	DATA	{'pressed': True, 'port': 0, 'key': 4, 'time': 0}
1450.2045	DATA	{'pressed': False, 'port': 0, 'key': 4, 'time': 0}
1450.4534	DATA	{'pressed': True, 'port': 0, 'key': 0, 'time': 0}
1452.7936	DATA	{'pressed': True, 'port': 0, 'key': 4, 'time': 0}
1452.8102	DATA	{'pressed': False, 'port': 0, 'key': 4, 'time': 0}
1455.3827	DATA	{'pressed': True, 'port': 0, 'key': 4, 'time': 0}
1455.4160	DATA	{'pressed': False, 'port': 0, 'key': 4, 'time': 0}
1457.9885	DATA	{'pressed': True, 'port': 0, 'key': 4, 'time': 0}
1458.0053	DATA	{'pressed': False, 'port': 0, 'key': 4, 'time': 0}
1458.6361	DATA	{'pressed': False, 'port': 0, 'key': 0, 'time': 0}
1459.0842	DATA	{'pressed': True, 'port': 0, 'key': 1, 'time': 0}
1460.5945	DATA	{'pressed': True, 'port': 0, 'key': 4, 'time': 0}
1460.6111	DATA	{'pressed': False, 'port': 0, 'key': 4, 'time': 0}
1462.2209	DATA	earn R
1462.9350	DATA	{'pressed': False, 'port': 0, 'key': 1, 'time': 0}
1463.2006	DATA	{'pressed': True, 'port': 0, 'key': 4, 'time': 0}
1463.2170	DATA	{'pressed': False, 'port': 0, 'key': 4, 'time': 0}
1463.7149	DATA	{'pressed': True, 'port': 0, 'key': 0, 'time': 0}
1465.7895	DATA	{'pressed': True, 'port': 0, 'key': 4, 'time': 0}
1465.8227	DATA	{'pressed': False, 'port': 0, 'key': 4, 'time': 0}
1468.3952	DATA	{'pressed': True, 'port': 0, 'key': 4, 'time': 0}
1468.4121	DATA	{'pressed': False, 'port': 0, 'key': 4, 'time': 0}
1471.0011	DATA	{'pressed': True, 'port': 0, 'key': 4, 'time': 0}
1471.0177	DATA	{'pressed': False, 'port': 0, 'key': 4, 'time': 0}
1472.3454	DATA	earn L
1472.9932	DATA	{'pressed': False, 'port': 0, 'key': 0, 'time': 0}
1473.3590	DATA	start rating A
1474.5532	DATA	EmulatedKey: 1
1483.3495	DATA	5.0
1483.3495	DATA	end rating A
1483.3497	DATA	start rating B
1483.9971	DATA	EmulatedKey: 1
1493.3579	DATA	5.0
1493.3579	DATA	end rating B
1494.3704	DATA	7
1494.3704	DATA	9
1494.4202	DATA	{'pressed': True, 'port': 0, 'key': 4, 'time': 0}
1494.4368	DATA	{'pressed': False, 'port': 0, 'key': 4, 'time': 0}
1495.3828	DATA	1
1495.3828	DATA	5
1495.3828	DATA	free L
1496.8105	DATA	{'pressed': True, 'port': 0, 'key': 1, 'time': 0}
1497.0261	DATA	{'pressed': True, 'port': 0, 'key': 4, 'time': 0}
1497.0427	DATA	{'pressed': False, 'port': 0, 'key': 4, 'time': 0}
1499.6154	DATA	{'pressed': True, 'port': 0, 'key': 4, 'time': 0}
1499.6485	DATA	{'pressed': False, 'port': 0, 'key': 4, 'time': 0}
1502.2211	DATA	{'pressed': True, 'port': 0, 'key': 4, 'time': 0}
1502.2379	DATA	{'pressed': False, 'port': 0, 'key': 4, 'time': 0}
1504.0304	DATA	{'pressed': False, 'port': 0, 'key': 1, 'time': 0}
1504.2959	DATA	{'pressed': True, 'port': 0, 'key': 0, 'time': 0}
1504.8269	DATA	{'pressed': True, 'port': 0, 'key': 4, 'time': 0}
1504.8435	DATA	{'pressed': False, 'port': 0, 'key': 4, 'time': 0}
1507.4328	DATA	{'pressed': True, 'port': 0, 'key': 4, 'time': 0}
1507.4494	DATA	{'pressed': False, 'port': 0, 'key': 4, 'time': 0}
1510.0219	DATA	{'pressed': True, 'port': 0, 'key': 4, 'time': 0}
1510.0552	DATA	{'pressed': False, 'port': 0, 'key': 4, 'time': 0}
1511.5323	DATA	{'pressed': False, 'port': 0, 'key': 0, 'time': 0}
1511.9474	DATA	{'pressed': True, 'port': 0, 'key': 1, 'time': 0}
1512.6277	DATA	{'pressed': True, 'port': 0, 'key': 4, 'time': 0}
1512.6446	DATA	{'pressed': False, 'port': 0, 'key': 4, 'time': 0}
1515.2336	DATA	{'pressed': True, 'port': 0, 'key': 4, 'time': 0}
1515.2502	DATA	{'pressed': False, 'port': 0, 'key': 4, 'time': 0}
1517.8396	DATA	{'pressed': True, 'port': 0, 'key': 4, 'time': 0}
1517.8559	DATA	{'pressed': False, 'port': 0, 'key': 4, 'time': 0}
1519.0509	DATA	earn R
1519.8148	DATA	{'pressed': False, 'port': 0, 'key': 1, 'time': 0}
1520.4455	DATA	{'pressed': True, 'port': 0, 'key': 4, 'time': 0}
1520.4620	DATA	{'pressed': False, 'port': 0, 'key': 4, 'time': 0}
1520.6279	DATA	{'pressed': True, 'port': 0, 'key': 1, 'time': 0}
1523.0345	DATA	{'pressed': True, 'port': 0, 'key': 4, 'time': 0}
1523.0679	DATA	{'pressed': False, 'port': 0, 'key': 4, 'time': 0}
1523.1008	DATA	earn R
1523.8644	DATA	{'pressed': False, 'port': 0, 'key': 1, 'time': 0}
1524.7608	DATA	{'pressed': True, 'port': 0, 'key': 1, 'time': 0}
1525.6403	DATA	{'pressed': True, 'port': 0, 'key': 4, 'time': 0}
1525.6570	DATA	{'pressed': False, 'port': 0, 'key': 4, 'time': 0}
1528.2461	DATA	{'pressed': True, 'port': 0, 'key': 4, 'time': 0}
1528.2627	DATA	{'pressed': False, 'port': 0, 'key': 4, 'time': 0}
1530.8518	DATA	{'pressed': True, 'port': 0, 'key': 4, 'time': 0}
1530.8687	DATA	{'pressed': False, 'port': 0, 'key': 4, 'time': 0}
1532.2128	DATA	earn R
1532.9931	DATA	{'pressed': False, 'port': 0, 'key': 1, 'time': 0}
1533.4411	DATA	{'pressed': True, 'port': 0, 'key': 4, 'time': 0}
1533.4743	DATA	{'pressed': False, 'port': 0, 'key': 4, 'time': 0}
1533.5905	DATA	{'pressed': True, 'port': 0, 'key': 1, 'time': 0}
1536.0469	DATA	{'pressed': True, 'port': 0, 'key': 4, 'time': 0}
1536.0636	DATA	{'pressed': False, 'port': 0, 'key': 4, 'time': 0}
1536.2626	DATA	earn R
1537.0429	DATA	{'pressed': False, 'port': 0, 'key': 1, 'time': 0}
1537.5740	DATA	{'pressed': True, 'port': 0, 'key': 1, 'time': 0}
1538.6530	DATA	{'pressed': True, 'port': 0, 'key': 4, 'time': 0}
1538.6694	DATA	{'pressed': False, 'port': 0, 'key': 4, 'time': 0}
1541.2586	DATA	{'pressed': True, 'port': 0, 'key': 4, 'time': 0}
1541.2753	DATA	{'pressed': False, 'port': 0, 'key': 4, 'time': 0}
1543.8480	DATA	{'pressed': True, 'port': 0, 'key': 4, 'time': 0}
1543.8810	DATA	{'pressed': False, 'port': 0, 'key': 4, 'time': 0}
1546.4536	DATA	{'pressed': True, 'port': 0, 'key': 4, 'time': 0}
1546.4702	DATA	{'pressed': False, 'port': 0, 'key': 4, 'time': 0}
1549.0594	DATA	{'pressed': True, 'port': 0, 'key': 4, 'time': 0}
1549.0762	DATA	{'pressed': False, 'port': 0, 'key': 4, 'time': 0}
1549.6572	DATA	{'pressed': False, 'port': 0, 'key': 1, 'time': 0}
1550.3208	DATA	{'pressed': True, 'port': 0, 'key': 0, 'time': 0}
1551.6655	DATA	{'pressed': True, 'port': 0, 'key': 4, 'time': 0}
1551.6820	DATA	{'pressed': False, 'port': 0, 'key': 4, 'time': 0}
1554.2711	DATA	{'pressed': True, 'port': 0, 'key': 4, 'time': 0}
1554.2875	DATA	{'pressed': False, 'port': 0, 'key': 4, 'time': 0}
1555.5492	DATA	{'pressed': False, 'port': 0, 'key': 0, 'time': 0}
1555.8147	DATA	{'pressed': True, 'port': 0, 'key': 1, 'time': 0}
1556.8605	DATA	{'pressed': True, 'port': 0, 'key': 4, 'time': 0}
1556.8936	DATA	{'pressed': False, 'port': 0, 'key': 4, 'time': 0}
1559.4660	DATA	{'pressed': True, 'port': 0, 'key': 4, 'time': 0}
1559.4828	DATA	{'pressed': False, 'port': 0, 'key': 4, 'time': 0}
1562.0719	DATA	{'pressed': True, 'port': 0, 'key': 4, 'time': 0}
1562.0886	DATA	{'pressed': False, 'port': 0, 'key': 4, 'time': 0}
1563.5988	DATA	earn R
1564.3625	DATA	{'pressed': False, 'port': 0, 'key': 1, 'time': 0}
1564.6777	DATA	{'pressed': True, 'port': 0, 'key': 4, 'time': 0}
1564.6946	DATA	{'pressed': False, 'port': 0, 'key': 4, 'time': 0}
1564.7110	DATA	{'pressed': True, 'port': 0, 'key': 1, 'time': 0}
1567.2670	DATA	{'pressed': True, 'port': 0, 'key': 4, 'time': 0}
1567.3004	DATA	{'pressed': False, 'port': 0, 'key': 4, 'time': 0}
1568.6611	DATA	earn R
1569.3586	DATA	{'pressed': False, 'port': 0, 'key': 1, 'time': 0}
1569.8727	DATA	{'pressed': True, 'port': 0, 'key': 4, 'time': 0}
1569.8893	DATA	{'pressed': False, 'port': 0, 'key': 4, 'time': 0}
1570.0387	DATA	{'pressed': True, 'port': 0, 'key': 1, 'time': 0}
1571.6984	DATA	earn R
1572.4785	DATA	{'pressed': True, 'port': 0, 'key': 4, 'time': 0}
1572.4951	DATA	{'pressed': False, 'port': 0, 'key': 4, 'time': 0}
1572.5949	DATA	{'pressed': False, 'port': 0, 'key': 1, 'time': 0}
1573.1427	DATA	{'pressed': True, 'port': 0, 'key': 1, 'time': 0}
1573.7233	DATA	earn R
1574.5868	DATA	{'pressed': False, 'port': 0, 'key': 1, 'time': 0}
1575.0844	DATA	{'pressed': True, 'port': 0, 'key': 4, 'time': 0}
1575.1011	DATA	{'pressed': False, 'port': 0, 'key': 4, 'time': 0}
1575.1840	DATA	{'pressed': True, 'port': 0, 'key': 1, 'time': 0}
1577.6737	DATA	{'pressed': True, 'port': 0, 'key': 4, 'time': 0}
1577.7069	DATA	{'pressed': False, 'port': 0, 'key': 4, 'time': 0}
1580.2794	DATA	{'pressed': True, 'port': 0, 'key': 4, 'time': 0}
1580.2960	DATA	{'pressed': False, 'port': 0, 'key': 4, 'time': 0}
1582.8853	DATA	{'pressed': True, 'port': 0, 'key': 4, 'time': 0}
1582.9019	DATA	{'pressed': False, 'port': 0, 'key': 4, 'time': 0}
1585.4910	DATA	{'pressed': True, 'port': 0, 'key': 4, 'time': 0}
1585.5079	DATA	{'pressed': False, 'port': 0, 'key': 4, 'time': 0}
1585.8728	DATA	earn R
1586.6199	DATA	{'pressed': False, 'port': 0, 'key': 1, 'time': 0}
1587.2835	DATA	{'pressed': True, 'port': 0, 'key': 1, 'time': 0}
1588.0969	DATA	{'pressed': True, 'port': 0, 'key': 4, 'time': 0}
1588.1136	DATA	{'pressed': False, 'port': 0, 'key': 4, 'time': 0}
1590.6861	DATA	{'pressed': True, 'port': 0, 'key': 4, 'time': 0}
1590.7193	DATA	{'pressed': False, 'port': 0, 'key': 4, 'time': 0}
1593.2920	DATA	{'pressed': True, 'port': 0, 'key': 4, 'time': 0}
1593.3087	DATA	{'pressed': False, 'port': 0, 'key': 4, 'time': 0}
1595.8979	DATA	{'pressed': True, 'port': 0, 'key': 4, 'time': 0}
1595.9145	DATA	{'pressed': False, 'port': 0, 'key': 4, 'time': 0}
1598.5036	DATA	{'pressed': True, 'port': 0, 'key': 4, 'time': 0}
1598.5200	DATA	{'pressed': False, 'port': 0, 'key': 4, 'time': 0}
1601.0927	DATA	{'pressed': True, 'port': 0, 'key': 4, 'time': 0}
1601.1261	DATA	{'pressed': False, 'port': 0, 'key': 4, 'time': 0}
1603.6986	DATA	{'pressed': True, 'port': 0, 'key': 4, 'time': 0}
1603.7153	DATA	{'pressed': False, 'port': 0, 'key': 4, 'time': 0}
1604.0141	DATA	{'pressed': False, 'port': 0, 'key': 1, 'time': 0}
1604.2962	DATA	{'pressed': True, 'port': 0, 'key': 0, 'time': 0}
1606.3045	DATA	{'pressed': True, 'port': 0, 'key': 4, 'time': 0}
1606.3209	DATA	{'pressed': False, 'port': 0, 'key': 4, 'time': 0}
1607.8811	DATA	{'pressed': False, 'port': 0, 'key': 0, 'time': 0}
1608.1467	DATA	{'pressed': True, 'port': 0, 'key': 1, 'time': 0}
1608.9102	DATA	{'pressed': True, 'port': 0, 'key': 4, 'time': 0}
1608.9269	DATA	{'pressed': False, 'port': 0, 'key': 4, 'time': 0}
1611.4995	DATA	{'pressed': True, 'port': 0, 'key': 4, 'time': 0}
1611.5328	DATA	{'pressed': False, 'port': 0, 'key': 4, 'time': 0}
1614.1052	DATA	{'pressed': True, 'port': 0, 'key': 4, 'time': 0}
1614.1220	DATA	{'pressed': False, 'port': 0, 'key': 4, 'time': 0}
1616.7110	DATA	{'pressed': True, 'port': 0, 'key': 4, 'time': 0}
1616.7275	DATA	{'pressed': False, 'port': 0, 'key': 4, 'time': 0}
1619.3169	DATA	{'pressed': True, 'port': 0, 'key': 4, 'time': 0}
1619.3336	DATA	{'pressed': False, 'port': 0, 'key': 4, 'time': 0}
1620.5118	DATA	earn R
1621.2591	DATA	{'pressed': False, 'port': 0, 'key': 1, 'time': 0}
1621.5247	DATA	start rating A
1624.1966	DATA	EmulatedKey: 0
1624.9767	DATA	EmulatedKey: 0
1631.5160	DATA	2.0
1631.5160	DATA	end rating A
1631.5163	DATA	start rating B
1632.1965	DATA	EmulatedKey: 1
1632.5784	DATA	EmulatedKey: 1
1641.5244	DATA	6.0
1641.5245	DATA	end rating B
1642.5366	DATA	2
1642.5367	DATA	2
1642.7362	DATA	{'pressed': True, 'port': 0, 'key': 4, 'time': 0}
1642.7526	DATA	{'pressed': False, 'port': 0, 'key': 4, 'time': 0}
1643.5492	DATA	1
1643.5493	DATA	2
1643.5493	DATA	free L
1644.8109	DATA	{'pressed': True, 'port': 0, 'key': 1, 'time': 0}
1645.3254	DATA	{'pressed': True, 'port': 0, 'key': 4, 'time': 0}
1645.3586	DATA	{'pressed': False, 'port': 0, 'key': 4, 'time': 0}
1647.9311	DATA	{'pressed': True, 'port': 0, 'key': 4, 'time': 0}
1647.9478	DATA	{'pressed': False, 'port': 0, 'key': 4, 'time': 0}
1650.5369	DATA	{'pressed': True, 'port': 0, 'key': 4, 'time': 0}
1650.5534	DATA	{'pressed': False, 'port': 0, 'key': 4, 'time': 0}
1652.6613	DATA	earn R
1653.1428	DATA	{'pressed': True, 'port': 0, 'key': 4, 'time': 0}
1653.1595	DATA	{'pressed': False, 'port': 0, 'key': 4, 'time': 0}
1653.3917	DATA	{'pressed': False, 'port': 0, 'key': 1, 'time': 0}
1654.6862	DATA	8
1654.6862	DATA	8
1655.1676	DATA	{'pressed': True, 'port': 0, 'key': 1, 'time': 0}
1655.7486	DATA	{'pressed': True, 'port': 0, 'key': 4, 'time': 0}
1655.7651	DATA	{'pressed': False, 'port': 0, 'key': 4, 'time': 0}
1658.3378	DATA	{'pressed': True, 'port': 0, 'key': 4, 'time': 0}
1658.3709	DATA	{'pressed': False, 'port': 0, 'key': 4, 'time': 0}
1660.2464	DATA	earn R
1660.9438	DATA	{'pressed': True, 'port': 0, 'key': 4, 'time': 0}
1660.9603	DATA	{'pressed': False, 'port': 0, 'key': 4, 'time': 0}
1660.9768	DATA	{'pressed': False, 'port': 0, 'key': 1, 'time': 0}
1662.2713	DATA	5
1662.2713	DATA	3
1662.3212	DATA	{'pressed': True, 'port': 0, 'key': 0, 'time': 0}
1663.5493	DATA	{'pressed': True, 'port': 0, 'key': 4, 'time': 0}
1663.5660	DATA	{'pressed': False, 'port': 0, 'key': 4, 'time': 0}
1665.7736	DATA	{'pressed': False, 'port': 0, 'key': 0, 'time': 0}
1666.0888	DATA	{'pressed': True, 'port': 0, 'key': 1, 'time': 0}
1666.1552	DATA	{'pressed': True, 'port': 0, 'key': 4, 'time': 0}
1666.1717	DATA	{'pressed': False, 'port': 0, 'key': 4, 'time': 0}
1668.4124	DATA	earn R
1668.7445	DATA	{'pressed': True, 'port': 0, 'key': 4, 'time': 0}
1668.7777	DATA	{'pressed': False, 'port': 0, 'key': 4, 'time': 0}
1669.0434	DATA	{'pressed': False, 'port': 0, 'key': 1, 'time': 0}
1669.5410	DATA	{'pressed': True, 'port': 0, 'key': 1, 'time': 0}
1671.3502	DATA	{'pressed': True, 'port': 0, 'key': 4, 'time': 0}
1671.3667	DATA	{'pressed': False, 'port': 0, 'key': 4, 'time': 0}
1673.9561	DATA	{'pressed': True, 'port': 0, 'key': 4, 'time': 0}
1673.9728	DATA	{'pressed': False, 'port': 0, 'key': 4, 'time': 0}
1676.5621	DATA	{'pressed': True, 'port': 0, 'key': 4, 'time': 0}
1676.5786	DATA	{'pressed': False, 'port': 0, 'key': 4, 'time': 0}
1677.5243	DATA	earn R
1678.4709	DATA	{'pressed': False, 'port': 0, 'key': 1, 'time': 0}
1679.0184	DATA	{'pressed': True, 'port': 0, 'key': 1, 'time': 0}
1679.1512	DATA	{'pressed': True, 'port': 0, 'key': 4, 'time': 0}
1679.1845	DATA	{'pressed': False, 'port': 0, 'key': 4, 'time': 0}
1681.7570	DATA	{'pressed': True, 'port': 0, 'key': 4, 'time': 0}
1681.7736	DATA	{'pressed': False, 'port': 0, 'key': 4, 'time': 0}
1682.5866	DATA	earn R
1683.2842	DATA	{'pressed': False, 'port': 0, 'key': 1, 'time': 0}
1683.8980	DATA	{'pressed': True, 'port': 0, 'key': 1, 'time': 0}
1684.3627	DATA	{'pressed': True, 'port': 0, 'key': 4, 'time': 0}
1684.3794	DATA	{'pressed': False, 'port': 0, 'key': 4, 'time': 0}
1686.9687	DATA	{'pressed': True, 'port': 0, 'key': 4, 'time': 0}
1686.9852	DATA	{'pressed': False, 'port': 0, 'key': 4, 'time': 0}
1689.5744	DATA	{'pressed': True, 'port': 0, 'key': 4, 'time': 0}
1689.5910	DATA	{'pressed': False, 'port': 0, 'key': 4, 'time': 0}
1692.1636	DATA	{'pressed': True, 'port': 0, 'key': 4, 'time': 0}
1692.1969	DATA	{'pressed': False, 'port': 0, 'key': 4, 'time': 0}
1694.7694	DATA	{'pressed': True, 'port': 0, 'key': 4, 'time': 0}
1694.7861	DATA	{'pressed': False, 'port': 0, 'key': 4, 'time': 0}
1697.3753	DATA	{'pressed': True, 'port': 0, 'key': 4, 'time': 0}
1697.3917	DATA	{'pressed': False, 'port': 0, 'key': 4, 'time': 0}
1697.7735	DATA	earn R
1698.5040	DATA	{'pressed': False, 'port': 0, 'key': 1, 'time': 0}
1699.1679	DATA	{'pressed': True, 'port': 0, 'key': 1, 'time': 0}
1699.9811	DATA	{'pressed': True, 'port': 0, 'key': 4, 'time': 0}
1699.9978	DATA	{'pressed': False, 'port': 0, 'key': 4, 'time': 0}
1702.5703	DATA	{'pressed': True, 'port': 0, 'key': 4, 'time': 0}
1702.6033	DATA	{'pressed': False, 'port': 0, 'key': 4, 'time': 0}
1705.1760	DATA	{'pressed': True, 'port': 0, 'key': 4, 'time': 0}
1705.1926	DATA	{'pressed': False, 'port': 0, 'key': 4, 'time': 0}
1707.7819	DATA	{'pressed': True, 'port': 0, 'key': 4, 'time': 0}
1707.7985	DATA	{'pressed': False, 'port': 0, 'key': 4, 'time': 0}
1707.8979	DATA	earn R
1708.5787	DATA	{'pressed': False, 'port': 0, 'key': 1, 'time': 0}
1709.2758	DATA	{'pressed': True, 'port': 0, 'key': 1, 'time': 0}
1709.9229	DATA	earn R
1710.3878	DATA	{'pressed': True, 'port': 0, 'key': 4, 'time': 0}
1710.4047	DATA	{'pressed': False, 'port': 0, 'key': 4, 'time': 0}
1710.6367	DATA	{'pressed': False, 'port': 0, 'key': 1, 'time': 0}
1711.2508	DATA	{'pressed': True, 'port': 0, 'key': 1, 'time': 0}
1712.9770	DATA	{'pressed': True, 'port': 0, 'key': 4, 'time': 0}
1713.0102	DATA	{'pressed': False, 'port': 0, 'key': 4, 'time': 0}
1715.5828	DATA	{'pressed': True, 'port': 0, 'key': 4, 'time': 0}
1715.6161	DATA	{'pressed': False, 'port': 0, 'key': 4, 'time': 0}
1718.1885	DATA	{'pressed': True, 'port': 0, 'key': 4, 'time': 0}
1718.2051	DATA	{'pressed': False, 'port': 0, 'key': 4, 'time': 0}
1720.7945	DATA	{'pressed': True, 'port': 0, 'key': 4, 'time': 0}
1720.8111	DATA	{'pressed': False, 'port': 0, 'key': 4, 'time': 0}
1723.4002	DATA	{'pressed': True, 'port': 0, 'key': 4, 'time': 0}
1723.4168	DATA	{'pressed': False, 'port': 0, 'key': 4, 'time': 0}
1725.9894	DATA	{'pressed': True, 'port': 0, 'key': 4, 'time': 0}
1726.0228	DATA	{'pressed': False, 'port': 0, 'key': 4, 'time': 0}
1728.5951	DATA	{'pressed': True, 'port': 0, 'key': 4, 'time': 0}
1728.6117	DATA	{'pressed': False, 'port': 0, 'key': 4, 'time': 0}
1731.2010	DATA	{'pressed': True, 'port': 0, 'key': 4, 'time': 0}
1731.2177	DATA	{'pressed': False, 'port': 0, 'key': 4, 'time': 0}
1733.8070	DATA	{'pressed': True, 'port': 0, 'key': 4, 'time': 0}
1733.8235	DATA	{'pressed': False, 'port': 0, 'key': 4, 'time': 0}
1735.3007	DATA	{'pressed': False, 'port': 0, 'key': 1, 'time': 0}
1735.6658	DATA	{'pressed': True, 'port': 0, 'key': 0, 'time': 0}
1736.3962	DATA	{'pressed': True, 'port': 0, 'key': 4, 'time': 0}
1736.4294	DATA	{'pressed': False, 'port': 0, 'key': 4, 'time': 0}
1739.0019	DATA	{'pressed': True, 'port': 0, 'key': 4, 'time': 0}
1739.0185	DATA	{'pressed': False, 'port': 0, 'key': 4, 'time': 0}
1740.2964	DATA	earn L
1741.0105	DATA	{'pressed': False, 'port': 0, 'key': 0, 'time': 0}
1741.6078	DATA	{'pressed': True, 'port': 0, 'key': 4, 'time': 0}
1741.6244	DATA	{'pressed': False, 'port': 0, 'key': 4, 'time': 0}
1742.3212	DATA	2
1742.3212	DATA	8
1742.7199	DATA	{'pressed': True, 'port': 0, 'key': 0, 'time': 0}
1744.2135	DATA	{'pressed': True, 'port': 0, 'key': 4, 'time': 0}
1744.2301	DATA	{'pressed': False, 'port': 0, 'key': 4, 'time': 0}
1746.8028	DATA	{'pressed': True, 'port': 0, 'key': 4, 'time': 0}
1746.8359	DATA	{'pressed': False, 'port': 0, 'key': 4, 'time': 0}
1749.4086	DATA	{'pressed': True, 'port': 0, 'key': 4, 'time': 0}
1749.4419	DATA	{'pressed': False, 'port': 0, 'key': 4, 'time': 0}
1749.9230	DATA	{'pressed': False, 'port': 0, 'key': 0, 'time': 0}
1750.2884	DATA	{'pressed': True, 'port': 0, 'key': 1, 'time': 0}
1751.8484	DATA	earn R
1752.0146	DATA	{'pressed': True, 'port': 0, 'key': 4, 'time': 0}
1752.0311	DATA	{'pressed': False, 'port': 0, 'key': 4, 'time': 0}
1752.5622	DATA	{'pressed': False, 'port': 0, 'key': 1, 'time': 0}
1753.2261	DATA	{'pressed': True, 'port': 0, 'key': 1, 'time': 0}
1754.6204	DATA	{'pressed': True, 'port': 0, 'key': 4, 'time': 0}
1754.6370	DATA	{'pressed': False, 'port': 0, 'key': 4, 'time': 0}
1757.2262	DATA	{'pressed': True, 'port': 0, 'key': 4, 'time': 0}
1757.2426	DATA	{'pressed': False, 'port': 0, 'key': 4, 'time': 0}
1759.8153	DATA	{'pressed': True, 'port': 0, 'key': 4, 'time': 0}
1759.8485	DATA	{'pressed': False, 'port': 0, 'key': 4, 'time': 0}
1762.4210	DATA	{'pressed': True, 'port': 0, 'key': 4, 'time': 0}
1762.4378	DATA	{'pressed': False, 'port': 0, 'key': 4, 'time': 0}
1763.4003	DATA	{'pressed': False, 'port': 0, 'key': 1, 'time': 0}
1763.7158	DATA	{'pressed': True, 'port': 0, 'key': 0, 'time': 0}
1765.0269	DATA	{'pressed': True, 'port': 0, 'key': 4, 'time': 0}
1765.0435	DATA	{'pressed': False, 'port': 0, 'key': 4, 'time': 0}
1767.6327	DATA	{'pressed': True, 'port': 0, 'key': 4, 'time': 0}
1767.6493	DATA	{'pressed': False, 'port': 0, 'key': 4, 'time': 0}
1770.2220	DATA	{'pressed': True, 'port': 0, 'key': 4, 'time': 0}
1770.2552	DATA	{'pressed': False, 'port': 0, 'key': 4, 'time': 0}
1771.4667	DATA	{'pressed': False, 'port': 0, 'key': 0, 'time': 0}
1771.8817	DATA	{'pressed': True, 'port': 0, 'key': 1, 'time': 0}
1772.8277	DATA	{'pressed': True, 'port': 0, 'key': 4, 'time': 0}
1772.8442	DATA	{'pressed': False, 'port': 0, 'key': 4, 'time': 0}
1775.4334	DATA	{'pressed': True, 'port': 0, 'key': 4, 'time': 0}
1775.4503	DATA	{'pressed': False, 'port': 0, 'key': 4, 'time': 0}
1778.0394	DATA	{'pressed': True, 'port': 0, 'key': 4, 'time': 0}
1778.0562	DATA	{'pressed': False, 'port': 0, 'key': 4, 'time': 0}
1779.1845	DATA	earn R
1779.9480	DATA	{'pressed': False, 'port': 0, 'key': 1, 'time': 0}
1780.1973	DATA	start rating A
1781.8236	DATA	EmulatedKey: 0
1790.1886	DATA	3.0
1790.1886	DATA	end rating A
1790.1889	DATA	start rating B
1790.7699	DATA	EmulatedKey: 1
1791.1680	DATA	EmulatedKey: 1
1800.1970	DATA	6.0
1800.1970	DATA	end rating B
1801.2094	DATA	4
1801.2094	DATA	4
1801.4586	DATA	{'pressed': True, 'port': 0, 'key': 4, 'time': 0}
1801.4752	DATA	{'pressed': False, 'port': 0, 'key': 4, 'time': 0}
1802.2219	DATA	3
1802.2219	DATA	2
1803.2343	DATA	2
1803.2344	DATA	4
1804.0476	DATA	{'pressed': True, 'port': 0, 'key': 4, 'time': 0}
1804.0811	DATA	{'pressed': False, 'port': 0, 'key': 4, 'time': 0}
1804.2466	DATA	5
1804.2467	DATA	1
1804.2467	DATA	free R
1804.3503	DATA	{'pressed': True, 'port': 0, 'key': 0, 'time': 0}
1806.6536	DATA	{'pressed': True, 'port': 0, 'key': 4, 'time': 0}
1806.6703	DATA	{'pressed': False, 'port': 0, 'key': 4, 'time': 0}
1809.2594	DATA	{'pressed': True, 'port': 0, 'key': 4, 'time': 0}
1809.2760	DATA	{'pressed': False, 'port': 0, 'key': 4, 'time': 0}
1811.8652	DATA	{'pressed': True, 'port': 0, 'key': 4, 'time': 0}
1811.8818	DATA	{'pressed': False, 'port': 0, 'key': 4, 'time': 0}
1813.4253	DATA	{'pressed': False, 'port': 0, 'key': 0, 'time': 0}
1813.7407	DATA	{'pressed': True, 'port': 0, 'key': 1, 'time': 0}
1814.4710	DATA	{'pressed': True, 'port': 0, 'key': 4, 'time': 0}
1814.4876	DATA	{'pressed': False, 'port': 0, 'key': 4, 'time': 0}
1815.3836	DATA	earn R
1816.1143	DATA	{'pressed': False, 'port': 0, 'key': 1, 'time': 0}
1817.0602	DATA	{'pressed': True, 'port': 0, 'key': 4, 'time': 0}
1817.0935	DATA	{'pressed': False, 'port': 0, 'key': 4, 'time': 0}
1817.4086	DATA	3
1817.4087	DATA	4
1818.4209	DATA	2
1818.4210	DATA	5
1818.7033	DATA	{'pressed': True, 'port': 0, 'key': 1, 'time': 0}
1819.6661	DATA	{'pressed': True, 'port': 0, 'key': 4, 'time': 0}
1819.6828	DATA	{'pressed': False, 'port': 0, 'key': 4, 'time': 0}
1821.7572	DATA	earn R
1822.2722	DATA	{'pressed': True, 'port': 0, 'key': 4, 'time': 0}
1822.2887	DATA	{'pressed': False, 'port': 0, 'key': 4, 'time': 0}
1822.5377	DATA	{'pressed': False, 'port': 0, 'key': 1, 'time': 0}
1823.3841	DATA	{'pressed': True, 'port': 0, 'key': 1, 'time': 0}
1824.8777	DATA	{'pressed': True, 'port': 0, 'key': 4, 'time': 0}
1824.8944	DATA	{'pressed': False, 'port': 0, 'key': 4, 'time': 0}
1827.4669	DATA	{'pressed': True, 'port': 0, 'key': 4, 'time': 0}
1827.5002	DATA	{'pressed': False, 'port': 0, 'key': 4, 'time': 0}
1827.8319	DATA	earn R
1828.6290	DATA	{'pressed': False, 'port': 0, 'key': 1, 'time': 0}
1829.2265	DATA	{'pressed': True, 'port': 0, 'key': 1, 'time': 0}
1829.8568	DATA	earn R
1830.0727	DATA	{'pressed': True, 'port': 0, 'key': 4, 'time': 0}
1830.0894	DATA	{'pressed': False, 'port': 0, 'key': 4, 'time': 0}
1830.5209	DATA	{'pressed': False, 'port': 0, 'key': 1, 'time': 0}
1831.1848	DATA	{'pressed': True, 'port': 0, 'key': 1, 'time': 0}
1832.6786	DATA	{'pressed': True, 'port': 0, 'key': 4, 'time': 0}
1832.6951	DATA	{'pressed': False, 'port': 0, 'key': 4, 'time': 0}
1835.2843	DATA	{'pressed': True, 'port': 0, 'key': 4, 'time': 0}
1835.3011	DATA	{'pressed': False, 'port': 0, 'key': 4, 'time': 0}
1836.9440	DATA	earn R
1837.6414	DATA	{'pressed': False, 'port': 0, 'key': 1, 'time': 0}
1837.8736	DATA	{'pressed': True, 'port': 0, 'key': 4, 'time': 0}
1837.9070	DATA	{'pressed': False, 'port': 0, 'key': 4, 'time': 0}
1838.2718	DATA	{'pressed': True, 'port': 0, 'key': 1, 'time': 0}
1840.4793	DATA	{'pressed': True, 'port': 0, 'key': 4, 'time': 0}
1840.4961	DATA	{'pressed': False, 'port': 0, 'key': 4, 'time': 0}
1843.0852	DATA	{'pressed': True, 'port': 0, 'key': 4, 'time': 0}
1843.1016	DATA	{'pressed': False, 'port': 0, 'key': 4, 'time': 0}
1845.6912	DATA	{'pressed': True, 'port': 0, 'key': 4, 'time': 0}
1845.7076	DATA	{'pressed': False, 'port': 0, 'key': 4, 'time': 0}
1848.2968	DATA	{'pressed': True, 'port': 0, 'key': 4, 'time': 0}
1848.3133	DATA	{'pressed': False, 'port': 0, 'key': 4, 'time': 0}
1850.8860	DATA	{'pressed': True, 'port': 0, 'key': 4, 'time': 0}
1850.9028	DATA	{'pressed': False, 'port': 0, 'key': 4, 'time': 0}
1852.1307	DATA	earn R
1852.8613	DATA	{'pressed': False, 'port': 0, 'key': 1, 'time': 0}
1853.4918	DATA	{'pressed': True, 'port': 0, 'key': 4, 'time': 0}
1853.5084	DATA	{'pressed': False, 'port': 0, 'key': 4, 'time': 0}
1853.5252	DATA	{'pressed': True, 'port': 0, 'key': 1, 'time': 0}
1854.1556	DATA	earn R
1854.8864	DATA	{'pressed': False, 'port': 0, 'key': 1, 'time': 0}
1855.6163	DATA	{'pressed': True, 'port': 0, 'key': 1, 'time': 0}
1856.0978	DATA	{'pressed': True, 'port': 0, 'key': 4, 'time': 0}
1856.1143	DATA	{'pressed': False, 'port': 0, 'key': 4, 'time': 0}
1858.7035	DATA	{'pressed': True, 'port': 0, 'key': 4, 'time': 0}
1858.7202	DATA	{'pressed': False, 'port': 0, 'key': 4, 'time': 0}
1859.2179	DATA	earn R
1860.0811	DATA	{'pressed': False, 'port': 0, 'key': 1, 'time': 0}
1861.2428	DATA	4
1861.2428	DATA	4
1861.2928	DATA	{'pressed': True, 'port': 0, 'key': 4, 'time': 0}
1861.3261	DATA	{'pressed': False, 'port': 0, 'key': 4, 'time': 0}
1862.2552	DATA	4
1862.2553	DATA	5
1862.7368	DATA	{'pressed': True, 'port': 0, 'key': 1, 'time': 0}
1863.7655	DATA	earn R
1863.8985	DATA	{'pressed': True, 'port': 0, 'key': 4, 'time': 0}
1863.9154	DATA	{'pressed': False, 'port': 0, 'key': 4, 'time': 0}
1864.4465	DATA	{'pressed': False, 'port': 0, 'key': 1, 'time': 0}
1865.7906	DATA	5
1865.7906	DATA	4
1866.5044	DATA	{'pressed': True, 'port': 0, 'key': 4, 'time': 0}
1866.5210	DATA	{'pressed': False, 'port': 0, 'key': 4, 'time': 0}
1866.8030	DATA	4
1866.8030	DATA	5
1867.8154	DATA	3
1867.8154	DATA	4
1868.6787	DATA	{'pressed': True, 'port': 0, 'key': 1, 'time': 0}
1869.1101	DATA	{'pressed': True, 'port': 0, 'key': 4, 'time': 0}
1869.1269	DATA	{'pressed': False, 'port': 0, 'key': 4, 'time': 0}
1869.7075	DATA	earn R
1870.6373	DATA	{'pressed': False, 'port': 0, 'key': 1, 'time': 0}
1871.1183	DATA	{'pressed': True, 'port': 0, 'key': 1, 'time': 0}
1871.6994	DATA	{'pressed': True, 'port': 0, 'key': 4, 'time': 0}
1871.7327	DATA	{'pressed': False, 'port': 0, 'key': 4, 'time': 0}
1872.7449	DATA	earn R
1873.4257	DATA	{'pressed': False, 'port': 0, 'key': 1, 'time': 0}
1874.3051	DATA	{'pressed': True, 'port': 0, 'key': 4, 'time': 0}
1874.3218	DATA	{'pressed': False, 'port': 0, 'key': 4, 'time': 0}
1874.7698	DATA	3
1874.7699	DATA	2
1875.7823	DATA	2
1875.7823	DATA	2
1876.7947	DATA	5
1876.7947	DATA	1
1876.7947	DATA	free R
1876.9110	DATA	{'pressed': True, 'port': 0, 'key': 4, 'time': 0}
1876.9275	DATA	{'pressed': False, 'port': 0, 'key': 4, 'time': 0}
1878.8195	DATA	3
1878.8196	DATA	2
1879.5168	DATA	{'pressed': True, 'port': 0, 'key': 4, 'time': 0}
1879.5335	DATA	{'pressed': False, 'port': 0, 'key': 4, 'time': 0}
1879.8321	DATA	3
1879.8321	DATA	2
1880.8445	DATA	4
1880.8446	DATA	4
1881.8569	DATA	5
1881.8569	DATA	3
1882.1060	DATA	{'pressed': True, 'port': 0, 'key': 4, 'time': 0}
1882.1394	DATA	{'pressed': False, 'port': 0, 'key': 4, 'time': 0}
1882.8694	DATA	4
1882.8695	DATA	2
1883.8654	DATA	{'pressed': True, 'port': 0, 'key': 0, 'time': 0}
1884.7118	DATA	{'pressed': True, 'port': 0, 'key': 4, 'time': 0}
1884.7453	DATA	{'pressed': False, 'port': 0, 'key': 4, 'time': 0}
1886.9193	DATA	earn L
1887.3179	DATA	{'pressed': True, 'port': 0, 'key': 4, 'time': 0}
1887.3346	DATA	{'pressed': False, 'port': 0, 'key': 4, 'time': 0}
1887.6330	DATA	{'pressed': False, 'port': 0, 'key': 0, 'time': 0}
1888.9441	DATA	4
1888.9442	DATA	3
1889.2928	DATA	{'pressed': True, 'port': 0, 'key': 0, 'time': 0}
1889.9237	DATA	{'pressed': True, 'port': 0, 'key': 4, 'time': 0}
1889.9401	DATA	{'pressed': False, 'port': 0, 'key': 4, 'time': 0}
1892.5294	DATA	{'pressed': True, 'port': 0, 'key': 4, 'time': 0}
1892.5461	DATA	{'pressed': False, 'port': 0, 'key': 4, 'time': 0}
1895.1186	DATA	{'pressed': True, 'port': 0, 'key': 4, 'time': 0}
1895.1518	DATA	{'pressed': False, 'port': 0, 'key': 4, 'time': 0}
1897.7243	DATA	{'pressed': True, 'port': 0, 'key': 4, 'time': 0}
1897.7409	DATA	{'pressed': False, 'port': 0, 'key': 4, 'time': 0}
1899.1684	DATA	{'pressed': False, 'port': 0, 'key': 0, 'time': 0}
1900.1807	DATA	3
1900.1807	DATA	3
1900.3302	DATA	{'pressed': True, 'port': 0, 'key': 4, 'time': 0}
1900.3468	DATA	{'pressed': False, 'port': 0, 'key': 4, 'time': 0}
1901.1931	DATA	2
1901.1931	DATA	2
1902.2056	DATA	2
1902.2057	DATA	4
1902.9361	DATA	{'pressed': True, 'port': 0, 'key': 4, 'time': 0}
1902.9526	DATA	{'pressed': False, 'port': 0, 'key': 4, 'time': 0}
1903.2181	DATA	5
1903.2181	DATA	4
1904.2305	DATA	5
1904.2305	DATA	2
1905.2429	DATA	3
1905.2429	DATA	5
1905.5252	DATA	{'pressed': True, 'port': 0, 'key': 4, 'time': 0}
1905.5585	DATA	{'pressed': False, 'port': 0, 'key': 4, 'time': 0}
1906.0563	DATA	{'pressed': True, 'port': 0, 'key': 1, 'time': 0}
1908.1310	DATA	{'pressed': True, 'port': 0, 'key': 4, 'time': 0}
1908.1477	DATA	{'pressed': False, 'port': 0, 'key': 4, 'time': 0}
1910.7369	DATA	{'pressed': True, 'port': 0, 'key': 4, 'time': 0}
1910.7533	DATA	{'pressed': False, 'port': 0, 'key': 4, 'time': 0}
1911.1350	DATA	earn R
1911.9320	DATA	{'pressed': False, 'port': 0, 'key': 1, 'time': 0}
1913.1600	DATA	5
1913.1600	DATA	4
1913.3260	DATA	{'pressed': True, 'port': 0, 'key': 1, 'time': 0}
1913.3426	DATA	{'pressed': True, 'port': 0, 'key': 4, 'time': 0}
1913.3592	DATA	{'pressed': False, 'port': 0, 'key': 4, 'time': 0}
1915.3674	DATA	earn R
1915.9488	DATA	{'pressed': True, 'port': 0, 'key': 4, 'time': 0}
1915.9651	DATA	{'pressed': False, 'port': 0, 'key': 4, 'time': 0}
1916.0650	DATA	{'pressed': False, 'port': 0, 'key': 1, 'time': 0}
1917.3923	DATA	4
1917.3923	DATA	3
1918.4048	DATA	2
1918.4048	DATA	4
1918.5377	DATA	{'pressed': True, 'port': 0, 'key': 4, 'time': 0}
1918.5709	DATA	{'pressed': False, 'port': 0, 'key': 4, 'time': 0}
1919.4171	DATA	5
1919.4172	DATA	2
1920.4297	DATA	3
1920.4297	DATA	2
1921.1435	DATA	{'pressed': True, 'port': 0, 'key': 4, 'time': 0}
1921.1600	DATA	{'pressed': False, 'port': 0, 'key': 4, 'time': 0}
1921.4421	DATA	4
1921.4422	DATA	3
1922.4545	DATA	5
1922.4545	DATA	2
1923.2515	DATA	{'pressed': True, 'port': 0, 'key': 1, 'time': 0}
1923.7494	DATA	{'pressed': True, 'port': 0, 'key': 4, 'time': 0}
1923.7661	DATA	{'pressed': False, 'port': 0, 'key': 4, 'time': 0}
1924.2803	DATA	earn R
1925.1272	DATA	{'pressed': False, 'port': 0, 'key': 1, 'time': 0}
1925.2932	DATA	start rating A
1927.0024	DATA	EmulatedKey: 0
1935.2844	DATA	3.0
1935.2844	DATA	end rating A
1935.2847	DATA	start rating B
1935.8986	DATA	EmulatedKey: 1
1945.2929	DATA	5.0
1945.2930	DATA	end rating B
