39.9844	DATA	version A
1231.5011	DATA	trigger received
1231.5011	DATA	begin trial
1231.5011	DATA	{'pressed': False, 'port': 0, 'key': 4, 'time': 0}
1232.2925	DATA	{'pressed': True, 'port': 0, 'key': 0, 'time': 0}
1232.6244	DATA	{'pressed': False, 'port': 0, 'key': 0, 'time': 0}
1233.6367	DATA	1
1233.6367	DATA	2
1233.6368	DATA	free L
1234.0685	DATA	{'pressed': True, 'port': 0, 'key': 4, 'time': 0}
1234.1019	DATA	{'pressed': False, 'port': 0, 'key': 4, 'time': 0}
1235.6616	DATA	4
1235.6616	DATA	3
1235.7116	DATA	{'pressed': True, 'port': 0, 'key': 0, 'time': 0}
1235.7280	DATA	earn L
1235.8775	DATA	{'pressed': False, 'port': 0, 'key': 0, 'time': 0}
1236.6744	DATA	{'pressed': True, 'port': 0, 'key': 4, 'time': 0}
1236.6909	DATA	{'pressed': False, 'port': 0, 'key': 4, 'time': 0}
1237.7529	DATA	3
1237.7529	DATA	4
1237.9855	DATA	{'pressed': True, 'port': 0, 'key': 0, 'time': 0}
1238.1515	DATA	{'pressed': False, 'port': 0, 'key': 0, 'time': 0}
1239.1636	DATA	1
1239.1636	DATA	5
1239.1636	DATA	free L
1239.2801	DATA	{'pressed': True, 'port': 0, 'key': 4, 'time': 0}
1239.2968	DATA	{'pressed': False, 'port': 0, 'key': 4, 'time': 0}
1241.1886	DATA	1
1241.1886	DATA	2
1241.1886	DATA	free L
1241.8859	DATA	{'pressed': True, 'port': 0, 'key': 4, 'time': 0}
1241.9025	DATA	{'pressed': False, 'port': 0, 'key': 4, 'time': 0}
1243.2135	DATA	3
1243.2136	DATA	2
1244.2260	DATA	2
1244.2260	DATA	3
1244.3422	DATA	{'pressed': True, 'port': 0, 'key': 1, 'time': 0}
1244.4749	DATA	{'pressed': True, 'port': 0, 'key': 4, 'time': 0}
1244.5082	DATA	{'pressed': False, 'port': 0, 'key': 4, 'time': 0}
1244.5580	DATA	{'pressed': False, 'port': 0, 'key': 1, 'time': 0}
1245.5703	DATA	1
1245.5703	DATA	2
1245.5704	DATA	free L
1247.0807	DATA	{'pressed': True, 'port': 0, 'key': 4, 'time': 0}
1247.0976	DATA	{'pressed': False, 'port': 0, 'key': 4, 'time': 0}
1247.5952	DATA	3
1247.5953	DATA	2
1247.6454	DATA	{'pressed': True, 'port': 0, 'key': 1, 'time': 0}
1247.7945	DATA	{'pressed': False, 'port': 0, 'key': 1, 'time': 0}
1248.8069	DATA	2
1248.8069	DATA	4
1249.6866	DATA	{'pressed': True, 'port': 0, 'key': 4, 'time': 0}
1249.7032	DATA	{'pressed': False, 'port': 0, 'key': 4, 'time': 0}
1249.8193	DATA	4
1249.8193	DATA	3
1250.0851	DATA	{'pressed': True, 'port': 0, 'key': 1, 'time': 0}
1250.3009	DATA	{'pressed': False, 'port': 0, 'key': 1, 'time': 0}
1251.3130	DATA	5
1251.3131	DATA	5
1252.2927	DATA	{'pressed': True, 'port': 0, 'key': 4, 'time': 0}
1252.3091	DATA	{'pressed': False, 'port': 0, 'key': 4, 'time': 0}
1252.3256	DATA	1
1252.3256	DATA	4
1252.3256	DATA	free L
1254.3175	DATA	{'pressed': True, 'port': 0, 'key': 1, 'time': 0}
1254.5165	DATA	{'pressed': False, 'port': 0, 'key': 1, 'time': 0}
1254.8817	DATA	{'pressed': True, 'port': 0, 'key': 4, 'time': 0}
1254.9149	DATA	{'pressed': False, 'port': 0, 'key': 4, 'time': 0}
1255.5289	DATA	3
1255.5289	DATA	5
1256.5413	DATA	4
1256.5413	DATA	4
1256.8733	DATA	{'pressed': True, 'port': 0, 'key': 1, 'time': 0}
1256.8899	DATA	earn R
1257.1723	DATA	{'pressed': False, 'port': 0, 'key': 1, 'time': 0}
1257.4875	DATA	{'pressed': True, 'port': 0, 'key': 4, 'time': 0}
1257.5041	DATA	{'pressed': False, 'port': 0, 'key': 4, 'time': 0}
1258.9148	DATA	4
1258.9148	DATA	5
1259.9273	DATA	5
1259.9273	DATA	5
1260.0268	DATA	{'pressed': True, 'port': 0, 'key': 0, 'time': 0}
1260.0934	DATA	{'pressed': True, 'port': 0, 'key': 4, 'time': 0}
1260.1101	DATA	{'pressed': False, 'port': 0, 'key': 4, 'time': 0}
1260.3590	DATA	{'pressed': False, 'port': 0, 'key': 0, 'time': 0}
1261.3712	DATA	5
1261.3713	DATA	5
1262.3836	DATA	4
1262.3836	DATA	2
1262.4338	DATA	{'pressed': True, 'port': 0, 'key': 0, 'time': 0}
1262.6992	DATA	{'pressed': True, 'port': 0, 'key': 4, 'time': 0}
1262.7158	DATA	{'pressed': False, 'port': 0, 'key': 4, 'time': 0}
1262.7655	DATA	{'pressed': False, 'port': 0, 'key': 0, 'time': 0}
1263.7779	DATA	5
1263.7780	DATA	2
1264.7739	DATA	{'pressed': True, 'port': 0, 'key': 0, 'time': 0}
1264.7903	DATA	earn L
1265.0396	DATA	{'pressed': False, 'port': 0, 'key': 0, 'time': 0}
1265.2884	DATA	{'pressed': True, 'port': 0, 'key': 4, 'time': 0}
1265.3219	DATA	{'pressed': False, 'port': 0, 'key': 4, 'time': 0}
1266.8152	DATA	4
1266.8152	DATA	5
1267.8277	DATA	3
1267.8277	DATA	5
1267.8941	DATA	{'pressed': True, 'port': 0, 'key': 4, 'time': 0}
1267.9109	DATA	{'pressed': False, 'port': 0, 'key': 4, 'time': 0}
1268.8401	DATA	4
1268.8402	DATA	4
1269.6369	DATA	{'pressed': True, 'port': 0, 'key': 0, 'time': 0}
1269.6534	DATA	earn L
1269.8859	DATA	{'pressed': False, 'port': 0, 'key': 0, 'time': 0}
1270.5001	DATA	{'pressed': True, 'port': 0, 'key': 4, 'time': 0}
1270.5167	DATA	{'pressed': False, 'port': 0, 'key': 4, 'time': 0}
1271.6783	DATA	4
1271.6784	DATA	4
1272.6907	DATA	3
1272.6908	DATA	2
1273.1058	DATA	{'pressed': True, 'port': 0, 'key': 4, 'time': 0}
1273.1226	DATA	{'pressed': False, 'port': 0, 'key': 4, 'time': 0}
1273.7032	DATA	1
1273.7033	DATA	5
1273.7033	DATA	free L
1273.7976	DATA	{'pressed': True, 'port': 0, 'key': 0, 'time': 0}
1274.0022	DATA	{'pressed': False, 'port': 0, 'key': 0, 'time': 0}
1275.7117	DATA	{'pressed': True, 'port': 0, 'key': 4, 'time': 0}
1275.7281	DATA	2
1275.7281	DATA	3
1275.7283	DATA	{'pressed': False, 'port': 0, 'key': 4, 'time': 0}
1276.7406	DATA	2
1276.7407	DATA	5
1276.8735	DATA	{'pressed': True, 'port': 0, 'key': 0, 'time': 0}
1276.8899	DATA	earn L
1277.1391	DATA	{'pressed': False, 'port': 0, 'key': 0, 'time': 0}
1278.3008	DATA	{'pressed': True, 'port': 0, 'key': 4, 'time': 0}
1278.3342	DATA	{'pressed': False, 'port': 0, 'key': 4, 'time': 0}
1278.9148	DATA	5
1278.9148	DATA	5
1279.8944	DATA	{'pressed': True, 'port': 0, 'key': 0, 'time': 0}
1279.9107	DATA	earn L
1280.1103	DATA	{'pressed': False, 'port': 0, 'key': 0, 'time': 0}
1280.9067	DATA	{'pressed': True, 'port': 0, 'key': 4, 'time': 0}
1280.9272	DATA	{'pressed': False, 'port': 0, 'key': 4, 'time': 0}
1281.9356	DATA	3
1281.9356	DATA	2
1282.9316	DATA	{'pressed': True, 'port': 0, 'key': 0, 'time': 0}
1282.9480	DATA	earn L
1283.1643	DATA	{'pressed': False, 'port': 0, 'key': 0, 'time': 0}
1283.5125	DATA	{'pressed': True, 'port': 0, 'key': 4, 'time': 0}
1283.5291	DATA	{'pressed': False, 'port': 0, 'key': 4, 'time': 0}
1284.9729	DATA	1
1284.9729	DATA	3
1284.9729	DATA	free L
1286.1184	DATA	{'pressed': True, 'port': 0, 'key': 4, 'time': 0}
1286.1350	DATA	{'pressed': False, 'port': 0, 'key': 4, 'time': 0}
1286.9978	DATA	2
1286.9979	DATA	4
1288.0102	DATA	5
1288.0102	DATA	4
1288.7075	DATA	{'pressed': True, 'port': 0, 'key': 4, 'time': 0}
1288.7409	DATA	{'pressed': False, 'port': 0, 'key': 4, 'time': 0}
1288.8735	DATA	{'pressed': True, 'port': 0, 'key': 0, 'time': 0}
1289.1058	DATA	{'pressed': False, 'port': 0, 'key': 0, 'time': 0}
1290.1182	DATA	3
1290.1182	DATA	2
1291.1307	DATA	3
1291.1307	DATA	2
1291.3134	DATA	{'pressed': True, 'port': 0, 'key': 4, 'time': 0}
1291.3300	DATA	{'pressed': False, 'port': 0, 'key': 4, 'time': 0}
1291.6620	DATA	{'pressed': True, 'port': 0, 'key': 0, 'time': 0}
1291.6782	DATA	earn L
1292.0104	DATA	{'pressed': False, 'port': 0, 'key': 0, 'time': 0}
1293.7032	DATA	2
1293.7032	DATA	5
1293.9190	DATA	{'pressed': True, 'port': 0, 'key': 4, 'time': 0}
1293.9357	DATA	{'pressed': False, 'port': 0, 'key': 4, 'time': 0}
1294.7157	DATA	4
1294.7157	DATA	5
1295.7282	DATA	1
1295.7282	DATA	2
1295.7283	DATA	free L
1296.5250	DATA	{'pressed': True, 'port': 0, 'key': 4, 'time': 0}
1296.5419	DATA	{'pressed': False, 'port': 0, 'key': 4, 'time': 0}
1297.7531	DATA	5
1297.7531	DATA	3
1298.7655	DATA	4
1298.7655	DATA	3
1299.1308	DATA	{'pressed': True, 'port': 0, 'key': 4, 'time': 0}
1299.1474	DATA	{'pressed': False, 'port': 0, 'key': 4, 'time': 0}
1299.7781	DATA	3
1299.7781	DATA	4
1300.1598	DATA	{'pressed': True, 'port': 0, 'key': 0, 'time': 0}
1300.6079	DATA	{'pressed': False, 'port': 0, 'key': 0, 'time': 0}
1301.6203	DATA	5
1301.6203	DATA	3
1301.7199	DATA	{'pressed': True, 'port': 0, 'key': 4, 'time': 0}
1301.7534	DATA	{'pressed': False, 'port': 0, 'key': 4, 'time': 0}
1302.3175	DATA	{'pressed': True, 'port': 0, 'key': 0, 'time': 0}
1302.6494	DATA	{'pressed': False, 'port': 0, 'key': 0, 'time': 0}
1303.6618	DATA	3
1303.6618	DATA	4
1304.3257	DATA	{'pressed': True, 'port': 0, 'key': 4, 'time': 0}
1304.3424	DATA	{'pressed': False, 'port': 0, 'key': 4, 'time': 0}
1304.6247	DATA	{'pressed': True, 'port': 0, 'key': 0, 'time': 0}
1304.9398	DATA	{'pressed': False, 'port': 0, 'key': 0, 'time': 0}
1305.9523	DATA	4
1305.9523	DATA	4
1306.9318	DATA	{'pressed': True, 'port': 0, 'key': 4, 'time': 0}
1306.9482	DATA	{'pressed': False, 'port': 0, 'key': 4, 'time': 0}
1306.9646	DATA	3
1306.9646	DATA	5
1307.0976	DATA	{'pressed': True, 'port': 0, 'key': 0, 'time': 0}
1307.1140	DATA	earn L
1307.4794	DATA	{'pressed': False, 'port': 0, 'key': 0, 'time': 0}
1309.1390	DATA	1
1309.1391	DATA	4
1309.1391	DATA	free L
1309.5377	DATA	{'pressed': True, 'port': 0, 'key': 4, 'time': 0}
1309.5542	DATA	{'pressed': False, 'port': 0, 'key': 4, 'time': 0}
1311.1638	DATA	2
1311.1638	DATA	2
1311.6619	DATA	{'pressed': True, 'port': 0, 'key': 0, 'time': 0}
1312.0272	DATA	{'pressed': False, 'port': 0, 'key': 0, 'time': 0}
1312.1267	DATA	{'pressed': True, 'port': 0, 'key': 4, 'time': 0}
1312.1599	DATA	{'pressed': False, 'port': 0, 'key': 4, 'time': 0}
1313.0395	DATA	1
1313.0395	DATA	5
1313.0395	DATA	free L
1314.7324	DATA	{'pressed': True, 'port': 0, 'key': 4, 'time': 0}
1314.7492	DATA	{'pressed': False, 'port': 0, 'key': 4, 'time': 0}
1315.0644	DATA	4
1315.0645	DATA	2
1315.5791	DATA	{'pressed': True, 'port': 0, 'key': 0, 'time': 0}
1316.0107	DATA	{'pressed': False, 'port': 0, 'key': 0, 'time': 0}
1317.0227	DATA	4
1317.0227	DATA	2
1317.3386	DATA	{'pressed': True, 'port': 0, 'key': 4, 'time': 0}
1317.3549	DATA	{'pressed': False, 'port': 0, 'key': 4, 'time': 0}
1318.0353	DATA	1
1318.0353	DATA	3
1318.0353	DATA	free L
1318.1337	DATA	{'pressed': True, 'port': 0, 'key': 0, 'time': 0}
1318.4342	DATA	{'pressed': False, 'port': 0, 'key': 0, 'time': 0}
1319.9441	DATA	{'pressed': True, 'port': 0, 'key': 4, 'time': 0}
1319.9609	DATA	{'pressed': False, 'port': 0, 'key': 4, 'time': 0}
1320.0602	DATA	1
1320.0602	DATA	2
1320.0603	DATA	free L
1321.8196	DATA	{'pressed': True, 'port': 0, 'key': 0, 'time': 0}
1322.0853	DATA	{'pressed': False, 'port': 0, 'key': 0, 'time': 0}
1322.5334	DATA	{'pressed': True, 'port': 0, 'key': 4, 'time': 0}
1322.5666	DATA	{'pressed': False, 'port': 0, 'key': 4, 'time': 0}
1323.0974	DATA	1
1323.0974	DATA	2
1323.0974	DATA	free L
1325.1225	DATA	1
1325.1226	DATA	5
1325.1226	DATA	free L
1325.2150	DATA	{'pressed': True, 'port': 0, 'key': 4, 'time': 0}
1325.2390	DATA	{'pressed': False, 'port': 0, 'key': 4, 'time': 0}
1327.1473	DATA	5
1327.1473	DATA	2
1327.7449	DATA	{'pressed': True, 'port': 0, 'key': 4, 'time': 0}
1327.7616	DATA	{'pressed': False, 'port': 0, 'key': 4, 'time': 0}
1327.8280	DATA	{'pressed': True, 'port': 0, 'key': 0, 'time': 0}
1328.1269	DATA	{'pressed': False, 'port': 0, 'key': 0, 'time': 0}
1329.1390	DATA	2
1329.1391	DATA	4
1329.4545	DATA	{'pressed': True, 'port': 0, 'key': 0, 'time': 0}
1329.8530	DATA	{'pressed': False, 'port': 0, 'key': 0, 'time': 0}
1330.3506	DATA	{'pressed': True, 'port': 0, 'key': 4, 'time': 0}
1330.3673	DATA	{'pressed': False, 'port': 0, 'key': 4, 'time': 0}
1330.8652	DATA	1
1330.8652	DATA	5
1330.8652	DATA	free L
1332.8239	DATA	{'pressed': True, 'port': 0, 'key': 0, 'time': 0}
1332.9400	DATA	{'pressed': True, 'port': 0, 'key': 4, 'time': 0}
1332.9732	DATA	{'pressed': False, 'port': 0, 'key': 4, 'time': 0}
1333.2720	DATA	{'pressed': False, 'port': 0, 'key': 0, 'time': 0}
1334.2843	DATA	3
1334.2844	DATA	4
1335.2305	DATA	{'pressed': True, 'port': 0, 'key': 0, 'time': 0}
1335.2470	DATA	earn L
1335.5460	DATA	{'pressed': True, 'port': 0, 'key': 4, 'time': 0}
1335.5792	DATA	{'pressed': False, 'port': 0, 'key': 4, 'time': 0}
1335.5959	DATA	{'pressed': False, 'port': 0, 'key': 0, 'time': 0}
1337.2719	DATA	4
1337.2719	DATA	3
1337.9027	DATA	{'pressed': True, 'port': 0, 'key': 0, 'time': 0}
1338.1518	DATA	{'pressed': True, 'port': 0, 'key': 4, 'time': 0}
1338.1684	DATA	{'pressed': False, 'port': 0, 'key': 4, 'time': 0}
1338.3507	DATA	{'pressed': False, 'port': 0, 'key': 0, 'time': 0}
1339.3631	DATA	4
1339.3631	DATA	2
1339.7284	DATA	{'pressed': True, 'port': 0, 'key': 0, 'time': 0}
1339.7449	DATA	earn L
1340.2265	DATA	{'pressed': False, 'port': 0, 'key': 0, 'time': 0}
1340.7606	DATA	{'pressed': True, 'port': 0, 'key': 4, 'time': 0}
1340.7741	DATA	{'pressed': False, 'port': 0, 'key': 4, 'time': 0}
1341.7698	DATA	4
1341.7699	DATA	3
1342.0190	DATA	{'pressed': True, 'port': 0, 'key': 0, 'time': 0}
1342.6828	DATA	{'pressed': False, 'port': 0, 'key': 0, 'time': 0}
1343.3633	DATA	{'pressed': True, 'port': 0, 'key': 4, 'time': 0}
1343.3800	DATA	{'pressed': False, 'port': 0, 'key': 4, 'time': 0}
1343.6951	DATA	1
1343.6952	DATA	3
1343.6952	DATA	free L
1343.9279	DATA	{'pressed': True, 'port': 0, 'key': 0, 'time': 0}
1344.3263	DATA	{'pressed': False, 'port': 0, 'key': 0, 'time': 0}
1345.7200	DATA	4
1345.7200	DATA	4
1345.9525	DATA	{'pressed': True, 'port': 0, 'key': 4, 'time': 0}
1345.9857	DATA	{'pressed': False, 'port': 0, 'key': 4, 'time': 0}
1346.5334	DATA	{'pressed': False, 'port': 0, 'key': 0, 'time': 0}
1347.5456	DATA	1
1347.5456	DATA	2
1347.5456	DATA	free L
1348.5603	DATA	{'pressed': True, 'port': 0, 'key': 4, 'time': 0}
1348.5749	DATA	{'pressed': False, 'port': 0, 'key': 4, 'time': 0}
1349.3883	DATA	{'pressed': True, 'port': 0, 'key': 0, 'time': 0}
1349.8529	DATA	{'pressed': False, 'port': 0, 'key': 0, 'time': 0}
1350.8653	DATA	1
1350.8653	DATA	3
1350.8653	DATA	free L
1351.0151	DATA	{'pressed': True, 'port': 0, 'key': 0, 'time': 0}
1351.1642	DATA	{'pressed': True, 'port': 0, 'key': 4, 'time': 0}
1351.1809	DATA	{'pressed': False, 'port': 0, 'key': 4, 'time': 0}
1351.4465	DATA	{'pressed': False, 'port': 0, 'key': 0, 'time': 0}
1352.8902	DATA	3
1352.8903	DATA	2
1353.7699	DATA	{'pressed': True, 'port': 0, 'key': 4, 'time': 0}
1353.7865	DATA	{'pressed': False, 'port': 0, 'key': 4, 'time': 0}
1353.8695	DATA	{'pressed': True, 'port': 0, 'key': 0, 'time': 0}
1354.3177	DATA	{'pressed': False, 'port': 0, 'key': 0, 'time': 0}
1355.3300	DATA	3
1355.3301	DATA	5
1356.3425	DATA	1
1356.3425	DATA	2
1356.3426	DATA	free L
1356.4362	DATA	{'pressed': True, 'port': 0, 'key': 4, 'time': 0}
1356.4588	DATA	{'pressed': False, 'port': 0, 'key': 4, 'time': 0}
1356.5586	DATA	{'pressed': True, 'port': 0, 'key': 0, 'time': 0}
1357.3565	DATA	start rating A
1360.1268	DATA	EmulatedKey: 1
1361.2223	DATA	EmulatedKey: 1
1367.3466	DATA	6.0
1367.3467	DATA	end rating A
1367.3470	DATA	start rating B
1370.6662	DATA	EmulatedKey: 0
1372.4754	DATA	EmulatedKey: 0
1377.3550	DATA	2.0
1377.3551	DATA	end rating B
1379.3800	DATA	earn L
1379.7784	DATA	{'pressed': True, 'port': 0, 'key': 4, 'time': 0}
1379.8116	DATA	{'pressed': False, 'port': 0, 'key': 4, 'time': 0}
1382.3841	DATA	{'pressed': True, 'port': 0, 'key': 4, 'time': 0}
1382.4008	DATA	{'pressed': False, 'port': 0, 'key': 4, 'time': 0}
1384.9899	DATA	{'pressed': True, 'port': 0, 'key': 4, 'time': 0}
1385.0067	DATA	{'pressed': False, 'port': 0, 'key': 4, 'time': 0}
1386.1352	DATA	{'pressed': True, 'port': 0, 'key': 0, 'time': 0}
1386.4506	DATA	{'pressed': False, 'port': 0, 'key': 0, 'time': 0}
1387.4630	DATA	5
1387.4630	DATA	7
1387.5958	DATA	{'pressed': True, 'port': 0, 'key': 4, 'time': 0}
1387.6125	DATA	{'pressed': False, 'port': 0, 'key': 4, 'time': 0}
1388.2265	DATA	{'pressed': True, 'port': 0, 'key': 0, 'time': 0}
1388.5418	DATA	{'pressed': False, 'port': 0, 'key': 0, 'time': 0}
1389.5541	DATA	5
1389.5541	DATA	8
1389.9693	DATA	{'pressed': True, 'port': 0, 'key': 0, 'time': 0}
1390.1851	DATA	{'pressed': True, 'port': 0, 'key': 4, 'time': 0}
1390.2183	DATA	{'pressed': False, 'port': 0, 'key': 4, 'time': 0}
1390.2681	DATA	{'pressed': False, 'port': 0, 'key': 0, 'time': 0}
1391.2802	DATA	5
1391.2802	DATA	1
1391.2802	DATA	free R
1392.7907	DATA	{'pressed': True, 'port': 0, 'key': 4, 'time': 0}
1392.8075	DATA	{'pressed': False, 'port': 0, 'key': 4, 'time': 0}
1393.3052	DATA	7
1393.3052	DATA	4
1393.5211	DATA	{'pressed': True, 'port': 0, 'key': 0, 'time': 0}
1393.9029	DATA	{'pressed': False, 'port': 0, 'key': 0, 'time': 0}
1394.8323	DATA	{'pressed': True, 'port': 0, 'key': 0, 'time': 0}
1395.0978	DATA	{'pressed': False, 'port': 0, 'key': 0, 'time': 0}
1395.3967	DATA	{'pressed': True, 'port': 0, 'key': 4, 'time': 0}
1395.4133	DATA	{'pressed': False, 'port': 0, 'key': 4, 'time': 0}
1396.1102	DATA	3
1396.1102	DATA	3
1396.7080	DATA	{'pressed': True, 'port': 0, 'key': 1, 'time': 0}
1397.1227	DATA	{'pressed': False, 'port': 0, 'key': 1, 'time': 0}
1398.0025	DATA	{'pressed': True, 'port': 0, 'key': 4, 'time': 0}
1398.0191	DATA	{'pressed': False, 'port': 0, 'key': 4, 'time': 0}
1398.1351	DATA	5
1398.1352	DATA	8
1398.2184	DATA	{'pressed': True, 'port': 0, 'key': 1, 'time': 0}
1398.5337	DATA	{'pressed': False, 'port': 0, 'key': 1, 'time': 0}
1399.5459	DATA	8
1399.5459	DATA	2
1399.8944	DATA	{'pressed': True, 'port': 0, 'key': 1, 'time': 0}
1400.3595	DATA	{'pressed': False, 'port': 0, 'key': 1, 'time': 0}
1400.6084	DATA	{'pressed': True, 'port': 0, 'key': 4, 'time': 0}
1400.6249	DATA	{'pressed': False, 'port': 0, 'key': 4, 'time': 0}
1401.3716	DATA	8
1401.3716	DATA	1
1401.3717	DATA	free R
1401.6541	DATA	{'pressed': True, 'port': 0, 'key': 1, 'time': 0}
1402.0027	DATA	{'pressed': False, 'port': 0, 'key': 1, 'time': 0}
1403.1974	DATA	{'pressed': True, 'port': 0, 'key': 4, 'time': 0}
1403.2308	DATA	{'pressed': False, 'port': 0, 'key': 4, 'time': 0}
1403.3966	DATA	3
1403.3966	DATA	3
1403.8947	DATA	{'pressed': True, 'port': 0, 'key': 1, 'time': 0}
1404.2101	DATA	{'pressed': False, 'port': 0, 'key': 1, 'time': 0}
1405.2223	DATA	3
1405.2223	DATA	6
1405.8033	DATA	{'pressed': True, 'port': 0, 'key': 4, 'time': 0}
1405.8200	DATA	{'pressed': False, 'port': 0, 'key': 4, 'time': 0}
1405.9196	DATA	{'pressed': True, 'port': 0, 'key': 1, 'time': 0}
1406.2848	DATA	{'pressed': False, 'port': 0, 'key': 1, 'time': 0}
1407.2969	DATA	2
1407.2970	DATA	8
1407.9943	DATA	{'pressed': True, 'port': 0, 'key': 1, 'time': 0}
1408.3428	DATA	{'pressed': False, 'port': 0, 'key': 1, 'time': 0}
1408.4091	DATA	{'pressed': True, 'port': 0, 'key': 4, 'time': 0}
1408.4257	DATA	{'pressed': False, 'port': 0, 'key': 4, 'time': 0}
1409.3551	DATA	2
1409.3551	DATA	8
1410.3676	DATA	8
1410.3676	DATA	3
1411.0150	DATA	{'pressed': True, 'port': 0, 'key': 4, 'time': 0}
1411.0314	DATA	{'pressed': False, 'port': 0, 'key': 4, 'time': 0}
1411.0979	DATA	{'pressed': True, 'port': 0, 'key': 0, 'time': 0}
1411.5130	DATA	{'pressed': False, 'port': 0, 'key': 0, 'time': 0}
1412.4921	DATA	{'pressed': True, 'port': 0, 'key': 0, 'time': 0}
1412.9238	DATA	{'pressed': False, 'port': 0, 'key': 0, 'time': 0}
1413.6041	DATA	{'pressed': True, 'port': 0, 'key': 4, 'time': 0}
1413.6375	DATA	{'pressed': False, 'port': 0, 'key': 4, 'time': 0}
1413.8533	DATA	{'pressed': True, 'port': 0, 'key': 0, 'time': 0}
1414.3678	DATA	{'pressed': False, 'port': 0, 'key': 0, 'time': 0}
1415.3800	DATA	8
1415.3800	DATA	5
1415.3803	DATA	{'pressed': True, 'port': 0, 'key': 1, 'time': 0}
1415.3966	DATA	earn R
1415.8448	DATA	{'pressed': False, 'port': 0, 'key': 1, 'time': 0}
1416.2100	DATA	{'pressed': True, 'port': 0, 'key': 4, 'time': 0}
1416.2269	DATA	{'pressed': False, 'port': 0, 'key': 4, 'time': 0}
1417.0233	DATA	{'pressed': True, 'port': 0, 'key': 1, 'time': 0}
1417.5379	DATA	{'pressed': False, 'port': 0, 'key': 1, 'time': 0}
1418.5500	DATA	7
1418.5500	DATA	7
1418.6332	DATA	{'pressed': True, 'port': 0, 'key': 1, 'time': 0}
1418.8158	DATA	{'pressed': True, 'port': 0, 'key': 4, 'time': 0}
1418.8323	DATA	{'pressed': False, 'port': 0, 'key': 4, 'time': 0}
1419.0648	DATA	{'pressed': False, 'port': 0, 'key': 1, 'time': 0}
1420.0771	DATA	5
1420.0772	DATA	7
1420.1768	DATA	{'pressed': True, 'port': 0, 'key': 1, 'time': 0}
1420.5917	DATA	{'pressed': False, 'port': 0, 'key': 1, 'time': 0}
1421.4215	DATA	{'pressed': True, 'port': 0, 'key': 4, 'time': 0}
1421.4382	DATA	{'pressed': False, 'port': 0, 'key': 4, 'time': 0}
1421.6040	DATA	5
1421.6041	DATA	8
1421.6704	DATA	{'pressed': True, 'port': 0, 'key': 0, 'time': 0}
1422.1519	DATA	{'pressed': False, 'port': 0, 'key': 0, 'time': 0}
1423.1312	DATA	{'pressed': True, 'port': 0, 'key': 0, 'time': 0}
1423.5628	DATA	{'pressed': False, 'port': 0, 'key': 0, 'time': 0}
1424.0108	DATA	{'pressed': True, 'port': 0, 'key': 4, 'time': 0}
1424.0440	DATA	{'pressed': False, 'port': 0, 'key': 4, 'time': 0}
1424.5088	DATA	{'pressed': True, 'port': 0, 'key': 0, 'time': 0}
1425.0564	DATA	{'pressed': False, 'port': 0, 'key': 0, 'time': 0}
1426.0688	DATA	6
1426.0688	DATA	4
1426.3344	DATA	{'pressed': True, 'port': 0, 'key': 1, 'time': 0}
1426.6165	DATA	{'pressed': True, 'port': 0, 'key': 4, 'time': 0}
1426.6332	DATA	{'pressed': False, 'port': 0, 'key': 4, 'time': 0}
1426.8989	DATA	{'pressed': False, 'port': 0, 'key': 1, 'time': 0}
1427.8119	DATA	{'pressed': True, 'port': 0, 'key': 1, 'time': 0}
1428.2598	DATA	{'pressed': False, 'port': 0, 'key': 1, 'time': 0}
1429.2225	DATA	{'pressed': True, 'port': 0, 'key': 4, 'time': 0}
1429.2392	DATA	{'pressed': False, 'port': 0, 'key': 4, 'time': 0}
1429.2720	DATA	6
1429.2720	DATA	3
1429.3054	DATA	{'pressed': True, 'port': 0, 'key': 1, 'time': 0}
1429.8365	DATA	{'pressed': False, 'port': 0, 'key': 1, 'time': 0}
1430.6830	DATA	{'pressed': True, 'port': 0, 'key': 1, 'time': 0}
1431.3802	DATA	{'pressed': False, 'port': 0, 'key': 1, 'time': 0}
1431.8282	DATA	{'pressed': True, 'port': 0, 'key': 4, 'time': 0}
1431.8449	DATA	{'pressed': False, 'port': 0, 'key': 4, 'time': 0}
1432.2267	DATA	{'pressed': True, 'port': 0, 'key': 1, 'time': 0}
1432.6914	DATA	{'pressed': False, 'port': 0, 'key': 1, 'time': 0}
1433.5546	DATA	{'pressed': True, 'port': 0, 'key': 1, 'time': 0}
1434.0359	DATA	{'pressed': False, 'port': 0, 'key': 1, 'time': 0}
1434.4175	DATA	{'pressed': True, 'port': 0, 'key': 4, 'time': 0}
1434.4509	DATA	{'pressed': False, 'port': 0, 'key': 4, 'time': 0}
1434.9488	DATA	{'pressed': True, 'port': 0, 'key': 0, 'time': 0}
1435.5295	DATA	{'pressed': False, 'port': 0, 'key': 0, 'time': 0}
1436.5418	DATA	5
1436.5418	DATA	5
1436.8739	DATA	{'pressed': True, 'port': 0, 'key': 0, 'time': 0}
1437.0231	DATA	{'pressed': True, 'port': 0, 'key': 4, 'time': 0}
1437.0565	DATA	{'pressed': False, 'port': 0, 'key': 4, 'time': 0}
1437.4052	DATA	{'pressed': False, 'port': 0, 'key': 0, 'time': 0}
1438.4175	DATA	6
1438.4175	DATA	8
1439.0979	DATA	{'pressed': True, 'port': 0, 'key': 0, 'time': 0}
1439.6291	DATA	{'pressed': True, 'port': 0, 'key': 4, 'time': 0}
1439.6458	DATA	{'pressed': False, 'port': 0, 'key': 4, 'time': 0}
1439.6788	DATA	{'pressed': False, 'port': 0, 'key': 0, 'time': 0}
1440.6911	DATA	3
1440.6911	DATA	8
1441.4215	DATA	{'pressed': True, 'port': 0, 'key': 0, 'time': 0}
1442.1022	DATA	{'pressed': False, 'port': 0, 'key': 0, 'time': 0}
1442.2349	DATA	{'pressed': True, 'port': 0, 'key': 4, 'time': 0}
1442.2517	DATA	{'pressed': False, 'port': 0, 'key': 4, 'time': 0}
1443.1146	DATA	6
1443.1147	DATA	4
1444.0110	DATA	{'pressed': True, 'port': 0, 'key': 0, 'time': 0}
1444.7912	DATA	{'pressed': False, 'port': 0, 'key': 0, 'time': 0}
1444.8407	DATA	{'pressed': True, 'port': 0, 'key': 4, 'time': 0}
1444.8575	DATA	{'pressed': False, 'port': 0, 'key': 4, 'time': 0}
1445.8033	DATA	8
1445.8033	DATA	6
1446.2848	DATA	{'pressed': True, 'port': 0, 'key': 0, 'time': 0}
1446.3013	DATA	earn L
1446.8491	DATA	{'pressed': False, 'port': 0, 'key': 0, 'time': 0}
1447.4300	DATA	{'pressed': True, 'port': 0, 'key': 4, 'time': 0}
1447.4633	DATA	{'pressed': False, 'port': 0, 'key': 4, 'time': 0}
1448.3262	DATA	2
1448.3262	DATA	5
1449.2723	DATA	{'pressed': True, 'port': 0, 'key': 0, 'time': 0}
1449.8201	DATA	{'pressed': False, 'port': 0, 'key': 0, 'time': 0}
1450.0357	DATA	{'pressed': True, 'port': 0, 'key': 4, 'time': 0}
1450.0525	DATA	{'pressed': False, 'port': 0, 'key': 4, 'time': 0}
1450.8324	DATA	2
1450.8324	DATA	7
1450.8823	DATA	{'pressed': True, 'port': 0, 'key': 0, 'time': 0}
1451.3638	DATA	{'pressed': False, 'port': 0, 'key': 0, 'time': 0}
1452.3759	DATA	4
1452.3759	DATA	1
1452.3759	DATA	free R
1452.6418	DATA	{'pressed': True, 'port': 0, 'key': 4, 'time': 0}
1452.6582	DATA	{'pressed': False, 'port': 0, 'key': 4, 'time': 0}
1454.4008	DATA	2
1454.4008	DATA	7
1454.4674	DATA	{'pressed': True, 'port': 0, 'key': 0, 'time': 0}
1455.0648	DATA	{'pressed': False, 'port': 0, 'key': 0, 'time': 0}
1455.2474	DATA	{'pressed': True, 'port': 0, 'key': 4, 'time': 0}
1455.2641	DATA	{'pressed': False, 'port': 0, 'key': 4, 'time': 0}
1456.0772	DATA	4
1456.0772	DATA	7
1457.0566	DATA	{'pressed': True, 'port': 0, 'key': 0, 'time': 0}
1457.6872	DATA	{'pressed': False, 'port': 0, 'key': 0, 'time': 0}
1457.8367	DATA	{'pressed': True, 'port': 0, 'key': 4, 'time': 0}
1457.8700	DATA	{'pressed': False, 'port': 0, 'key': 4, 'time': 0}
1458.6996	DATA	3
1458.6996	DATA	4
1458.9819	DATA	{'pressed': True, 'port': 0, 'key': 0, 'time': 0}
1458.9982	DATA	earn L
1459.8120	DATA	{'pressed': False, 'port': 0, 'key': 0, 'time': 0}
1460.4424	DATA	{'pressed': True, 'port': 0, 'key': 4, 'time': 0}
1460.4591	DATA	{'pressed': False, 'port': 0, 'key': 4, 'time': 0}
1461.0232	DATA	3
1461.0233	DATA	1
1461.0233	DATA	free R
1462.3678	DATA	{'pressed': True, 'port': 0, 'key': 0, 'time': 0}
1463.0484	DATA	{'pressed': True, 'port': 0, 'key': 4, 'time': 0}
1463.0648	DATA	{'pressed': False, 'port': 0, 'key': 4, 'time': 0}
1464.0774	DATA	{'pressed': False, 'port': 0, 'key': 0, 'time': 0}
1465.0896	DATA	4
1465.0897	DATA	3
1465.4551	DATA	{'pressed': True, 'port': 0, 'key': 0, 'time': 0}
1465.6542	DATA	{'pressed': True, 'port': 0, 'key': 4, 'time': 0}
1465.6708	DATA	{'pressed': False, 'port': 0, 'key': 4, 'time': 0}
1466.3346	DATA	{'pressed': False, 'port': 0, 'key': 0, 'time': 0}
1467.3468	DATA	4
1467.3468	DATA	2
1468.1603	DATA	{'pressed': True, 'port': 0, 'key': 1, 'time': 0}
1468.2599	DATA	{'pressed': True, 'port': 0, 'key': 4, 'time': 0}
1468.2765	DATA	{'pressed': False, 'port': 0, 'key': 4, 'time': 0}
1469.3222	DATA	{'pressed': False, 'port': 0, 'key': 1, 'time': 0}
1470.0026	DATA	{'pressed': True, 'port': 0, 'key': 1, 'time': 0}
1470.8490	DATA	{'pressed': True, 'port': 0, 'key': 4, 'time': 0}
1470.8824	DATA	{'pressed': False, 'port': 0, 'key': 4, 'time': 0}
1471.3637	DATA	{'pressed': False, 'port': 0, 'key': 1, 'time': 0}
1472.3760	DATA	4
1472.3760	DATA	7
1473.3884	DATA	5
1473.3885	DATA	4
1473.4549	DATA	{'pressed': True, 'port': 0, 'key': 4, 'time': 0}
1473.4714	DATA	{'pressed': False, 'port': 0, 'key': 4, 'time': 0}
1473.8698	DATA	{'pressed': True, 'port': 0, 'key': 1, 'time': 0}
1474.9487	DATA	{'pressed': False, 'port': 0, 'key': 1, 'time': 0}
1475.9610	DATA	7
1475.9610	DATA	1
1475.9611	DATA	free R
1476.0617	DATA	{'pressed': True, 'port': 0, 'key': 4, 'time': 0}
1476.0774	DATA	{'pressed': False, 'port': 0, 'key': 4, 'time': 0}
1477.5547	DATA	{'pressed': True, 'port': 0, 'key': 1, 'time': 0}
1478.6666	DATA	{'pressed': True, 'port': 0, 'key': 4, 'time': 0}
1478.6832	DATA	{'pressed': False, 'port': 0, 'key': 4, 'time': 0}
1478.7828	DATA	{'pressed': False, 'port': 0, 'key': 1, 'time': 0}
1479.7454	DATA	{'pressed': True, 'port': 0, 'key': 1, 'time': 0}
1481.0898	DATA	{'pressed': False, 'port': 0, 'key': 1, 'time': 0}
1481.2557	DATA	{'pressed': True, 'port': 0, 'key': 4, 'time': 0}
1481.2890	DATA	{'pressed': False, 'port': 0, 'key': 4, 'time': 0}
1482.1020	DATA	7
1482.1020	DATA	3
1482.4673	DATA	{'pressed': True, 'port': 0, 'key': 1, 'time': 0}
1483.8617	DATA	{'pressed': True, 'port': 0, 'key': 4, 'time': 0}
1483.8781	DATA	{'pressed': False, 'port': 0, 'key': 4, 'time': 0}
1484.5423	DATA	{'pressed': False, 'port': 0, 'key': 1, 'time': 0}
1485.5544	DATA	8
1485.5544	DATA	4
1486.2352	DATA	{'pressed': True, 'port': 0, 'key': 1, 'time': 0}
1486.4673	DATA	{'pressed': True, 'port': 0, 'key': 4, 'time': 0}
1486.4841	DATA	{'pressed': False, 'port': 0, 'key': 4, 'time': 0}
1487.2642	DATA	{'pressed': False, 'port': 0, 'key': 1, 'time': 0}
1488.2764	DATA	3
1488.2764	DATA	6
1489.0734	DATA	{'pressed': True, 'port': 0, 'key': 4, 'time': 0}
1489.0898	DATA	{'pressed': False, 'port': 0, 'key': 4, 'time': 0}
1489.2889	DATA	5
1489.2889	DATA	5
1489.5711	DATA	{'pressed': True, 'port': 0, 'key': 0, 'time': 0}
1490.6000	DATA	earn L
1490.6962	DATA	{'pressed': False, 'port': 0, 'key': 0, 'time': 0}
1491.6626	DATA	{'pressed': True, 'port': 0, 'key': 4, 'time': 0}
1491.6958	DATA	{'pressed': False, 'port': 0, 'key': 4, 'time': 0}
1492.6251	DATA	5
1492.6251	DATA	6
1492.9903	DATA	{'pressed': True, 'port': 0, 'key': 0, 'time': 0}
1494.0857	DATA	{'pressed': False, 'port': 0, 'key': 0, 'time': 0}
1494.2682	DATA	{'pressed': True, 'port': 0, 'key': 4, 'time': 0}
1494.2850	DATA	{'pressed': False, 'port': 0, 'key': 4, 'time': 0}
1495.0980	DATA	2
1495.0981	DATA	1
1495.0981	DATA	free R
1496.8741	DATA	{'pressed': True, 'port': 0, 'key': 4, 'time': 0}
1496.8906	DATA	{'pressed': False, 'port': 0, 'key': 4, 'time': 0}
1497.1228	DATA	3
1497.1229	DATA	3
1497.6541	DATA	{'pressed': True, 'port': 0, 'key': 0, 'time': 0}
1498.3679	DATA	{'pressed': False, 'port': 0, 'key': 0, 'time': 0}
1499.3802	DATA	8
1499.3802	DATA	2
1499.4798	DATA	{'pressed': True, 'port': 0, 'key': 4, 'time': 0}
1499.4965	DATA	{'pressed': False, 'port': 0, 'key': 4, 'time': 0}
1500.3926	DATA	4
1500.3926	DATA	4
1501.0899	DATA	{'pressed': True, 'port': 0, 'key': 0, 'time': 0}
1501.8865	DATA	{'pressed': False, 'port': 0, 'key': 0, 'time': 0}
1502.0859	DATA	{'pressed': True, 'port': 0, 'key': 4, 'time': 0}
1502.1023	DATA	{'pressed': False, 'port': 0, 'key': 4, 'time': 0}
1502.8989	DATA	3
1502.8990	DATA	1
1502.8990	DATA	free R
1503.9117	DATA	start rating A
1506.0193	DATA	EmulatedKey: 0
1507.0484	DATA	EmulatedKey: 0
1508.1603	DATA	EmulatedKey: 0
1513.9030	DATA	1.0
1513.9031	DATA	end rating A
1513.9033	DATA	start rating B
1515.1646	DATA	EmulatedKey: 0
1515.4800	DATA	EmulatedKey: 0
1515.8285	DATA	EmulatedKey: 0
1523.9115	DATA	1.0
1523.9115	DATA	end rating B
1524.9238	DATA	4
1524.9239	DATA	3
1525.4883	DATA	{'pressed': True, 'port': 0, 'key': 4, 'time': 0}
1525.5215	DATA	{'pressed': False, 'port': 0, 'key': 4, 'time': 0}
1525.8535	DATA	{'pressed': True, 'port': 0, 'key': 0, 'time': 0}
1526.4180	DATA	{'pressed': False, 'port': 0, 'key': 0, 'time': 0}
1527.4301	DATA	2
1527.4302	DATA	8
1528.0941	DATA	{'pressed': True, 'port': 0, 'key': 4, 'time': 0}
1528.1107	DATA	{'pressed': False, 'port': 0, 'key': 4, 'time': 0}
1528.4426	DATA	5
1528.4426	DATA	6
1528.7414	DATA	{'pressed': True, 'port': 0, 'key': 0, 'time': 0}
1529.4385	DATA	{'pressed': False, 'port': 0, 'key': 0, 'time': 0}
1530.4508	DATA	6
1530.4509	DATA	6
1530.7000	DATA	{'pressed': True, 'port': 0, 'key': 4, 'time': 0}
1530.7165	DATA	{'pressed': False, 'port': 0, 'key': 4, 'time': 0}
1531.0651	DATA	{'pressed': True, 'port': 0, 'key': 0, 'time': 0}
1531.7456	DATA	{'pressed': False, 'port': 0, 'key': 0, 'time': 0}
1532.7579	DATA	4
1532.7579	DATA	8
1533.3058	DATA	{'pressed': True, 'port': 0, 'key': 4, 'time': 0}
1533.3224	DATA	{'pressed': False, 'port': 0, 'key': 4, 'time': 0}
1533.4385	DATA	{'pressed': True, 'port': 0, 'key': 0, 'time': 0}
1534.0692	DATA	{'pressed': False, 'port': 0, 'key': 0, 'time': 0}
1535.0815	DATA	8
1535.0816	DATA	10
1535.3971	DATA	{'pressed': True, 'port': 0, 'key': 1, 'time': 0}
1535.9116	DATA	{'pressed': True, 'port': 0, 'key': 4, 'time': 0}
1535.9282	DATA	{'pressed': False, 'port': 0, 'key': 4, 'time': 0}
1536.1606	DATA	{'pressed': False, 'port': 0, 'key': 1, 'time': 0}
1537.1233	DATA	{'pressed': True, 'port': 0, 'key': 1, 'time': 0}
1537.9697	DATA	{'pressed': False, 'port': 0, 'key': 1, 'time': 0}
1538.5006	DATA	{'pressed': True, 'port': 0, 'key': 4, 'time': 0}
1538.5341	DATA	{'pressed': False, 'port': 0, 'key': 4, 'time': 0}
1538.9820	DATA	10
1538.9821	DATA	6
1539.1482	DATA	{'pressed': True, 'port': 0, 'key': 1, 'time': 0}
1540.0444	DATA	{'pressed': False, 'port': 0, 'key': 1, 'time': 0}
1541.0566	DATA	7
1541.0566	DATA	9
1541.1066	DATA	{'pressed': True, 'port': 0, 'key': 4, 'time': 0}
1541.1231	DATA	{'pressed': False, 'port': 0, 'key': 4, 'time': 0}
1541.2894	DATA	{'pressed': True, 'port': 0, 'key': 1, 'time': 0}
1541.9365	DATA	{'pressed': False, 'port': 0, 'key': 1, 'time': 0}
1542.9488	DATA	2
1542.9488	DATA	3
1543.2641	DATA	{'pressed': True, 'port': 0, 'key': 1, 'time': 0}
1543.2807	DATA	earn R
1543.7123	DATA	{'pressed': True, 'port': 0, 'key': 4, 'time': 0}
1543.7290	DATA	{'pressed': False, 'port': 0, 'key': 4, 'time': 0}
1543.8785	DATA	{'pressed': False, 'port': 0, 'key': 1, 'time': 0}
1545.3055	DATA	5
1545.3056	DATA	8
1546.0526	DATA	{'pressed': True, 'port': 0, 'key': 1, 'time': 0}
1546.3182	DATA	{'pressed': True, 'port': 0, 'key': 4, 'time': 0}
1546.3347	DATA	{'pressed': False, 'port': 0, 'key': 4, 'time': 0}
1546.7996	DATA	{'pressed': False, 'port': 0, 'key': 1, 'time': 0}
1547.8119	DATA	6
1547.8119	DATA	2
1547.9282	DATA	{'pressed': True, 'port': 0, 'key': 1, 'time': 0}
1547.9446	DATA	earn R
1548.5593	DATA	{'pressed': False, 'port': 0, 'key': 1, 'time': 0}
1548.9074	DATA	{'pressed': True, 'port': 0, 'key': 4, 'time': 0}
1548.9408	DATA	{'pressed': False, 'port': 0, 'key': 4, 'time': 0}
1549.9696	DATA	5
1549.9696	DATA	4
1550.9820	DATA	2
1550.9820	DATA	9
1551.5131	DATA	{'pressed': True, 'port': 0, 'key': 4, 'time': 0}
1551.5298	DATA	{'pressed': False, 'port': 0, 'key': 4, 'time': 0}
1551.9944	DATA	2
1551.9945	DATA	9
1553.0069	DATA	4
1553.0069	DATA	4
1554.0194	DATA	6
1554.0194	DATA	7
1554.1190	DATA	{'pressed': True, 'port': 0, 'key': 4, 'time': 0}
1554.1358	DATA	{'pressed': False, 'port': 0, 'key': 4, 'time': 0}
1555.0319	DATA	3
1555.0319	DATA	9
1555.1482	DATA	{'pressed': True, 'port': 0, 'key': 1, 'time': 0}
1555.8951	DATA	{'pressed': False, 'port': 0, 'key': 1, 'time': 0}
1556.7249	DATA	{'pressed': True, 'port': 0, 'key': 4, 'time': 0}
1556.7416	DATA	{'pressed': False, 'port': 0, 'key': 4, 'time': 0}
1556.8411	DATA	{'pressed': True, 'port': 0, 'key': 1, 'time': 0}
1557.6544	DATA	{'pressed': False, 'port': 0, 'key': 1, 'time': 0}
1558.4345	DATA	{'pressed': True, 'port': 0, 'key': 1, 'time': 0}
1559.3142	DATA	{'pressed': True, 'port': 0, 'key': 4, 'time': 0}
1559.3308	DATA	{'pressed': False, 'port': 0, 'key': 4, 'time': 0}
1559.3475	DATA	{'pressed': False, 'port': 0, 'key': 1, 'time': 0}
1560.3596	DATA	8
1560.3597	DATA	5
1560.5923	DATA	{'pressed': True, 'port': 0, 'key': 1, 'time': 0}
1561.6212	DATA	{'pressed': False, 'port': 0, 'key': 1, 'time': 0}
1561.9200	DATA	{'pressed': True, 'port': 0, 'key': 4, 'time': 0}
1561.9365	DATA	{'pressed': False, 'port': 0, 'key': 4, 'time': 0}
1562.4178	DATA	{'pressed': True, 'port': 0, 'key': 1, 'time': 0}
1563.4801	DATA	{'pressed': False, 'port': 0, 'key': 1, 'time': 0}
1564.1439	DATA	{'pressed': True, 'port': 0, 'key': 1, 'time': 0}
1564.5257	DATA	{'pressed': True, 'port': 0, 'key': 4, 'time': 0}
1564.5424	DATA	{'pressed': False, 'port': 0, 'key': 4, 'time': 0}
1565.0569	DATA	{'pressed': False, 'port': 0, 'key': 1, 'time': 0}
1565.9865	DATA	{'pressed': True, 'port': 0, 'key': 1, 'time': 0}
1566.9821	DATA	{'pressed': False, 'port': 0, 'key': 1, 'time': 0}
1567.1316	DATA	{'pressed': True, 'port': 0, 'key': 4, 'time': 0}
1567.1484	DATA	{'pressed': False, 'port': 0, 'key': 4, 'time': 0}
1567.8951	DATA	{'pressed': True, 'port': 0, 'key': 1, 'time': 0}
1568.6752	DATA	{'pressed': False, 'port': 0, 'key': 1, 'time': 0}
1569.6874	DATA	8
1569.6874	DATA	3
1569.7374	DATA	{'pressed': True, 'port': 0, 'key': 4, 'time': 0}
1569.7539	DATA	{'pressed': False, 'port': 0, 'key': 4, 'time': 0}
1569.9200	DATA	{'pressed': True, 'port': 0, 'key': 1, 'time': 0}
1570.9658	DATA	{'pressed': False, 'port': 0, 'key': 1, 'time': 0}
1571.7458	DATA	{'pressed': True, 'port': 0, 'key': 1, 'time': 0}
1572.3267	DATA	{'pressed': True, 'port': 0, 'key': 4, 'time': 0}
1572.3600	DATA	{'pressed': False, 'port': 0, 'key': 4, 'time': 0}
1572.6917	DATA	{'pressed': False, 'port': 0, 'key': 1, 'time': 0}
1573.6378	DATA	{'pressed': True, 'port': 0, 'key': 1, 'time': 0}
1574.5671	DATA	{'pressed': False, 'port': 0, 'key': 1, 'time': 0}
1574.9325	DATA	{'pressed': True, 'port': 0, 'key': 4, 'time': 0}
1574.9490	DATA	{'pressed': False, 'port': 0, 'key': 4, 'time': 0}
1575.5796	DATA	3
1575.5796	DATA	9
1575.8455	DATA	{'pressed': True, 'port': 0, 'key': 0, 'time': 0}
1576.6420	DATA	{'pressed': False, 'port': 0, 'key': 0, 'time': 0}
1577.4718	DATA	{'pressed': True, 'port': 0, 'key': 0, 'time': 0}
1577.5384	DATA	{'pressed': True, 'port': 0, 'key': 4, 'time': 0}
1577.5547	DATA	{'pressed': False, 'port': 0, 'key': 4, 'time': 0}
1578.2355	DATA	{'pressed': False, 'port': 0, 'key': 0, 'time': 0}
1578.9324	DATA	{'pressed': True, 'port': 0, 'key': 0, 'time': 0}
1579.8289	DATA	{'pressed': False, 'port': 0, 'key': 0, 'time': 0}
1580.1440	DATA	{'pressed': True, 'port': 0, 'key': 4, 'time': 0}
1580.1606	DATA	{'pressed': False, 'port': 0, 'key': 4, 'time': 0}
1580.5093	DATA	{'pressed': True, 'port': 0, 'key': 0, 'time': 0}
1581.3390	DATA	{'pressed': False, 'port': 0, 'key': 0, 'time': 0}
1582.0530	DATA	{'pressed': True, 'port': 0, 'key': 0, 'time': 0}
1582.0691	DATA	earn L
1582.7333	DATA	{'pressed': False, 'port': 0, 'key': 0, 'time': 0}
1582.7501	DATA	{'pressed': True, 'port': 0, 'key': 4, 'time': 0}
1582.7666	DATA	{'pressed': False, 'port': 0, 'key': 4, 'time': 0}
1584.0942	DATA	4
1584.0942	DATA	4
1584.1607	DATA	{'pressed': True, 'port': 0, 'key': 0, 'time': 0}
1584.9409	DATA	{'pressed': False, 'port': 0, 'key': 0, 'time': 0}
1585.3390	DATA	{'pressed': True, 'port': 0, 'key': 4, 'time': 0}
1585.3557	DATA	{'pressed': False, 'port': 0, 'key': 4, 'time': 0}
1585.5715	DATA	{'pressed': True, 'port': 0, 'key': 0, 'time': 0}
1586.4511	DATA	{'pressed': False, 'port': 0, 'key': 0, 'time': 0}
1587.3307	DATA	{'pressed': True, 'port': 0, 'key': 0, 'time': 0}
1587.9448	DATA	{'pressed': True, 'port': 0, 'key': 4, 'time': 0}
1587.9617	DATA	{'pressed': False, 'port': 0, 'key': 4, 'time': 0}
1588.0942	DATA	{'pressed': False, 'port': 0, 'key': 0, 'time': 0}
1589.0239	DATA	{'pressed': True, 'port': 0, 'key': 0, 'time': 0}
1590.0197	DATA	{'pressed': False, 'port': 0, 'key': 0, 'time': 0}
1590.5508	DATA	{'pressed': True, 'port': 0, 'key': 4, 'time': 0}
1590.5672	DATA	{'pressed': False, 'port': 0, 'key': 4, 'time': 0}
1590.9160	DATA	{'pressed': True, 'port': 0, 'key': 0, 'time': 0}
1591.8619	DATA	{'pressed': False, 'port': 0, 'key': 0, 'time': 0}
1592.6754	DATA	{'pressed': True, 'port': 0, 'key': 0, 'time': 0}
1593.1399	DATA	{'pressed': True, 'port': 0, 'key': 4, 'time': 0}
1593.1731	DATA	{'pressed': False, 'port': 0, 'key': 4, 'time': 0}
1593.5713	DATA	{'pressed': False, 'port': 0, 'key': 0, 'time': 0}
1594.4014	DATA	{'pressed': True, 'port': 0, 'key': 0, 'time': 0}
1595.2808	DATA	{'pressed': False, 'port': 0, 'key': 0, 'time': 0}
1595.7457	DATA	{'pressed': True, 'port': 0, 'key': 4, 'time': 0}
1595.7623	DATA	{'pressed': False, 'port': 0, 'key': 4, 'time': 0}
1596.2934	DATA	2
1596.2934	DATA	10
1596.5258	DATA	{'pressed': True, 'port': 0, 'key': 0, 'time': 0}
1597.5218	DATA	{'pressed': False, 'port': 0, 'key': 0, 'time': 0}
1598.3517	DATA	{'pressed': True, 'port': 0, 'key': 4, 'time': 0}
1598.3682	DATA	{'pressed': False, 'port': 0, 'key': 4, 'time': 0}
1598.5340	DATA	6
1598.5341	DATA	8
1598.8164	DATA	{'pressed': True, 'port': 0, 'key': 0, 'time': 0}
1599.7624	DATA	{'pressed': False, 'port': 0, 'key': 0, 'time': 0}
1600.7747	DATA	10
1600.7747	DATA	6
1600.8413	DATA	{'pressed': True, 'port': 0, 'key': 0, 'time': 0}
1600.9574	DATA	{'pressed': True, 'port': 0, 'key': 4, 'time': 0}
1600.9740	DATA	{'pressed': False, 'port': 0, 'key': 4, 'time': 0}
1601.7872	DATA	{'pressed': False, 'port': 0, 'key': 0, 'time': 0}
1602.7996	DATA	7
1602.7997	DATA	6
1603.0488	DATA	{'pressed': True, 'port': 0, 'key': 0, 'time': 0}
1603.5632	DATA	{'pressed': True, 'port': 0, 'key': 4, 'time': 0}
1603.5797	DATA	{'pressed': False, 'port': 0, 'key': 4, 'time': 0}
1603.9117	DATA	{'pressed': False, 'port': 0, 'key': 0, 'time': 0}
1604.9241	DATA	4
1604.9241	DATA	1
1604.9241	DATA	free R
1605.3559	DATA	{'pressed': True, 'port': 0, 'key': 1, 'time': 0}
1605.6048	DATA	{'pressed': False, 'port': 0, 'key': 1, 'time': 0}
1606.1524	DATA	{'pressed': True, 'port': 0, 'key': 4, 'time': 0}
1606.1856	DATA	{'pressed': False, 'port': 0, 'key': 4, 'time': 0}
1606.9490	DATA	9
1606.9490	DATA	1
1606.9490	DATA	free R
1607.9121	DATA	{'pressed': True, 'port': 0, 'key': 1, 'time': 0}
1608.1440	DATA	{'pressed': False, 'port': 0, 'key': 1, 'time': 0}
1608.7581	DATA	{'pressed': True, 'port': 0, 'key': 4, 'time': 0}
1608.7748	DATA	{'pressed': False, 'port': 0, 'key': 4, 'time': 0}
1609.1564	DATA	6
1609.1564	DATA	4
1610.0198	DATA	{'pressed': True, 'port': 0, 'key': 1, 'time': 0}
1610.6671	DATA	{'pressed': False, 'port': 0, 'key': 1, 'time': 0}
1611.3641	DATA	{'pressed': True, 'port': 0, 'key': 4, 'time': 0}
1611.3808	DATA	{'pressed': False, 'port': 0, 'key': 4, 'time': 0}
1611.6793	DATA	7
1611.6793	DATA	6
1612.6917	DATA	6
1612.6918	DATA	10
1613.7042	DATA	5
1613.7042	DATA	2
1613.9700	DATA	{'pressed': True, 'port': 0, 'key': 4, 'time': 0}
1613.9864	DATA	{'pressed': False, 'port': 0, 'key': 4, 'time': 0}
1614.4180	DATA	{'pressed': True, 'port': 0, 'key': 1, 'time': 0}
1615.3973	DATA	{'pressed': False, 'port': 0, 'key': 1, 'time': 0}
1616.4096	DATA	6
1616.4096	DATA	9
1616.4760	DATA	{'pressed': True, 'port': 0, 'key': 1, 'time': 0}
1616.5590	DATA	{'pressed': True, 'port': 0, 'key': 4, 'time': 0}
1616.5923	DATA	{'pressed': False, 'port': 0, 'key': 4, 'time': 0}
1617.3724	DATA	{'pressed': False, 'port': 0, 'key': 1, 'time': 0}
1618.3847	DATA	9
1618.3847	DATA	7
1618.8662	DATA	{'pressed': True, 'port': 0, 'key': 1, 'time': 0}
1619.1648	DATA	{'pressed': True, 'port': 0, 'key': 4, 'time': 0}
1619.1814	DATA	{'pressed': False, 'port': 0, 'key': 4, 'time': 0}
1619.7790	DATA	{'pressed': False, 'port': 0, 'key': 1, 'time': 0}
1620.7913	DATA	8
1620.7913	DATA	10
1621.2895	DATA	{'pressed': True, 'port': 0, 'key': 1, 'time': 0}
1621.7706	DATA	{'pressed': True, 'port': 0, 'key': 4, 'time': 0}
1621.7873	DATA	{'pressed': False, 'port': 0, 'key': 4, 'time': 0}
1622.3019	DATA	{'pressed': False, 'port': 0, 'key': 1, 'time': 0}
1623.3142	DATA	9
1623.3142	DATA	2
1623.7792	DATA	{'pressed': True, 'port': 0, 'key': 1, 'time': 0}
1624.3766	DATA	{'pressed': True, 'port': 0, 'key': 4, 'time': 0}
1624.3930	DATA	{'pressed': False, 'port': 0, 'key': 4, 'time': 0}
1624.7085	DATA	{'pressed': False, 'port': 0, 'key': 1, 'time': 0}
1625.7208	DATA	9
1625.7208	DATA	10
1626.4348	DATA	{'pressed': True, 'port': 0, 'key': 1, 'time': 0}
1626.9657	DATA	{'pressed': True, 'port': 0, 'key': 4, 'time': 0}
1626.9991	DATA	{'pressed': False, 'port': 0, 'key': 4, 'time': 0}
1627.3643	DATA	{'pressed': False, 'port': 0, 'key': 1, 'time': 0}
1628.3764	DATA	2
1628.3764	DATA	6
1629.2562	DATA	{'pressed': True, 'port': 0, 'key': 1, 'time': 0}
1629.5716	DATA	{'pressed': True, 'port': 0, 'key': 4, 'time': 0}
1629.5882	DATA	{'pressed': False, 'port': 0, 'key': 4, 'time': 0}
1630.2687	DATA	{'pressed': False, 'port': 0, 'key': 1, 'time': 0}
1631.2811	DATA	5
1631.2811	DATA	1
1631.2811	DATA	free R
1632.1776	DATA	{'pressed': True, 'port': 0, 'key': 4, 'time': 0}
1632.1942	DATA	{'pressed': False, 'port': 0, 'key': 4, 'time': 0}
1633.3059	DATA	5
1633.3059	DATA	7
1634.1526	DATA	{'pressed': True, 'port': 0, 'key': 1, 'time': 0}
1634.7833	DATA	{'pressed': True, 'port': 0, 'key': 4, 'time': 0}
1634.7999	DATA	{'pressed': False, 'port': 0, 'key': 4, 'time': 0}
1634.9325	DATA	{'pressed': False, 'port': 0, 'key': 1, 'time': 0}
1635.9449	DATA	4
1635.9450	DATA	7
1636.4760	DATA	{'pressed': True, 'port': 0, 'key': 1, 'time': 0}
1637.3724	DATA	{'pressed': False, 'port': 0, 'key': 1, 'time': 0}
1637.3890	DATA	{'pressed': True, 'port': 0, 'key': 4, 'time': 0}
1637.4056	DATA	{'pressed': False, 'port': 0, 'key': 4, 'time': 0}
1638.3848	DATA	5
1638.3848	DATA	3
1638.5343	DATA	{'pressed': True, 'port': 0, 'key': 1, 'time': 0}
1639.3144	DATA	{'pressed': False, 'port': 0, 'key': 1, 'time': 0}
1639.9783	DATA	{'pressed': True, 'port': 0, 'key': 4, 'time': 0}
1640.0116	DATA	{'pressed': False, 'port': 0, 'key': 4, 'time': 0}
1640.3267	DATA	7
1640.3267	DATA	10
1640.4597	DATA	{'pressed': True, 'port': 0, 'key': 1, 'time': 0}
1641.3891	DATA	{'pressed': False, 'port': 0, 'key': 1, 'time': 0}
1642.4014	DATA	5
1642.4014	DATA	6
1642.5839	DATA	{'pressed': True, 'port': 0, 'key': 1, 'time': 0}
1642.6005	DATA	earn R
1642.6008	DATA	{'pressed': True, 'port': 0, 'key': 4, 'time': 0}
1642.7061	DATA	{'pressed': False, 'port': 0, 'key': 4, 'time': 0}
1643.6796	DATA	{'pressed': False, 'port': 0, 'key': 1, 'time': 0}
1644.6918	DATA	4
1644.6919	DATA	6
1645.1899	DATA	{'pressed': True, 'port': 0, 'key': 4, 'time': 0}
1645.2065	DATA	{'pressed': False, 'port': 0, 'key': 4, 'time': 0}
1645.7041	DATA	7
1645.7042	DATA	3
1646.4015	DATA	{'pressed': True, 'port': 0, 'key': 1, 'time': 0}
1647.0323	DATA	{'pressed': False, 'port': 0, 'key': 1, 'time': 0}
1647.7956	DATA	{'pressed': True, 'port': 0, 'key': 4, 'time': 0}
1647.8123	DATA	{'pressed': False, 'port': 0, 'key': 4, 'time': 0}
1648.0445	DATA	2
1648.0446	DATA	9
1649.0571	DATA	3
1649.0571	DATA	8
1649.1734	DATA	{'pressed': True, 'port': 0, 'key': 1, 'time': 0}
1650.0033	DATA	{'pressed': False, 'port': 0, 'key': 1, 'time': 0}
1650.3849	DATA	{'pressed': True, 'port': 0, 'key': 4, 'time': 0}
1650.4182	DATA	{'pressed': False, 'port': 0, 'key': 4, 'time': 0}
1651.0155	DATA	7
1651.0155	DATA	2
1652.0116	DATA	{'pressed': True, 'port': 0, 'key': 1, 'time': 0}
1652.8580	DATA	{'pressed': False, 'port': 0, 'key': 1, 'time': 0}
1652.9906	DATA	{'pressed': True, 'port': 0, 'key': 4, 'time': 0}
1653.0073	DATA	{'pressed': False, 'port': 0, 'key': 4, 'time': 0}
1653.8702	DATA	5
1653.8703	DATA	2
1654.7833	DATA	{'pressed': True, 'port': 0, 'key': 1, 'time': 0}
1655.5965	DATA	{'pressed': True, 'port': 0, 'key': 4, 'time': 0}
1655.6132	DATA	{'pressed': False, 'port': 0, 'key': 4, 'time': 0}
1655.7128	DATA	{'pressed': False, 'port': 0, 'key': 1, 'time': 0}
1656.7251	DATA	3
1656.7251	DATA	10
1657.7375	DATA	10
1657.7375	DATA	8
1658.1526	DATA	{'pressed': True, 'port': 0, 'key': 1, 'time': 0}
1658.2023	DATA	{'pressed': True, 'port': 0, 'key': 4, 'time': 0}
1658.2189	DATA	{'pressed': False, 'port': 0, 'key': 4, 'time': 0}
1658.9659	DATA	{'pressed': False, 'port': 0, 'key': 1, 'time': 0}
1659.9781	DATA	6
1659.9781	DATA	10
1660.7916	DATA	{'pressed': True, 'port': 0, 'key': 4, 'time': 0}
1660.8249	DATA	{'pressed': False, 'port': 0, 'key': 4, 'time': 0}
1660.9906	DATA	6
1660.9907	DATA	2
1661.4060	DATA	{'pressed': True, 'port': 0, 'key': 1, 'time': 0}
1661.4221	DATA	earn R
1662.0863	DATA	{'pressed': False, 'port': 0, 'key': 1, 'time': 0}
1662.4349	DATA	start rating A
1664.5758	DATA	EmulatedKey: 0
1664.8745	DATA	EmulatedKey: 0
1665.3725	DATA	EmulatedKey: 0
1672.4263	DATA	1.0
1672.4263	DATA	end rating A
1672.4266	DATA	start rating B
1673.3893	DATA	EmulatedKey: 0
1673.6548	DATA	EmulatedKey: 0
1673.8704	DATA	EmulatedKey: 0
1682.4347	DATA	1.0
1682.4347	DATA	end rating B
1683.4472	DATA	3
1683.4472	DATA	8
1684.1776	DATA	{'pressed': True, 'port': 0, 'key': 0, 'time': 0}
1684.2107	DATA	{'pressed': True, 'port': 0, 'key': 4, 'time': 0}
1684.2440	DATA	{'pressed': False, 'port': 0, 'key': 4, 'time': 0}
1684.6093	DATA	{'pressed': False, 'port': 0, 'key': 0, 'time': 0}
1685.6215	DATA	9
1685.6215	DATA	9
1686.6338	DATA	10
1686.6338	DATA	6
1686.8164	DATA	{'pressed': True, 'port': 0, 'key': 4, 'time': 0}
1686.8330	DATA	{'pressed': False, 'port': 0, 'key': 4, 'time': 0}
1687.5471	DATA	{'pressed': True, 'port': 0, 'key': 0, 'time': 0}
1687.9616	DATA	{'pressed': False, 'port': 0, 'key': 0, 'time': 0}
1688.9742	DATA	1
1688.9742	DATA	6
1688.9743	DATA	free L
1689.4226	DATA	{'pressed': True, 'port': 0, 'key': 4, 'time': 0}
1689.4393	DATA	{'pressed': False, 'port': 0, 'key': 4, 'time': 0}
1690.9990	DATA	10
1690.9991	DATA	6
1691.3147	DATA	{'pressed': True, 'port': 0, 'key': 0, 'time': 0}
1691.8955	DATA	{'pressed': False, 'port': 0, 'key': 0, 'time': 0}
1692.0283	DATA	{'pressed': True, 'port': 0, 'key': 4, 'time': 0}
1692.0448	DATA	{'pressed': False, 'port': 0, 'key': 4, 'time': 0}
1692.9078	DATA	2
1692.9078	DATA	6
1693.9202	DATA	2
1693.9203	DATA	8
1694.4181	DATA	{'pressed': True, 'port': 0, 'key': 0, 'time': 0}
1694.4348	DATA	earn L
1694.6174	DATA	{'pressed': True, 'port': 0, 'key': 4, 'time': 0}
1694.6507	DATA	{'pressed': False, 'port': 0, 'key': 4, 'time': 0}
1695.0324	DATA	{'pressed': False, 'port': 0, 'key': 0, 'time': 0}
1696.4598	DATA	5
1696.4598	DATA	5
1697.0405	DATA	{'pressed': True, 'port': 0, 'key': 0, 'time': 0}
1697.2233	DATA	{'pressed': True, 'port': 0, 'key': 4, 'time': 0}
1697.2565	DATA	{'pressed': False, 'port': 0, 'key': 4, 'time': 0}
1697.4226	DATA	{'pressed': False, 'port': 0, 'key': 0, 'time': 0}
1698.4346	DATA	4
1698.4346	DATA	5
1699.3811	DATA	{'pressed': True, 'port': 0, 'key': 0, 'time': 0}
1699.8290	DATA	{'pressed': True, 'port': 0, 'key': 4, 'time': 0}
1699.8456	DATA	{'pressed': False, 'port': 0, 'key': 4, 'time': 0}
1700.0946	DATA	{'pressed': False, 'port': 0, 'key': 0, 'time': 0}
1701.1069	DATA	2
1701.1069	DATA	4
1701.9203	DATA	{'pressed': True, 'port': 0, 'key': 0, 'time': 0}
1702.4348	DATA	{'pressed': True, 'port': 0, 'key': 4, 'time': 0}
1702.4514	DATA	{'pressed': False, 'port': 0, 'key': 4, 'time': 0}
1702.6506	DATA	{'pressed': False, 'port': 0, 'key': 0, 'time': 0}
1703.6630	DATA	9
1703.6631	DATA	4
1704.1611	DATA	{'pressed': True, 'port': 0, 'key': 0, 'time': 0}
1704.8249	DATA	{'pressed': False, 'port': 0, 'key': 0, 'time': 0}
1705.0407	DATA	{'pressed': True, 'port': 0, 'key': 4, 'time': 0}
1705.0574	DATA	{'pressed': False, 'port': 0, 'key': 4, 'time': 0}
1705.8372	DATA	5
1705.8373	DATA	4
1706.8497	DATA	1
1706.8497	DATA	2
1706.8497	DATA	free L
1706.9828	DATA	{'pressed': True, 'port': 0, 'key': 0, 'time': 0}
1707.5304	DATA	{'pressed': False, 'port': 0, 'key': 0, 'time': 0}
1707.6300	DATA	{'pressed': True, 'port': 0, 'key': 4, 'time': 0}
1707.6635	DATA	{'pressed': False, 'port': 0, 'key': 4, 'time': 0}
1708.8746	DATA	3
1708.8746	DATA	3
1709.8870	DATA	2
1709.8871	DATA	4
1710.2357	DATA	{'pressed': True, 'port': 0, 'key': 1, 'time': 0}
1710.2522	DATA	{'pressed': True, 'port': 0, 'key': 4, 'time': 0}
1710.2690	DATA	{'pressed': False, 'port': 0, 'key': 4, 'time': 0}
1710.7337	DATA	{'pressed': False, 'port': 0, 'key': 1, 'time': 0}
1711.7459	DATA	9
1711.7460	DATA	6
1712.1279	DATA	{'pressed': True, 'port': 0, 'key': 1, 'time': 0}
1712.7252	DATA	{'pressed': False, 'port': 0, 'key': 1, 'time': 0}
1712.8415	DATA	{'pressed': True, 'port': 0, 'key': 4, 'time': 0}
1712.8583	DATA	{'pressed': False, 'port': 0, 'key': 4, 'time': 0}
1713.7376	DATA	10
1713.7377	DATA	8
1713.7876	DATA	{'pressed': True, 'port': 0, 'key': 1, 'time': 0}
1714.5511	DATA	{'pressed': False, 'port': 0, 'key': 1, 'time': 0}
1715.4475	DATA	{'pressed': True, 'port': 0, 'key': 4, 'time': 0}
1715.4640	DATA	{'pressed': False, 'port': 0, 'key': 4, 'time': 0}
1715.5634	DATA	3
1715.5634	DATA	10
1715.7792	DATA	{'pressed': True, 'port': 0, 'key': 1, 'time': 0}
1715.7956	DATA	earn R
1716.4763	DATA	{'pressed': False, 'port': 0, 'key': 1, 'time': 0}
1717.8207	DATA	10
1717.8207	DATA	6
1717.8706	DATA	{'pressed': True, 'port': 0, 'key': 1, 'time': 0}
1718.0365	DATA	{'pressed': True, 'port': 0, 'key': 4, 'time': 0}
1718.0697	DATA	{'pressed': False, 'port': 0, 'key': 4, 'time': 0}
1718.6010	DATA	{'pressed': False, 'port': 0, 'key': 1, 'time': 0}
1719.5470	DATA	{'pressed': True, 'port': 0, 'key': 1, 'time': 0}
1720.2441	DATA	{'pressed': False, 'port': 0, 'key': 1, 'time': 0}
1720.6423	DATA	{'pressed': True, 'port': 0, 'key': 4, 'time': 0}
1720.6589	DATA	{'pressed': False, 'port': 0, 'key': 4, 'time': 0}
1721.2564	DATA	2
1721.2564	DATA	5
1721.2567	DATA	{'pressed': True, 'port': 0, 'key': 1, 'time': 0}
1721.9703	DATA	{'pressed': False, 'port': 0, 'key': 1, 'time': 0}
1722.9825	DATA	4
1722.9826	DATA	6
1723.1154	DATA	{'pressed': True, 'port': 0, 'key': 1, 'time': 0}
1723.2481	DATA	{'pressed': True, 'port': 0, 'key': 4, 'time': 0}
1723.2649	DATA	{'pressed': False, 'port': 0, 'key': 4, 'time': 0}
1723.8955	DATA	{'pressed': False, 'port': 0, 'key': 1, 'time': 0}
1724.9078	DATA	2
1724.9079	DATA	8
1725.0407	DATA	{'pressed': True, 'port': 0, 'key': 1, 'time': 0}
1725.8373	DATA	{'pressed': False, 'port': 0, 'key': 1, 'time': 0}
1725.8538	DATA	{'pressed': True, 'port': 0, 'key': 4, 'time': 0}
1725.8705	DATA	{'pressed': False, 'port': 0, 'key': 4, 'time': 0}
1726.8497	DATA	10
1726.8498	DATA	3
1727.1322	DATA	{'pressed': True, 'port': 0, 'key': 1, 'time': 0}
1727.7627	DATA	{'pressed': False, 'port': 0, 'key': 1, 'time': 0}
1728.4433	DATA	{'pressed': True, 'port': 0, 'key': 4, 'time': 0}
1728.4763	DATA	{'pressed': False, 'port': 0, 'key': 4, 'time': 0}
1728.7751	DATA	7
1728.7751	DATA	3
1729.0576	DATA	{'pressed': True, 'port': 0, 'key': 1, 'time': 0}
1729.7046	DATA	{'pressed': False, 'port': 0, 'key': 1, 'time': 0}
1730.7170	DATA	5
1730.7170	DATA	6
1730.9164	DATA	{'pressed': True, 'port': 0, 'key': 1, 'time': 0}
1731.0490	DATA	{'pressed': True, 'port': 0, 'key': 4, 'time': 0}
1731.0658	DATA	{'pressed': False, 'port': 0, 'key': 4, 'time': 0}
1731.6302	DATA	{'pressed': False, 'port': 0, 'key': 1, 'time': 0}
1732.6423	DATA	4
1732.6423	DATA	5
1732.6922	DATA	{'pressed': True, 'port': 0, 'key': 1, 'time': 0}
1733.5055	DATA	{'pressed': False, 'port': 0, 'key': 1, 'time': 0}
1733.6548	DATA	{'pressed': True, 'port': 0, 'key': 4, 'time': 0}
1733.6715	DATA	{'pressed': False, 'port': 0, 'key': 4, 'time': 0}
1734.5178	DATA	9
1734.5178	DATA	10
1735.5138	DATA	{'pressed': True, 'port': 0, 'key': 0, 'time': 0}
1736.2607	DATA	{'pressed': False, 'port': 0, 'key': 0, 'time': 0}
1736.2774	DATA	{'pressed': True, 'port': 0, 'key': 4, 'time': 0}
1736.2939	DATA	{'pressed': False, 'port': 0, 'key': 4, 'time': 0}
1737.0575	DATA	{'pressed': True, 'port': 0, 'key': 0, 'time': 0}
1737.8706	DATA	{'pressed': False, 'port': 0, 'key': 0, 'time': 0}
1738.7338	DATA	{'pressed': True, 'port': 0, 'key': 0, 'time': 0}
1738.7502	DATA	earn L
1738.8665	DATA	{'pressed': True, 'port': 0, 'key': 4, 'time': 0}
1738.8833	DATA	{'pressed': False, 'port': 0, 'key': 4, 'time': 0}
1739.3979	DATA	{'pressed': False, 'port': 0, 'key': 0, 'time': 0}
1740.4599	DATA	{'pressed': True, 'port': 0, 'key': 0, 'time': 0}
1741.0575	DATA	{'pressed': False, 'port': 0, 'key': 0, 'time': 0}
1741.4557	DATA	{'pressed': True, 'port': 0, 'key': 4, 'time': 0}
1741.4889	DATA	{'pressed': False, 'port': 0, 'key': 4, 'time': 0}
1742.0697	DATA	4
1742.0697	DATA	8
1742.1860	DATA	{'pressed': True, 'port': 0, 'key': 0, 'time': 0}
1742.8832	DATA	{'pressed': False, 'port': 0, 'key': 0, 'time': 0}
1743.8954	DATA	1
1743.8954	DATA	6
1743.8954	DATA	free L
1744.0286	DATA	{'pressed': True, 'port': 0, 'key': 0, 'time': 0}
1744.0616	DATA	{'pressed': True, 'port': 0, 'key': 4, 'time': 0}
1744.0784	DATA	{'pressed': False, 'port': 0, 'key': 4, 'time': 0}
1744.5430	DATA	{'pressed': False, 'port': 0, 'key': 0, 'time': 0}
1745.9203	DATA	7
1745.9203	DATA	3
1746.0035	DATA	{'pressed': True, 'port': 0, 'key': 0, 'time': 0}
1746.5844	DATA	{'pressed': False, 'port': 0, 'key': 0, 'time': 0}
1746.6674	DATA	{'pressed': True, 'port': 0, 'key': 4, 'time': 0}
1746.6839	DATA	{'pressed': False, 'port': 0, 'key': 4, 'time': 0}
1747.5967	DATA	6
1747.5967	DATA	8
1748.0948	DATA	{'pressed': True, 'port': 0, 'key': 0, 'time': 0}
1748.6755	DATA	{'pressed': False, 'port': 0, 'key': 0, 'time': 0}
1749.2732	DATA	{'pressed': True, 'port': 0, 'key': 4, 'time': 0}
1749.2899	DATA	{'pressed': False, 'port': 0, 'key': 4, 'time': 0}
1749.6880	DATA	3
1749.6880	DATA	2
1749.7381	DATA	{'pressed': True, 'port': 0, 'key': 0, 'time': 0}
1750.3687	DATA	{'pressed': False, 'port': 0, 'key': 0, 'time': 0}
1751.3810	DATA	2
1751.3810	DATA	2
1751.8624	DATA	{'pressed': True, 'port': 0, 'key': 4, 'time': 0}
1751.8955	DATA	{'pressed': False, 'port': 0, 'key': 4, 'time': 0}
1752.1280	DATA	{'pressed': True, 'port': 0, 'key': 0, 'time': 0}
1752.7755	DATA	{'pressed': False, 'port': 0, 'key': 0, 'time': 0}
1753.7875	DATA	6
1753.7876	DATA	10
1754.4682	DATA	{'pressed': True, 'port': 0, 'key': 4, 'time': 0}
1754.4848	DATA	{'pressed': False, 'port': 0, 'key': 4, 'time': 0}
1754.6674	DATA	{'pressed': True, 'port': 0, 'key': 0, 'time': 0}
1755.3148	DATA	{'pressed': False, 'port': 0, 'key': 0, 'time': 0}
1756.3269	DATA	5
1756.3269	DATA	5
1757.0738	DATA	{'pressed': True, 'port': 0, 'key': 4, 'time': 0}
1757.0906	DATA	{'pressed': False, 'port': 0, 'key': 4, 'time': 0}
1757.3395	DATA	1
1757.3395	DATA	9
1757.3396	DATA	free L
1757.4310	DATA	{'pressed': True, 'port': 0, 'key': 0, 'time': 0}
1758.0369	DATA	{'pressed': False, 'port': 0, 'key': 0, 'time': 0}
1759.3644	DATA	8
1759.3644	DATA	10
1759.6798	DATA	{'pressed': True, 'port': 0, 'key': 4, 'time': 0}
1759.6964	DATA	{'pressed': False, 'port': 0, 'key': 4, 'time': 0}
1760.0617	DATA	{'pressed': True, 'port': 0, 'key': 0, 'time': 0}
1760.7255	DATA	{'pressed': False, 'port': 0, 'key': 0, 'time': 0}
1761.7378	DATA	1
1761.7378	DATA	7
1761.7378	DATA	free L
1762.2691	DATA	{'pressed': True, 'port': 0, 'key': 4, 'time': 0}
1762.3024	DATA	{'pressed': False, 'port': 0, 'key': 4, 'time': 0}
1762.9827	DATA	{'pressed': True, 'port': 0, 'key': 0, 'time': 0}
1763.5803	DATA	{'pressed': False, 'port': 0, 'key': 0, 'time': 0}
1764.5925	DATA	4
1764.5925	DATA	8
1764.8747	DATA	{'pressed': True, 'port': 0, 'key': 4, 'time': 0}
1764.8915	DATA	{'pressed': False, 'port': 0, 'key': 4, 'time': 0}
1765.4392	DATA	{'pressed': True, 'port': 0, 'key': 0, 'time': 0}
1766.1860	DATA	{'pressed': False, 'port': 0, 'key': 0, 'time': 0}
1767.1984	DATA	10
1767.1984	DATA	5
1767.4805	DATA	{'pressed': True, 'port': 0, 'key': 4, 'time': 0}
1767.4974	DATA	{'pressed': False, 'port': 0, 'key': 4, 'time': 0}
1768.2108	DATA	4
1768.2109	DATA	3
1768.3604	DATA	{'pressed': True, 'port': 0, 'key': 0, 'time': 0}
1769.2234	DATA	{'pressed': False, 'port': 0, 'key': 0, 'time': 0}
1770.0866	DATA	{'pressed': True, 'port': 0, 'key': 4, 'time': 0}
1770.1031	DATA	{'pressed': False, 'port': 0, 'key': 4, 'time': 0}
1770.2358	DATA	2
1770.2358	DATA	3
1771.2482	DATA	1
1771.2482	DATA	3
1771.2482	DATA	free L
1771.2484	DATA	{'pressed': True, 'port': 0, 'key': 0, 'time': 0}
1771.9457	DATA	{'pressed': False, 'port': 0, 'key': 0, 'time': 0}
1772.6922	DATA	{'pressed': True, 'port': 0, 'key': 4, 'time': 0}
1772.7089	DATA	{'pressed': False, 'port': 0, 'key': 4, 'time': 0}
1773.2730	DATA	8
1773.2730	DATA	7
1773.8542	DATA	{'pressed': True, 'port': 0, 'key': 0, 'time': 0}
1774.6177	DATA	{'pressed': False, 'port': 0, 'key': 0, 'time': 0}
1775.2816	DATA	{'pressed': True, 'port': 0, 'key': 4, 'time': 0}
1775.3148	DATA	{'pressed': False, 'port': 0, 'key': 4, 'time': 0}
1775.6300	DATA	5
1775.6300	DATA	2
1776.0450	DATA	{'pressed': True, 'port': 0, 'key': 0, 'time': 0}
1776.8914	DATA	{'pressed': False, 'port': 0, 'key': 0, 'time': 0}
1777.8872	DATA	{'pressed': True, 'port': 0, 'key': 4, 'time': 0}
1777.9038	DATA	4
1777.9038	DATA	8
1777.9039	DATA	{'pressed': False, 'port': 0, 'key': 4, 'time': 0}
1778.6342	DATA	{'pressed': True, 'port': 0, 'key': 0, 'time': 0}
1779.4143	DATA	{'pressed': False, 'port': 0, 'key': 0, 'time': 0}
1780.4266	DATA	5
1780.4266	DATA	4
1780.4932	DATA	{'pressed': True, 'port': 0, 'key': 4, 'time': 0}
1780.5099	DATA	{'pressed': False, 'port': 0, 'key': 4, 'time': 0}
1781.1904	DATA	{'pressed': True, 'port': 0, 'key': 0, 'time': 0}
1782.1530	DATA	{'pressed': False, 'port': 0, 'key': 0, 'time': 0}
1783.0988	DATA	{'pressed': True, 'port': 0, 'key': 4, 'time': 0}
1783.1156	DATA	{'pressed': False, 'port': 0, 'key': 4, 'time': 0}
1783.1651	DATA	9
1783.1651	DATA	6
1784.1612	DATA	{'pressed': True, 'port': 0, 'key': 0, 'time': 0}
1784.9247	DATA	{'pressed': False, 'port': 0, 'key': 0, 'time': 0}
1785.6882	DATA	{'pressed': True, 'port': 0, 'key': 4, 'time': 0}
1785.7214	DATA	{'pressed': False, 'port': 0, 'key': 4, 'time': 0}
1785.9369	DATA	2
1785.9370	DATA	10
1786.9496	DATA	9
1786.9496	DATA	7
1787.0492	DATA	{'pressed': True, 'port': 0, 'key': 0, 'time': 0}
1787.8460	DATA	{'pressed': False, 'port': 0, 'key': 0, 'time': 0}
1788.2940	DATA	{'pressed': True, 'port': 0, 'key': 4, 'time': 0}
1788.3108	DATA	{'pressed': False, 'port': 0, 'key': 4, 'time': 0}
1788.8582	DATA	7
1788.8583	DATA	6
1789.8707	DATA	9
1789.8708	DATA	6
1790.1531	DATA	{'pressed': True, 'port': 0, 'key': 0, 'time': 0}
1790.8997	DATA	{'pressed': True, 'port': 0, 'key': 4, 'time': 0}
1790.9164	DATA	{'pressed': False, 'port': 0, 'key': 4, 'time': 0}
1790.9828	DATA	{'pressed': False, 'port': 0, 'key': 0, 'time': 0}
1791.9951	DATA	9
1791.9951	DATA	8
1793.0076	DATA	8
1793.0076	DATA	6
1793.5056	DATA	{'pressed': True, 'port': 0, 'key': 4, 'time': 0}
1793.5224	DATA	{'pressed': False, 'port': 0, 'key': 4, 'time': 0}
1793.5555	DATA	{'pressed': True, 'port': 0, 'key': 0, 'time': 0}
1794.4516	DATA	{'pressed': False, 'port': 0, 'key': 0, 'time': 0}
1795.4640	DATA	10
1795.4641	DATA	5
1796.0949	DATA	{'pressed': True, 'port': 0, 'key': 4, 'time': 0}
1796.1282	DATA	{'pressed': False, 'port': 0, 'key': 4, 'time': 0}
1796.4765	DATA	5
1796.4765	DATA	10
1797.0742	DATA	{'pressed': True, 'port': 0, 'key': 0, 'time': 0}
1797.8045	DATA	{'pressed': False, 'port': 0, 'key': 0, 'time': 0}
1798.7006	DATA	{'pressed': True, 'port': 0, 'key': 4, 'time': 0}
1798.7173	DATA	{'pressed': False, 'port': 0, 'key': 4, 'time': 0}
1798.8167	DATA	5
1798.8168	DATA	10
1799.8292	DATA	10
1799.8292	DATA	10
1800.1780	DATA	{'pressed': True, 'port': 0, 'key': 0, 'time': 0}
1800.9416	DATA	{'pressed': False, 'port': 0, 'key': 0, 'time': 0}
1801.3064	DATA	{'pressed': True, 'port': 0, 'key': 4, 'time': 0}
1801.3231	DATA	{'pressed': False, 'port': 0, 'key': 4, 'time': 0}
1801.9537	DATA	5
1801.9537	DATA	10
1802.9661	DATA	7
1802.9661	DATA	5
1803.3814	DATA	{'pressed': True, 'port': 0, 'key': 0, 'time': 0}
1803.9123	DATA	{'pressed': True, 'port': 0, 'key': 4, 'time': 0}
1803.9291	DATA	{'pressed': False, 'port': 0, 'key': 4, 'time': 0}
1804.0951	DATA	{'pressed': False, 'port': 0, 'key': 0, 'time': 0}
1805.1073	DATA	2
1805.1073	DATA	10
1806.1196	DATA	1
1806.1196	DATA	9
1806.1197	DATA	free L
1806.2103	DATA	{'pressed': True, 'port': 0, 'key': 0, 'time': 0}
1806.5181	DATA	{'pressed': True, 'port': 0, 'key': 4, 'time': 0}
1806.5350	DATA	{'pressed': False, 'port': 0, 'key': 4, 'time': 0}
1806.8003	DATA	{'pressed': False, 'port': 0, 'key': 0, 'time': 0}
1807.1341	DATA	start rating A
1809.8210	DATA	EmulatedKey: 1
1817.1239	DATA	5.0
1817.1240	DATA	end rating A
1817.1245	DATA	start rating B
1818.9499	DATA	EmulatedKey: 0
1819.7297	DATA	EmulatedKey: 0
1820.8583	DATA	EmulatedKey: 0
1827.1321	DATA	1.0
1827.1321	DATA	end rating B
1827.3314	DATA	{'pressed': True, 'port': 0, 'key': 4, 'time': 0}
1827.3480	DATA	{'pressed': False, 'port': 0, 'key': 4, 'time': 0}
1828.1445	DATA	4
1828.1445	DATA	4
1828.9914	DATA	{'pressed': True, 'port': 0, 'key': 0, 'time': 0}
1829.0077	DATA	earn L
1829.3898	DATA	{'pressed': False, 'port': 0, 'key': 0, 'time': 0}
1829.9208	DATA	{'pressed': True, 'port': 0, 'key': 4, 'time': 0}
1829.9541	DATA	{'pressed': False, 'port': 0, 'key': 4, 'time': 0}
1831.0326	DATA	4
1831.0326	DATA	6
1831.0825	DATA	{'pressed': True, 'port': 0, 'key': 0, 'time': 0}
1831.4644	DATA	{'pressed': False, 'port': 0, 'key': 0, 'time': 0}
1832.4767	DATA	1
1832.4767	DATA	8
1832.4768	DATA	free L
1832.5713	DATA	{'pressed': True, 'port': 0, 'key': 4, 'time': 0}
1832.5929	DATA	{'pressed': False, 'port': 0, 'key': 4, 'time': 0}
1833.1576	DATA	{'pressed': True, 'port': 0, 'key': 0, 'time': 0}
1833.3235	DATA	{'pressed': False, 'port': 0, 'key': 0, 'time': 0}
1834.5015	DATA	7
1834.5015	DATA	3
1835.1321	DATA	{'pressed': True, 'port': 0, 'key': 4, 'time': 0}
1835.1489	DATA	{'pressed': False, 'port': 0, 'key': 4, 'time': 0}
1835.5139	DATA	8
1835.5139	DATA	4
1835.5472	DATA	{'pressed': True, 'port': 0, 'key': 0, 'time': 0}
1835.5637	DATA	earn L
1836.0951	DATA	{'pressed': False, 'port': 0, 'key': 0, 'time': 0}
1837.5887	DATA	5
1837.5887	DATA	2
1837.7382	DATA	{'pressed': True, 'port': 0, 'key': 4, 'time': 0}
1837.7549	DATA	{'pressed': False, 'port': 0, 'key': 4, 'time': 0}
1838.6010	DATA	4
1838.6010	DATA	2
1838.6012	DATA	{'pressed': True, 'port': 0, 'key': 0, 'time': 0}
1839.3649	DATA	{'pressed': False, 'port': 0, 'key': 0, 'time': 0}
1840.3439	DATA	{'pressed': True, 'port': 0, 'key': 4, 'time': 0}
1840.3607	DATA	{'pressed': False, 'port': 0, 'key': 4, 'time': 0}
1840.3770	DATA	3
1840.3770	DATA	7
1841.3895	DATA	8
1841.3895	DATA	7
1842.4020	DATA	7
1842.4020	DATA	4
1842.4850	DATA	{'pressed': True, 'port': 0, 'key': 0, 'time': 0}
1842.9332	DATA	{'pressed': True, 'port': 0, 'key': 4, 'time': 0}
1842.9663	DATA	{'pressed': False, 'port': 0, 'key': 4, 'time': 0}
1843.1490	DATA	{'pressed': False, 'port': 0, 'key': 0, 'time': 0}
1844.1614	DATA	8
1844.1614	DATA	2
1844.9416	DATA	{'pressed': True, 'port': 0, 'key': 1, 'time': 0}
1845.4228	DATA	{'pressed': False, 'port': 0, 'key': 1, 'time': 0}
1845.5388	DATA	{'pressed': True, 'port': 0, 'key': 4, 'time': 0}
1845.5555	DATA	{'pressed': False, 'port': 0, 'key': 4, 'time': 0}
1846.4351	DATA	6
1846.4352	DATA	5
1847.4476	DATA	6
1847.4476	DATA	4
1847.6137	DATA	{'pressed': True, 'port': 0, 'key': 1, 'time': 0}
1847.6301	DATA	earn R
1848.1450	DATA	{'pressed': True, 'port': 0, 'key': 4, 'time': 0}
1848.1616	DATA	{'pressed': False, 'port': 0, 'key': 4, 'time': 0}
1848.4104	DATA	{'pressed': False, 'port': 0, 'key': 1, 'time': 0}
1849.6551	DATA	5
1849.6551	DATA	2
1850.6675	DATA	5
1850.6676	DATA	3
1850.7505	DATA	{'pressed': True, 'port': 0, 'key': 4, 'time': 0}
1850.7671	DATA	{'pressed': False, 'port': 0, 'key': 4, 'time': 0}
1850.8670	DATA	{'pressed': True, 'port': 0, 'key': 1, 'time': 0}
1851.5474	DATA	{'pressed': False, 'port': 0, 'key': 1, 'time': 0}
1852.5597	DATA	1
1852.5597	DATA	7
1852.5597	DATA	free L
1853.3400	DATA	{'pressed': True, 'port': 0, 'key': 4, 'time': 0}
1853.3734	DATA	{'pressed': False, 'port': 0, 'key': 4, 'time': 0}
1854.2360	DATA	{'pressed': True, 'port': 0, 'key': 1, 'time': 0}
1854.9830	DATA	{'pressed': False, 'port': 0, 'key': 1, 'time': 0}
1855.9456	DATA	{'pressed': True, 'port': 0, 'key': 4, 'time': 0}
1855.9624	DATA	{'pressed': False, 'port': 0, 'key': 4, 'time': 0}
1855.9953	DATA	6
1855.9954	DATA	2
1856.4934	DATA	{'pressed': True, 'port': 0, 'key': 1, 'time': 0}
1857.4394	DATA	{'pressed': False, 'port': 0, 'key': 1, 'time': 0}
1858.4518	DATA	4
1858.4518	DATA	5
1858.5515	DATA	{'pressed': True, 'port': 0, 'key': 4, 'time': 0}
1858.5681	DATA	{'pressed': False, 'port': 0, 'key': 4, 'time': 0}
1858.9498	DATA	{'pressed': True, 'port': 0, 'key': 1, 'time': 0}
1859.5971	DATA	{'pressed': False, 'port': 0, 'key': 1, 'time': 0}
1860.6093	DATA	8
1860.6093	DATA	4
1861.1572	DATA	{'pressed': True, 'port': 0, 'key': 4, 'time': 0}
1861.1739	DATA	{'pressed': False, 'port': 0, 'key': 4, 'time': 0}
1861.2736	DATA	{'pressed': True, 'port': 0, 'key': 1, 'time': 0}
1861.9374	DATA	{'pressed': False, 'port': 0, 'key': 1, 'time': 0}
1862.9497	DATA	3
1862.9498	DATA	7
1863.5640	DATA	{'pressed': True, 'port': 0, 'key': 1, 'time': 0}
1863.7631	DATA	{'pressed': True, 'port': 0, 'key': 4, 'time': 0}
1863.7797	DATA	{'pressed': False, 'port': 0, 'key': 4, 'time': 0}
1864.1450	DATA	{'pressed': False, 'port': 0, 'key': 1, 'time': 0}
1865.1572	DATA	2
1865.1572	DATA	4
1865.9874	DATA	{'pressed': True, 'port': 0, 'key': 1, 'time': 0}
1866.3522	DATA	{'pressed': True, 'port': 0, 'key': 4, 'time': 0}
1866.3857	DATA	{'pressed': False, 'port': 0, 'key': 4, 'time': 0}
1866.6013	DATA	{'pressed': False, 'port': 0, 'key': 1, 'time': 0}
1867.6136	DATA	7
1867.6136	DATA	3
1868.3771	DATA	{'pressed': True, 'port': 0, 'key': 1, 'time': 0}
1868.9580	DATA	{'pressed': False, 'port': 0, 'key': 1, 'time': 0}
1868.9747	DATA	{'pressed': True, 'port': 0, 'key': 4, 'time': 0}
1868.9913	DATA	{'pressed': False, 'port': 0, 'key': 4, 'time': 0}
1869.9704	DATA	8
1869.9705	DATA	2
1870.2198	DATA	{'pressed': True, 'port': 0, 'key': 1, 'time': 0}
1870.2360	DATA	earn R
1870.9502	DATA	{'pressed': False, 'port': 0, 'key': 1, 'time': 0}
1871.5640	DATA	{'pressed': True, 'port': 0, 'key': 4, 'time': 0}
1871.5806	DATA	{'pressed': False, 'port': 0, 'key': 4, 'time': 0}
1872.2610	DATA	5
1872.2610	DATA	2
1873.2571	DATA	{'pressed': True, 'port': 0, 'key': 1, 'time': 0}
1873.7881	DATA	{'pressed': False, 'port': 0, 'key': 1, 'time': 0}
1874.1698	DATA	{'pressed': True, 'port': 0, 'key': 4, 'time': 0}
1874.1864	DATA	{'pressed': False, 'port': 0, 'key': 4, 'time': 0}
1874.6345	DATA	{'pressed': True, 'port': 0, 'key': 0, 'time': 0}
1875.2321	DATA	{'pressed': False, 'port': 0, 'key': 0, 'time': 0}
1876.2443	DATA	6
1876.2444	DATA	4
1876.7589	DATA	{'pressed': True, 'port': 0, 'key': 4, 'time': 0}
1876.7922	DATA	{'pressed': False, 'port': 0, 'key': 4, 'time': 0}
1877.2568	DATA	3
1877.2568	DATA	6
1877.2737	DATA	{'pressed': True, 'port': 0, 'key': 0, 'time': 0}
1877.8046	DATA	{'pressed': False, 'port': 0, 'key': 0, 'time': 0}
1878.8168	DATA	2
1878.8168	DATA	5
1879.3647	DATA	{'pressed': True, 'port': 0, 'key': 4, 'time': 0}
1879.3814	DATA	{'pressed': False, 'port': 0, 'key': 4, 'time': 0}
1879.8294	DATA	4
1879.8295	DATA	2
1879.9457	DATA	{'pressed': True, 'port': 0, 'key': 0, 'time': 0}
1880.3939	DATA	{'pressed': False, 'port': 0, 'key': 0, 'time': 0}
1881.4063	DATA	3
1881.4063	DATA	4
1881.9705	DATA	{'pressed': True, 'port': 0, 'key': 4, 'time': 0}
1881.9872	DATA	{'pressed': False, 'port': 0, 'key': 4, 'time': 0}
1882.4185	DATA	6
1882.4186	DATA	3
1882.4353	DATA	{'pressed': True, 'port': 0, 'key': 0, 'time': 0}
1882.9667	DATA	{'pressed': False, 'port': 0, 'key': 0, 'time': 0}
1883.9788	DATA	3
1883.9788	DATA	3
1884.2447	DATA	{'pressed': True, 'port': 0, 'key': 0, 'time': 0}
1884.5765	DATA	{'pressed': True, 'port': 0, 'key': 4, 'time': 0}
1884.5932	DATA	{'pressed': False, 'port': 0, 'key': 4, 'time': 0}
1884.8254	DATA	{'pressed': False, 'port': 0, 'key': 0, 'time': 0}
1885.8377	DATA	7
1885.8377	DATA	3
1886.2530	DATA	{'pressed': True, 'port': 0, 'key': 0, 'time': 0}
1886.8336	DATA	{'pressed': False, 'port': 0, 'key': 0, 'time': 0}
1887.1656	DATA	{'pressed': True, 'port': 0, 'key': 4, 'time': 0}
1887.1990	DATA	{'pressed': False, 'port': 0, 'key': 4, 'time': 0}
1887.8460	DATA	7
1887.8461	DATA	2
1888.7758	DATA	{'pressed': True, 'port': 0, 'key': 0, 'time': 0}
1889.3069	DATA	{'pressed': False, 'port': 0, 'key': 0, 'time': 0}
1889.7714	DATA	{'pressed': True, 'port': 0, 'key': 4, 'time': 0}
1889.7880	DATA	{'pressed': False, 'port': 0, 'key': 4, 'time': 0}
1890.3191	DATA	2
1890.3191	DATA	2
1891.3316	DATA	7
1891.3316	DATA	5
1891.3816	DATA	{'pressed': True, 'port': 0, 'key': 0, 'time': 0}
1891.8962	DATA	{'pressed': False, 'port': 0, 'key': 0, 'time': 0}
1892.3773	DATA	{'pressed': True, 'port': 0, 'key': 4, 'time': 0}
1892.3940	DATA	{'pressed': False, 'port': 0, 'key': 4, 'time': 0}
1892.9083	DATA	6
1892.9084	DATA	5
1893.9208	DATA	2
1893.9208	DATA	6
1894.1533	DATA	{'pressed': True, 'port': 0, 'key': 0, 'time': 0}
1894.1697	DATA	earn L
1894.7013	DATA	{'pressed': False, 'port': 0, 'key': 0, 'time': 0}
1894.9833	DATA	{'pressed': True, 'port': 0, 'key': 4, 'time': 0}
1894.9998	DATA	{'pressed': False, 'port': 0, 'key': 4, 'time': 0}
1896.1947	DATA	7
1896.1947	DATA	8
1896.8586	DATA	{'pressed': True, 'port': 0, 'key': 0, 'time': 0}
1897.4563	DATA	{'pressed': False, 'port': 0, 'key': 0, 'time': 0}
1897.5723	DATA	{'pressed': True, 'port': 0, 'key': 4, 'time': 0}
1897.6057	DATA	{'pressed': False, 'port': 0, 'key': 4, 'time': 0}
1898.4684	DATA	7
1898.4684	DATA	2
1899.4808	DATA	3
1899.4809	DATA	7
1899.6635	DATA	{'pressed': True, 'port': 0, 'key': 0, 'time': 0}
1900.1782	DATA	{'pressed': True, 'port': 0, 'key': 4, 'time': 0}
1900.1948	DATA	{'pressed': False, 'port': 0, 'key': 4, 'time': 0}
1900.2779	DATA	{'pressed': False, 'port': 0, 'key': 0, 'time': 0}
1901.2901	DATA	7
1901.2901	DATA	4
1902.3026	DATA	4
1902.3027	DATA	5
1902.7840	DATA	{'pressed': True, 'port': 0, 'key': 4, 'time': 0}
1902.8007	DATA	{'pressed': False, 'port': 0, 'key': 4, 'time': 0}
1903.2487	DATA	{'pressed': True, 'port': 0, 'key': 0, 'time': 0}
1903.2652	DATA	earn L
1903.8132	DATA	{'pressed': False, 'port': 0, 'key': 0, 'time': 0}
1905.1742	DATA	{'pressed': True, 'port': 0, 'key': 0, 'time': 0}
1905.3897	DATA	{'pressed': True, 'port': 0, 'key': 4, 'time': 0}
1905.4063	DATA	{'pressed': False, 'port': 0, 'key': 4, 'time': 0}
1905.9541	DATA	{'pressed': False, 'port': 0, 'key': 0, 'time': 0}
1906.9664	DATA	1
1906.9664	DATA	7
1906.9664	DATA	free L
1907.9825	DATA	{'pressed': True, 'port': 0, 'key': 4, 'time': 0}
1908.0122	DATA	{'pressed': False, 'port': 0, 'key': 4, 'time': 0}
1908.9583	DATA	{'pressed': True, 'port': 0, 'key': 0, 'time': 0}
1909.7384	DATA	{'pressed': False, 'port': 0, 'key': 0, 'time': 0}
1910.5849	DATA	{'pressed': True, 'port': 0, 'key': 4, 'time': 0}
1910.6182	DATA	{'pressed': False, 'port': 0, 'key': 4, 'time': 0}
1910.7507	DATA	6
1910.7507	DATA	7
1911.4976	DATA	{'pressed': True, 'port': 0, 'key': 0, 'time': 0}
1912.2281	DATA	{'pressed': False, 'port': 0, 'key': 0, 'time': 0}
1913.1907	DATA	{'pressed': True, 'port': 0, 'key': 4, 'time': 0}
1913.2073	DATA	{'pressed': False, 'port': 0, 'key': 4, 'time': 0}
1913.2404	DATA	4
1913.2404	DATA	6
1914.2364	DATA	{'pressed': True, 'port': 0, 'key': 0, 'time': 0}
1914.8835	DATA	{'pressed': False, 'port': 0, 'key': 0, 'time': 0}
1915.7965	DATA	{'pressed': True, 'port': 0, 'key': 4, 'time': 0}
1915.8130	DATA	{'pressed': False, 'port': 0, 'key': 4, 'time': 0}
1915.8959	DATA	8
1915.8960	DATA	7
1916.9084	DATA	1
1916.9084	DATA	7
1916.9084	DATA	free L
1917.0413	DATA	{'pressed': True, 'port': 0, 'key': 0, 'time': 0}
1917.5560	DATA	{'pressed': False, 'port': 0, 'key': 0, 'time': 0}
1918.4022	DATA	{'pressed': True, 'port': 0, 'key': 4, 'time': 0}
1918.4190	DATA	{'pressed': False, 'port': 0, 'key': 4, 'time': 0}
1918.9331	DATA	7
1918.9332	DATA	7
1919.9457	DATA	2
1919.9458	DATA	4
1920.8753	DATA	{'pressed': True, 'port': 0, 'key': 0, 'time': 0}
1920.9914	DATA	{'pressed': True, 'port': 0, 'key': 4, 'time': 0}
1921.0248	DATA	{'pressed': False, 'port': 0, 'key': 4, 'time': 0}
1921.3235	DATA	{'pressed': False, 'port': 0, 'key': 0, 'time': 0}
1922.3357	DATA	1
1922.3358	DATA	3
1922.3358	DATA	free L
1923.5972	DATA	{'pressed': True, 'port': 0, 'key': 4, 'time': 0}
1923.6138	DATA	{'pressed': False, 'port': 0, 'key': 4, 'time': 0}
1924.3446	DATA	{'pressed': True, 'port': 0, 'key': 0, 'time': 0}
1925.0745	DATA	{'pressed': False, 'port': 0, 'key': 0, 'time': 0}
1926.0868	DATA	7
1926.0868	DATA	7
1926.2031	DATA	{'pressed': True, 'port': 0, 'key': 4, 'time': 0}
1926.2196	DATA	{'pressed': False, 'port': 0, 'key': 4, 'time': 0}
1927.0993	DATA	6
1927.0993	DATA	7
1927.9293	DATA	{'pressed': True, 'port': 0, 'key': 0, 'time': 0}
1928.5767	DATA	{'pressed': False, 'port': 0, 'key': 0, 'time': 0}
1928.8088	DATA	{'pressed': True, 'port': 0, 'key': 4, 'time': 0}
1928.8257	DATA	{'pressed': False, 'port': 0, 'key': 4, 'time': 0}
1929.5889	DATA	3
1929.5889	DATA	2
1930.6013	DATA	7
1930.6014	DATA	4
1931.4149	DATA	{'pressed': True, 'port': 0, 'key': 4, 'time': 0}
1931.4314	DATA	{'pressed': False, 'port': 0, 'key': 4, 'time': 0}
1931.4977	DATA	{'pressed': True, 'port': 0, 'key': 0, 'time': 0}
1931.5141	DATA	earn L
1932.0290	DATA	{'pressed': False, 'port': 0, 'key': 0, 'time': 0}
1933.5391	DATA	8
1933.5392	DATA	6
1934.0040	DATA	{'pressed': True, 'port': 0, 'key': 4, 'time': 0}
1934.0373	DATA	{'pressed': False, 'port': 0, 'key': 4, 'time': 0}
1934.1535	DATA	{'pressed': True, 'port': 0, 'key': 0, 'time': 0}
1934.7675	DATA	{'pressed': False, 'port': 0, 'key': 0, 'time': 0}
1935.7797	DATA	4
1935.7797	DATA	6
1936.6096	DATA	{'pressed': True, 'port': 0, 'key': 4, 'time': 0}
1936.6263	DATA	{'pressed': False, 'port': 0, 'key': 4, 'time': 0}
1936.7921	DATA	2
1936.7922	DATA	6
1937.4895	DATA	{'pressed': True, 'port': 0, 'key': 0, 'time': 0}
1937.9047	DATA	{'pressed': False, 'port': 0, 'key': 0, 'time': 0}
1938.9167	DATA	8
1938.9168	DATA	8
1939.2156	DATA	{'pressed': True, 'port': 0, 'key': 4, 'time': 0}
1939.2322	DATA	{'pressed': False, 'port': 0, 'key': 4, 'time': 0}
1939.9291	DATA	4
1939.9291	DATA	4
1940.2614	DATA	{'pressed': True, 'port': 0, 'key': 0, 'time': 0}
1940.2777	DATA	earn L
1940.9919	DATA	{'pressed': False, 'port': 0, 'key': 0, 'time': 0}
1941.8215	DATA	{'pressed': True, 'port': 0, 'key': 4, 'time': 0}
1941.8381	DATA	{'pressed': False, 'port': 0, 'key': 4, 'time': 0}
1942.3026	DATA	5
1942.3026	DATA	5
1943.0996	DATA	{'pressed': True, 'port': 0, 'key': 0, 'time': 0}
1943.8298	DATA	{'pressed': False, 'port': 0, 'key': 0, 'time': 0}
1944.4107	DATA	{'pressed': True, 'port': 0, 'key': 4, 'time': 0}
1944.4439	DATA	{'pressed': False, 'port': 0, 'key': 4, 'time': 0}
1944.8421	DATA	7
1944.8421	DATA	3
1945.8545	DATA	3
1945.8545	DATA	8
1945.9542	DATA	{'pressed': True, 'port': 0, 'key': 0, 'time': 0}
1945.9707	DATA	earn L
1946.5354	DATA	{'pressed': False, 'port': 0, 'key': 0, 'time': 0}
1947.0164	DATA	{'pressed': True, 'port': 0, 'key': 4, 'time': 0}
1947.0331	DATA	{'pressed': False, 'port': 0, 'key': 4, 'time': 0}
1947.9956	DATA	1
1947.9956	DATA	5
1947.9956	DATA	free L
1949.0098	DATA	start rating A
1951.0330	DATA	EmulatedKey: 1
1951.6473	DATA	EmulatedKey: 1
1958.9998	DATA	6.0
1958.9998	DATA	end rating A
1959.0000	DATA	start rating B
1960.3941	DATA	EmulatedKey: 0
1960.7262	DATA	EmulatedKey: 0
1961.0579	DATA	EmulatedKey: 0
1969.0081	DATA	1.0
1969.0081	DATA	end rating B
1970.0205	DATA	2
1970.0205	DATA	1
1970.0206	DATA	free R
1970.4355	DATA	{'pressed': True, 'port': 0, 'key': 4, 'time': 0}
1970.4523	DATA	{'pressed': False, 'port': 0, 'key': 4, 'time': 0}
1972.0455	DATA	5
1972.0455	DATA	4
1973.0414	DATA	{'pressed': True, 'port': 0, 'key': 4, 'time': 0}
1973.0579	DATA	5
1973.0579	DATA	2
1973.0580	DATA	{'pressed': False, 'port': 0, 'key': 4, 'time': 0}
1974.0704	DATA	3
1974.0705	DATA	2
1975.0827	DATA	5
1975.0827	DATA	1
1975.0827	DATA	free R
1975.6474	DATA	{'pressed': True, 'port': 0, 'key': 4, 'time': 0}
1975.6640	DATA	{'pressed': False, 'port': 0, 'key': 4, 'time': 0}
1977.1076	DATA	5
1977.1076	DATA	1
1977.1076	DATA	free R
1978.2364	DATA	{'pressed': True, 'port': 0, 'key': 4, 'time': 0}
1978.2698	DATA	{'pressed': False, 'port': 0, 'key': 4, 'time': 0}
1979.1326	DATA	4
1979.1326	DATA	3
1980.1451	DATA	4
1980.1451	DATA	1
1980.1451	DATA	free R
1980.8423	DATA	{'pressed': True, 'port': 0, 'key': 4, 'time': 0}
1980.8592	DATA	{'pressed': False, 'port': 0, 'key': 4, 'time': 0}
1982.1700	DATA	2
1982.1700	DATA	3
1983.1823	DATA	5
1983.1823	DATA	4
1983.4480	DATA	{'pressed': True, 'port': 0, 'key': 4, 'time': 0}
1983.4647	DATA	{'pressed': False, 'port': 0, 'key': 4, 'time': 0}
1983.6473	DATA	{'pressed': True, 'port': 0, 'key': 0, 'time': 0}
1984.0291	DATA	{'pressed': False, 'port': 0, 'key': 0, 'time': 0}
1985.0412	DATA	5
1985.0412	DATA	1
1985.0412	DATA	free R
1985.1909	DATA	{'pressed': True, 'port': 0, 'key': 0, 'time': 0}
1985.6061	DATA	{'pressed': False, 'port': 0, 'key': 0, 'time': 0}
1986.0551	DATA	{'pressed': True, 'port': 0, 'key': 4, 'time': 0}
1986.0708	DATA	{'pressed': False, 'port': 0, 'key': 4, 'time': 0}
1987.0662	DATA	4
1987.0662	DATA	2
1988.0787	DATA	3
1988.0787	DATA	3
1988.6432	DATA	{'pressed': True, 'port': 0, 'key': 4, 'time': 0}
1988.6763	DATA	{'pressed': False, 'port': 0, 'key': 4, 'time': 0}
1988.9917	DATA	{'pressed': True, 'port': 0, 'key': 0, 'time': 0}
1989.3568	DATA	{'pressed': False, 'port': 0, 'key': 0, 'time': 0}
1990.3690	DATA	2
1990.3690	DATA	1
1990.3690	DATA	free R
1990.4710	DATA	{'pressed': True, 'port': 0, 'key': 0, 'time': 0}
1990.8342	DATA	{'pressed': False, 'port': 0, 'key': 0, 'time': 0}
1991.2490	DATA	{'pressed': True, 'port': 0, 'key': 4, 'time': 0}
1991.2655	DATA	{'pressed': False, 'port': 0, 'key': 4, 'time': 0}
1992.3941	DATA	3
1992.3941	DATA	5
1993.4065	DATA	3
1993.4066	DATA	5
1993.8548	DATA	{'pressed': True, 'port': 0, 'key': 4, 'time': 0}
1993.8713	DATA	{'pressed': False, 'port': 0, 'key': 4, 'time': 0}
1994.0041	DATA	{'pressed': True, 'port': 0, 'key': 0, 'time': 0}
1994.2698	DATA	{'pressed': False, 'port': 0, 'key': 0, 'time': 0}
1995.2820	DATA	4
1995.2821	DATA	5
1996.2944	DATA	4
1996.2944	DATA	4
1996.3279	DATA	{'pressed': True, 'port': 0, 'key': 0, 'time': 0}
1996.4605	DATA	{'pressed': True, 'port': 0, 'key': 4, 'time': 0}
1996.4772	DATA	{'pressed': False, 'port': 0, 'key': 4, 'time': 0}
1996.8754	DATA	{'pressed': False, 'port': 0, 'key': 0, 'time': 0}
1997.8878	DATA	3
1997.8879	DATA	1
1997.8879	DATA	free R
1999.0663	DATA	{'pressed': True, 'port': 0, 'key': 4, 'time': 0}
1999.0832	DATA	{'pressed': False, 'port': 0, 'key': 4, 'time': 0}
1999.6308	DATA	{'pressed': True, 'port': 0, 'key': 0, 'time': 0}
2000.4606	DATA	{'pressed': False, 'port': 0, 'key': 0, 'time': 0}
2001.4727	DATA	5
2001.4728	DATA	2
2001.6557	DATA	{'pressed': True, 'port': 0, 'key': 4, 'time': 0}
2001.6722	DATA	{'pressed': False, 'port': 0, 'key': 4, 'time': 0}
2001.6888	DATA	{'pressed': True, 'port': 0, 'key': 0, 'time': 0}
2001.7054	DATA	earn L
2002.2035	DATA	{'pressed': False, 'port': 0, 'key': 0, 'time': 0}
2003.7302	DATA	3
2003.7302	DATA	5
2004.2615	DATA	{'pressed': True, 'port': 0, 'key': 4, 'time': 0}
2004.2781	DATA	{'pressed': False, 'port': 0, 'key': 4, 'time': 0}
2004.7426	DATA	4
2004.7426	DATA	5
2005.7551	DATA	5
2005.7551	DATA	1
2005.7551	DATA	free R
2006.8672	DATA	{'pressed': True, 'port': 0, 'key': 4, 'time': 0}
2006.8837	DATA	{'pressed': False, 'port': 0, 'key': 4, 'time': 0}
2007.7800	DATA	3
2007.7800	DATA	5
2008.7924	DATA	3
2008.7924	DATA	1
2008.7925	DATA	free R
2009.4732	DATA	{'pressed': True, 'port': 0, 'key': 4, 'time': 0}
2009.4899	DATA	{'pressed': False, 'port': 0, 'key': 4, 'time': 0}
2010.8173	DATA	5
2010.8174	DATA	1
2010.8174	DATA	free R
2012.0622	DATA	{'pressed': True, 'port': 0, 'key': 4, 'time': 0}
2012.0956	DATA	{'pressed': False, 'port': 0, 'key': 4, 'time': 0}
2012.8422	DATA	5
2012.8423	DATA	2
2013.8547	DATA	5
2013.8547	DATA	4
2014.6681	DATA	{'pressed': True, 'port': 0, 'key': 4, 'time': 0}
2014.6847	DATA	{'pressed': False, 'port': 0, 'key': 4, 'time': 0}
2014.8671	DATA	5
2014.8672	DATA	3
2015.8796	DATA	2
2015.8796	DATA	1
2015.8796	DATA	free R
2017.2739	DATA	{'pressed': True, 'port': 0, 'key': 4, 'time': 0}
2017.2907	DATA	{'pressed': False, 'port': 0, 'key': 4, 'time': 0}
2017.9045	DATA	5
2017.9046	DATA	2
2018.9170	DATA	3
2018.9170	DATA	4
2019.8799	DATA	{'pressed': True, 'port': 0, 'key': 4, 'time': 0}
2019.8963	DATA	{'pressed': False, 'port': 0, 'key': 4, 'time': 0}
2019.9294	DATA	3
2019.9294	DATA	1
2019.9295	DATA	free R
2021.0249	DATA	{'pressed': True, 'port': 0, 'key': 1, 'time': 0}
2021.4566	DATA	{'pressed': False, 'port': 0, 'key': 1, 'time': 0}
2022.1372	DATA	{'pressed': True, 'port': 0, 'key': 1, 'time': 0}
2022.4689	DATA	{'pressed': True, 'port': 0, 'key': 4, 'time': 0}
2022.5023	DATA	{'pressed': False, 'port': 0, 'key': 4, 'time': 0}
2022.6680	DATA	{'pressed': False, 'port': 0, 'key': 1, 'time': 0}
2023.6805	DATA	5
2023.6805	DATA	2
2023.7635	DATA	{'pressed': True, 'port': 0, 'key': 1, 'time': 0}
2024.3279	DATA	{'pressed': False, 'port': 0, 'key': 1, 'time': 0}
2025.0747	DATA	{'pressed': True, 'port': 0, 'key': 4, 'time': 0}
2025.0914	DATA	{'pressed': False, 'port': 0, 'key': 4, 'time': 0}
2025.3402	DATA	3
2025.3403	DATA	3
2025.3570	DATA	{'pressed': True, 'port': 0, 'key': 1, 'time': 0}
2025.7219	DATA	{'pressed': False, 'port': 0, 'key': 1, 'time': 0}
2026.7344	DATA	3
2026.7344	DATA	5
2026.9834	DATA	{'pressed': True, 'port': 0, 'key': 1, 'time': 0}
2027.2656	DATA	{'pressed': False, 'port': 0, 'key': 1, 'time': 0}
2027.6806	DATA	{'pressed': True, 'port': 0, 'key': 4, 'time': 0}
2027.6973	DATA	{'pressed': False, 'port': 0, 'key': 4, 'time': 0}
2028.2780	DATA	5
2028.2781	DATA	5
2029.0084	DATA	{'pressed': True, 'port': 0, 'key': 1, 'time': 0}
2029.5397	DATA	{'pressed': False, 'port': 0, 'key': 1, 'time': 0}
2030.2864	DATA	{'pressed': True, 'port': 0, 'key': 4, 'time': 0}
2030.3029	DATA	{'pressed': False, 'port': 0, 'key': 4, 'time': 0}
2030.5519	DATA	2
2030.5519	DATA	5
2031.0498	DATA	{'pressed': True, 'port': 0, 'key': 1, 'time': 0}
2031.5646	DATA	{'pressed': False, 'port': 0, 'key': 1, 'time': 0}
2032.5767	DATA	2
2032.5767	DATA	5
2032.8424	DATA	{'pressed': True, 'port': 0, 'key': 1, 'time': 0}
2032.8922	DATA	{'pressed': True, 'port': 0, 'key': 4, 'time': 0}
2032.9088	DATA	{'pressed': False, 'port': 0, 'key': 4, 'time': 0}
2033.4898	DATA	{'pressed': False, 'port': 0, 'key': 1, 'time': 0}
2034.3860	DATA	{'pressed': True, 'port': 0, 'key': 1, 'time': 0}
2035.2824	DATA	{'pressed': False, 'port': 0, 'key': 1, 'time': 0}
2035.4814	DATA	{'pressed': True, 'port': 0, 'key': 4, 'time': 0}
2035.5149	DATA	{'pressed': False, 'port': 0, 'key': 4, 'time': 0}
2036.2946	DATA	3
2036.2947	DATA	3
2037.3070	DATA	4
2037.3070	DATA	3
2038.0873	DATA	{'pressed': True, 'port': 0, 'key': 4, 'time': 0}
2038.1038	DATA	{'pressed': False, 'port': 0, 'key': 4, 'time': 0}
2038.3195	DATA	5
2038.3196	DATA	3
2038.9669	DATA	{'pressed': True, 'port': 0, 'key': 0, 'time': 0}
2038.9833	DATA	earn L
2039.4984	DATA	{'pressed': False, 'port': 0, 'key': 0, 'time': 0}
2040.6932	DATA	{'pressed': True, 'port': 0, 'key': 4, 'time': 0}
2040.7096	DATA	{'pressed': False, 'port': 0, 'key': 4, 'time': 0}
2041.0082	DATA	4
2041.0082	DATA	3
2042.0208	DATA	4
2042.0208	DATA	4
2042.7179	DATA	{'pressed': True, 'port': 0, 'key': 0, 'time': 0}
2043.0831	DATA	{'pressed': False, 'port': 0, 'key': 0, 'time': 0}
2043.2988	DATA	{'pressed': True, 'port': 0, 'key': 4, 'time': 0}
2043.3155	DATA	{'pressed': False, 'port': 0, 'key': 4, 'time': 0}
2044.0955	DATA	2
2044.0955	DATA	1
2044.0955	DATA	free R
2045.8881	DATA	{'pressed': True, 'port': 0, 'key': 4, 'time': 0}
2045.9212	DATA	{'pressed': False, 'port': 0, 'key': 4, 'time': 0}
2045.9546	DATA	{'pressed': True, 'port': 0, 'key': 0, 'time': 0}
2046.5022	DATA	{'pressed': False, 'port': 0, 'key': 0, 'time': 0}
2047.5145	DATA	3
2047.5145	DATA	5
2047.5146	DATA	{'pressed': True, 'port': 0, 'key': 0, 'time': 0}
2048.0792	DATA	{'pressed': False, 'port': 0, 'key': 0, 'time': 0}
2048.4938	DATA	{'pressed': True, 'port': 0, 'key': 4, 'time': 0}
2048.5105	DATA	{'pressed': False, 'port': 0, 'key': 4, 'time': 0}
2049.0912	DATA	2
2049.0912	DATA	4
2050.1037	DATA	3
2050.1037	DATA	2
2051.0998	DATA	{'pressed': True, 'port': 0, 'key': 4, 'time': 0}
2051.1163	DATA	3
2051.1163	DATA	1
2051.1163	DATA	free R
2051.1166	DATA	{'pressed': False, 'port': 0, 'key': 4, 'time': 0}
2053.1411	DATA	3
2053.1412	DATA	4
2053.7057	DATA	{'pressed': True, 'port': 0, 'key': 4, 'time': 0}
2053.7223	DATA	{'pressed': False, 'port': 0, 'key': 4, 'time': 0}
2054.1536	DATA	4
2054.1536	DATA	1
2054.1536	DATA	free R
2055.4485	DATA	{'pressed': True, 'port': 0, 'key': 0, 'time': 0}
2056.1621	DATA	{'pressed': False, 'port': 0, 'key': 0, 'time': 0}
2056.2947	DATA	{'pressed': True, 'port': 0, 'key': 4, 'time': 0}
2056.3280	DATA	{'pressed': False, 'port': 0, 'key': 4, 'time': 0}
2056.9090	DATA	{'pressed': True, 'port': 0, 'key': 0, 'time': 0}
2056.9254	DATA	earn L
2057.4402	DATA	{'pressed': False, 'port': 0, 'key': 0, 'time': 0}
2058.7844	DATA	{'pressed': True, 'port': 0, 'key': 0, 'time': 0}
2058.9005	DATA	{'pressed': True, 'port': 0, 'key': 4, 'time': 0}
2058.9172	DATA	{'pressed': False, 'port': 0, 'key': 4, 'time': 0}
2059.3489	DATA	{'pressed': False, 'port': 0, 'key': 0, 'time': 0}
2060.3611	DATA	5
2060.3612	DATA	1
2060.3612	DATA	free R
2060.5439	DATA	{'pressed': True, 'port': 0, 'key': 0, 'time': 0}
2061.1746	DATA	{'pressed': False, 'port': 0, 'key': 0, 'time': 0}
2061.5063	DATA	{'pressed': True, 'port': 0, 'key': 4, 'time': 0}
2061.5229	DATA	{'pressed': False, 'port': 0, 'key': 4, 'time': 0}
2062.3860	DATA	3
2062.3860	DATA	3
2062.5189	DATA	{'pressed': True, 'port': 0, 'key': 0, 'time': 0}
2063.1830	DATA	{'pressed': False, 'port': 0, 'key': 0, 'time': 0}
2064.0957	DATA	{'pressed': True, 'port': 0, 'key': 0, 'time': 0}
2064.1123	DATA	{'pressed': True, 'port': 0, 'key': 4, 'time': 0}
2064.1288	DATA	{'pressed': False, 'port': 0, 'key': 4, 'time': 0}
2064.7760	DATA	{'pressed': False, 'port': 0, 'key': 0, 'time': 0}
2065.7884	DATA	2
2065.7884	DATA	3
2065.8385	DATA	{'pressed': True, 'port': 0, 'key': 0, 'time': 0}
2065.8548	DATA	earn L
2066.5358	DATA	{'pressed': False, 'port': 0, 'key': 0, 'time': 0}
2066.7183	DATA	{'pressed': True, 'port': 0, 'key': 4, 'time': 0}
2066.7350	DATA	{'pressed': False, 'port': 0, 'key': 4, 'time': 0}
2067.7969	DATA	{'pressed': True, 'port': 0, 'key': 0, 'time': 0}
2068.3281	DATA	{'pressed': False, 'port': 0, 'key': 0, 'time': 0}
2069.3072	DATA	{'pressed': True, 'port': 0, 'key': 4, 'time': 0}
2069.3404	DATA	5
2069.3404	DATA	1
2069.3404	DATA	free R
2069.3406	DATA	{'pressed': False, 'port': 0, 'key': 4, 'time': 0}
2069.8551	DATA	{'pressed': True, 'port': 0, 'key': 0, 'time': 0}
2070.4691	DATA	{'pressed': False, 'port': 0, 'key': 0, 'time': 0}
2071.4814	DATA	3
2071.4814	DATA	4
2071.9130	DATA	{'pressed': True, 'port': 0, 'key': 4, 'time': 0}
2071.9298	DATA	{'pressed': False, 'port': 0, 'key': 4, 'time': 0}
2072.1788	DATA	{'pressed': True, 'port': 0, 'key': 0, 'time': 0}
2072.8593	DATA	{'pressed': False, 'port': 0, 'key': 0, 'time': 0}
2073.8714	DATA	3
2073.8714	DATA	2
2074.5188	DATA	{'pressed': True, 'port': 0, 'key': 4, 'time': 0}
2074.5356	DATA	{'pressed': False, 'port': 0, 'key': 4, 'time': 0}
2074.6517	DATA	{'pressed': True, 'port': 0, 'key': 0, 'time': 0}
2075.3987	DATA	{'pressed': False, 'port': 0, 'key': 0, 'time': 0}
2076.4110	DATA	3
2076.4110	DATA	4
2077.1249	DATA	{'pressed': True, 'port': 0, 'key': 4, 'time': 0}
2077.1412	DATA	{'pressed': False, 'port': 0, 'key': 4, 'time': 0}
2077.1580	DATA	{'pressed': True, 'port': 0, 'key': 0, 'time': 0}
2077.7224	DATA	{'pressed': False, 'port': 0, 'key': 0, 'time': 0}
2078.7345	DATA	2
2078.7346	DATA	4
2079.4318	DATA	{'pressed': True, 'port': 0, 'key': 0, 'time': 0}
2079.7138	DATA	{'pressed': True, 'port': 0, 'key': 4, 'time': 0}
2079.7472	DATA	{'pressed': False, 'port': 0, 'key': 4, 'time': 0}
2080.0460	DATA	{'pressed': False, 'port': 0, 'key': 0, 'time': 0}
2081.0581	DATA	3
2081.0581	DATA	4
2082.0705	DATA	5
2082.0706	DATA	3
2082.0707	DATA	{'pressed': True, 'port': 0, 'key': 0, 'time': 0}
2082.3197	DATA	{'pressed': True, 'port': 0, 'key': 4, 'time': 0}
2082.3364	DATA	{'pressed': False, 'port': 0, 'key': 4, 'time': 0}
2082.7015	DATA	{'pressed': False, 'port': 0, 'key': 0, 'time': 0}
2083.7138	DATA	5
2083.7138	DATA	3
2084.7263	DATA	3
2084.7263	DATA	2
2084.9256	DATA	{'pressed': True, 'port': 0, 'key': 4, 'time': 0}
2084.9420	DATA	{'pressed': False, 'port': 0, 'key': 4, 'time': 0}
2085.1744	DATA	{'pressed': True, 'port': 0, 'key': 0, 'time': 0}
2085.7722	DATA	{'pressed': False, 'port': 0, 'key': 0, 'time': 0}
2086.7844	DATA	3
2086.7845	DATA	1
2086.7845	DATA	free R
2087.5313	DATA	{'pressed': True, 'port': 0, 'key': 4, 'time': 0}
2087.5482	DATA	{'pressed': False, 'port': 0, 'key': 4, 'time': 0}
2088.4773	DATA	{'pressed': True, 'port': 0, 'key': 0, 'time': 0}
2089.2079	DATA	{'pressed': False, 'port': 0, 'key': 0, 'time': 0}
2090.1206	DATA	{'pressed': True, 'port': 0, 'key': 0, 'time': 0}
2090.1374	DATA	{'pressed': True, 'port': 0, 'key': 4, 'time': 0}
2090.1538	DATA	{'pressed': False, 'port': 0, 'key': 4, 'time': 0}
2090.5023	DATA	{'pressed': False, 'port': 0, 'key': 0, 'time': 0}
2091.5147	DATA	5
2091.5147	DATA	3
2091.7639	DATA	{'pressed': True, 'port': 0, 'key': 0, 'time': 0}
2092.2616	DATA	{'pressed': False, 'port': 0, 'key': 0, 'time': 0}
2092.7264	DATA	{'pressed': True, 'port': 0, 'key': 4, 'time': 0}
2092.7430	DATA	{'pressed': False, 'port': 0, 'key': 4, 'time': 0}
2093.2741	DATA	3
2093.2741	DATA	5
2094.2865	DATA	3
2094.2865	DATA	5
2094.4526	DATA	{'pressed': True, 'port': 0, 'key': 0, 'time': 0}
2095.2826	DATA	{'pressed': False, 'port': 0, 'key': 0, 'time': 0}
2095.3322	DATA	{'pressed': True, 'port': 0, 'key': 4, 'time': 0}
2095.3489	DATA	{'pressed': False, 'port': 0, 'key': 4, 'time': 0}
2096.2947	DATA	4
2096.2947	DATA	4
2096.8926	DATA	{'pressed': True, 'port': 0, 'key': 0, 'time': 0}
2097.7390	DATA	{'pressed': False, 'port': 0, 'key': 0, 'time': 0}
2097.9381	DATA	{'pressed': True, 'port': 0, 'key': 4, 'time': 0}
2097.9547	DATA	{'pressed': False, 'port': 0, 'key': 4, 'time': 0}
2098.7512	DATA	3
2098.7512	DATA	2
2099.3820	DATA	{'pressed': True, 'port': 0, 'key': 0, 'time': 0}
2100.1621	DATA	{'pressed': False, 'port': 0, 'key': 0, 'time': 0}
2100.5438	DATA	{'pressed': True, 'port': 0, 'key': 4, 'time': 0}
2100.5605	DATA	{'pressed': False, 'port': 0, 'key': 4, 'time': 0}
2101.1745	DATA	3
2101.1745	DATA	5
2101.6891	DATA	{'pressed': True, 'port': 0, 'key': 0, 'time': 0}
2102.4859	DATA	{'pressed': False, 'port': 0, 'key': 0, 'time': 0}
2103.1330	DATA	{'pressed': True, 'port': 0, 'key': 4, 'time': 0}
2103.1665	DATA	{'pressed': False, 'port': 0, 'key': 4, 'time': 0}
2103.4981	DATA	3
2103.4981	DATA	5
2103.8633	DATA	{'pressed': True, 'port': 0, 'key': 0, 'time': 0}
2103.8799	DATA	earn L
2104.5109	DATA	{'pressed': False, 'port': 0, 'key': 0, 'time': 0}
2104.8941	DATA	start rating A
2107.9297	DATA	EmulatedKey: 1
2114.8840	DATA	5.0
2114.8840	DATA	end rating A
2114.8843	DATA	start rating B
2115.6144	DATA	EmulatedKey: 0
2115.8800	DATA	EmulatedKey: 0
2116.1126	DATA	EmulatedKey: 0
2116.3116	DATA	EmulatedKey: 0
2124.8923	DATA	1.0
2124.8923	DATA	end rating B
