10.0019	DATA	version E
85.2646	DATA	Keypress: space
85.2664	DATA	trigger received
164.6336	DATA	{'pressed': True, 'port': 0, 'key': 4, 'time': 0}
164.6500	DATA	{'pressed': False, 'port': 0, 'key': 4, 'time': 0}
167.2393	DATA	{'pressed': True, 'port': 0, 'key': 4, 'time': 0}
167.2560	DATA	{'pressed': False, 'port': 0, 'key': 4, 'time': 0}
169.8286	DATA	{'pressed': True, 'port': 0, 'key': 4, 'time': 0}
169.8619	DATA	{'pressed': False, 'port': 0, 'key': 4, 'time': 0}
172.4343	DATA	{'pressed': True, 'port': 0, 'key': 4, 'time': 0}
172.4509	DATA	{'pressed': False, 'port': 0, 'key': 4, 'time': 0}
175.0402	DATA	{'pressed': True, 'port': 0, 'key': 4, 'time': 0}
175.0569	DATA	{'pressed': False, 'port': 0, 'key': 4, 'time': 0}
177.6459	DATA	{'pressed': True, 'port': 0, 'key': 4, 'time': 0}
177.6626	DATA	{'pressed': False, 'port': 0, 'key': 4, 'time': 0}
180.2352	DATA	{'pressed': True, 'port': 0, 'key': 4, 'time': 0}
180.2353	DATA	begin trial
180.2581	DATA	{'pressed': False, 'port': 0, 'key': 4, 'time': 0}
181.2639	DATA	check
182.2765	DATA	check
182.8409	DATA	{'pressed': True, 'port': 0, 'key': 4, 'time': 0}
182.8576	DATA	{'pressed': False, 'port': 0, 'key': 4, 'time': 0}
183.2890	DATA	check
184.3014	DATA	check
185.3138	DATA	check
185.4468	DATA	{'pressed': True, 'port': 0, 'key': 4, 'time': 0}
185.4635	DATA	{'pressed': False, 'port': 0, 'key': 4, 'time': 0}
185.9116	DATA	{'pressed': True, 'port': 0, 'key': 0, 'time': 0}
186.2436	DATA	{'pressed': False, 'port': 0, 'key': 0, 'time': 0}
187.2558	DATA	check
188.0527	DATA	{'pressed': True, 'port': 0, 'key': 4, 'time': 0}
188.0693	DATA	{'pressed': False, 'port': 0, 'key': 4, 'time': 0}
188.2185	DATA	{'pressed': True, 'port': 0, 'key': 1, 'time': 0}
188.2349	DATA	earn R
188.4679	DATA	{'pressed': False, 'port': 0, 'key': 1, 'time': 0}
190.2600	DATA	check
190.2600	DATA	free L
190.6419	DATA	{'pressed': True, 'port': 0, 'key': 4, 'time': 0}
190.6752	DATA	{'pressed': False, 'port': 0, 'key': 4, 'time': 0}
192.2849	DATA	check
193.2475	DATA	{'pressed': True, 'port': 0, 'key': 4, 'time': 0}
193.2643	DATA	{'pressed': False, 'port': 0, 'key': 4, 'time': 0}
193.2973	DATA	check
193.3473	DATA	{'pressed': True, 'port': 0, 'key': 1, 'time': 0}
193.3637	DATA	earn R
193.5466	DATA	{'pressed': False, 'port': 0, 'key': 1, 'time': 0}
195.3886	DATA	check
195.8535	DATA	{'pressed': True, 'port': 0, 'key': 4, 'time': 0}
195.8701	DATA	{'pressed': False, 'port': 0, 'key': 4, 'time': 0}
196.4011	DATA	check
197.0153	DATA	{'pressed': True, 'port': 0, 'key': 0, 'time': 0}
197.2478	DATA	{'pressed': False, 'port': 0, 'key': 0, 'time': 0}
198.0776	DATA	{'pressed': True, 'port': 0, 'key': 0, 'time': 0}
198.3099	DATA	{'pressed': False, 'port': 0, 'key': 0, 'time': 0}
198.4594	DATA	{'pressed': True, 'port': 0, 'key': 4, 'time': 0}
198.4760	DATA	{'pressed': False, 'port': 0, 'key': 4, 'time': 0}
199.3222	DATA	check
199.5880	DATA	{'pressed': True, 'port': 0, 'key': 0, 'time': 0}
199.8370	DATA	{'pressed': False, 'port': 0, 'key': 0, 'time': 0}
200.8493	DATA	check
200.8493	DATA	free L
200.9453	DATA	{'pressed': True, 'port': 0, 'key': 1, 'time': 0}
201.0486	DATA	{'pressed': False, 'port': 0, 'key': 1, 'time': 0}
201.0654	DATA	{'pressed': True, 'port': 0, 'key': 4, 'time': 0}
201.0820	DATA	{'pressed': False, 'port': 0, 'key': 4, 'time': 0}
202.8741	DATA	check
202.8741	DATA	free L
203.1899	DATA	{'pressed': True, 'port': 0, 'key': 1, 'time': 0}
203.4055	DATA	{'pressed': False, 'port': 0, 'key': 1, 'time': 0}
203.6547	DATA	{'pressed': True, 'port': 0, 'key': 4, 'time': 0}
203.6878	DATA	{'pressed': False, 'port': 0, 'key': 4, 'time': 0}
204.8990	DATA	check
205.9114	DATA	check
206.1275	DATA	{'pressed': True, 'port': 0, 'key': 1, 'time': 0}
206.2600	DATA	{'pressed': True, 'port': 0, 'key': 4, 'time': 0}
206.2768	DATA	{'pressed': False, 'port': 0, 'key': 4, 'time': 0}
206.3432	DATA	{'pressed': False, 'port': 0, 'key': 1, 'time': 0}
207.2727	DATA	{'pressed': True, 'port': 0, 'key': 1, 'time': 0}
207.2890	DATA	earn R
207.4554	DATA	{'pressed': False, 'port': 0, 'key': 1, 'time': 0}
208.8659	DATA	{'pressed': True, 'port': 0, 'key': 4, 'time': 0}
208.8825	DATA	{'pressed': False, 'port': 0, 'key': 4, 'time': 0}
209.3138	DATA	check
210.3264	DATA	check
211.3388	DATA	check
211.3389	DATA	free L
211.4719	DATA	{'pressed': True, 'port': 0, 'key': 4, 'time': 0}
211.4886	DATA	{'pressed': False, 'port': 0, 'key': 4, 'time': 0}
213.3637	DATA	check
214.0611	DATA	{'pressed': True, 'port': 0, 'key': 4, 'time': 0}
214.0943	DATA	{'pressed': False, 'port': 0, 'key': 4, 'time': 0}
214.3762	DATA	check
215.2228	DATA	{'pressed': True, 'port': 0, 'key': 0, 'time': 0}
215.4220	DATA	{'pressed': False, 'port': 0, 'key': 0, 'time': 0}
216.4343	DATA	check
216.4343	DATA	free L
216.6669	DATA	{'pressed': True, 'port': 0, 'key': 4, 'time': 0}
216.6837	DATA	{'pressed': False, 'port': 0, 'key': 4, 'time': 0}
218.4592	DATA	check
218.4592	DATA	free L
218.4595	DATA	{'pressed': True, 'port': 0, 'key': 0, 'time': 0}
218.6753	DATA	{'pressed': False, 'port': 0, 'key': 0, 'time': 0}
219.2727	DATA	{'pressed': True, 'port': 0, 'key': 4, 'time': 0}
219.2894	DATA	{'pressed': False, 'port': 0, 'key': 4, 'time': 0}
220.1688	DATA	{'pressed': True, 'port': 0, 'key': 0, 'time': 0}
220.3848	DATA	{'pressed': False, 'port': 0, 'key': 0, 'time': 0}
221.3970	DATA	check
221.3970	DATA	free L
221.6795	DATA	{'pressed': True, 'port': 0, 'key': 1, 'time': 0}
221.8786	DATA	{'pressed': True, 'port': 0, 'key': 4, 'time': 0}
221.8953	DATA	{'pressed': False, 'port': 0, 'key': 4, 'time': 0}
221.9449	DATA	{'pressed': False, 'port': 0, 'key': 1, 'time': 0}
223.4218	DATA	check
224.4344	DATA	check
224.4676	DATA	{'pressed': True, 'port': 0, 'key': 4, 'time': 0}
224.5009	DATA	{'pressed': False, 'port': 0, 'key': 4, 'time': 0}
225.4468	DATA	check
225.4468	DATA	free L
227.0736	DATA	{'pressed': True, 'port': 0, 'key': 4, 'time': 0}
227.0901	DATA	{'pressed': False, 'port': 0, 'key': 4, 'time': 0}
227.4715	DATA	check
228.4842	DATA	check
228.4842	DATA	free L
229.6793	DATA	{'pressed': True, 'port': 0, 'key': 4, 'time': 0}
229.6960	DATA	{'pressed': False, 'port': 0, 'key': 4, 'time': 0}
230.5090	DATA	check
231.5214	DATA	check
232.2852	DATA	{'pressed': True, 'port': 0, 'key': 4, 'time': 0}
232.3016	DATA	{'pressed': False, 'port': 0, 'key': 4, 'time': 0}
232.5338	DATA	check
233.5464	DATA	check
234.5588	DATA	check
234.8910	DATA	{'pressed': True, 'port': 0, 'key': 4, 'time': 0}
234.9076	DATA	{'pressed': False, 'port': 0, 'key': 4, 'time': 0}
235.1233	DATA	{'pressed': True, 'port': 0, 'key': 0, 'time': 0}
235.2894	DATA	{'pressed': False, 'port': 0, 'key': 0, 'time': 0}
236.3016	DATA	check
237.0984	DATA	{'pressed': True, 'port': 0, 'key': 0, 'time': 0}
237.2976	DATA	{'pressed': False, 'port': 0, 'key': 0, 'time': 0}
237.4802	DATA	{'pressed': True, 'port': 0, 'key': 4, 'time': 0}
237.5133	DATA	{'pressed': False, 'port': 0, 'key': 4, 'time': 0}
238.3099	DATA	check
239.1399	DATA	{'pressed': True, 'port': 0, 'key': 1, 'time': 0}
239.2892	DATA	{'pressed': False, 'port': 0, 'key': 1, 'time': 0}
240.0859	DATA	{'pressed': True, 'port': 0, 'key': 4, 'time': 0}
240.1025	DATA	{'pressed': False, 'port': 0, 'key': 4, 'time': 0}
240.3016	DATA	check
240.5010	DATA	{'pressed': True, 'port': 0, 'key': 1, 'time': 0}
240.6670	DATA	{'pressed': False, 'port': 0, 'key': 1, 'time': 0}
241.6792	DATA	check
241.6792	DATA	free L
242.6946	DATA	{'pressed': True, 'port': 0, 'key': 4, 'time': 0}
242.7085	DATA	{'pressed': False, 'port': 0, 'key': 4, 'time': 0}
243.7042	DATA	check
243.7043	DATA	free L
244.0199	DATA	{'pressed': True, 'port': 0, 'key': 0, 'time': 0}
244.3020	DATA	{'pressed': False, 'port': 0, 'key': 0, 'time': 0}
244.8993	DATA	{'pressed': True, 'port': 0, 'key': 0, 'time': 0}
245.1483	DATA	{'pressed': False, 'port': 0, 'key': 0, 'time': 0}
245.2977	DATA	{'pressed': True, 'port': 0, 'key': 4, 'time': 0}
245.3143	DATA	{'pressed': False, 'port': 0, 'key': 4, 'time': 0}
245.5300	DATA	{'pressed': True, 'port': 0, 'key': 1, 'time': 0}
245.8122	DATA	{'pressed': False, 'port': 0, 'key': 1, 'time': 0}
245.9449	DATA	{'pressed': True, 'port': 0, 'key': 1, 'time': 0}
246.2272	DATA	{'pressed': False, 'port': 0, 'key': 1, 'time': 0}
246.4097	DATA	{'pressed': True, 'port': 0, 'key': 1, 'time': 0}
246.6421	DATA	{'pressed': False, 'port': 0, 'key': 1, 'time': 0}
247.6543	DATA	check
247.8868	DATA	{'pressed': True, 'port': 0, 'key': 4, 'time': 0}
247.9202	DATA	{'pressed': False, 'port': 0, 'key': 4, 'time': 0}
248.6668	DATA	check
249.6792	DATA	check
250.3268	DATA	{'pressed': True, 'port': 0, 'key': 1, 'time': 0}
250.3431	DATA	earn R
250.4514	DATA	{'pressed': False, 'port': 0, 'key': 1, 'time': 0}
250.4927	DATA	{'pressed': True, 'port': 0, 'key': 4, 'time': 0}
250.5093	DATA	{'pressed': False, 'port': 0, 'key': 4, 'time': 0}
252.3680	DATA	check
253.0984	DATA	{'pressed': True, 'port': 0, 'key': 4, 'time': 0}
253.1152	DATA	{'pressed': False, 'port': 0, 'key': 4, 'time': 0}
253.3805	DATA	check
254.3930	DATA	check
254.6090	DATA	{'pressed': True, 'port': 0, 'key': 1, 'time': 0}
254.7915	DATA	{'pressed': False, 'port': 0, 'key': 1, 'time': 0}
255.4222	DATA	{'pressed': True, 'port': 0, 'key': 1, 'time': 0}
255.5384	DATA	{'pressed': False, 'port': 0, 'key': 1, 'time': 0}
255.7044	DATA	{'pressed': True, 'port': 0, 'key': 4, 'time': 0}
255.7210	DATA	{'pressed': False, 'port': 0, 'key': 4, 'time': 0}
256.5506	DATA	check
256.5507	DATA	free L
258.2935	DATA	{'pressed': True, 'port': 0, 'key': 4, 'time': 0}
258.3268	DATA	{'pressed': False, 'port': 0, 'key': 4, 'time': 0}
258.5755	DATA	check
259.5879	DATA	check
260.6004	DATA	check
260.8994	DATA	{'pressed': True, 'port': 0, 'key': 4, 'time': 0}
260.9160	DATA	{'pressed': False, 'port': 0, 'key': 4, 'time': 0}
261.6128	DATA	check
262.6253	DATA	check
263.5051	DATA	{'pressed': True, 'port': 0, 'key': 4, 'time': 0}
263.5218	DATA	{'pressed': False, 'port': 0, 'key': 4, 'time': 0}
263.6377	DATA	check
263.6378	DATA	free L
265.4804	DATA	{'pressed': True, 'port': 0, 'key': 1, 'time': 0}
265.6626	DATA	earn R
265.7775	DATA	{'pressed': False, 'port': 0, 'key': 1, 'time': 0}
266.1113	DATA	{'pressed': True, 'port': 0, 'key': 4, 'time': 0}
266.1278	DATA	{'pressed': False, 'port': 0, 'key': 4, 'time': 0}
266.6091	DATA	{'pressed': True, 'port': 0, 'key': 1, 'time': 0}
266.8081	DATA	{'pressed': False, 'port': 0, 'key': 1, 'time': 0}
267.8204	DATA	check
268.0862	DATA	{'pressed': True, 'port': 0, 'key': 0, 'time': 0}
268.2687	DATA	{'pressed': False, 'port': 0, 'key': 0, 'time': 0}
268.7169	DATA	{'pressed': True, 'port': 0, 'key': 4, 'time': 0}
268.7334	DATA	{'pressed': False, 'port': 0, 'key': 4, 'time': 0}
269.2809	DATA	check
270.2934	DATA	check
270.2934	DATA	free L
270.3964	DATA	{'pressed': True, 'port': 0, 'key': 1, 'time': 0}
270.7088	DATA	{'pressed': False, 'port': 0, 'key': 1, 'time': 0}
271.3096	DATA	{'pressed': True, 'port': 0, 'key': 4, 'time': 0}
271.3393	DATA	{'pressed': False, 'port': 0, 'key': 4, 'time': 0}
271.4388	DATA	{'pressed': True, 'port': 0, 'key': 1, 'time': 0}
271.7874	DATA	{'pressed': False, 'port': 0, 'key': 1, 'time': 0}
272.0364	DATA	{'pressed': True, 'port': 0, 'key': 1, 'time': 0}
272.2853	DATA	{'pressed': False, 'port': 0, 'key': 1, 'time': 0}
272.4181	DATA	{'pressed': True, 'port': 0, 'key': 1, 'time': 0}
272.6836	DATA	{'pressed': False, 'port': 0, 'key': 1, 'time': 0}
273.6959	DATA	check
273.9118	DATA	{'pressed': True, 'port': 0, 'key': 4, 'time': 0}
273.9285	DATA	{'pressed': False, 'port': 0, 'key': 4, 'time': 0}
274.0115	DATA	{'pressed': True, 'port': 0, 'key': 0, 'time': 0}
274.2107	DATA	{'pressed': False, 'port': 0, 'key': 0, 'time': 0}
275.2228	DATA	check
275.2229	DATA	free L
275.3393	DATA	{'pressed': True, 'port': 0, 'key': 0, 'time': 0}
275.5884	DATA	{'pressed': False, 'port': 0, 'key': 0, 'time': 0}
276.3684	DATA	{'pressed': True, 'port': 0, 'key': 0, 'time': 0}
276.5177	DATA	{'pressed': True, 'port': 0, 'key': 4, 'time': 0}
276.5343	DATA	{'pressed': False, 'port': 0, 'key': 4, 'time': 0}
276.6007	DATA	{'pressed': False, 'port': 0, 'key': 0, 'time': 0}
277.6129	DATA	check
277.6129	DATA	free L
277.7295	DATA	{'pressed': True, 'port': 0, 'key': 1, 'time': 0}
277.9121	DATA	{'pressed': False, 'port': 0, 'key': 1, 'time': 0}
279.1067	DATA	{'pressed': True, 'port': 0, 'key': 1, 'time': 0}
279.1234	DATA	{'pressed': True, 'port': 0, 'key': 4, 'time': 0}
279.1401	DATA	{'pressed': False, 'port': 0, 'key': 4, 'time': 0}
279.3559	DATA	{'pressed': False, 'port': 0, 'key': 1, 'time': 0}
279.6214	DATA	{'pressed': True, 'port': 0, 'key': 1, 'time': 0}
279.8703	DATA	{'pressed': False, 'port': 0, 'key': 1, 'time': 0}
280.5341	DATA	{'pressed': True, 'port': 0, 'key': 0, 'time': 0}
280.7169	DATA	{'pressed': False, 'port': 0, 'key': 0, 'time': 0}
280.8994	DATA	{'pressed': True, 'port': 0, 'key': 1, 'time': 0}
281.1152	DATA	{'pressed': False, 'port': 0, 'key': 1, 'time': 0}
281.2646	DATA	{'pressed': True, 'port': 0, 'key': 0, 'time': 0}
281.4471	DATA	{'pressed': False, 'port': 0, 'key': 0, 'time': 0}
281.5966	DATA	{'pressed': True, 'port': 0, 'key': 1, 'time': 0}
281.6626	DATA	earn R
281.7829	DATA	{'pressed': True, 'port': 0, 'key': 4, 'time': 0}
281.7959	DATA	{'pressed': False, 'port': 0, 'key': 4, 'time': 0}
281.8457	DATA	{'pressed': False, 'port': 0, 'key': 1, 'time': 0}
282.0282	DATA	{'pressed': True, 'port': 0, 'key': 0, 'time': 0}
282.0613	DATA	{'pressed': True, 'port': 0, 'key': 1, 'time': 0}
282.2606	DATA	{'pressed': False, 'port': 0, 'key': 0, 'time': 0}
282.2773	DATA	{'pressed': False, 'port': 0, 'key': 1, 'time': 0}
283.6876	DATA	check
283.6876	DATA	free L
284.3185	DATA	{'pressed': True, 'port': 0, 'key': 4, 'time': 0}
284.3353	DATA	{'pressed': False, 'port': 0, 'key': 4, 'time': 0}
285.7124	DATA	check
286.7249	DATA	check
286.9243	DATA	{'pressed': True, 'port': 0, 'key': 4, 'time': 0}
286.9410	DATA	{'pressed': False, 'port': 0, 'key': 4, 'time': 0}
287.7375	DATA	check
288.2023	DATA	{'pressed': True, 'port': 0, 'key': 1, 'time': 0}
288.4181	DATA	{'pressed': False, 'port': 0, 'key': 1, 'time': 0}
289.4304	DATA	check
289.4304	DATA	free L
289.5327	DATA	{'pressed': True, 'port': 0, 'key': 4, 'time': 0}
289.5469	DATA	{'pressed': False, 'port': 0, 'key': 4, 'time': 0}
291.4553	DATA	check
291.4554	DATA	free L
292.1196	DATA	{'pressed': True, 'port': 0, 'key': 4, 'time': 0}
292.1528	DATA	{'pressed': False, 'port': 0, 'key': 4, 'time': 0}
293.4802	DATA	check
294.4926	DATA	check
294.4926	DATA	free L
294.7252	DATA	{'pressed': True, 'port': 0, 'key': 4, 'time': 0}
294.7421	DATA	{'pressed': False, 'port': 0, 'key': 4, 'time': 0}
295.4557	DATA	{'pressed': True, 'port': 0, 'key': 1, 'time': 0}
295.5883	DATA	{'pressed': False, 'port': 0, 'key': 1, 'time': 0}
296.6005	DATA	check
297.3309	DATA	{'pressed': True, 'port': 0, 'key': 4, 'time': 0}
297.3475	DATA	{'pressed': False, 'port': 0, 'key': 4, 'time': 0}
297.6130	DATA	check
298.6255	DATA	check
298.8581	DATA	{'pressed': True, 'port': 0, 'key': 1, 'time': 0}
298.8744	DATA	earn R
299.0242	DATA	{'pressed': False, 'port': 0, 'key': 1, 'time': 0}
299.9369	DATA	{'pressed': True, 'port': 0, 'key': 4, 'time': 0}
299.9534	DATA	{'pressed': False, 'port': 0, 'key': 4, 'time': 0}
300.8661	DATA	{'pressed': True, 'port': 0, 'key': 0, 'time': 0}
301.0987	DATA	{'pressed': False, 'port': 0, 'key': 0, 'time': 0}
302.1109	DATA	check
302.1109	DATA	free L
302.5429	DATA	{'pressed': True, 'port': 0, 'key': 4, 'time': 0}
302.5595	DATA	{'pressed': False, 'port': 0, 'key': 4, 'time': 0}
302.7753	DATA	{'pressed': True, 'port': 0, 'key': 0, 'time': 0}
302.9744	DATA	{'pressed': False, 'port': 0, 'key': 0, 'time': 0}
303.1251	DATA	start rating A
309.8952	DATA	EmulatedKey: 0
313.1152	DATA	3.0
313.1153	DATA	end rating A
313.1159	DATA	start rating B
318.7749	DATA	EmulatedKey: 1
323.1234	DATA	5.0
323.1234	DATA	end rating B
323.3560	DATA	{'pressed': True, 'port': 0, 'key': 4, 'time': 0}
323.3726	DATA	{'pressed': False, 'port': 0, 'key': 4, 'time': 0}
324.1358	DATA	check
324.9162	DATA	{'pressed': True, 'port': 0, 'key': 0, 'time': 0}
324.9324	DATA	earn L
325.1154	DATA	{'pressed': False, 'port': 0, 'key': 0, 'time': 0}
325.9481	DATA	{'pressed': True, 'port': 0, 'key': 4, 'time': 0}
325.9782	DATA	{'pressed': False, 'port': 0, 'key': 4, 'time': 0}
326.7420	DATA	{'pressed': True, 'port': 0, 'key': 1, 'time': 0}
326.9080	DATA	{'pressed': False, 'port': 0, 'key': 1, 'time': 0}
327.9201	DATA	check
328.0365	DATA	{'pressed': True, 'port': 0, 'key': 0, 'time': 0}
328.2357	DATA	{'pressed': False, 'port': 0, 'key': 0, 'time': 0}
328.5509	DATA	{'pressed': True, 'port': 0, 'key': 4, 'time': 0}
328.5677	DATA	{'pressed': False, 'port': 0, 'key': 4, 'time': 0}
329.2479	DATA	check
330.2603	DATA	check
331.1568	DATA	{'pressed': True, 'port': 0, 'key': 4, 'time': 0}
331.1734	DATA	{'pressed': False, 'port': 0, 'key': 4, 'time': 0}
331.2728	DATA	check
332.2853	DATA	check
333.2977	DATA	check
333.7627	DATA	{'pressed': True, 'port': 0, 'key': 4, 'time': 0}
333.7792	DATA	{'pressed': False, 'port': 0, 'key': 4, 'time': 0}
334.3102	DATA	check
334.3102	DATA	free R
336.3351	DATA	check
336.3685	DATA	{'pressed': True, 'port': 0, 'key': 4, 'time': 0}
336.3851	DATA	{'pressed': False, 'port': 0, 'key': 4, 'time': 0}
337.3475	DATA	check
338.3600	DATA	check
338.9576	DATA	{'pressed': True, 'port': 0, 'key': 4, 'time': 0}
338.9910	DATA	{'pressed': False, 'port': 0, 'key': 4, 'time': 0}
339.3723	DATA	check
340.3848	DATA	check
341.3974	DATA	check
341.5634	DATA	{'pressed': True, 'port': 0, 'key': 4, 'time': 0}
341.5801	DATA	{'pressed': False, 'port': 0, 'key': 4, 'time': 0}
342.4098	DATA	check
343.0241	DATA	{'pressed': True, 'port': 0, 'key': 0, 'time': 0}
343.2896	DATA	{'pressed': False, 'port': 0, 'key': 0, 'time': 0}
344.1693	DATA	{'pressed': True, 'port': 0, 'key': 4, 'time': 0}
344.1859	DATA	{'pressed': False, 'port': 0, 'key': 4, 'time': 0}
344.3019	DATA	check
344.5014	DATA	{'pressed': True, 'port': 0, 'key': 1, 'time': 0}
344.6673	DATA	{'pressed': False, 'port': 0, 'key': 1, 'time': 0}
345.6795	DATA	check
345.6795	DATA	free R
346.7752	DATA	{'pressed': True, 'port': 0, 'key': 4, 'time': 0}
346.7918	DATA	{'pressed': False, 'port': 0, 'key': 4, 'time': 0}
347.7044	DATA	check
348.7169	DATA	check
349.3642	DATA	{'pressed': True, 'port': 0, 'key': 4, 'time': 0}
349.3974	DATA	{'pressed': False, 'port': 0, 'key': 4, 'time': 0}
349.7293	DATA	check
349.7293	DATA	free R
351.7542	DATA	check
351.9700	DATA	{'pressed': True, 'port': 0, 'key': 4, 'time': 0}
351.9868	DATA	{'pressed': False, 'port': 0, 'key': 4, 'time': 0}
352.7667	DATA	check
353.7792	DATA	check
354.5759	DATA	{'pressed': True, 'port': 0, 'key': 4, 'time': 0}
354.5925	DATA	{'pressed': False, 'port': 0, 'key': 4, 'time': 0}
354.7916	DATA	check
355.8040	DATA	check
356.8165	DATA	check
357.1818	DATA	{'pressed': True, 'port': 0, 'key': 4, 'time': 0}
357.1985	DATA	{'pressed': False, 'port': 0, 'key': 4, 'time': 0}
357.8289	DATA	check
358.8414	DATA	check
359.7710	DATA	{'pressed': True, 'port': 0, 'key': 4, 'time': 0}
359.8043	DATA	{'pressed': False, 'port': 0, 'key': 4, 'time': 0}
359.8538	DATA	check
360.8662	DATA	check
360.8663	DATA	free R
362.3767	DATA	{'pressed': True, 'port': 0, 'key': 4, 'time': 0}
362.3935	DATA	{'pressed': False, 'port': 0, 'key': 4, 'time': 0}
362.8911	DATA	check
363.0408	DATA	{'pressed': True, 'port': 0, 'key': 0, 'time': 0}
363.2732	DATA	{'pressed': False, 'port': 0, 'key': 0, 'time': 0}
364.2854	DATA	check
364.4184	DATA	{'pressed': True, 'port': 0, 'key': 1, 'time': 0}
364.7006	DATA	{'pressed': False, 'port': 0, 'key': 1, 'time': 0}
364.9826	DATA	{'pressed': True, 'port': 0, 'key': 4, 'time': 0}
364.9992	DATA	{'pressed': False, 'port': 0, 'key': 4, 'time': 0}
365.3977	DATA	{'pressed': True, 'port': 0, 'key': 0, 'time': 0}
365.4472	DATA	earn L
365.6301	DATA	{'pressed': False, 'port': 0, 'key': 0, 'time': 0}
367.4721	DATA	check
367.5885	DATA	{'pressed': True, 'port': 0, 'key': 4, 'time': 0}
367.6051	DATA	{'pressed': False, 'port': 0, 'key': 4, 'time': 0}
368.4845	DATA	check
368.8665	DATA	{'pressed': True, 'port': 0, 'key': 0, 'time': 0}
369.0659	DATA	{'pressed': False, 'port': 0, 'key': 0, 'time': 0}
369.4642	DATA	{'pressed': True, 'port': 0, 'key': 0, 'time': 0}
369.6300	DATA	{'pressed': False, 'port': 0, 'key': 0, 'time': 0}
370.0616	DATA	{'pressed': True, 'port': 0, 'key': 1, 'time': 0}
370.0779	DATA	earn R
370.1965	DATA	{'pressed': True, 'port': 0, 'key': 4, 'time': 0}
370.2109	DATA	{'pressed': False, 'port': 0, 'key': 4, 'time': 0}
370.2277	DATA	{'pressed': False, 'port': 0, 'key': 1, 'time': 0}
372.1028	DATA	check
372.7834	DATA	{'pressed': True, 'port': 0, 'key': 4, 'time': 0}
372.8168	DATA	{'pressed': False, 'port': 0, 'key': 4, 'time': 0}
373.1152	DATA	check
373.1153	DATA	free R
375.1401	DATA	check
375.3891	DATA	{'pressed': True, 'port': 0, 'key': 4, 'time': 0}
375.4060	DATA	{'pressed': False, 'port': 0, 'key': 4, 'time': 0}
376.1526	DATA	check
377.1649	DATA	check
377.9951	DATA	{'pressed': True, 'port': 0, 'key': 4, 'time': 0}
378.0117	DATA	{'pressed': False, 'port': 0, 'key': 4, 'time': 0}
378.1775	DATA	check
379.1900	DATA	check
379.1901	DATA	free R
380.6009	DATA	{'pressed': True, 'port': 0, 'key': 4, 'time': 0}
380.6176	DATA	{'pressed': False, 'port': 0, 'key': 4, 'time': 0}
381.2148	DATA	check
382.2273	DATA	check
383.1900	DATA	{'pressed': True, 'port': 0, 'key': 4, 'time': 0}
383.2234	DATA	{'pressed': False, 'port': 0, 'key': 4, 'time': 0}
383.2398	DATA	check
384.1029	DATA	{'pressed': True, 'port': 0, 'key': 0, 'time': 0}
384.1194	DATA	earn L
384.3688	DATA	{'pressed': False, 'port': 0, 'key': 0, 'time': 0}
385.7959	DATA	{'pressed': True, 'port': 0, 'key': 4, 'time': 0}
385.8127	DATA	{'pressed': False, 'port': 0, 'key': 4, 'time': 0}
386.1443	DATA	check
387.1568	DATA	check
388.1692	DATA	check
388.4016	DATA	{'pressed': True, 'port': 0, 'key': 4, 'time': 0}
388.4184	DATA	{'pressed': False, 'port': 0, 'key': 4, 'time': 0}
389.1817	DATA	check
390.1941	DATA	check
391.0076	DATA	{'pressed': True, 'port': 0, 'key': 4, 'time': 0}
391.0243	DATA	{'pressed': False, 'port': 0, 'key': 4, 'time': 0}
391.2067	DATA	check
391.2067	DATA	free R
393.2315	DATA	check
393.2483	DATA	{'pressed': True, 'port': 0, 'key': 1, 'time': 0}
393.2647	DATA	earn R
393.3795	DATA	{'pressed': False, 'port': 0, 'key': 1, 'time': 0}
393.5970	DATA	{'pressed': True, 'port': 0, 'key': 4, 'time': 0}
393.6302	DATA	{'pressed': False, 'port': 0, 'key': 4, 'time': 0}
394.3438	DATA	{'pressed': True, 'port': 0, 'key': 1, 'time': 0}
394.4931	DATA	{'pressed': False, 'port': 0, 'key': 1, 'time': 0}
395.0574	DATA	{'pressed': True, 'port': 0, 'key': 1, 'time': 0}
395.2400	DATA	{'pressed': False, 'port': 0, 'key': 1, 'time': 0}
396.2026	DATA	{'pressed': True, 'port': 0, 'key': 4, 'time': 0}
396.2193	DATA	{'pressed': False, 'port': 0, 'key': 4, 'time': 0}
396.2523	DATA	check
397.2647	DATA	check
398.2771	DATA	check
398.8084	DATA	{'pressed': True, 'port': 0, 'key': 4, 'time': 0}
398.8252	DATA	{'pressed': False, 'port': 0, 'key': 4, 'time': 0}
399.2896	DATA	check
399.9702	DATA	{'pressed': True, 'port': 0, 'key': 0, 'time': 0}
400.1862	DATA	{'pressed': False, 'port': 0, 'key': 0, 'time': 0}
400.6674	DATA	{'pressed': True, 'port': 0, 'key': 0, 'time': 0}
400.9661	DATA	{'pressed': False, 'port': 0, 'key': 0, 'time': 0}
401.3977	DATA	{'pressed': True, 'port': 0, 'key': 1, 'time': 0}
401.4144	DATA	{'pressed': True, 'port': 0, 'key': 4, 'time': 0}
401.4308	DATA	{'pressed': False, 'port': 0, 'key': 4, 'time': 0}
401.6964	DATA	{'pressed': False, 'port': 0, 'key': 1, 'time': 0}
401.8459	DATA	{'pressed': True, 'port': 0, 'key': 1, 'time': 0}
402.0948	DATA	{'pressed': False, 'port': 0, 'key': 1, 'time': 0}
402.2609	DATA	{'pressed': True, 'port': 0, 'key': 1, 'time': 0}
402.4765	DATA	{'pressed': False, 'port': 0, 'key': 1, 'time': 0}
402.9080	DATA	{'pressed': True, 'port': 0, 'key': 1, 'time': 0}
403.1073	DATA	{'pressed': False, 'port': 0, 'key': 1, 'time': 0}
403.7046	DATA	{'pressed': True, 'port': 0, 'key': 0, 'time': 0}
403.9704	DATA	{'pressed': False, 'port': 0, 'key': 0, 'time': 0}
404.0202	DATA	{'pressed': True, 'port': 0, 'key': 4, 'time': 0}
404.0368	DATA	{'pressed': False, 'port': 0, 'key': 4, 'time': 0}
404.9825	DATA	check
405.5140	DATA	{'pressed': True, 'port': 0, 'key': 1, 'time': 0}
405.7629	DATA	{'pressed': False, 'port': 0, 'key': 1, 'time': 0}
406.6092	DATA	{'pressed': True, 'port': 0, 'key': 4, 'time': 0}
406.6426	DATA	{'pressed': False, 'port': 0, 'key': 4, 'time': 0}
406.7751	DATA	check
406.7752	DATA	free R
406.8933	DATA	{'pressed': True, 'port': 0, 'key': 1, 'time': 0}
406.9912	DATA	{'pressed': False, 'port': 0, 'key': 1, 'time': 0}
407.7383	DATA	{'pressed': True, 'port': 0, 'key': 1, 'time': 0}
407.9205	DATA	{'pressed': False, 'port': 0, 'key': 1, 'time': 0}
408.1696	DATA	{'pressed': True, 'port': 0, 'key': 1, 'time': 0}
408.3687	DATA	{'pressed': False, 'port': 0, 'key': 1, 'time': 0}
409.2150	DATA	{'pressed': True, 'port': 0, 'key': 4, 'time': 0}
409.2318	DATA	{'pressed': False, 'port': 0, 'key': 4, 'time': 0}
409.3809	DATA	check
410.3934	DATA	check
411.4058	DATA	check
411.8211	DATA	{'pressed': True, 'port': 0, 'key': 4, 'time': 0}
411.8377	DATA	{'pressed': False, 'port': 0, 'key': 4, 'time': 0}
412.4183	DATA	check
412.4849	DATA	{'pressed': True, 'port': 0, 'key': 0, 'time': 0}
412.7007	DATA	{'pressed': False, 'port': 0, 'key': 0, 'time': 0}
413.0492	DATA	{'pressed': True, 'port': 0, 'key': 0, 'time': 0}
413.2483	DATA	{'pressed': False, 'port': 0, 'key': 0, 'time': 0}
413.4807	DATA	{'pressed': True, 'port': 0, 'key': 0, 'time': 0}
413.7131	DATA	{'pressed': False, 'port': 0, 'key': 0, 'time': 0}
413.8293	DATA	{'pressed': True, 'port': 0, 'key': 0, 'time': 0}
414.0119	DATA	{'pressed': False, 'port': 0, 'key': 0, 'time': 0}
414.1115	DATA	{'pressed': True, 'port': 0, 'key': 0, 'time': 0}
414.3273	DATA	{'pressed': False, 'port': 0, 'key': 0, 'time': 0}
414.4268	DATA	{'pressed': True, 'port': 0, 'key': 4, 'time': 0}
414.4434	DATA	{'pressed': False, 'port': 0, 'key': 4, 'time': 0}
415.0409	DATA	{'pressed': True, 'port': 0, 'key': 1, 'time': 0}
415.3231	DATA	{'pressed': False, 'port': 0, 'key': 1, 'time': 0}
416.3352	DATA	check
416.8667	DATA	{'pressed': True, 'port': 0, 'key': 1, 'time': 0}
416.8830	DATA	earn R
417.0161	DATA	{'pressed': True, 'port': 0, 'key': 4, 'time': 0}
417.0494	DATA	{'pressed': False, 'port': 0, 'key': 4, 'time': 0}
417.1987	DATA	{'pressed': False, 'port': 0, 'key': 1, 'time': 0}
418.9079	DATA	check
418.9079	DATA	free R
418.9082	DATA	{'pressed': True, 'port': 0, 'key': 1, 'time': 0}
419.2237	DATA	{'pressed': False, 'port': 0, 'key': 1, 'time': 0}
419.6218	DATA	{'pressed': True, 'port': 0, 'key': 4, 'time': 0}
419.6386	DATA	{'pressed': False, 'port': 0, 'key': 4, 'time': 0}
420.5678	DATA	{'pressed': True, 'port': 0, 'key': 1, 'time': 0}
420.9828	DATA	{'pressed': False, 'port': 0, 'key': 1, 'time': 0}
421.9951	DATA	check
421.9952	DATA	free R
422.1448	DATA	{'pressed': True, 'port': 0, 'key': 1, 'time': 0}
422.2277	DATA	{'pressed': True, 'port': 0, 'key': 4, 'time': 0}
422.2444	DATA	{'pressed': False, 'port': 0, 'key': 4, 'time': 0}
422.4768	DATA	{'pressed': False, 'port': 0, 'key': 1, 'time': 0}
423.7380	DATA	{'pressed': True, 'port': 0, 'key': 1, 'time': 0}
424.0036	DATA	{'pressed': False, 'port': 0, 'key': 1, 'time': 0}
424.4020	DATA	{'pressed': True, 'port': 0, 'key': 1, 'time': 0}
424.6840	DATA	{'pressed': False, 'port': 0, 'key': 1, 'time': 0}
424.8334	DATA	{'pressed': True, 'port': 0, 'key': 4, 'time': 0}
424.8501	DATA	{'pressed': False, 'port': 0, 'key': 4, 'time': 0}
425.0991	DATA	{'pressed': True, 'port': 0, 'key': 1, 'time': 0}
425.3646	DATA	{'pressed': False, 'port': 0, 'key': 1, 'time': 0}
426.3767	DATA	check
426.4435	DATA	{'pressed': True, 'port': 0, 'key': 0, 'time': 0}
426.4598	DATA	earn L
426.6760	DATA	{'pressed': False, 'port': 0, 'key': 0, 'time': 0}
427.4229	DATA	{'pressed': True, 'port': 0, 'key': 4, 'time': 0}
427.4561	DATA	{'pressed': False, 'port': 0, 'key': 4, 'time': 0}
428.4847	DATA	check
429.4972	DATA	check
429.4972	DATA	free R
430.0287	DATA	{'pressed': True, 'port': 0, 'key': 4, 'time': 0}
430.0453	DATA	{'pressed': False, 'port': 0, 'key': 4, 'time': 0}
430.2444	DATA	{'pressed': True, 'port': 0, 'key': 0, 'time': 0}
430.4934	DATA	{'pressed': False, 'port': 0, 'key': 0, 'time': 0}
431.0243	DATA	{'pressed': True, 'port': 0, 'key': 0, 'time': 0}
431.2567	DATA	{'pressed': False, 'port': 0, 'key': 0, 'time': 0}
431.7713	DATA	{'pressed': True, 'port': 0, 'key': 0, 'time': 0}
431.9870	DATA	{'pressed': False, 'port': 0, 'key': 0, 'time': 0}
432.6343	DATA	{'pressed': True, 'port': 0, 'key': 4, 'time': 0}
432.6509	DATA	{'pressed': False, 'port': 0, 'key': 4, 'time': 0}
432.9993	DATA	check
434.0117	DATA	check
434.0118	DATA	free R
435.1571	DATA	{'pressed': True, 'port': 0, 'key': 0, 'time': 0}
435.2401	DATA	{'pressed': True, 'port': 0, 'key': 4, 'time': 0}
435.2568	DATA	{'pressed': False, 'port': 0, 'key': 4, 'time': 0}
435.3730	DATA	{'pressed': False, 'port': 0, 'key': 0, 'time': 0}
435.9538	DATA	{'pressed': True, 'port': 0, 'key': 0, 'time': 0}
436.2194	DATA	{'pressed': False, 'port': 0, 'key': 0, 'time': 0}
436.9498	DATA	{'pressed': True, 'port': 0, 'key': 0, 'time': 0}
437.2152	DATA	{'pressed': False, 'port': 0, 'key': 0, 'time': 0}
437.8460	DATA	{'pressed': True, 'port': 0, 'key': 4, 'time': 0}
437.8627	DATA	{'pressed': False, 'port': 0, 'key': 4, 'time': 0}
438.2275	DATA	check
439.2400	DATA	check
440.2523	DATA	check
440.4351	DATA	{'pressed': True, 'port': 0, 'key': 4, 'time': 0}
440.4684	DATA	{'pressed': False, 'port': 0, 'key': 4, 'time': 0}
441.2648	DATA	check
442.2773	DATA	check
443.0408	DATA	{'pressed': True, 'port': 0, 'key': 4, 'time': 0}
443.0576	DATA	{'pressed': False, 'port': 0, 'key': 4, 'time': 0}
443.2897	DATA	check
443.2898	DATA	free R
444.3026	DATA	start rating A
444.5015	DATA	EmulatedKey: 0
446.7422	DATA	EmulatedKey: 1
454.2940	DATA	4.0
454.2940	DATA	end rating A
454.2945	DATA	start rating B
456.7175	DATA	EmulatedKey: 0
457.3811	DATA	EmulatedKey: 0
464.3023	DATA	2.0
464.3023	DATA	end rating B
465.3147	DATA	check
465.3814	DATA	{'pressed': True, 'port': 0, 'key': 0, 'time': 0}
465.5971	DATA	{'pressed': False, 'port': 0, 'key': 0, 'time': 0}
466.4601	DATA	{'pressed': True, 'port': 0, 'key': 4, 'time': 0}
466.4768	DATA	{'pressed': False, 'port': 0, 'key': 4, 'time': 0}
466.6093	DATA	check
467.6218	DATA	check
467.6883	DATA	{'pressed': True, 'port': 0, 'key': 1, 'time': 0}
467.8545	DATA	{'pressed': False, 'port': 0, 'key': 1, 'time': 0}
468.3855	DATA	{'pressed': True, 'port': 0, 'key': 1, 'time': 0}
468.5679	DATA	{'pressed': False, 'port': 0, 'key': 1, 'time': 0}
469.0660	DATA	{'pressed': True, 'port': 0, 'key': 1, 'time': 0}
469.0826	DATA	{'pressed': False, 'port': 0, 'key': 4, 'time': 0}
469.2818	DATA	{'pressed': False, 'port': 0, 'key': 1, 'time': 0}
470.0951	DATA	{'pressed': True, 'port': 0, 'key': 0, 'time': 0}
470.1114	DATA	earn L
470.3109	DATA	{'pressed': False, 'port': 0, 'key': 0, 'time': 0}
471.6718	DATA	{'pressed': True, 'port': 0, 'key': 4, 'time': 0}
471.6884	DATA	{'pressed': False, 'port': 0, 'key': 4, 'time': 0}
472.1363	DATA	check
472.1364	DATA	free R
474.1612	DATA	check
474.1613	DATA	free R
474.2710	DATA	{'pressed': True, 'port': 0, 'key': 4, 'time': 0}
474.2943	DATA	{'pressed': False, 'port': 0, 'key': 4, 'time': 0}
476.1861	DATA	check
476.1861	DATA	free R
476.8668	DATA	{'pressed': True, 'port': 0, 'key': 4, 'time': 0}
476.8836	DATA	{'pressed': False, 'port': 0, 'key': 4, 'time': 0}
478.2110	DATA	check
479.2233	DATA	check
479.4726	DATA	{'pressed': True, 'port': 0, 'key': 4, 'time': 0}
479.4893	DATA	{'pressed': False, 'port': 0, 'key': 4, 'time': 0}
480.2359	DATA	check
480.2359	DATA	free R
482.0784	DATA	{'pressed': True, 'port': 0, 'key': 4, 'time': 0}
482.0950	DATA	{'pressed': False, 'port': 0, 'key': 4, 'time': 0}
482.2608	DATA	check
483.2733	DATA	check
484.2857	DATA	check
484.2858	DATA	free R
484.6677	DATA	{'pressed': True, 'port': 0, 'key': 4, 'time': 0}
484.7011	DATA	{'pressed': False, 'port': 0, 'key': 4, 'time': 0}
486.3106	DATA	check
487.2734	DATA	{'pressed': True, 'port': 0, 'key': 4, 'time': 0}
487.2901	DATA	{'pressed': False, 'port': 0, 'key': 4, 'time': 0}
487.3231	DATA	check
488.3355	DATA	check
489.3478	DATA	check
489.8792	DATA	{'pressed': True, 'port': 0, 'key': 4, 'time': 0}
489.8959	DATA	{'pressed': False, 'port': 0, 'key': 4, 'time': 0}
490.3603	DATA	check
490.3604	DATA	free R
490.5435	DATA	{'pressed': True, 'port': 0, 'key': 0, 'time': 0}
490.8091	DATA	{'pressed': False, 'port': 0, 'key': 0, 'time': 0}
491.3234	DATA	{'pressed': True, 'port': 0, 'key': 0, 'time': 0}
491.5723	DATA	{'pressed': False, 'port': 0, 'key': 0, 'time': 0}
492.0868	DATA	{'pressed': True, 'port': 0, 'key': 1, 'time': 0}
492.3192	DATA	{'pressed': False, 'port': 0, 'key': 1, 'time': 0}
492.4852	DATA	{'pressed': True, 'port': 0, 'key': 4, 'time': 0}
492.5016	DATA	{'pressed': False, 'port': 0, 'key': 4, 'time': 0}
492.5183	DATA	{'pressed': True, 'port': 0, 'key': 1, 'time': 0}
492.6675	DATA	{'pressed': False, 'port': 0, 'key': 1, 'time': 0}
492.8171	DATA	{'pressed': True, 'port': 0, 'key': 1, 'time': 0}
492.9832	DATA	{'pressed': False, 'port': 0, 'key': 1, 'time': 0}
493.1490	DATA	{'pressed': True, 'port': 0, 'key': 1, 'time': 0}
493.3316	DATA	{'pressed': False, 'port': 0, 'key': 1, 'time': 0}
493.9292	DATA	{'pressed': True, 'port': 0, 'key': 0, 'time': 0}
494.1615	DATA	{'pressed': False, 'port': 0, 'key': 0, 'time': 0}
495.0743	DATA	{'pressed': True, 'port': 0, 'key': 4, 'time': 0}
495.1074	DATA	{'pressed': False, 'port': 0, 'key': 4, 'time': 0}
495.1737	DATA	check
496.1860	DATA	check
497.1985	DATA	check
497.3482	DATA	{'pressed': True, 'port': 0, 'key': 0, 'time': 0}
497.3646	DATA	earn L
497.5640	DATA	{'pressed': False, 'port': 0, 'key': 0, 'time': 0}
497.6803	DATA	{'pressed': True, 'port': 0, 'key': 4, 'time': 0}
497.7134	DATA	{'pressed': False, 'port': 0, 'key': 4, 'time': 0}
498.2613	DATA	{'pressed': True, 'port': 0, 'key': 0, 'time': 0}
498.5931	DATA	{'pressed': False, 'port': 0, 'key': 0, 'time': 0}
499.3234	DATA	{'pressed': True, 'port': 0, 'key': 0, 'time': 0}
499.3895	DATA	earn L
499.6554	DATA	{'pressed': False, 'port': 0, 'key': 0, 'time': 0}
500.2860	DATA	{'pressed': True, 'port': 0, 'key': 4, 'time': 0}
500.3027	DATA	{'pressed': False, 'port': 0, 'key': 4, 'time': 0}
501.4144	DATA	check
502.4269	DATA	check
502.8917	DATA	{'pressed': True, 'port': 0, 'key': 4, 'time': 0}
502.9084	DATA	{'pressed': False, 'port': 0, 'key': 4, 'time': 0}
503.4393	DATA	check
503.4393	DATA	free R
505.4642	DATA	check
505.4976	DATA	{'pressed': True, 'port': 0, 'key': 4, 'time': 0}
505.5143	DATA	{'pressed': False, 'port': 0, 'key': 4, 'time': 0}
506.4767	DATA	check
506.4767	DATA	free R
508.0867	DATA	{'pressed': True, 'port': 0, 'key': 4, 'time': 0}
508.1201	DATA	{'pressed': False, 'port': 0, 'key': 4, 'time': 0}
508.5016	DATA	check
508.5016	DATA	free R
510.5265	DATA	check
510.5265	DATA	free R
510.6928	DATA	{'pressed': True, 'port': 0, 'key': 4, 'time': 0}
510.7094	DATA	{'pressed': False, 'port': 0, 'key': 4, 'time': 0}
512.5514	DATA	check
513.2985	DATA	{'pressed': True, 'port': 0, 'key': 4, 'time': 0}
513.3151	DATA	{'pressed': False, 'port': 0, 'key': 4, 'time': 0}
513.5638	DATA	check
514.5761	DATA	check
514.5762	DATA	free R
515.9043	DATA	{'pressed': True, 'port': 0, 'key': 4, 'time': 0}
515.9209	DATA	{'pressed': False, 'port': 0, 'key': 4, 'time': 0}
516.6012	DATA	check
516.6013	DATA	free R
516.8671	DATA	{'pressed': True, 'port': 0, 'key': 0, 'time': 0}
516.9999	DATA	{'pressed': False, 'port': 0, 'key': 0, 'time': 0}
517.3817	DATA	{'pressed': True, 'port': 0, 'key': 0, 'time': 0}
517.5311	DATA	{'pressed': False, 'port': 0, 'key': 0, 'time': 0}
517.7964	DATA	{'pressed': True, 'port': 0, 'key': 0, 'time': 0}
517.9291	DATA	{'pressed': False, 'port': 0, 'key': 0, 'time': 0}
518.4935	DATA	{'pressed': True, 'port': 0, 'key': 4, 'time': 0}
518.5267	DATA	{'pressed': False, 'port': 0, 'key': 4, 'time': 0}
518.9414	DATA	check
518.9414	DATA	free R
520.9663	DATA	check
521.0992	DATA	{'pressed': True, 'port': 0, 'key': 4, 'time': 0}
521.1159	DATA	{'pressed': False, 'port': 0, 'key': 4, 'time': 0}
521.9623	DATA	{'pressed': True, 'port': 0, 'key': 1, 'time': 0}
522.2612	DATA	{'pressed': False, 'port': 0, 'key': 1, 'time': 0}
522.7257	DATA	{'pressed': True, 'port': 0, 'key': 1, 'time': 0}
523.0247	DATA	{'pressed': False, 'port': 0, 'key': 1, 'time': 0}
523.4229	DATA	{'pressed': True, 'port': 0, 'key': 0, 'time': 0}
523.6221	DATA	{'pressed': False, 'port': 0, 'key': 0, 'time': 0}
523.7051	DATA	{'pressed': True, 'port': 0, 'key': 4, 'time': 0}
523.7218	DATA	{'pressed': False, 'port': 0, 'key': 4, 'time': 0}
523.9375	DATA	{'pressed': True, 'port': 0, 'key': 0, 'time': 0}
524.1034	DATA	{'pressed': False, 'port': 0, 'key': 0, 'time': 0}
525.1157	DATA	check
525.6636	DATA	{'pressed': True, 'port': 0, 'key': 0, 'time': 0}
525.8295	DATA	{'pressed': False, 'port': 0, 'key': 0, 'time': 0}
526.3108	DATA	{'pressed': True, 'port': 0, 'key': 4, 'time': 0}
526.3275	DATA	{'pressed': False, 'port': 0, 'key': 4, 'time': 0}
526.7757	DATA	{'pressed': True, 'port': 0, 'key': 1, 'time': 0}
527.0578	DATA	{'pressed': False, 'port': 0, 'key': 1, 'time': 0}
528.0701	DATA	check
528.9000	DATA	{'pressed': True, 'port': 0, 'key': 4, 'time': 0}
528.9333	DATA	{'pressed': False, 'port': 0, 'key': 4, 'time': 0}
529.0825	DATA	check
529.0826	DATA	free R
531.1075	DATA	check
531.5058	DATA	{'pressed': True, 'port': 0, 'key': 4, 'time': 0}
531.5227	DATA	{'pressed': False, 'port': 0, 'key': 4, 'time': 0}
532.1198	DATA	check
533.1324	DATA	check
533.7135	DATA	{'pressed': True, 'port': 0, 'key': 1, 'time': 0}
533.9790	DATA	{'pressed': False, 'port': 0, 'key': 1, 'time': 0}
534.1117	DATA	{'pressed': True, 'port': 0, 'key': 4, 'time': 0}
534.1284	DATA	{'pressed': False, 'port': 0, 'key': 4, 'time': 0}
534.3941	DATA	{'pressed': True, 'port': 0, 'key': 1, 'time': 0}
534.6429	DATA	{'pressed': False, 'port': 0, 'key': 1, 'time': 0}
535.4064	DATA	{'pressed': True, 'port': 0, 'key': 0, 'time': 0}
535.6388	DATA	{'pressed': False, 'port': 0, 'key': 0, 'time': 0}
536.2031	DATA	{'pressed': True, 'port': 0, 'key': 0, 'time': 0}
536.4352	DATA	earn L
536.4354	DATA	{'pressed': False, 'port': 0, 'key': 0, 'time': 0}
536.7177	DATA	{'pressed': True, 'port': 0, 'key': 4, 'time': 0}
536.7345	DATA	{'pressed': False, 'port': 0, 'key': 4, 'time': 0}
538.3774	DATA	{'pressed': True, 'port': 0, 'key': 0, 'time': 0}
538.5766	DATA	{'pressed': False, 'port': 0, 'key': 0, 'time': 0}
539.3070	DATA	{'pressed': True, 'port': 0, 'key': 1, 'time': 0}
539.3235	DATA	{'pressed': True, 'port': 0, 'key': 4, 'time': 0}
539.3399	DATA	{'pressed': False, 'port': 0, 'key': 4, 'time': 0}
539.4895	DATA	{'pressed': False, 'port': 0, 'key': 1, 'time': 0}
540.5016	DATA	check
541.5141	DATA	check
541.9128	DATA	{'pressed': True, 'port': 0, 'key': 4, 'time': 0}
541.9459	DATA	{'pressed': False, 'port': 0, 'key': 4, 'time': 0}
542.5265	DATA	check
543.5391	DATA	check
544.5183	DATA	{'pressed': True, 'port': 0, 'key': 4, 'time': 0}
544.5351	DATA	{'pressed': False, 'port': 0, 'key': 4, 'time': 0}
544.5514	DATA	check
545.5639	DATA	check
545.5639	DATA	free R
547.1242	DATA	{'pressed': True, 'port': 0, 'key': 4, 'time': 0}
547.1408	DATA	{'pressed': False, 'port': 0, 'key': 4, 'time': 0}
547.5888	DATA	check
548.6013	DATA	check
549.6137	DATA	check
549.7302	DATA	{'pressed': True, 'port': 0, 'key': 4, 'time': 0}
549.7467	DATA	{'pressed': False, 'port': 0, 'key': 4, 'time': 0}
550.6262	DATA	check
551.6386	DATA	check
552.3192	DATA	{'pressed': True, 'port': 0, 'key': 4, 'time': 0}
552.3526	DATA	{'pressed': False, 'port': 0, 'key': 4, 'time': 0}
552.4687	DATA	{'pressed': True, 'port': 0, 'key': 1, 'time': 0}
552.6677	DATA	{'pressed': False, 'port': 0, 'key': 1, 'time': 0}
552.8339	DATA	{'pressed': True, 'port': 0, 'key': 1, 'time': 0}
552.9998	DATA	{'pressed': False, 'port': 0, 'key': 1, 'time': 0}
553.2322	DATA	{'pressed': True, 'port': 0, 'key': 0, 'time': 0}
553.4314	DATA	{'pressed': False, 'port': 0, 'key': 0, 'time': 0}
553.7633	DATA	{'pressed': True, 'port': 0, 'key': 0, 'time': 0}
553.9625	DATA	{'pressed': False, 'port': 0, 'key': 0, 'time': 0}
554.1451	DATA	{'pressed': True, 'port': 0, 'key': 0, 'time': 0}
554.3110	DATA	{'pressed': False, 'port': 0, 'key': 0, 'time': 0}
554.5599	DATA	{'pressed': True, 'port': 0, 'key': 0, 'time': 0}
554.8753	DATA	{'pressed': False, 'port': 0, 'key': 0, 'time': 0}
554.9253	DATA	{'pressed': True, 'port': 0, 'key': 4, 'time': 0}
554.9418	DATA	{'pressed': False, 'port': 0, 'key': 4, 'time': 0}
555.4563	DATA	{'pressed': True, 'port': 0, 'key': 0, 'time': 0}
555.8048	DATA	{'pressed': False, 'port': 0, 'key': 0, 'time': 0}
556.8171	DATA	check
557.2820	DATA	{'pressed': True, 'port': 0, 'key': 1, 'time': 0}
557.4976	DATA	{'pressed': False, 'port': 0, 'key': 1, 'time': 0}
557.5309	DATA	{'pressed': True, 'port': 0, 'key': 4, 'time': 0}
557.5476	DATA	{'pressed': False, 'port': 0, 'key': 4, 'time': 0}
558.5100	DATA	check
559.5225	DATA	check
560.1368	DATA	{'pressed': True, 'port': 0, 'key': 4, 'time': 0}
560.1534	DATA	{'pressed': False, 'port': 0, 'key': 4, 'time': 0}
560.5349	DATA	check
561.5474	DATA	check
562.5598	DATA	check
562.7258	DATA	{'pressed': True, 'port': 0, 'key': 4, 'time': 0}
562.7590	DATA	{'pressed': False, 'port': 0, 'key': 4, 'time': 0}
563.5723	DATA	check
564.5847	DATA	check
565.3319	DATA	{'pressed': True, 'port': 0, 'key': 4, 'time': 0}
565.3485	DATA	{'pressed': False, 'port': 0, 'key': 4, 'time': 0}
565.5972	DATA	check
565.5972	DATA	free R
567.4564	DATA	{'pressed': True, 'port': 0, 'key': 1, 'time': 0}
567.7053	DATA	{'pressed': False, 'port': 0, 'key': 1, 'time': 0}
567.9375	DATA	{'pressed': True, 'port': 0, 'key': 4, 'time': 0}
567.9542	DATA	{'pressed': False, 'port': 0, 'key': 4, 'time': 0}
568.2198	DATA	{'pressed': True, 'port': 0, 'key': 1, 'time': 0}
568.4189	DATA	{'pressed': False, 'port': 0, 'key': 1, 'time': 0}
569.0000	DATA	{'pressed': True, 'port': 0, 'key': 0, 'time': 0}
569.2488	DATA	{'pressed': False, 'port': 0, 'key': 0, 'time': 0}
569.9626	DATA	{'pressed': True, 'port': 0, 'key': 0, 'time': 0}
570.1783	DATA	{'pressed': False, 'port': 0, 'key': 0, 'time': 0}
570.5435	DATA	{'pressed': True, 'port': 0, 'key': 4, 'time': 0}
570.5601	DATA	{'pressed': False, 'port': 0, 'key': 4, 'time': 0}
570.8920	DATA	{'pressed': True, 'port': 0, 'key': 0, 'time': 0}
571.1409	DATA	{'pressed': False, 'port': 0, 'key': 0, 'time': 0}
571.8711	DATA	{'pressed': True, 'port': 0, 'key': 0, 'time': 0}
572.0704	DATA	{'pressed': False, 'port': 0, 'key': 0, 'time': 0}
572.6181	DATA	{'pressed': True, 'port': 0, 'key': 0, 'time': 0}
572.8672	DATA	{'pressed': False, 'port': 0, 'key': 0, 'time': 0}
573.1493	DATA	{'pressed': True, 'port': 0, 'key': 4, 'time': 0}
573.1659	DATA	{'pressed': False, 'port': 0, 'key': 4, 'time': 0}
573.8793	DATA	check
574.1286	DATA	{'pressed': True, 'port': 0, 'key': 1, 'time': 0}
574.3277	DATA	{'pressed': False, 'port': 0, 'key': 1, 'time': 0}
575.3400	DATA	check
575.3734	DATA	{'pressed': True, 'port': 0, 'key': 1, 'time': 0}
575.6058	DATA	{'pressed': False, 'port': 0, 'key': 1, 'time': 0}
575.7384	DATA	{'pressed': True, 'port': 0, 'key': 4, 'time': 0}
575.7717	DATA	{'pressed': False, 'port': 0, 'key': 4, 'time': 0}
576.5352	DATA	{'pressed': True, 'port': 0, 'key': 1, 'time': 0}
576.7177	DATA	{'pressed': False, 'port': 0, 'key': 1, 'time': 0}
577.1826	DATA	{'pressed': True, 'port': 0, 'key': 1, 'time': 0}
577.4481	DATA	{'pressed': False, 'port': 0, 'key': 1, 'time': 0}
578.3442	DATA	{'pressed': True, 'port': 0, 'key': 4, 'time': 0}
578.3609	DATA	{'pressed': False, 'port': 0, 'key': 4, 'time': 0}
578.4603	DATA	check
578.4605	DATA	{'pressed': True, 'port': 0, 'key': 0, 'time': 0}
578.7925	DATA	{'pressed': False, 'port': 0, 'key': 0, 'time': 0}
579.3902	DATA	{'pressed': True, 'port': 0, 'key': 0, 'time': 0}
579.4893	DATA	earn L
579.6558	DATA	{'pressed': False, 'port': 0, 'key': 0, 'time': 0}
580.9500	DATA	{'pressed': True, 'port': 0, 'key': 4, 'time': 0}
580.9667	DATA	{'pressed': False, 'port': 0, 'key': 4, 'time': 0}
581.3650	DATA	{'pressed': True, 'port': 0, 'key': 0, 'time': 0}
581.5142	DATA	earn L
581.6184	DATA	{'pressed': False, 'port': 0, 'key': 0, 'time': 0}
583.3236	DATA	{'pressed': True, 'port': 0, 'key': 0, 'time': 0}
583.5061	DATA	{'pressed': False, 'port': 0, 'key': 0, 'time': 0}
583.5559	DATA	{'pressed': True, 'port': 0, 'key': 4, 'time': 0}
583.5724	DATA	{'pressed': False, 'port': 0, 'key': 4, 'time': 0}
583.8546	DATA	{'pressed': True, 'port': 0, 'key': 0, 'time': 0}
584.0374	DATA	{'pressed': False, 'port': 0, 'key': 0, 'time': 0}
584.5518	DATA	{'pressed': True, 'port': 0, 'key': 1, 'time': 0}
584.6846	DATA	{'pressed': False, 'port': 0, 'key': 1, 'time': 0}
585.6967	DATA	check
586.1452	DATA	{'pressed': True, 'port': 0, 'key': 4, 'time': 0}
586.1783	DATA	{'pressed': False, 'port': 0, 'key': 4, 'time': 0}
586.7091	DATA	check
586.7092	DATA	free R
587.7222	DATA	start rating A
593.1824	DATA	EmulatedKey: 1
597.7135	DATA	5.0
597.7135	DATA	end rating A
597.7137	DATA	start rating B
598.5268	DATA	EmulatedKey: 0
598.7760	DATA	EmulatedKey: 0
598.9915	DATA	EmulatedKey: 0
600.7511	DATA	EmulatedKey: 0
607.7218	DATA	1.0
607.7218	DATA	end rating B
608.7342	DATA	check
608.7511	DATA	{'pressed': True, 'port': 0, 'key': 1, 'time': 0}
608.9502	DATA	{'pressed': False, 'port': 0, 'key': 1, 'time': 0}
609.5642	DATA	{'pressed': True, 'port': 0, 'key': 4, 'time': 0}
609.5976	DATA	{'pressed': False, 'port': 0, 'key': 4, 'time': 0}
609.8133	DATA	{'pressed': True, 'port': 0, 'key': 1, 'time': 0}
610.0623	DATA	{'pressed': False, 'port': 0, 'key': 1, 'time': 0}
610.8424	DATA	{'pressed': True, 'port': 0, 'key': 0, 'time': 0}
610.8587	DATA	earn L
611.0915	DATA	{'pressed': False, 'port': 0, 'key': 0, 'time': 0}
612.1699	DATA	{'pressed': True, 'port': 0, 'key': 4, 'time': 0}
612.1868	DATA	{'pressed': False, 'port': 0, 'key': 4, 'time': 0}
612.7511	DATA	{'pressed': True, 'port': 0, 'key': 0, 'time': 0}
612.9669	DATA	{'pressed': False, 'port': 0, 'key': 0, 'time': 0}
613.7137	DATA	{'pressed': True, 'port': 0, 'key': 1, 'time': 0}
613.9959	DATA	{'pressed': False, 'port': 0, 'key': 1, 'time': 0}
614.5270	DATA	{'pressed': True, 'port': 0, 'key': 1, 'time': 0}
614.7758	DATA	{'pressed': False, 'port': 0, 'key': 1, 'time': 0}
614.7925	DATA	{'pressed': True, 'port': 0, 'key': 4, 'time': 0}
614.8092	DATA	{'pressed': False, 'port': 0, 'key': 4, 'time': 0}
615.1245	DATA	{'pressed': True, 'port': 0, 'key': 1, 'time': 0}
615.4067	DATA	{'pressed': False, 'port': 0, 'key': 1, 'time': 0}
615.9875	DATA	{'pressed': True, 'port': 0, 'key': 1, 'time': 0}
616.1369	DATA	{'pressed': False, 'port': 0, 'key': 1, 'time': 0}
616.5188	DATA	{'pressed': True, 'port': 0, 'key': 1, 'time': 0}
616.5351	DATA	earn R
616.7180	DATA	{'pressed': False, 'port': 0, 'key': 1, 'time': 0}
617.3819	DATA	{'pressed': True, 'port': 0, 'key': 4, 'time': 0}
617.3985	DATA	{'pressed': False, 'port': 0, 'key': 4, 'time': 0}
618.5599	DATA	check
618.5599	DATA	free L
619.9709	DATA	{'pressed': True, 'port': 0, 'key': 4, 'time': 0}
620.0042	DATA	{'pressed': False, 'port': 0, 'key': 4, 'time': 0}
620.5849	DATA	check
620.6516	DATA	{'pressed': True, 'port': 0, 'key': 1, 'time': 0}
620.6679	DATA	earn R
620.8675	DATA	{'pressed': False, 'port': 0, 'key': 1, 'time': 0}
621.5479	DATA	{'pressed': True, 'port': 0, 'key': 1, 'time': 0}
621.7469	DATA	{'pressed': False, 'port': 0, 'key': 1, 'time': 0}
622.3445	DATA	{'pressed': True, 'port': 0, 'key': 0, 'time': 0}
622.5769	DATA	{'pressed': False, 'port': 0, 'key': 0, 'time': 0}
622.5933	DATA	{'pressed': True, 'port': 0, 'key': 4, 'time': 0}
622.6101	DATA	{'pressed': False, 'port': 0, 'key': 4, 'time': 0}
623.5726	DATA	{'pressed': True, 'port': 0, 'key': 0, 'time': 0}
623.7883	DATA	{'pressed': False, 'port': 0, 'key': 0, 'time': 0}
624.2864	DATA	{'pressed': True, 'port': 0, 'key': 0, 'time': 0}
624.6516	DATA	{'pressed': False, 'port': 0, 'key': 0, 'time': 0}
625.1825	DATA	{'pressed': True, 'port': 0, 'key': 4, 'time': 0}
625.1992	DATA	{'pressed': False, 'port': 0, 'key': 4, 'time': 0}
625.6637	DATA	check
626.6762	DATA	check
626.6762	DATA	free L
627.7885	DATA	{'pressed': True, 'port': 0, 'key': 4, 'time': 0}
627.8049	DATA	{'pressed': False, 'port': 0, 'key': 4, 'time': 0}
628.7011	DATA	check
629.7135	DATA	check
629.7136	DATA	free L
630.3944	DATA	{'pressed': True, 'port': 0, 'key': 4, 'time': 0}
630.4109	DATA	{'pressed': False, 'port': 0, 'key': 4, 'time': 0}
630.4277	DATA	{'pressed': True, 'port': 0, 'key': 0, 'time': 0}
630.6599	DATA	{'pressed': False, 'port': 0, 'key': 0, 'time': 0}
631.4067	DATA	{'pressed': True, 'port': 0, 'key': 0, 'time': 0}
631.6059	DATA	{'pressed': False, 'port': 0, 'key': 0, 'time': 0}
632.2698	DATA	{'pressed': True, 'port': 0, 'key': 1, 'time': 0}
632.5685	DATA	{'pressed': False, 'port': 0, 'key': 1, 'time': 0}
632.9833	DATA	{'pressed': True, 'port': 0, 'key': 4, 'time': 0}
633.0001	DATA	{'pressed': False, 'port': 0, 'key': 4, 'time': 0}
633.0664	DATA	{'pressed': True, 'port': 0, 'key': 1, 'time': 0}
633.3652	DATA	{'pressed': False, 'port': 0, 'key': 1, 'time': 0}
634.3774	DATA	check
634.5767	DATA	{'pressed': True, 'port': 0, 'key': 1, 'time': 0}
634.9255	DATA	{'pressed': False, 'port': 0, 'key': 1, 'time': 0}
635.5893	DATA	{'pressed': True, 'port': 0, 'key': 4, 'time': 0}
635.6059	DATA	{'pressed': False, 'port': 0, 'key': 4, 'time': 0}
635.9375	DATA	check
636.9501	DATA	check
637.3320	DATA	{'pressed': True, 'port': 0, 'key': 1, 'time': 0}
637.8466	DATA	{'pressed': False, 'port': 0, 'key': 1, 'time': 0}
638.0624	DATA	{'pressed': True, 'port': 0, 'key': 1, 'time': 0}
638.1951	DATA	{'pressed': True, 'port': 0, 'key': 4, 'time': 0}
638.2117	DATA	{'pressed': False, 'port': 0, 'key': 4, 'time': 0}
638.4274	DATA	{'pressed': False, 'port': 0, 'key': 1, 'time': 0}
638.8923	DATA	{'pressed': True, 'port': 0, 'key': 1, 'time': 0}
639.2407	DATA	{'pressed': False, 'port': 0, 'key': 1, 'time': 0}
640.2530	DATA	check
640.2531	DATA	free L
640.8011	DATA	{'pressed': True, 'port': 0, 'key': 4, 'time': 0}
640.8177	DATA	{'pressed': False, 'port': 0, 'key': 4, 'time': 0}
642.2779	DATA	check
642.4774	DATA	{'pressed': True, 'port': 0, 'key': 0, 'time': 0}
642.7262	DATA	{'pressed': False, 'port': 0, 'key': 0, 'time': 0}
643.3404	DATA	{'pressed': True, 'port': 0, 'key': 0, 'time': 0}
643.3901	DATA	{'pressed': True, 'port': 0, 'key': 4, 'time': 0}
643.4233	DATA	{'pressed': False, 'port': 0, 'key': 4, 'time': 0}
643.5894	DATA	{'pressed': False, 'port': 0, 'key': 0, 'time': 0}
644.6016	DATA	check
644.6016	DATA	free L
644.7681	DATA	{'pressed': True, 'port': 0, 'key': 0, 'time': 0}
645.0334	DATA	{'pressed': False, 'port': 0, 'key': 0, 'time': 0}
645.9957	DATA	{'pressed': True, 'port': 0, 'key': 4, 'time': 0}
646.0125	DATA	{'pressed': False, 'port': 0, 'key': 4, 'time': 0}
646.6265	DATA	check
647.6390	DATA	check
648.6017	DATA	{'pressed': True, 'port': 0, 'key': 4, 'time': 0}
648.6183	DATA	{'pressed': False, 'port': 0, 'key': 4, 'time': 0}
648.6514	DATA	check
649.6638	DATA	check
650.6763	DATA	check
651.2076	DATA	{'pressed': True, 'port': 0, 'key': 4, 'time': 0}
651.2242	DATA	{'pressed': False, 'port': 0, 'key': 4, 'time': 0}
651.6887	DATA	check
652.7012	DATA	check
653.7136	DATA	check
653.7968	DATA	{'pressed': True, 'port': 0, 'key': 4, 'time': 0}
653.8301	DATA	{'pressed': False, 'port': 0, 'key': 4, 'time': 0}
654.4940	DATA	{'pressed': True, 'port': 0, 'key': 0, 'time': 0}
654.5103	DATA	earn L
654.7430	DATA	{'pressed': False, 'port': 0, 'key': 0, 'time': 0}
655.6060	DATA	{'pressed': True, 'port': 0, 'key': 0, 'time': 0}
655.8384	DATA	{'pressed': False, 'port': 0, 'key': 0, 'time': 0}
656.2201	DATA	{'pressed': True, 'port': 0, 'key': 0, 'time': 0}
656.4026	DATA	{'pressed': True, 'port': 0, 'key': 4, 'time': 0}
656.4191	DATA	{'pressed': False, 'port': 0, 'key': 4, 'time': 0}
656.5352	DATA	earn L
656.5355	DATA	{'pressed': False, 'port': 0, 'key': 0, 'time': 0}
656.7680	DATA	{'pressed': True, 'port': 0, 'key': 0, 'time': 0}
657.0336	DATA	{'pressed': False, 'port': 0, 'key': 0, 'time': 0}
658.5601	DATA	check
659.0083	DATA	{'pressed': True, 'port': 0, 'key': 4, 'time': 0}
659.0250	DATA	{'pressed': False, 'port': 0, 'key': 4, 'time': 0}
659.5726	DATA	check
659.9380	DATA	{'pressed': True, 'port': 0, 'key': 0, 'time': 0}
660.1370	DATA	{'pressed': False, 'port': 0, 'key': 0, 'time': 0}
660.9670	DATA	{'pressed': True, 'port': 0, 'key': 1, 'time': 0}
661.2324	DATA	{'pressed': False, 'port': 0, 'key': 1, 'time': 0}
661.6143	DATA	{'pressed': True, 'port': 0, 'key': 4, 'time': 0}
661.6309	DATA	{'pressed': False, 'port': 0, 'key': 4, 'time': 0}
661.7472	DATA	{'pressed': True, 'port': 0, 'key': 1, 'time': 0}
662.1123	DATA	{'pressed': False, 'port': 0, 'key': 1, 'time': 0}
662.8923	DATA	{'pressed': True, 'port': 0, 'key': 1, 'time': 0}
663.1745	DATA	{'pressed': False, 'port': 0, 'key': 1, 'time': 0}
664.1867	DATA	check
664.2034	DATA	{'pressed': True, 'port': 0, 'key': 4, 'time': 0}
664.2366	DATA	{'pressed': False, 'port': 0, 'key': 4, 'time': 0}
664.8507	DATA	{'pressed': True, 'port': 0, 'key': 1, 'time': 0}
665.0997	DATA	{'pressed': False, 'port': 0, 'key': 1, 'time': 0}
665.7305	DATA	{'pressed': True, 'port': 0, 'key': 1, 'time': 0}
665.9297	DATA	{'pressed': False, 'port': 0, 'key': 1, 'time': 0}
666.8092	DATA	{'pressed': True, 'port': 0, 'key': 4, 'time': 0}
666.8260	DATA	{'pressed': False, 'port': 0, 'key': 4, 'time': 0}
666.9418	DATA	check
667.9544	DATA	check
668.9667	DATA	check
669.4150	DATA	{'pressed': True, 'port': 0, 'key': 4, 'time': 0}
669.4316	DATA	{'pressed': False, 'port': 0, 'key': 4, 'time': 0}
669.9792	DATA	check
669.9793	DATA	free L
672.0042	DATA	check
672.0209	DATA	{'pressed': True, 'port': 0, 'key': 4, 'time': 0}
672.0376	DATA	{'pressed': False, 'port': 0, 'key': 4, 'time': 0}
673.0164	DATA	check
674.0290	DATA	check
674.6266	DATA	{'pressed': True, 'port': 0, 'key': 4, 'time': 0}
674.6434	DATA	{'pressed': False, 'port': 0, 'key': 4, 'time': 0}
674.8757	DATA	{'pressed': True, 'port': 0, 'key': 1, 'time': 0}
674.8921	DATA	earn R
675.0585	DATA	{'pressed': False, 'port': 0, 'key': 1, 'time': 0}
676.4193	DATA	{'pressed': True, 'port': 0, 'key': 1, 'time': 0}
676.6019	DATA	{'pressed': False, 'port': 0, 'key': 1, 'time': 0}
677.2160	DATA	{'pressed': True, 'port': 0, 'key': 4, 'time': 0}
677.2492	DATA	{'pressed': False, 'port': 0, 'key': 4, 'time': 0}
677.4484	DATA	{'pressed': True, 'port': 0, 'key': 0, 'time': 0}
677.6973	DATA	{'pressed': False, 'port': 0, 'key': 0, 'time': 0}
678.4443	DATA	{'pressed': True, 'port': 0, 'key': 0, 'time': 0}
678.6268	DATA	{'pressed': False, 'port': 0, 'key': 0, 'time': 0}
679.2907	DATA	{'pressed': True, 'port': 0, 'key': 0, 'time': 0}
679.5397	DATA	{'pressed': False, 'port': 0, 'key': 0, 'time': 0}
679.8216	DATA	{'pressed': True, 'port': 0, 'key': 4, 'time': 0}
679.8385	DATA	{'pressed': False, 'port': 0, 'key': 4, 'time': 0}
680.1870	DATA	{'pressed': True, 'port': 0, 'key': 1, 'time': 0}
680.3695	DATA	{'pressed': False, 'port': 0, 'key': 1, 'time': 0}
681.3817	DATA	check
681.6808	DATA	{'pressed': True, 'port': 0, 'key': 1, 'time': 0}
681.7970	DATA	{'pressed': False, 'port': 0, 'key': 1, 'time': 0}
682.4274	DATA	{'pressed': True, 'port': 0, 'key': 4, 'time': 0}
682.4442	DATA	{'pressed': False, 'port': 0, 'key': 4, 'time': 0}
682.8092	DATA	check
683.8216	DATA	check
684.8339	DATA	check
684.8339	DATA	free L
685.0336	DATA	{'pressed': True, 'port': 0, 'key': 4, 'time': 0}
685.0502	DATA	{'pressed': False, 'port': 0, 'key': 4, 'time': 0}
686.8589	DATA	check
687.6227	DATA	{'pressed': True, 'port': 0, 'key': 4, 'time': 0}
687.6558	DATA	{'pressed': False, 'port': 0, 'key': 4, 'time': 0}
687.8714	DATA	check
688.8838	DATA	check
689.8963	DATA	check
690.2284	DATA	{'pressed': True, 'port': 0, 'key': 4, 'time': 0}
690.2450	DATA	{'pressed': False, 'port': 0, 'key': 4, 'time': 0}
690.9087	DATA	check
691.9212	DATA	check
692.8341	DATA	{'pressed': True, 'port': 0, 'key': 4, 'time': 0}
692.8509	DATA	{'pressed': False, 'port': 0, 'key': 4, 'time': 0}
692.9336	DATA	check
693.9461	DATA	check
694.3281	DATA	{'pressed': True, 'port': 0, 'key': 1, 'time': 0}
694.5439	DATA	{'pressed': False, 'port': 0, 'key': 1, 'time': 0}
694.9256	DATA	{'pressed': True, 'port': 0, 'key': 1, 'time': 0}
695.0751	DATA	{'pressed': False, 'port': 0, 'key': 1, 'time': 0}
695.4400	DATA	{'pressed': True, 'port': 0, 'key': 4, 'time': 0}
695.4568	DATA	{'pressed': False, 'port': 0, 'key': 4, 'time': 0}
696.0870	DATA	check
697.0996	DATA	check
698.0459	DATA	{'pressed': True, 'port': 0, 'key': 4, 'time': 0}
698.0626	DATA	{'pressed': False, 'port': 0, 'key': 4, 'time': 0}
698.1120	DATA	check
699.1246	DATA	check
699.1746	DATA	{'pressed': True, 'port': 0, 'key': 0, 'time': 0}
699.1909	DATA	earn L
699.3905	DATA	{'pressed': False, 'port': 0, 'key': 0, 'time': 0}
700.6351	DATA	{'pressed': True, 'port': 0, 'key': 4, 'time': 0}
700.6519	DATA	{'pressed': False, 'port': 0, 'key': 4, 'time': 0}
701.2158	DATA	check
702.0957	DATA	{'pressed': True, 'port': 0, 'key': 0, 'time': 0}
702.3282	DATA	{'pressed': False, 'port': 0, 'key': 0, 'time': 0}
702.6601	DATA	{'pressed': True, 'port': 0, 'key': 0, 'time': 0}
702.8593	DATA	{'pressed': False, 'port': 0, 'key': 0, 'time': 0}
703.2409	DATA	{'pressed': True, 'port': 0, 'key': 4, 'time': 0}
703.2575	DATA	{'pressed': False, 'port': 0, 'key': 4, 'time': 0}
703.8713	DATA	check
704.8839	DATA	check
705.8467	DATA	{'pressed': True, 'port': 0, 'key': 4, 'time': 0}
705.8634	DATA	{'pressed': False, 'port': 0, 'key': 4, 'time': 0}
705.8964	DATA	check
706.9088	DATA	check
706.9088	DATA	free L
708.4526	DATA	{'pressed': True, 'port': 0, 'key': 4, 'time': 0}
708.4691	DATA	{'pressed': False, 'port': 0, 'key': 4, 'time': 0}
708.9337	DATA	check
709.9461	DATA	check
709.9462	DATA	free L
711.0416	DATA	{'pressed': True, 'port': 0, 'key': 4, 'time': 0}
711.0751	DATA	{'pressed': False, 'port': 0, 'key': 4, 'time': 0}
711.9711	DATA	check
711.9711	DATA	free L
713.6474	DATA	{'pressed': True, 'port': 0, 'key': 4, 'time': 0}
713.6643	DATA	{'pressed': False, 'port': 0, 'key': 4, 'time': 0}
713.9958	DATA	check
713.9958	DATA	free L
716.0208	DATA	check
716.2533	DATA	{'pressed': True, 'port': 0, 'key': 4, 'time': 0}
716.2700	DATA	{'pressed': False, 'port': 0, 'key': 4, 'time': 0}
717.0333	DATA	check
717.5481	DATA	{'pressed': True, 'port': 0, 'key': 1, 'time': 0}
717.7473	DATA	{'pressed': False, 'port': 0, 'key': 1, 'time': 0}
718.7595	DATA	check
718.8592	DATA	{'pressed': True, 'port': 0, 'key': 4, 'time': 0}
718.8759	DATA	{'pressed': False, 'port': 0, 'key': 4, 'time': 0}
719.7719	DATA	check
719.7720	DATA	free L
720.0379	DATA	{'pressed': True, 'port': 0, 'key': 1, 'time': 0}
720.2868	DATA	{'pressed': False, 'port': 0, 'key': 1, 'time': 0}
721.4485	DATA	{'pressed': True, 'port': 0, 'key': 4, 'time': 0}
721.4817	DATA	{'pressed': False, 'port': 0, 'key': 4, 'time': 0}
721.7968	DATA	check
721.7968	DATA	free L
723.8218	DATA	check
724.0542	DATA	{'pressed': True, 'port': 0, 'key': 4, 'time': 0}
724.0709	DATA	{'pressed': False, 'port': 0, 'key': 4, 'time': 0}
724.8342	DATA	check
725.4153	DATA	{'pressed': True, 'port': 0, 'key': 0, 'time': 0}
725.6310	DATA	{'pressed': False, 'port': 0, 'key': 0, 'time': 0}
725.9961	DATA	{'pressed': True, 'port': 0, 'key': 0, 'time': 0}
726.2120	DATA	{'pressed': False, 'port': 0, 'key': 0, 'time': 0}
726.6600	DATA	{'pressed': True, 'port': 0, 'key': 4, 'time': 0}
726.6767	DATA	{'pressed': False, 'port': 0, 'key': 4, 'time': 0}
727.2242	DATA	check
727.2243	DATA	free L
729.2490	DATA	check
729.2660	DATA	{'pressed': True, 'port': 0, 'key': 4, 'time': 0}
729.2825	DATA	{'pressed': False, 'port': 0, 'key': 4, 'time': 0}
730.2615	DATA	check
731.2741	DATA	check
731.8551	DATA	{'pressed': True, 'port': 0, 'key': 4, 'time': 0}
731.8883	DATA	{'pressed': False, 'port': 0, 'key': 4, 'time': 0}
732.0875	DATA	{'pressed': True, 'port': 0, 'key': 0, 'time': 0}
732.2867	DATA	{'pressed': False, 'port': 0, 'key': 0, 'time': 0}
733.2989	DATA	check
734.3114	DATA	check
734.4610	DATA	{'pressed': True, 'port': 0, 'key': 4, 'time': 0}
734.4942	DATA	{'pressed': False, 'port': 0, 'key': 4, 'time': 0}
735.3238	DATA	check
735.3238	DATA	free L
736.3381	DATA	start rating A
740.6019	DATA	EmulatedKey: 0
741.1663	DATA	EmulatedKey: 0
745.5978	DATA	EmulatedKey: 0
746.3280	DATA	1.0
746.3280	DATA	end rating A
746.3283	DATA	start rating B
754.1788	DATA	EmulatedKey: 0
756.3363	DATA	3.0
756.3364	DATA	end rating B
757.3488	DATA	check
757.7475	DATA	{'pressed': True, 'port': 0, 'key': 0, 'time': 0}
757.8800	DATA	{'pressed': True, 'port': 0, 'key': 4, 'time': 0}
757.8967	DATA	{'pressed': False, 'port': 0, 'key': 4, 'time': 0}
757.9631	DATA	{'pressed': False, 'port': 0, 'key': 0, 'time': 0}
758.9753	DATA	check
759.0750	DATA	{'pressed': True, 'port': 0, 'key': 1, 'time': 0}
759.0915	DATA	earn R
759.2580	DATA	{'pressed': False, 'port': 0, 'key': 1, 'time': 0}
760.4859	DATA	{'pressed': True, 'port': 0, 'key': 4, 'time': 0}
760.5025	DATA	{'pressed': False, 'port': 0, 'key': 4, 'time': 0}
761.1164	DATA	check
762.1289	DATA	check
763.0918	DATA	{'pressed': True, 'port': 0, 'key': 4, 'time': 0}
763.1084	DATA	{'pressed': False, 'port': 0, 'key': 4, 'time': 0}
763.1413	DATA	check
764.1538	DATA	check
765.1662	DATA	check
765.6809	DATA	{'pressed': True, 'port': 0, 'key': 4, 'time': 0}
765.7142	DATA	{'pressed': False, 'port': 0, 'key': 4, 'time': 0}
766.1787	DATA	check
767.1912	DATA	check
767.1912	DATA	free L
768.2867	DATA	{'pressed': True, 'port': 0, 'key': 4, 'time': 0}
768.3202	DATA	{'pressed': False, 'port': 0, 'key': 4, 'time': 0}
769.2159	DATA	check
770.2285	DATA	check
770.8925	DATA	{'pressed': True, 'port': 0, 'key': 4, 'time': 0}
770.9092	DATA	{'pressed': False, 'port': 0, 'key': 4, 'time': 0}
771.2409	DATA	check
772.2534	DATA	check
773.2658	DATA	check
773.4984	DATA	{'pressed': True, 'port': 0, 'key': 4, 'time': 0}
773.5150	DATA	{'pressed': False, 'port': 0, 'key': 4, 'time': 0}
774.2783	DATA	check
774.2783	DATA	free L
776.1040	DATA	{'pressed': True, 'port': 0, 'key': 4, 'time': 0}
776.1206	DATA	{'pressed': False, 'port': 0, 'key': 4, 'time': 0}
776.3032	DATA	check
776.3032	DATA	free L
778.3281	DATA	check
778.3282	DATA	free L
778.6939	DATA	{'pressed': True, 'port': 0, 'key': 4, 'time': 0}
778.7269	DATA	{'pressed': False, 'port': 0, 'key': 4, 'time': 0}
779.9217	DATA	{'pressed': True, 'port': 0, 'key': 0, 'time': 0}
780.1706	DATA	{'pressed': False, 'port': 0, 'key': 0, 'time': 0}
780.5856	DATA	{'pressed': True, 'port': 0, 'key': 0, 'time': 0}
780.6019	DATA	earn L
780.8182	DATA	{'pressed': False, 'port': 0, 'key': 0, 'time': 0}
781.2992	DATA	{'pressed': True, 'port': 0, 'key': 4, 'time': 0}
781.3160	DATA	{'pressed': False, 'port': 0, 'key': 4, 'time': 0}
781.7807	DATA	{'pressed': True, 'port': 0, 'key': 1, 'time': 0}
782.0296	DATA	{'pressed': False, 'port': 0, 'key': 1, 'time': 0}
782.3118	DATA	{'pressed': True, 'port': 0, 'key': 1, 'time': 0}
782.4943	DATA	{'pressed': False, 'port': 0, 'key': 1, 'time': 0}
783.5065	DATA	check
783.9051	DATA	{'pressed': True, 'port': 0, 'key': 4, 'time': 0}
783.9217	DATA	{'pressed': False, 'port': 0, 'key': 4, 'time': 0}
784.5189	DATA	check
784.8512	DATA	{'pressed': True, 'port': 0, 'key': 1, 'time': 0}
784.8675	DATA	earn R
785.0838	DATA	{'pressed': False, 'port': 0, 'key': 1, 'time': 0}
785.2662	DATA	{'pressed': True, 'port': 0, 'key': 1, 'time': 0}
785.4489	DATA	{'pressed': False, 'port': 0, 'key': 1, 'time': 0}
786.0960	DATA	{'pressed': True, 'port': 0, 'key': 0, 'time': 0}
786.2786	DATA	{'pressed': False, 'port': 0, 'key': 0, 'time': 0}
786.5109	DATA	{'pressed': True, 'port': 0, 'key': 4, 'time': 0}
786.5275	DATA	{'pressed': False, 'port': 0, 'key': 4, 'time': 0}
786.7931	DATA	{'pressed': True, 'port': 0, 'key': 0, 'time': 0}
786.8925	DATA	earn L
786.9846	DATA	{'pressed': False, 'port': 0, 'key': 0, 'time': 0}
787.1750	DATA	{'pressed': True, 'port': 0, 'key': 0, 'time': 0}
787.3410	DATA	{'pressed': False, 'port': 0, 'key': 0, 'time': 0}
788.7018	DATA	{'pressed': True, 'port': 0, 'key': 0, 'time': 0}
788.8678	DATA	{'pressed': False, 'port': 0, 'key': 0, 'time': 0}
789.1002	DATA	{'pressed': True, 'port': 0, 'key': 4, 'time': 0}
789.1333	DATA	{'pressed': False, 'port': 0, 'key': 4, 'time': 0}
789.2662	DATA	{'pressed': True, 'port': 0, 'key': 0, 'time': 0}
789.2824	DATA	earn L
789.4322	DATA	{'pressed': False, 'port': 0, 'key': 0, 'time': 0}
791.3074	DATA	check
791.7059	DATA	{'pressed': True, 'port': 0, 'key': 4, 'time': 0}
791.7224	DATA	{'pressed': False, 'port': 0, 'key': 4, 'time': 0}
792.3198	DATA	check
793.2661	DATA	{'pressed': True, 'port': 0, 'key': 0, 'time': 0}
793.4820	DATA	{'pressed': False, 'port': 0, 'key': 0, 'time': 0}
793.9632	DATA	{'pressed': True, 'port': 0, 'key': 0, 'time': 0}
794.1957	DATA	{'pressed': False, 'port': 0, 'key': 0, 'time': 0}
794.3117	DATA	{'pressed': True, 'port': 0, 'key': 4, 'time': 0}
794.3284	DATA	{'pressed': False, 'port': 0, 'key': 4, 'time': 0}
795.2078	DATA	check
795.5234	DATA	{'pressed': True, 'port': 0, 'key': 1, 'time': 0}
795.8552	DATA	{'pressed': False, 'port': 0, 'key': 1, 'time': 0}
796.8675	DATA	check
796.8676	DATA	free L
796.9721	DATA	{'pressed': True, 'port': 0, 'key': 4, 'time': 0}
796.9842	DATA	{'pressed': False, 'port': 0, 'key': 4, 'time': 0}
798.8925	DATA	check
799.5234	DATA	{'pressed': True, 'port': 0, 'key': 4, 'time': 0}
799.5401	DATA	{'pressed': False, 'port': 0, 'key': 4, 'time': 0}
799.9049	DATA	check
799.9050	DATA	free L
800.4033	DATA	{'pressed': True, 'port': 0, 'key': 1, 'time': 0}
800.7353	DATA	{'pressed': False, 'port': 0, 'key': 1, 'time': 0}
801.5151	DATA	{'pressed': True, 'port': 0, 'key': 1, 'time': 0}
801.8471	DATA	{'pressed': False, 'port': 0, 'key': 1, 'time': 0}
801.9964	DATA	{'pressed': True, 'port': 0, 'key': 1, 'time': 0}
802.0128	DATA	earn R
802.1223	DATA	{'pressed': True, 'port': 0, 'key': 4, 'time': 0}
802.1461	DATA	{'pressed': False, 'port': 0, 'key': 4, 'time': 0}
802.3120	DATA	{'pressed': False, 'port': 0, 'key': 1, 'time': 0}
804.0377	DATA	check
804.7184	DATA	{'pressed': True, 'port': 0, 'key': 4, 'time': 0}
804.7350	DATA	{'pressed': False, 'port': 0, 'key': 4, 'time': 0}
805.0502	DATA	check
806.0626	DATA	check
807.0751	DATA	check
807.3243	DATA	{'pressed': True, 'port': 0, 'key': 4, 'time': 0}
807.3409	DATA	{'pressed': False, 'port': 0, 'key': 4, 'time': 0}
808.0875	DATA	check
809.1000	DATA	check
809.1000	DATA	free L
809.9303	DATA	{'pressed': True, 'port': 0, 'key': 4, 'time': 0}
809.9469	DATA	{'pressed': False, 'port': 0, 'key': 4, 'time': 0}
810.1791	DATA	{'pressed': True, 'port': 0, 'key': 1, 'time': 0}
810.4613	DATA	{'pressed': False, 'port': 0, 'key': 1, 'time': 0}
811.1086	DATA	{'pressed': True, 'port': 0, 'key': 1, 'time': 0}
811.3906	DATA	{'pressed': False, 'port': 0, 'key': 1, 'time': 0}
811.9550	DATA	{'pressed': True, 'port': 0, 'key': 0, 'time': 0}
812.1373	DATA	earn L
812.2286	DATA	{'pressed': False, 'port': 0, 'key': 0, 'time': 0}
812.5196	DATA	{'pressed': True, 'port': 0, 'key': 4, 'time': 0}
812.5527	DATA	{'pressed': False, 'port': 0, 'key': 4, 'time': 0}
814.1622	DATA	check
815.1250	DATA	{'pressed': True, 'port': 0, 'key': 4, 'time': 0}
815.1417	DATA	{'pressed': False, 'port': 0, 'key': 4, 'time': 0}
815.1747	DATA	check
816.1872	DATA	check
816.1872	DATA	free L
817.7309	DATA	{'pressed': True, 'port': 0, 'key': 4, 'time': 0}
817.7476	DATA	{'pressed': False, 'port': 0, 'key': 4, 'time': 0}
818.2121	DATA	check
819.2245	DATA	check
819.2245	DATA	free L
819.8223	DATA	{'pressed': True, 'port': 0, 'key': 0, 'time': 0}
820.0218	DATA	{'pressed': False, 'port': 0, 'key': 0, 'time': 0}
820.3368	DATA	{'pressed': True, 'port': 0, 'key': 4, 'time': 0}
820.3534	DATA	{'pressed': False, 'port': 0, 'key': 4, 'time': 0}
821.2495	DATA	check
822.2618	DATA	check
822.3616	DATA	{'pressed': True, 'port': 0, 'key': 0, 'time': 0}
822.3780	DATA	earn L
822.5777	DATA	{'pressed': False, 'port': 0, 'key': 0, 'time': 0}
822.9260	DATA	{'pressed': True, 'port': 0, 'key': 4, 'time': 0}
822.9594	DATA	{'pressed': False, 'port': 0, 'key': 4, 'time': 0}
824.4028	DATA	check
825.4154	DATA	check
825.5317	DATA	{'pressed': True, 'port': 0, 'key': 4, 'time': 0}
825.5483	DATA	{'pressed': False, 'port': 0, 'key': 4, 'time': 0}
826.4278	DATA	check
827.4403	DATA	check
828.1374	DATA	{'pressed': True, 'port': 0, 'key': 4, 'time': 0}
828.1542	DATA	{'pressed': False, 'port': 0, 'key': 4, 'time': 0}
828.4527	DATA	check
829.4652	DATA	check
830.4776	DATA	check
830.7433	DATA	{'pressed': True, 'port': 0, 'key': 4, 'time': 0}
830.7600	DATA	{'pressed': False, 'port': 0, 'key': 4, 'time': 0}
831.4901	DATA	check
831.4901	DATA	free L
833.3493	DATA	{'pressed': True, 'port': 0, 'key': 4, 'time': 0}
833.3657	DATA	{'pressed': False, 'port': 0, 'key': 4, 'time': 0}
833.5150	DATA	check
833.5150	DATA	free L
835.5399	DATA	check
835.9383	DATA	{'pressed': True, 'port': 0, 'key': 4, 'time': 0}
835.9717	DATA	{'pressed': False, 'port': 0, 'key': 4, 'time': 0}
836.5523	DATA	check
837.5648	DATA	check
838.5442	DATA	{'pressed': True, 'port': 0, 'key': 4, 'time': 0}
838.5608	DATA	{'pressed': False, 'port': 0, 'key': 4, 'time': 0}
838.5772	DATA	check
839.5897	DATA	check
840.6021	DATA	check
840.6022	DATA	free L
841.1503	DATA	{'pressed': True, 'port': 0, 'key': 4, 'time': 0}
841.1666	DATA	{'pressed': False, 'port': 0, 'key': 4, 'time': 0}
842.6271	DATA	check
843.6396	DATA	check
843.7559	DATA	{'pressed': True, 'port': 0, 'key': 4, 'time': 0}
843.7725	DATA	{'pressed': False, 'port': 0, 'key': 4, 'time': 0}
844.6520	DATA	check
844.6520	DATA	free L
846.3453	DATA	{'pressed': True, 'port': 0, 'key': 4, 'time': 0}
846.3784	DATA	{'pressed': False, 'port': 0, 'key': 4, 'time': 0}
846.6768	DATA	check
847.6894	DATA	check
847.6894	DATA	free L
848.9508	DATA	{'pressed': True, 'port': 0, 'key': 4, 'time': 0}
848.9675	DATA	{'pressed': False, 'port': 0, 'key': 4, 'time': 0}
849.7143	DATA	check
850.3784	DATA	{'pressed': True, 'port': 0, 'key': 1, 'time': 0}
850.3947	DATA	earn R
850.6275	DATA	{'pressed': False, 'port': 0, 'key': 1, 'time': 0}
851.5567	DATA	{'pressed': True, 'port': 0, 'key': 4, 'time': 0}
851.5733	DATA	{'pressed': False, 'port': 0, 'key': 4, 'time': 0}
852.2539	DATA	{'pressed': True, 'port': 0, 'key': 1, 'time': 0}
852.4196	DATA	earn R
852.5335	DATA	{'pressed': False, 'port': 0, 'key': 1, 'time': 0}
854.1625	DATA	{'pressed': True, 'port': 0, 'key': 4, 'time': 0}
854.1793	DATA	{'pressed': False, 'port': 0, 'key': 4, 'time': 0}
854.2124	DATA	{'pressed': True, 'port': 0, 'key': 0, 'time': 0}
854.4445	DATA	earn L
854.4448	DATA	{'pressed': False, 'port': 0, 'key': 0, 'time': 0}
856.4694	DATA	check
856.4695	DATA	free L
856.7519	DATA	{'pressed': True, 'port': 0, 'key': 4, 'time': 0}
856.7852	DATA	{'pressed': False, 'port': 0, 'key': 4, 'time': 0}
858.4944	DATA	check
859.3410	DATA	{'pressed': True, 'port': 0, 'key': 0, 'time': 0}
859.3574	DATA	{'pressed': True, 'port': 0, 'key': 4, 'time': 0}
859.3742	DATA	{'pressed': False, 'port': 0, 'key': 4, 'time': 0}
859.5566	DATA	{'pressed': False, 'port': 0, 'key': 0, 'time': 0}
860.5691	DATA	check
860.5691	DATA	free L
861.8306	DATA	{'pressed': True, 'port': 0, 'key': 1, 'time': 0}
861.9634	DATA	{'pressed': True, 'port': 0, 'key': 4, 'time': 0}
861.9800	DATA	{'pressed': False, 'port': 0, 'key': 4, 'time': 0}
862.0464	DATA	{'pressed': False, 'port': 0, 'key': 1, 'time': 0}
863.0586	DATA	check
863.3576	DATA	{'pressed': True, 'port': 0, 'key': 1, 'time': 0}
863.5569	DATA	{'pressed': False, 'port': 0, 'key': 1, 'time': 0}
864.5690	DATA	check
864.5693	DATA	{'pressed': True, 'port': 0, 'key': 4, 'time': 0}
864.5858	DATA	{'pressed': False, 'port': 0, 'key': 4, 'time': 0}
865.2497	DATA	{'pressed': True, 'port': 0, 'key': 0, 'time': 0}
865.4655	DATA	{'pressed': False, 'port': 0, 'key': 0, 'time': 0}
866.1460	DATA	{'pressed': True, 'port': 0, 'key': 0, 'time': 0}
866.3784	DATA	{'pressed': False, 'port': 0, 'key': 0, 'time': 0}
867.1750	DATA	{'pressed': True, 'port': 0, 'key': 4, 'time': 0}
867.1917	DATA	{'pressed': False, 'port': 0, 'key': 4, 'time': 0}
867.3905	DATA	check
868.4029	DATA	check
869.4156	DATA	check
869.7644	DATA	{'pressed': True, 'port': 0, 'key': 4, 'time': 0}
869.7975	DATA	{'pressed': False, 'port': 0, 'key': 4, 'time': 0}
870.4280	DATA	check
871.4404	DATA	check
871.4405	DATA	free L
872.3701	DATA	{'pressed': True, 'port': 0, 'key': 4, 'time': 0}
872.3868	DATA	{'pressed': False, 'port': 0, 'key': 4, 'time': 0}
873.4653	DATA	check
874.4778	DATA	check
874.4778	DATA	free L
874.9759	DATA	{'pressed': True, 'port': 0, 'key': 4, 'time': 0}
874.9927	DATA	{'pressed': False, 'port': 0, 'key': 4, 'time': 0}
876.5027	DATA	check
877.5151	DATA	check
877.5818	DATA	{'pressed': True, 'port': 0, 'key': 4, 'time': 0}
877.5983	DATA	{'pressed': False, 'port': 0, 'key': 4, 'time': 0}
878.5274	DATA	check
879.4240	DATA	{'pressed': True, 'port': 0, 'key': 1, 'time': 0}
879.5733	DATA	{'pressed': False, 'port': 0, 'key': 1, 'time': 0}
880.1709	DATA	{'pressed': True, 'port': 0, 'key': 4, 'time': 0}
880.2042	DATA	{'pressed': False, 'port': 0, 'key': 4, 'time': 0}
880.5857	DATA	check
881.5652	DATA	{'pressed': True, 'port': 0, 'key': 1, 'time': 0}
881.7478	DATA	{'pressed': False, 'port': 0, 'key': 1, 'time': 0}
881.9633	DATA	{'pressed': True, 'port': 0, 'key': 1, 'time': 0}
882.1294	DATA	{'pressed': False, 'port': 0, 'key': 1, 'time': 0}
882.7767	DATA	{'pressed': True, 'port': 0, 'key': 4, 'time': 0}
882.7934	DATA	{'pressed': False, 'port': 0, 'key': 4, 'time': 0}
883.1416	DATA	check
884.1541	DATA	check
885.1666	DATA	check
885.3824	DATA	{'pressed': True, 'port': 0, 'key': 4, 'time': 0}
885.3990	DATA	{'pressed': False, 'port': 0, 'key': 4, 'time': 0}
886.1791	DATA	check
887.1913	DATA	check
887.9884	DATA	{'pressed': True, 'port': 0, 'key': 4, 'time': 0}
888.0050	DATA	{'pressed': False, 'port': 0, 'key': 4, 'time': 0}
888.2039	DATA	check
889.2164	DATA	check
890.2287	DATA	check
890.5776	DATA	{'pressed': True, 'port': 0, 'key': 4, 'time': 0}
890.6109	DATA	{'pressed': False, 'port': 0, 'key': 4, 'time': 0}
891.2413	DATA	check
891.2413	DATA	free L
892.2556	DATA	start rating A
893.9138	DATA	EmulatedKey: 0
895.9387	DATA	EmulatedKey: 0
897.5983	DATA	EmulatedKey: 0
899.7063	DATA	EmulatedKey: 1
902.2457	DATA	2.0
902.2457	DATA	end rating A
902.2462	DATA	start rating B
906.6607	DATA	EmulatedKey: 0
912.2538	DATA	3.0
912.2538	DATA	end rating B
913.2661	DATA	check
913.9968	DATA	{'pressed': True, 'port': 0, 'key': 4, 'time': 0}
914.0299	DATA	{'pressed': False, 'port': 0, 'key': 4, 'time': 0}
914.2787	DATA	check
915.2912	DATA	check
915.2913	DATA	free R
916.6024	DATA	{'pressed': True, 'port': 0, 'key': 4, 'time': 0}
916.6190	DATA	{'pressed': False, 'port': 0, 'key': 4, 'time': 0}
917.3161	DATA	check
918.3286	DATA	check
919.2083	DATA	{'pressed': True, 'port': 0, 'key': 4, 'time': 0}
919.2250	DATA	{'pressed': False, 'port': 0, 'key': 4, 'time': 0}
919.3410	DATA	check
920.3534	DATA	check
920.5861	DATA	{'pressed': True, 'port': 0, 'key': 1, 'time': 0}
920.8680	DATA	{'pressed': False, 'port': 0, 'key': 1, 'time': 0}
921.6649	DATA	{'pressed': True, 'port': 0, 'key': 0, 'time': 0}
921.8142	DATA	{'pressed': True, 'port': 0, 'key': 4, 'time': 0}
921.8307	DATA	{'pressed': False, 'port': 0, 'key': 4, 'time': 0}
921.8807	DATA	{'pressed': False, 'port': 0, 'key': 0, 'time': 0}
922.8928	DATA	check
922.8929	DATA	free R
923.2916	DATA	{'pressed': True, 'port': 0, 'key': 0, 'time': 0}
923.5405	DATA	{'pressed': False, 'port': 0, 'key': 0, 'time': 0}
924.4033	DATA	{'pressed': True, 'port': 0, 'key': 4, 'time': 0}
924.4367	DATA	{'pressed': False, 'port': 0, 'key': 4, 'time': 0}
924.9177	DATA	check
925.9302	DATA	check
926.9426	DATA	check
927.0091	DATA	{'pressed': True, 'port': 0, 'key': 4, 'time': 0}
927.0258	DATA	{'pressed': False, 'port': 0, 'key': 4, 'time': 0}
927.9551	DATA	check
928.9675	DATA	check
928.9676	DATA	free R
929.6151	DATA	{'pressed': True, 'port': 0, 'key': 4, 'time': 0}
929.6318	DATA	{'pressed': False, 'port': 0, 'key': 4, 'time': 0}
930.9924	DATA	check
930.9925	DATA	free R
932.2209	DATA	{'pressed': True, 'port': 0, 'key': 4, 'time': 0}
932.2375	DATA	{'pressed': False, 'port': 0, 'key': 4, 'time': 0}
933.0174	DATA	check
934.0298	DATA	check
934.8268	DATA	{'pressed': True, 'port': 0, 'key': 4, 'time': 0}
934.8432	DATA	{'pressed': False, 'port': 0, 'key': 4, 'time': 0}
935.0422	DATA	check
936.0547	DATA	check
937.0672	DATA	check
937.4160	DATA	{'pressed': True, 'port': 0, 'key': 4, 'time': 0}
937.4492	DATA	{'pressed': False, 'port': 0, 'key': 4, 'time': 0}
938.0796	DATA	check
939.0921	DATA	check
939.5737	DATA	{'pressed': True, 'port': 0, 'key': 0, 'time': 0}
939.8060	DATA	{'pressed': False, 'port': 0, 'key': 0, 'time': 0}
940.0217	DATA	{'pressed': True, 'port': 0, 'key': 4, 'time': 0}
940.0383	DATA	{'pressed': False, 'port': 0, 'key': 4, 'time': 0}
940.3371	DATA	{'pressed': True, 'port': 0, 'key': 0, 'time': 0}
940.5695	DATA	{'pressed': False, 'port': 0, 'key': 0, 'time': 0}
941.5817	DATA	check
941.7149	DATA	{'pressed': True, 'port': 0, 'key': 1, 'time': 0}
941.9471	DATA	{'pressed': False, 'port': 0, 'key': 1, 'time': 0}
942.6276	DATA	{'pressed': True, 'port': 0, 'key': 4, 'time': 0}
942.6442	DATA	{'pressed': False, 'port': 0, 'key': 4, 'time': 0}
942.9429	DATA	{'pressed': True, 'port': 0, 'key': 1, 'time': 0}
943.1587	DATA	{'pressed': False, 'port': 0, 'key': 1, 'time': 0}
943.5570	DATA	{'pressed': True, 'port': 0, 'key': 1, 'time': 0}
943.7230	DATA	{'pressed': False, 'port': 0, 'key': 1, 'time': 0}
944.0218	DATA	{'pressed': True, 'port': 0, 'key': 1, 'time': 0}
944.2043	DATA	{'pressed': False, 'port': 0, 'key': 1, 'time': 0}
945.2166	DATA	check
945.2333	DATA	{'pressed': True, 'port': 0, 'key': 4, 'time': 0}
945.2500	DATA	{'pressed': False, 'port': 0, 'key': 4, 'time': 0}
945.3828	DATA	{'pressed': True, 'port': 0, 'key': 0, 'time': 0}
945.3991	DATA	earn L
945.5986	DATA	{'pressed': False, 'port': 0, 'key': 0, 'time': 0}
947.4240	DATA	check
947.8225	DATA	{'pressed': True, 'port': 0, 'key': 4, 'time': 0}
947.8558	DATA	{'pressed': False, 'port': 0, 'key': 4, 'time': 0}
948.4365	DATA	check
949.4489	DATA	check
950.4284	DATA	{'pressed': True, 'port': 0, 'key': 4, 'time': 0}
950.4451	DATA	{'pressed': False, 'port': 0, 'key': 4, 'time': 0}
950.4614	DATA	check
951.4739	DATA	check
952.0550	DATA	{'pressed': True, 'port': 0, 'key': 0, 'time': 0}
952.2376	DATA	{'pressed': False, 'port': 0, 'key': 0, 'time': 0}
953.0341	DATA	{'pressed': True, 'port': 0, 'key': 4, 'time': 0}
953.0507	DATA	{'pressed': False, 'port': 0, 'key': 4, 'time': 0}
953.1338	DATA	{'pressed': True, 'port': 0, 'key': 0, 'time': 0}
953.3330	DATA	{'pressed': False, 'port': 0, 'key': 0, 'time': 0}
954.0135	DATA	{'pressed': True, 'port': 0, 'key': 1, 'time': 0}
954.2957	DATA	{'pressed': False, 'port': 0, 'key': 1, 'time': 0}
954.4617	DATA	{'pressed': True, 'port': 0, 'key': 1, 'time': 0}
954.7272	DATA	{'pressed': False, 'port': 0, 'key': 1, 'time': 0}
955.6400	DATA	{'pressed': True, 'port': 0, 'key': 4, 'time': 0}
955.6567	DATA	{'pressed': False, 'port': 0, 'key': 4, 'time': 0}
955.6899	DATA	{'pressed': True, 'port': 0, 'key': 1, 'time': 0}
955.9058	DATA	{'pressed': False, 'port': 0, 'key': 1, 'time': 0}
956.2541	DATA	{'pressed': True, 'port': 0, 'key': 0, 'time': 0}
956.4700	DATA	{'pressed': False, 'port': 0, 'key': 0, 'time': 0}
957.4822	DATA	check
957.8641	DATA	{'pressed': True, 'port': 0, 'key': 0, 'time': 0}
957.8804	DATA	earn L
958.1961	DATA	{'pressed': False, 'port': 0, 'key': 0, 'time': 0}
958.2293	DATA	{'pressed': True, 'port': 0, 'key': 4, 'time': 0}
958.2626	DATA	{'pressed': False, 'port': 0, 'key': 4, 'time': 0}
959.9053	DATA	check
960.8351	DATA	{'pressed': True, 'port': 0, 'key': 4, 'time': 0}
960.8518	DATA	{'pressed': False, 'port': 0, 'key': 4, 'time': 0}
960.9178	DATA	check
961.9301	DATA	check
962.9428	DATA	check
963.4408	DATA	{'pressed': True, 'port': 0, 'key': 4, 'time': 0}
963.4574	DATA	{'pressed': False, 'port': 0, 'key': 4, 'time': 0}
963.9552	DATA	check
963.9552	DATA	free R
965.9801	DATA	check
966.0467	DATA	{'pressed': True, 'port': 0, 'key': 4, 'time': 0}
966.0633	DATA	{'pressed': False, 'port': 0, 'key': 4, 'time': 0}
966.9925	DATA	check
966.9926	DATA	free R
967.6735	DATA	{'pressed': True, 'port': 0, 'key': 0, 'time': 0}
967.8892	DATA	{'pressed': False, 'port': 0, 'key': 0, 'time': 0}
968.6525	DATA	{'pressed': True, 'port': 0, 'key': 4, 'time': 0}
968.6692	DATA	{'pressed': False, 'port': 0, 'key': 4, 'time': 0}
968.9347	DATA	{'pressed': True, 'port': 0, 'key': 1, 'time': 0}
969.1172	DATA	{'pressed': False, 'port': 0, 'key': 1, 'time': 0}
970.1295	DATA	check
971.1420	DATA	check
971.2417	DATA	{'pressed': True, 'port': 0, 'key': 4, 'time': 0}
971.2749	DATA	{'pressed': False, 'port': 0, 'key': 4, 'time': 0}
972.1544	DATA	check
973.1667	DATA	check
973.8475	DATA	{'pressed': True, 'port': 0, 'key': 4, 'time': 0}
973.8641	DATA	{'pressed': False, 'port': 0, 'key': 4, 'time': 0}
974.1793	DATA	check
975.1917	DATA	check
976.2042	DATA	check
976.4534	DATA	{'pressed': True, 'port': 0, 'key': 4, 'time': 0}
976.4700	DATA	{'pressed': False, 'port': 0, 'key': 4, 'time': 0}
977.2167	DATA	check
978.1630	DATA	{'pressed': True, 'port': 0, 'key': 1, 'time': 0}
978.3953	DATA	{'pressed': False, 'port': 0, 'key': 1, 'time': 0}
979.0591	DATA	{'pressed': True, 'port': 0, 'key': 4, 'time': 0}
979.0759	DATA	{'pressed': False, 'port': 0, 'key': 4, 'time': 0}
979.2417	DATA	{'pressed': True, 'port': 0, 'key': 1, 'time': 0}
979.5406	DATA	{'pressed': False, 'port': 0, 'key': 1, 'time': 0}
980.0054	DATA	{'pressed': True, 'port': 0, 'key': 1, 'time': 0}
980.2706	DATA	earn R
980.2709	DATA	{'pressed': False, 'port': 0, 'key': 1, 'time': 0}
981.6483	DATA	{'pressed': True, 'port': 0, 'key': 4, 'time': 0}
981.6816	DATA	{'pressed': False, 'port': 0, 'key': 4, 'time': 0}
982.2955	DATA	check
982.7106	DATA	{'pressed': True, 'port': 0, 'key': 0, 'time': 0}
982.9763	DATA	{'pressed': False, 'port': 0, 'key': 0, 'time': 0}
983.2584	DATA	{'pressed': True, 'port': 0, 'key': 0, 'time': 0}
983.5074	DATA	{'pressed': False, 'port': 0, 'key': 0, 'time': 0}
984.2542	DATA	{'pressed': True, 'port': 0, 'key': 4, 'time': 0}
984.2709	DATA	{'pressed': False, 'port': 0, 'key': 4, 'time': 0}
984.5196	DATA	check
984.5197	DATA	free R
986.5445	DATA	check
986.8600	DATA	{'pressed': True, 'port': 0, 'key': 4, 'time': 0}
986.8767	DATA	{'pressed': False, 'port': 0, 'key': 4, 'time': 0}
987.5570	DATA	check
988.4368	DATA	{'pressed': True, 'port': 0, 'key': 1, 'time': 0}
988.6029	DATA	{'pressed': False, 'port': 0, 'key': 1, 'time': 0}
989.4656	DATA	{'pressed': True, 'port': 0, 'key': 4, 'time': 0}
989.4824	DATA	{'pressed': False, 'port': 0, 'key': 4, 'time': 0}
989.6150	DATA	check
989.6151	DATA	free R
991.6399	DATA	check
992.0550	DATA	{'pressed': True, 'port': 0, 'key': 4, 'time': 0}
992.0884	DATA	{'pressed': False, 'port': 0, 'key': 4, 'time': 0}
992.6524	DATA	check
993.6648	DATA	check
994.6609	DATA	{'pressed': True, 'port': 0, 'key': 4, 'time': 0}
994.6773	DATA	check
994.6773	DATA	free R
994.6776	DATA	{'pressed': False, 'port': 0, 'key': 4, 'time': 0}
995.1425	DATA	{'pressed': True, 'port': 0, 'key': 0, 'time': 0}
995.3084	DATA	{'pressed': False, 'port': 0, 'key': 0, 'time': 0}
996.1713	DATA	{'pressed': True, 'port': 0, 'key': 1, 'time': 0}
996.4037	DATA	{'pressed': False, 'port': 0, 'key': 1, 'time': 0}
997.2666	DATA	{'pressed': True, 'port': 0, 'key': 4, 'time': 0}
997.2833	DATA	{'pressed': False, 'port': 0, 'key': 4, 'time': 0}
997.4159	DATA	check
998.4283	DATA	check
998.8602	DATA	{'pressed': True, 'port': 0, 'key': 1, 'time': 0}
999.0427	DATA	{'pressed': False, 'port': 0, 'key': 1, 'time': 0}
999.8725	DATA	{'pressed': True, 'port': 0, 'key': 4, 'time': 0}
999.8892	DATA	{'pressed': False, 'port': 0, 'key': 4, 'time': 0}
1000.0549	DATA	check
1000.0550	DATA	free R
1002.0798	DATA	check
1002.4784	DATA	{'pressed': True, 'port': 0, 'key': 4, 'time': 0}
1002.4951	DATA	{'pressed': False, 'port': 0, 'key': 4, 'time': 0}
1003.0921	DATA	check
1003.0922	DATA	free R
1005.0675	DATA	{'pressed': True, 'port': 0, 'key': 4, 'time': 0}
1005.1009	DATA	{'pressed': False, 'port': 0, 'key': 4, 'time': 0}
1005.1170	DATA	check
1005.1171	DATA	free R
1007.1420	DATA	check
1007.6734	DATA	{'pressed': True, 'port': 0, 'key': 4, 'time': 0}
1007.6900	DATA	{'pressed': False, 'port': 0, 'key': 4, 'time': 0}
1008.1545	DATA	check
1009.1669	DATA	check
1009.1670	DATA	free R
1010.2792	DATA	{'pressed': True, 'port': 0, 'key': 4, 'time': 0}
1010.2958	DATA	{'pressed': False, 'port': 0, 'key': 4, 'time': 0}
1011.1919	DATA	check
1011.1920	DATA	free R
1012.8849	DATA	{'pressed': True, 'port': 0, 'key': 4, 'time': 0}
1012.9015	DATA	{'pressed': False, 'port': 0, 'key': 4, 'time': 0}
1013.2168	DATA	check
1014.2292	DATA	check
1014.5282	DATA	{'pressed': True, 'port': 0, 'key': 1, 'time': 0}
1014.7441	DATA	{'pressed': False, 'port': 0, 'key': 1, 'time': 0}
1015.4410	DATA	{'pressed': True, 'port': 0, 'key': 0, 'time': 0}
1015.4742	DATA	{'pressed': True, 'port': 0, 'key': 4, 'time': 0}
1015.5075	DATA	{'pressed': False, 'port': 0, 'key': 4, 'time': 0}
1015.5571	DATA	earn L
1015.6483	DATA	{'pressed': False, 'port': 0, 'key': 0, 'time': 0}
1017.5819	DATA	check
1017.5820	DATA	free R
1018.0800	DATA	{'pressed': True, 'port': 0, 'key': 4, 'time': 0}
1018.0968	DATA	{'pressed': False, 'port': 0, 'key': 4, 'time': 0}
1019.2253	DATA	{'pressed': True, 'port': 0, 'key': 0, 'time': 0}
1019.4245	DATA	{'pressed': False, 'port': 0, 'key': 0, 'time': 0}
1020.4367	DATA	check
1020.6858	DATA	{'pressed': True, 'port': 0, 'key': 4, 'time': 0}
1020.7025	DATA	{'pressed': False, 'port': 0, 'key': 4, 'time': 0}
1021.4492	DATA	check
1021.4991	DATA	{'pressed': True, 'port': 0, 'key': 0, 'time': 0}
1021.5156	DATA	earn L
1021.7482	DATA	{'pressed': False, 'port': 0, 'key': 0, 'time': 0}
1023.2917	DATA	{'pressed': True, 'port': 0, 'key': 4, 'time': 0}
1023.3083	DATA	{'pressed': False, 'port': 0, 'key': 4, 'time': 0}
1023.5404	DATA	check
1023.5405	DATA	free R
1025.5653	DATA	check
1025.8809	DATA	{'pressed': True, 'port': 0, 'key': 4, 'time': 0}
1025.9141	DATA	{'pressed': False, 'port': 0, 'key': 4, 'time': 0}
1026.5779	DATA	check
1027.5903	DATA	check
1028.3871	DATA	{'pressed': True, 'port': 0, 'key': 1, 'time': 0}
1028.4867	DATA	{'pressed': True, 'port': 0, 'key': 4, 'time': 0}
1028.5032	DATA	{'pressed': False, 'port': 0, 'key': 4, 'time': 0}
1028.6195	DATA	{'pressed': False, 'port': 0, 'key': 1, 'time': 0}
1029.0012	DATA	{'pressed': True, 'port': 0, 'key': 1, 'time': 0}
1029.2668	DATA	{'pressed': False, 'port': 0, 'key': 1, 'time': 0}
1030.2791	DATA	check
1030.4120	DATA	{'pressed': True, 'port': 0, 'key': 0, 'time': 0}
1030.6443	DATA	{'pressed': False, 'port': 0, 'key': 0, 'time': 0}
1031.0925	DATA	{'pressed': True, 'port': 0, 'key': 4, 'time': 0}
1031.1091	DATA	{'pressed': False, 'port': 0, 'key': 4, 'time': 0}
1031.6566	DATA	check
1032.6029	DATA	{'pressed': True, 'port': 0, 'key': 0, 'time': 0}
1032.8354	DATA	{'pressed': False, 'port': 0, 'key': 0, 'time': 0}
1033.2669	DATA	{'pressed': True, 'port': 0, 'key': 0, 'time': 0}
1033.3995	DATA	{'pressed': False, 'port': 0, 'key': 0, 'time': 0}
1033.6982	DATA	{'pressed': True, 'port': 0, 'key': 4, 'time': 0}
1033.7148	DATA	{'pressed': False, 'port': 0, 'key': 4, 'time': 0}
1034.4119	DATA	check
1035.4243	DATA	check
1036.3042	DATA	{'pressed': True, 'port': 0, 'key': 4, 'time': 0}
1036.3208	DATA	{'pressed': False, 'port': 0, 'key': 4, 'time': 0}
1036.4367	DATA	check
1036.8520	DATA	{'pressed': True, 'port': 0, 'key': 1, 'time': 0}
1037.1009	DATA	{'pressed': False, 'port': 0, 'key': 1, 'time': 0}
1038.1131	DATA	check
1038.8936	DATA	{'pressed': True, 'port': 0, 'key': 4, 'time': 0}
1038.9266	DATA	{'pressed': False, 'port': 0, 'key': 4, 'time': 0}
1039.1255	DATA	check
1040.1380	DATA	check
1040.1380	DATA	free R
1041.1507	DATA	start rating A
1041.4826	DATA	EmulatedKey: 1
1051.1590	DATA	5.0
1051.1590	DATA	end rating A
1051.1595	DATA	start rating B
1051.9057	DATA	EmulatedKey: 0
1052.1550	DATA	EmulatedKey: 0
1052.3540	DATA	EmulatedKey: 0
1061.1672	DATA	1.0
1061.1672	DATA	end rating B
