8.4299	DATA	version C
9.0602	DATA	Keypress: space
9.0618	DATA	trigger received
58.1761	DATA	{'pressed': True, 'port': 0, 'key': 4, 'time': 0}
58.1926	DATA	{'pressed': False, 'port': 0, 'key': 4, 'time': 0}
60.7824	DATA	{'pressed': True, 'port': 0, 'key': 4, 'time': 0}
60.7990	DATA	{'pressed': False, 'port': 0, 'key': 4, 'time': 0}
63.3718	DATA	{'pressed': True, 'port': 0, 'key': 4, 'time': 0}
63.4049	DATA	{'pressed': False, 'port': 0, 'key': 4, 'time': 0}
65.9775	DATA	{'pressed': True, 'port': 0, 'key': 4, 'time': 0}
65.9942	DATA	{'pressed': False, 'port': 0, 'key': 4, 'time': 0}
68.5835	DATA	{'pressed': True, 'port': 0, 'key': 4, 'time': 0}
68.6001	DATA	{'pressed': False, 'port': 0, 'key': 4, 'time': 0}
71.1900	DATA	{'pressed': True, 'port': 0, 'key': 4, 'time': 0}
71.2065	DATA	{'pressed': False, 'port': 0, 'key': 4, 'time': 0}
73.7791	DATA	{'pressed': True, 'port': 0, 'key': 4, 'time': 0}
73.7792	DATA	begin trial
73.8032	DATA	{'pressed': False, 'port': 0, 'key': 4, 'time': 0}
74.8081	DATA	check
75.5386	DATA	{'pressed': True, 'port': 0, 'key': 1, 'time': 0}
76.3851	DATA	{'pressed': True, 'port': 0, 'key': 4, 'time': 0}
76.4018	DATA	{'pressed': False, 'port': 0, 'key': 4, 'time': 0}
76.6010	DATA	{'pressed': False, 'port': 0, 'key': 1, 'time': 0}
77.6132	DATA	check
77.6132	DATA	free L
78.9910	DATA	{'pressed': True, 'port': 0, 'key': 4, 'time': 0}
79.0076	DATA	{'pressed': False, 'port': 0, 'key': 4, 'time': 0}
79.5055	DATA	{'pressed': True, 'port': 0, 'key': 1, 'time': 0}
80.4019	DATA	{'pressed': False, 'port': 0, 'key': 1, 'time': 0}
81.4146	DATA	check
81.5975	DATA	{'pressed': True, 'port': 0, 'key': 4, 'time': 0}
81.6141	DATA	{'pressed': False, 'port': 0, 'key': 4, 'time': 0}
82.4108	DATA	{'pressed': True, 'port': 0, 'key': 1, 'time': 0}
83.5395	DATA	{'pressed': False, 'port': 0, 'key': 1, 'time': 0}
84.1868	DATA	{'pressed': True, 'port': 0, 'key': 4, 'time': 0}
84.2200	DATA	{'pressed': False, 'port': 0, 'key': 4, 'time': 0}
84.5517	DATA	check
85.5642	DATA	check
85.8797	DATA	{'pressed': True, 'port': 0, 'key': 1, 'time': 0}
86.7926	DATA	{'pressed': True, 'port': 0, 'key': 4, 'time': 0}
86.8092	DATA	{'pressed': False, 'port': 0, 'key': 4, 'time': 0}
86.8757	DATA	{'pressed': False, 'port': 0, 'key': 1, 'time': 0}
87.8878	DATA	check
88.7014	DATA	{'pressed': True, 'port': 0, 'key': 1, 'time': 0}
88.7178	DATA	earn R
89.3986	DATA	{'pressed': True, 'port': 0, 'key': 4, 'time': 0}
89.4153	DATA	{'pressed': False, 'port': 0, 'key': 4, 'time': 0}
90.0293	DATA	{'pressed': False, 'port': 0, 'key': 1, 'time': 0}
91.0421	DATA	check
91.0421	DATA	free L
92.0052	DATA	{'pressed': True, 'port': 0, 'key': 4, 'time': 0}
92.0219	DATA	{'pressed': False, 'port': 0, 'key': 4, 'time': 0}
92.2374	DATA	{'pressed': True, 'port': 0, 'key': 1, 'time': 0}
93.4324	DATA	{'pressed': False, 'port': 0, 'key': 1, 'time': 0}
94.4446	DATA	check
94.6109	DATA	{'pressed': True, 'port': 0, 'key': 4, 'time': 0}
94.6275	DATA	{'pressed': False, 'port': 0, 'key': 4, 'time': 0}
95.4572	DATA	check
95.4572	DATA	free L
95.6567	DATA	{'pressed': True, 'port': 0, 'key': 1, 'time': 0}
96.7852	DATA	{'pressed': False, 'port': 0, 'key': 1, 'time': 0}
97.2002	DATA	{'pressed': True, 'port': 0, 'key': 4, 'time': 0}
97.2334	DATA	{'pressed': False, 'port': 0, 'key': 4, 'time': 0}
97.7975	DATA	check
98.7770	DATA	{'pressed': True, 'port': 0, 'key': 1, 'time': 0}
99.6401	DATA	{'pressed': False, 'port': 0, 'key': 1, 'time': 0}
99.8060	DATA	{'pressed': True, 'port': 0, 'key': 4, 'time': 0}
99.8227	DATA	{'pressed': False, 'port': 0, 'key': 4, 'time': 0}
100.6528	DATA	check
101.6654	DATA	check
101.6654	DATA	free L
102.4128	DATA	{'pressed': True, 'port': 0, 'key': 4, 'time': 0}
102.4292	DATA	{'pressed': False, 'port': 0, 'key': 4, 'time': 0}
102.9602	DATA	{'pressed': True, 'port': 0, 'key': 1, 'time': 0}
103.7902	DATA	{'pressed': False, 'port': 0, 'key': 1, 'time': 0}
104.8024	DATA	check
105.0183	DATA	{'pressed': True, 'port': 0, 'key': 4, 'time': 0}
105.0350	DATA	{'pressed': False, 'port': 0, 'key': 4, 'time': 0}
105.5661	DATA	{'pressed': True, 'port': 0, 'key': 1, 'time': 0}
106.4625	DATA	{'pressed': False, 'port': 0, 'key': 1, 'time': 0}
107.4747	DATA	check
107.6076	DATA	{'pressed': True, 'port': 0, 'key': 4, 'time': 0}
107.6409	DATA	{'pressed': False, 'port': 0, 'key': 4, 'time': 0}
108.3380	DATA	{'pressed': True, 'port': 0, 'key': 0, 'time': 0}
108.9355	DATA	{'pressed': False, 'port': 0, 'key': 0, 'time': 0}
109.9478	DATA	check
110.2135	DATA	{'pressed': True, 'port': 0, 'key': 4, 'time': 0}
110.2302	DATA	{'pressed': False, 'port': 0, 'key': 4, 'time': 0}
110.9608	DATA	check
110.9608	DATA	free L
112.4549	DATA	{'pressed': True, 'port': 0, 'key': 0, 'time': 0}
112.8199	DATA	{'pressed': True, 'port': 0, 'key': 4, 'time': 0}
112.8365	DATA	{'pressed': False, 'port': 0, 'key': 4, 'time': 0}
113.0358	DATA	{'pressed': False, 'port': 0, 'key': 0, 'time': 0}
114.0480	DATA	check
114.0481	DATA	free L
115.4258	DATA	{'pressed': True, 'port': 0, 'key': 4, 'time': 0}
115.4425	DATA	{'pressed': False, 'port': 0, 'key': 4, 'time': 0}
116.0730	DATA	check
116.0730	DATA	free L
116.0732	DATA	{'pressed': True, 'port': 0, 'key': 0, 'time': 0}
117.0692	DATA	{'pressed': False, 'port': 0, 'key': 0, 'time': 0}
118.0152	DATA	{'pressed': True, 'port': 0, 'key': 4, 'time': 0}
118.0483	DATA	{'pressed': False, 'port': 0, 'key': 4, 'time': 0}
118.0979	DATA	check
119.1104	DATA	check
119.1105	DATA	free L
120.6215	DATA	{'pressed': True, 'port': 0, 'key': 4, 'time': 0}
120.6381	DATA	{'pressed': False, 'port': 0, 'key': 4, 'time': 0}
120.8043	DATA	{'pressed': True, 'port': 0, 'key': 0, 'time': 0}
121.5843	DATA	{'pressed': False, 'port': 0, 'key': 0, 'time': 0}
122.5965	DATA	check
122.5966	DATA	free L
123.2275	DATA	{'pressed': True, 'port': 0, 'key': 4, 'time': 0}
123.2441	DATA	{'pressed': False, 'port': 0, 'key': 4, 'time': 0}
124.2068	DATA	{'pressed': True, 'port': 0, 'key': 0, 'time': 0}
124.9869	DATA	{'pressed': False, 'port': 0, 'key': 0, 'time': 0}
125.8334	DATA	{'pressed': True, 'port': 0, 'key': 4, 'time': 0}
125.8500	DATA	{'pressed': False, 'port': 0, 'key': 4, 'time': 0}
125.9991	DATA	check
126.9289	DATA	{'pressed': True, 'port': 0, 'key': 0, 'time': 0}
127.9580	DATA	{'pressed': False, 'port': 0, 'key': 0, 'time': 0}
128.4393	DATA	{'pressed': True, 'port': 0, 'key': 4, 'time': 0}
128.4559	DATA	{'pressed': False, 'port': 0, 'key': 4, 'time': 0}
128.9703	DATA	check
129.7837	DATA	{'pressed': True, 'port': 0, 'key': 0, 'time': 0}
130.5307	DATA	{'pressed': False, 'port': 0, 'key': 0, 'time': 0}
131.0289	DATA	{'pressed': True, 'port': 0, 'key': 4, 'time': 0}
131.0623	DATA	{'pressed': False, 'port': 0, 'key': 4, 'time': 0}
131.5434	DATA	check
132.5559	DATA	check
132.5559	DATA	free L
133.6348	DATA	{'pressed': True, 'port': 0, 'key': 4, 'time': 0}
133.6516	DATA	{'pressed': False, 'port': 0, 'key': 4, 'time': 0}
134.1495	DATA	{'pressed': True, 'port': 0, 'key': 0, 'time': 0}
135.0957	DATA	{'pressed': False, 'port': 0, 'key': 0, 'time': 0}
136.1079	DATA	check
136.2409	DATA	{'pressed': True, 'port': 0, 'key': 4, 'time': 0}
136.2576	DATA	{'pressed': False, 'port': 0, 'key': 4, 'time': 0}
137.1204	DATA	check
137.1204	DATA	free L
138.8467	DATA	{'pressed': True, 'port': 0, 'key': 4, 'time': 0}
138.8634	DATA	{'pressed': False, 'port': 0, 'key': 4, 'time': 0}
139.1453	DATA	check
140.1578	DATA	check
141.1708	DATA	check
141.1709	DATA	free L
141.4365	DATA	{'pressed': True, 'port': 0, 'key': 4, 'time': 0}
141.4700	DATA	{'pressed': False, 'port': 0, 'key': 4, 'time': 0}
143.1958	DATA	check
144.0424	DATA	{'pressed': True, 'port': 0, 'key': 4, 'time': 0}
144.0592	DATA	{'pressed': False, 'port': 0, 'key': 4, 'time': 0}
144.1919	DATA	{'pressed': True, 'port': 0, 'key': 0, 'time': 0}
144.9057	DATA	{'pressed': False, 'port': 0, 'key': 0, 'time': 0}
145.9178	DATA	check
146.6483	DATA	{'pressed': True, 'port': 0, 'key': 4, 'time': 0}
146.6650	DATA	{'pressed': False, 'port': 0, 'key': 4, 'time': 0}
146.9303	DATA	check
147.4618	DATA	{'pressed': True, 'port': 0, 'key': 0, 'time': 0}
147.4781	DATA	earn L
148.4578	DATA	{'pressed': False, 'port': 0, 'key': 0, 'time': 0}
149.2542	DATA	{'pressed': True, 'port': 0, 'key': 4, 'time': 0}
149.2710	DATA	{'pressed': False, 'port': 0, 'key': 4, 'time': 0}
149.5031	DATA	check
149.5031	DATA	free L
151.1635	DATA	{'pressed': True, 'port': 0, 'key': 1, 'time': 0}
151.5285	DATA	earn R
151.8443	DATA	{'pressed': True, 'port': 0, 'key': 4, 'time': 0}
151.8775	DATA	{'pressed': False, 'port': 0, 'key': 4, 'time': 0}
152.0602	DATA	{'pressed': False, 'port': 0, 'key': 1, 'time': 0}
153.5535	DATA	check
154.2674	DATA	{'pressed': True, 'port': 0, 'key': 1, 'time': 0}
154.4499	DATA	{'pressed': True, 'port': 0, 'key': 4, 'time': 0}
154.4667	DATA	{'pressed': False, 'port': 0, 'key': 4, 'time': 0}
155.2301	DATA	{'pressed': False, 'port': 0, 'key': 1, 'time': 0}
156.2424	DATA	check
157.0558	DATA	{'pressed': True, 'port': 0, 'key': 4, 'time': 0}
157.0724	DATA	{'pressed': False, 'port': 0, 'key': 4, 'time': 0}
157.2548	DATA	check
158.2674	DATA	check
159.2798	DATA	check
159.6618	DATA	{'pressed': True, 'port': 0, 'key': 4, 'time': 0}
159.6784	DATA	{'pressed': False, 'port': 0, 'key': 4, 'time': 0}
160.2923	DATA	check
161.3053	DATA	check
161.6209	DATA	{'pressed': True, 'port': 0, 'key': 1, 'time': 0}
162.2682	DATA	{'pressed': True, 'port': 0, 'key': 4, 'time': 0}
162.2848	DATA	{'pressed': False, 'port': 0, 'key': 4, 'time': 0}
162.3512	DATA	{'pressed': False, 'port': 0, 'key': 1, 'time': 0}
163.3635	DATA	check
164.3760	DATA	check
164.8573	DATA	{'pressed': True, 'port': 0, 'key': 4, 'time': 0}
164.8907	DATA	{'pressed': False, 'port': 0, 'key': 4, 'time': 0}
165.3721	DATA	{'pressed': True, 'port': 0, 'key': 1, 'time': 0}
166.3181	DATA	{'pressed': False, 'port': 0, 'key': 1, 'time': 0}
167.3304	DATA	check
167.4634	DATA	{'pressed': True, 'port': 0, 'key': 4, 'time': 0}
167.4800	DATA	{'pressed': False, 'port': 0, 'key': 4, 'time': 0}
168.3429	DATA	check
169.3554	DATA	check
169.6875	DATA	{'pressed': True, 'port': 0, 'key': 1, 'time': 0}
170.0692	DATA	{'pressed': True, 'port': 0, 'key': 4, 'time': 0}
170.0859	DATA	{'pressed': False, 'port': 0, 'key': 4, 'time': 0}
170.4843	DATA	{'pressed': False, 'port': 0, 'key': 1, 'time': 0}
171.4971	DATA	check
172.5095	DATA	check
172.5095	DATA	free L
172.6759	DATA	{'pressed': True, 'port': 0, 'key': 4, 'time': 0}
172.6924	DATA	{'pressed': False, 'port': 0, 'key': 4, 'time': 0}
174.0866	DATA	{'pressed': True, 'port': 0, 'key': 1, 'time': 0}
174.6177	DATA	{'pressed': False, 'port': 0, 'key': 1, 'time': 0}
175.2649	DATA	{'pressed': True, 'port': 0, 'key': 4, 'time': 0}
175.2982	DATA	{'pressed': False, 'port': 0, 'key': 4, 'time': 0}
175.6300	DATA	check
175.6300	DATA	free L
177.6385	DATA	{'pressed': True, 'port': 0, 'key': 1, 'time': 0}
177.8708	DATA	{'pressed': True, 'port': 0, 'key': 4, 'time': 0}
177.8875	DATA	{'pressed': False, 'port': 0, 'key': 4, 'time': 0}
178.0868	DATA	{'pressed': False, 'port': 0, 'key': 1, 'time': 0}
179.0989	DATA	check
180.1114	DATA	check
180.4767	DATA	{'pressed': True, 'port': 0, 'key': 4, 'time': 0}
180.4934	DATA	{'pressed': False, 'port': 0, 'key': 4, 'time': 0}
181.1244	DATA	check
181.1244	DATA	free L
181.2445	DATA	{'pressed': True, 'port': 0, 'key': 1, 'time': 0}
182.1041	DATA	{'pressed': False, 'port': 0, 'key': 1, 'time': 0}
183.0833	DATA	{'pressed': True, 'port': 0, 'key': 4, 'time': 0}
183.0998	DATA	{'pressed': False, 'port': 0, 'key': 4, 'time': 0}
183.1494	DATA	check
184.1619	DATA	check
184.3116	DATA	{'pressed': True, 'port': 0, 'key': 1, 'time': 0}
185.1912	DATA	{'pressed': False, 'port': 0, 'key': 1, 'time': 0}
185.6725	DATA	{'pressed': True, 'port': 0, 'key': 4, 'time': 0}
185.7058	DATA	{'pressed': False, 'port': 0, 'key': 4, 'time': 0}
186.2035	DATA	check
187.2159	DATA	check
188.2284	DATA	check
188.2784	DATA	{'pressed': True, 'port': 0, 'key': 4, 'time': 0}
188.2951	DATA	{'pressed': False, 'port': 0, 'key': 4, 'time': 0}
189.2409	DATA	check
190.2534	DATA	check
190.2534	DATA	free L
190.8849	DATA	{'pressed': True, 'port': 0, 'key': 4, 'time': 0}
190.9016	DATA	{'pressed': False, 'port': 0, 'key': 4, 'time': 0}
192.2787	DATA	check
193.2913	DATA	check
193.4906	DATA	{'pressed': True, 'port': 0, 'key': 4, 'time': 0}
193.5074	DATA	{'pressed': False, 'port': 0, 'key': 4, 'time': 0}
193.8971	DATA	start rating A
196.3787	DATA	EmulatedKey: 0
197.2583	DATA	EmulatedKey: 0
203.8979	DATA	2.0
203.8980	DATA	end rating A
203.8982	DATA	start rating B
204.9772	DATA	EmulatedKey: 0
213.9071	DATA	3.0
213.9072	DATA	end rating B
214.3057	DATA	{'pressed': True, 'port': 0, 'key': 4, 'time': 0}
214.3223	DATA	{'pressed': False, 'port': 0, 'key': 4, 'time': 0}
214.9195	DATA	check
215.9158	DATA	{'pressed': True, 'port': 0, 'key': 0, 'time': 0}
216.5133	DATA	{'pressed': False, 'port': 0, 'key': 0, 'time': 0}
216.9117	DATA	{'pressed': True, 'port': 0, 'key': 4, 'time': 0}
216.9282	DATA	{'pressed': False, 'port': 0, 'key': 4, 'time': 0}
217.5255	DATA	check
218.5381	DATA	check
219.5008	DATA	{'pressed': True, 'port': 0, 'key': 4, 'time': 0}
219.5341	DATA	{'pressed': False, 'port': 0, 'key': 4, 'time': 0}
219.5505	DATA	check
219.5505	DATA	free R
219.7168	DATA	{'pressed': True, 'port': 0, 'key': 0, 'time': 0}
220.6632	DATA	{'pressed': False, 'port': 0, 'key': 0, 'time': 0}
221.6757	DATA	check
222.1072	DATA	{'pressed': True, 'port': 0, 'key': 4, 'time': 0}
222.1240	DATA	{'pressed': False, 'port': 0, 'key': 4, 'time': 0}
222.6881	DATA	check
223.7005	DATA	check
224.7130	DATA	check
224.7132	DATA	{'pressed': True, 'port': 0, 'key': 4, 'time': 0}
224.7299	DATA	{'pressed': False, 'port': 0, 'key': 4, 'time': 0}
225.7255	DATA	check
225.7256	DATA	free R
227.3193	DATA	{'pressed': True, 'port': 0, 'key': 4, 'time': 0}
227.3357	DATA	{'pressed': False, 'port': 0, 'key': 4, 'time': 0}
227.7505	DATA	check
228.2485	DATA	{'pressed': True, 'port': 0, 'key': 0, 'time': 0}
228.9291	DATA	{'pressed': False, 'port': 0, 'key': 0, 'time': 0}
229.9250	DATA	{'pressed': True, 'port': 0, 'key': 4, 'time': 0}
229.9414	DATA	check
229.9418	DATA	{'pressed': False, 'port': 0, 'key': 4, 'time': 0}
230.9544	DATA	check
231.9669	DATA	check
232.0336	DATA	{'pressed': True, 'port': 0, 'key': 0, 'time': 0}
232.5148	DATA	{'pressed': True, 'port': 0, 'key': 4, 'time': 0}
232.5480	DATA	{'pressed': False, 'port': 0, 'key': 4, 'time': 0}
232.6144	DATA	{'pressed': False, 'port': 0, 'key': 0, 'time': 0}
233.6267	DATA	check
234.6392	DATA	check
235.1206	DATA	{'pressed': True, 'port': 0, 'key': 4, 'time': 0}
235.1374	DATA	{'pressed': False, 'port': 0, 'key': 4, 'time': 0}
235.3532	DATA	{'pressed': True, 'port': 0, 'key': 0, 'time': 0}
236.0668	DATA	{'pressed': False, 'port': 0, 'key': 0, 'time': 0}
237.0791	DATA	check
237.7266	DATA	{'pressed': True, 'port': 0, 'key': 4, 'time': 0}
237.7433	DATA	{'pressed': False, 'port': 0, 'key': 4, 'time': 0}
238.0916	DATA	check
239.1040	DATA	check
239.2203	DATA	{'pressed': True, 'port': 0, 'key': 0, 'time': 0}
239.7185	DATA	{'pressed': False, 'port': 0, 'key': 0, 'time': 0}
240.3326	DATA	{'pressed': True, 'port': 0, 'key': 4, 'time': 0}
240.3491	DATA	{'pressed': False, 'port': 0, 'key': 4, 'time': 0}
240.7311	DATA	check
241.7437	DATA	check
241.7437	DATA	free R
242.9223	DATA	{'pressed': True, 'port': 0, 'key': 4, 'time': 0}
242.9556	DATA	{'pressed': False, 'port': 0, 'key': 4, 'time': 0}
243.7687	DATA	check
243.7687	DATA	free R
243.8712	DATA	{'pressed': True, 'port': 0, 'key': 0, 'time': 0}
244.7151	DATA	{'pressed': False, 'port': 0, 'key': 0, 'time': 0}
245.5281	DATA	{'pressed': True, 'port': 0, 'key': 4, 'time': 0}
245.5449	DATA	{'pressed': False, 'port': 0, 'key': 4, 'time': 0}
245.7936	DATA	check
245.7937	DATA	free R
247.8187	DATA	check
248.0346	DATA	{'pressed': True, 'port': 0, 'key': 0, 'time': 0}
248.1341	DATA	{'pressed': True, 'port': 0, 'key': 4, 'time': 0}
248.1507	DATA	{'pressed': False, 'port': 0, 'key': 4, 'time': 0}
248.7152	DATA	{'pressed': False, 'port': 0, 'key': 0, 'time': 0}
249.7274	DATA	check
250.7404	DATA	check
250.7405	DATA	{'pressed': True, 'port': 0, 'key': 4, 'time': 0}
250.7572	DATA	{'pressed': False, 'port': 0, 'key': 4, 'time': 0}
251.6369	DATA	{'pressed': True, 'port': 0, 'key': 0, 'time': 0}
252.3839	DATA	{'pressed': False, 'port': 0, 'key': 0, 'time': 0}
253.3298	DATA	{'pressed': True, 'port': 0, 'key': 4, 'time': 0}
253.3631	DATA	{'pressed': False, 'port': 0, 'key': 4, 'time': 0}
253.3960	DATA	check
254.4085	DATA	check
255.4210	DATA	check
255.9357	DATA	{'pressed': True, 'port': 0, 'key': 4, 'time': 0}
255.9523	DATA	{'pressed': False, 'port': 0, 'key': 4, 'time': 0}
256.4335	DATA	check
256.9815	DATA	{'pressed': True, 'port': 0, 'key': 0, 'time': 0}
256.9978	DATA	earn L
257.8447	DATA	{'pressed': False, 'port': 0, 'key': 0, 'time': 0}
258.5416	DATA	{'pressed': True, 'port': 0, 'key': 4, 'time': 0}
258.5582	DATA	{'pressed': False, 'port': 0, 'key': 4, 'time': 0}
259.0228	DATA	check
260.0353	DATA	check
260.6167	DATA	{'pressed': True, 'port': 0, 'key': 1, 'time': 0}
260.6331	DATA	earn R
261.1483	DATA	{'pressed': True, 'port': 0, 'key': 4, 'time': 0}
261.1646	DATA	{'pressed': False, 'port': 0, 'key': 4, 'time': 0}
261.4968	DATA	{'pressed': False, 'port': 0, 'key': 1, 'time': 0}
262.6583	DATA	check
262.6583	DATA	free R
263.7539	DATA	{'pressed': True, 'port': 0, 'key': 4, 'time': 0}
263.7706	DATA	{'pressed': False, 'port': 0, 'key': 4, 'time': 0}
264.1522	DATA	{'pressed': True, 'port': 0, 'key': 1, 'time': 0}
264.7831	DATA	{'pressed': False, 'port': 0, 'key': 1, 'time': 0}
265.7953	DATA	check
266.3432	DATA	{'pressed': True, 'port': 0, 'key': 4, 'time': 0}
266.3766	DATA	{'pressed': False, 'port': 0, 'key': 4, 'time': 0}
266.8078	DATA	check
267.8203	DATA	check
268.8328	DATA	check
268.9491	DATA	{'pressed': True, 'port': 0, 'key': 4, 'time': 0}
268.9658	DATA	{'pressed': False, 'port': 0, 'key': 4, 'time': 0}
269.8453	DATA	check
269.9949	DATA	{'pressed': True, 'port': 0, 'key': 1, 'time': 0}
270.4597	DATA	{'pressed': False, 'port': 0, 'key': 1, 'time': 0}
271.4724	DATA	check
271.5555	DATA	{'pressed': True, 'port': 0, 'key': 4, 'time': 0}
271.5721	DATA	{'pressed': False, 'port': 0, 'key': 4, 'time': 0}
272.4848	DATA	check
272.4848	DATA	free R
274.1614	DATA	{'pressed': True, 'port': 0, 'key': 4, 'time': 0}
274.1781	DATA	{'pressed': False, 'port': 0, 'key': 4, 'time': 0}
274.5098	DATA	check
274.8088	DATA	{'pressed': True, 'port': 0, 'key': 1, 'time': 0}
275.1076	DATA	{'pressed': False, 'port': 0, 'key': 1, 'time': 0}
276.1198	DATA	check
276.7508	DATA	{'pressed': True, 'port': 0, 'key': 4, 'time': 0}
276.7840	DATA	{'pressed': False, 'port': 0, 'key': 4, 'time': 0}
277.1323	DATA	check
278.1448	DATA	check
279.1573	DATA	check
279.1574	DATA	free R
279.3071	DATA	{'pressed': True, 'port': 0, 'key': 1, 'time': 0}
279.3566	DATA	{'pressed': True, 'port': 0, 'key': 4, 'time': 0}
279.3734	DATA	{'pressed': False, 'port': 0, 'key': 4, 'time': 0}
279.9378	DATA	{'pressed': False, 'port': 0, 'key': 1, 'time': 0}
281.1828	DATA	check
281.9630	DATA	{'pressed': True, 'port': 0, 'key': 4, 'time': 0}
281.9797	DATA	{'pressed': False, 'port': 0, 'key': 4, 'time': 0}
282.1952	DATA	check
283.2077	DATA	check
284.2202	DATA	check
284.5690	DATA	{'pressed': True, 'port': 0, 'key': 4, 'time': 0}
284.5856	DATA	{'pressed': False, 'port': 0, 'key': 4, 'time': 0}
285.1832	DATA	{'pressed': True, 'port': 0, 'key': 1, 'time': 0}
285.6479	DATA	{'pressed': False, 'port': 0, 'key': 1, 'time': 0}
286.6601	DATA	check
287.1581	DATA	{'pressed': True, 'port': 0, 'key': 4, 'time': 0}
287.1915	DATA	{'pressed': False, 'port': 0, 'key': 4, 'time': 0}
287.6726	DATA	check
288.6851	DATA	check
288.9841	DATA	{'pressed': True, 'port': 0, 'key': 1, 'time': 0}
289.4156	DATA	{'pressed': False, 'port': 0, 'key': 1, 'time': 0}
289.7641	DATA	{'pressed': True, 'port': 0, 'key': 4, 'time': 0}
289.7808	DATA	{'pressed': False, 'port': 0, 'key': 4, 'time': 0}
290.4279	DATA	check
291.4409	DATA	check
292.3705	DATA	{'pressed': True, 'port': 0, 'key': 4, 'time': 0}
292.3872	DATA	{'pressed': False, 'port': 0, 'key': 4, 'time': 0}
292.4534	DATA	check
293.4659	DATA	check
293.5158	DATA	{'pressed': True, 'port': 0, 'key': 1, 'time': 0}
293.9642	DATA	{'pressed': False, 'port': 0, 'key': 1, 'time': 0}
294.9763	DATA	check
294.9765	DATA	{'pressed': True, 'port': 0, 'key': 4, 'time': 0}
294.9932	DATA	{'pressed': False, 'port': 0, 'key': 4, 'time': 0}
295.9888	DATA	check
297.0012	DATA	check
297.5825	DATA	{'pressed': True, 'port': 0, 'key': 4, 'time': 0}
297.5990	DATA	{'pressed': False, 'port': 0, 'key': 4, 'time': 0}
298.0137	DATA	check
299.0262	DATA	check
299.2754	DATA	{'pressed': True, 'port': 0, 'key': 1, 'time': 0}
299.7070	DATA	{'pressed': False, 'port': 0, 'key': 1, 'time': 0}
300.1716	DATA	{'pressed': True, 'port': 0, 'key': 4, 'time': 0}
300.2049	DATA	{'pressed': False, 'port': 0, 'key': 4, 'time': 0}
300.7197	DATA	check
301.7321	DATA	check
301.7321	DATA	free R
302.7780	DATA	{'pressed': True, 'port': 0, 'key': 4, 'time': 0}
302.7947	DATA	{'pressed': False, 'port': 0, 'key': 4, 'time': 0}
303.7407	DATA	{'pressed': True, 'port': 0, 'key': 1, 'time': 0}
303.7572	DATA	earn R
304.2389	DATA	{'pressed': False, 'port': 0, 'key': 1, 'time': 0}
305.3840	DATA	{'pressed': True, 'port': 0, 'key': 4, 'time': 0}
305.4007	DATA	{'pressed': False, 'port': 0, 'key': 4, 'time': 0}
305.7822	DATA	check
306.5459	DATA	{'pressed': True, 'port': 0, 'key': 0, 'time': 0}
306.9940	DATA	{'pressed': False, 'port': 0, 'key': 0, 'time': 0}
307.9898	DATA	{'pressed': True, 'port': 0, 'key': 4, 'time': 0}
308.0063	DATA	check
308.0065	DATA	{'pressed': False, 'port': 0, 'key': 4, 'time': 0}
309.0188	DATA	check
310.0312	DATA	check
310.0313	DATA	free R
310.5793	DATA	{'pressed': True, 'port': 0, 'key': 4, 'time': 0}
310.6129	DATA	{'pressed': False, 'port': 0, 'key': 4, 'time': 0}
312.0567	DATA	check
312.1566	DATA	{'pressed': True, 'port': 0, 'key': 0, 'time': 0}
312.1729	DATA	earn L
312.4057	DATA	{'pressed': False, 'port': 0, 'key': 0, 'time': 0}
313.1882	DATA	{'pressed': True, 'port': 0, 'key': 4, 'time': 0}
313.2023	DATA	{'pressed': False, 'port': 0, 'key': 4, 'time': 0}
314.1979	DATA	check
315.2104	DATA	check
315.7914	DATA	{'pressed': True, 'port': 0, 'key': 4, 'time': 0}
315.8081	DATA	{'pressed': False, 'port': 0, 'key': 4, 'time': 0}
316.2229	DATA	check
317.2353	DATA	check
317.5012	DATA	{'pressed': True, 'port': 0, 'key': 0, 'time': 0}
317.5175	DATA	earn L
317.7337	DATA	{'pressed': False, 'port': 0, 'key': 0, 'time': 0}
318.3975	DATA	{'pressed': True, 'port': 0, 'key': 4, 'time': 0}
318.4142	DATA	{'pressed': False, 'port': 0, 'key': 4, 'time': 0}
319.5423	DATA	check
320.5549	DATA	check
320.9872	DATA	{'pressed': True, 'port': 0, 'key': 4, 'time': 0}
321.0205	DATA	{'pressed': False, 'port': 0, 'key': 4, 'time': 0}
321.5679	DATA	check
322.5804	DATA	check
323.1782	DATA	{'pressed': True, 'port': 0, 'key': 0, 'time': 0}
323.5267	DATA	{'pressed': False, 'port': 0, 'key': 0, 'time': 0}
323.5930	DATA	{'pressed': True, 'port': 0, 'key': 4, 'time': 0}
323.6263	DATA	{'pressed': False, 'port': 0, 'key': 4, 'time': 0}
324.5390	DATA	check
325.5515	DATA	check
325.5516	DATA	free R
326.1991	DATA	{'pressed': True, 'port': 0, 'key': 4, 'time': 0}
326.2158	DATA	{'pressed': False, 'port': 0, 'key': 4, 'time': 0}
326.9128	DATA	{'pressed': True, 'port': 0, 'key': 0, 'time': 0}
327.3444	DATA	{'pressed': False, 'port': 0, 'key': 0, 'time': 0}
328.3566	DATA	check
328.8050	DATA	{'pressed': True, 'port': 0, 'key': 4, 'time': 0}
328.8215	DATA	{'pressed': False, 'port': 0, 'key': 4, 'time': 0}
329.3690	DATA	check
330.3815	DATA	check
330.5478	DATA	{'pressed': True, 'port': 0, 'key': 0, 'time': 0}
330.7972	DATA	{'pressed': False, 'port': 0, 'key': 0, 'time': 0}
331.4114	DATA	{'pressed': True, 'port': 0, 'key': 4, 'time': 0}
331.4279	DATA	{'pressed': False, 'port': 0, 'key': 4, 'time': 0}
331.8095	DATA	check
332.8218	DATA	check
333.6189	DATA	{'pressed': True, 'port': 0, 'key': 0, 'time': 0}
333.6352	DATA	earn L
333.9843	DATA	{'pressed': False, 'port': 0, 'key': 0, 'time': 0}
334.0008	DATA	{'pressed': True, 'port': 0, 'key': 4, 'time': 0}
334.0340	DATA	{'pressed': False, 'port': 0, 'key': 4, 'time': 0}
334.7464	DATA	start rating A
338.6315	DATA	EmulatedKey: 1
340.8062	DATA	EmulatedKey: 0
341.8519	DATA	EmulatedKey: 1
344.7566	DATA	5.0
344.7566	DATA	end rating A
344.7571	DATA	start rating B
345.2877	DATA	EmulatedKey: 0
346.5159	DATA	EmulatedKey: 0
354.7490	DATA	2.0
354.7490	DATA	end rating B
354.8154	DATA	{'pressed': True, 'port': 0, 'key': 4, 'time': 0}
354.8488	DATA	{'pressed': False, 'port': 0, 'key': 4, 'time': 0}
355.7615	DATA	check
356.7740	DATA	check
357.2058	DATA	{'pressed': True, 'port': 0, 'key': 0, 'time': 0}
357.4214	DATA	{'pressed': True, 'port': 0, 'key': 4, 'time': 0}
357.4383	DATA	{'pressed': False, 'port': 0, 'key': 4, 'time': 0}
357.5045	DATA	{'pressed': False, 'port': 0, 'key': 0, 'time': 0}
358.5168	DATA	check
358.5168	DATA	free R
360.0273	DATA	{'pressed': True, 'port': 0, 'key': 4, 'time': 0}
360.0440	DATA	{'pressed': False, 'port': 0, 'key': 4, 'time': 0}
360.5418	DATA	check
360.6585	DATA	{'pressed': True, 'port': 0, 'key': 0, 'time': 0}
360.8745	DATA	{'pressed': False, 'port': 0, 'key': 0, 'time': 0}
361.8867	DATA	check
362.6338	DATA	{'pressed': True, 'port': 0, 'key': 4, 'time': 0}
362.6505	DATA	{'pressed': False, 'port': 0, 'key': 4, 'time': 0}
362.8992	DATA	check
362.8992	DATA	free R
364.8913	DATA	{'pressed': True, 'port': 0, 'key': 0, 'time': 0}
365.1734	DATA	{'pressed': False, 'port': 0, 'key': 0, 'time': 0}
365.2398	DATA	{'pressed': True, 'port': 0, 'key': 4, 'time': 0}
365.2563	DATA	{'pressed': False, 'port': 0, 'key': 4, 'time': 0}
366.1856	DATA	check
367.1981	DATA	check
367.8289	DATA	{'pressed': True, 'port': 0, 'key': 4, 'time': 0}
367.8623	DATA	{'pressed': False, 'port': 0, 'key': 4, 'time': 0}
368.2106	DATA	check
368.2106	DATA	free R
368.3603	DATA	{'pressed': True, 'port': 0, 'key': 0, 'time': 0}
368.6093	DATA	{'pressed': False, 'port': 0, 'key': 0, 'time': 0}
370.2356	DATA	check
370.2356	DATA	free R
370.4350	DATA	{'pressed': True, 'port': 0, 'key': 4, 'time': 0}
370.4519	DATA	{'pressed': False, 'port': 0, 'key': 4, 'time': 0}
371.4811	DATA	{'pressed': True, 'port': 0, 'key': 0, 'time': 0}
371.7302	DATA	{'pressed': False, 'port': 0, 'key': 0, 'time': 0}
372.7423	DATA	check
373.0413	DATA	{'pressed': True, 'port': 0, 'key': 4, 'time': 0}
373.0579	DATA	{'pressed': False, 'port': 0, 'key': 4, 'time': 0}
373.7549	DATA	check
373.7549	DATA	free R
375.2987	DATA	{'pressed': True, 'port': 0, 'key': 0, 'time': 0}
375.4813	DATA	{'pressed': False, 'port': 0, 'key': 0, 'time': 0}
375.6473	DATA	{'pressed': True, 'port': 0, 'key': 4, 'time': 0}
375.6639	DATA	{'pressed': False, 'port': 0, 'key': 4, 'time': 0}
376.4936	DATA	check
377.5061	DATA	check
378.2363	DATA	{'pressed': True, 'port': 0, 'key': 4, 'time': 0}
378.2698	DATA	{'pressed': False, 'port': 0, 'key': 4, 'time': 0}
378.5185	DATA	check
379.5308	DATA	check
380.5435	DATA	check
380.8428	DATA	{'pressed': True, 'port': 0, 'key': 4, 'time': 0}
380.8596	DATA	{'pressed': False, 'port': 0, 'key': 4, 'time': 0}
381.3077	DATA	{'pressed': True, 'port': 0, 'key': 0, 'time': 0}
381.5567	DATA	{'pressed': False, 'port': 0, 'key': 0, 'time': 0}
382.5689	DATA	check
383.4488	DATA	{'pressed': True, 'port': 0, 'key': 4, 'time': 0}
383.4654	DATA	{'pressed': False, 'port': 0, 'key': 4, 'time': 0}
383.5815	DATA	check
384.4946	DATA	{'pressed': True, 'port': 0, 'key': 0, 'time': 0}
384.5109	DATA	earn L
384.8599	DATA	{'pressed': False, 'port': 0, 'key': 0, 'time': 0}
386.0548	DATA	{'pressed': True, 'port': 0, 'key': 4, 'time': 0}
386.0713	DATA	{'pressed': False, 'port': 0, 'key': 4, 'time': 0}
386.5359	DATA	check
387.5484	DATA	check
388.2125	DATA	{'pressed': True, 'port': 0, 'key': 0, 'time': 0}
388.4781	DATA	{'pressed': False, 'port': 0, 'key': 0, 'time': 0}
388.6440	DATA	{'pressed': True, 'port': 0, 'key': 4, 'time': 0}
388.6772	DATA	{'pressed': False, 'port': 0, 'key': 4, 'time': 0}
389.4904	DATA	check
390.5028	DATA	check
391.2505	DATA	{'pressed': True, 'port': 0, 'key': 4, 'time': 0}
391.2670	DATA	{'pressed': False, 'port': 0, 'key': 4, 'time': 0}
391.5158	DATA	check
391.5159	DATA	free R
393.0764	DATA	{'pressed': True, 'port': 0, 'key': 0, 'time': 0}
393.4248	DATA	{'pressed': False, 'port': 0, 'key': 0, 'time': 0}
393.8563	DATA	{'pressed': True, 'port': 0, 'key': 4, 'time': 0}
393.8731	DATA	{'pressed': False, 'port': 0, 'key': 4, 'time': 0}
394.4371	DATA	check
395.4496	DATA	check
395.5660	DATA	{'pressed': True, 'port': 0, 'key': 1, 'time': 0}
395.9311	DATA	{'pressed': False, 'port': 0, 'key': 1, 'time': 0}
396.4623	DATA	{'pressed': True, 'port': 0, 'key': 4, 'time': 0}
396.4789	DATA	{'pressed': False, 'port': 0, 'key': 4, 'time': 0}
396.9434	DATA	check
396.9434	DATA	free R
398.9683	DATA	check
398.9684	DATA	free R
399.0787	DATA	{'pressed': True, 'port': 0, 'key': 4, 'time': 0}
399.1016	DATA	{'pressed': False, 'port': 0, 'key': 4, 'time': 0}
400.9939	DATA	check
401.6579	DATA	{'pressed': True, 'port': 0, 'key': 4, 'time': 0}
401.6912	DATA	{'pressed': False, 'port': 0, 'key': 4, 'time': 0}
402.0063	DATA	check
402.0063	DATA	free R
404.0313	DATA	check
404.0313	DATA	free R
404.2639	DATA	{'pressed': True, 'port': 0, 'key': 4, 'time': 0}
404.2806	DATA	{'pressed': False, 'port': 0, 'key': 4, 'time': 0}
406.0564	DATA	check
406.8697	DATA	{'pressed': True, 'port': 0, 'key': 4, 'time': 0}
406.8864	DATA	{'pressed': False, 'port': 0, 'key': 4, 'time': 0}
407.0687	DATA	check
407.9155	DATA	{'pressed': True, 'port': 0, 'key': 1, 'time': 0}
408.3139	DATA	{'pressed': False, 'port': 0, 'key': 1, 'time': 0}
409.3261	DATA	check
409.3261	DATA	free R
409.4757	DATA	{'pressed': True, 'port': 0, 'key': 4, 'time': 0}
409.4924	DATA	{'pressed': False, 'port': 0, 'key': 4, 'time': 0}
411.3515	DATA	check
411.8664	DATA	{'pressed': True, 'port': 0, 'key': 1, 'time': 0}
412.0654	DATA	{'pressed': True, 'port': 0, 'key': 4, 'time': 0}
412.0987	DATA	{'pressed': False, 'port': 0, 'key': 4, 'time': 0}
412.1318	DATA	{'pressed': False, 'port': 0, 'key': 1, 'time': 0}
413.1440	DATA	check
413.1440	DATA	free R
414.6713	DATA	{'pressed': True, 'port': 0, 'key': 4, 'time': 0}
414.6880	DATA	{'pressed': False, 'port': 0, 'key': 4, 'time': 0}
415.1691	DATA	check
415.5511	DATA	{'pressed': True, 'port': 0, 'key': 1, 'time': 0}
415.5675	DATA	earn R
415.9331	DATA	{'pressed': False, 'port': 0, 'key': 1, 'time': 0}
417.2772	DATA	{'pressed': True, 'port': 0, 'key': 4, 'time': 0}
417.2938	DATA	{'pressed': False, 'port': 0, 'key': 4, 'time': 0}
417.5924	DATA	check
418.6049	DATA	check
419.5844	DATA	{'pressed': True, 'port': 0, 'key': 1, 'time': 0}
419.8832	DATA	{'pressed': True, 'port': 0, 'key': 4, 'time': 0}
419.8998	DATA	{'pressed': False, 'port': 0, 'key': 4, 'time': 0}
419.9993	DATA	{'pressed': False, 'port': 0, 'key': 1, 'time': 0}
421.0121	DATA	check
422.0246	DATA	check
422.4729	DATA	{'pressed': True, 'port': 0, 'key': 4, 'time': 0}
422.5062	DATA	{'pressed': False, 'port': 0, 'key': 4, 'time': 0}
423.0371	DATA	check
423.7842	DATA	{'pressed': True, 'port': 0, 'key': 1, 'time': 0}
424.0664	DATA	{'pressed': False, 'port': 0, 'key': 1, 'time': 0}
425.0787	DATA	check
425.0789	DATA	{'pressed': True, 'port': 0, 'key': 4, 'time': 0}
425.0954	DATA	{'pressed': False, 'port': 0, 'key': 4, 'time': 0}
426.0911	DATA	check
427.1035	DATA	check
427.6847	DATA	{'pressed': True, 'port': 0, 'key': 4, 'time': 0}
427.7014	DATA	{'pressed': False, 'port': 0, 'key': 4, 'time': 0}
428.1161	DATA	check
429.0457	DATA	{'pressed': True, 'port': 0, 'key': 1, 'time': 0}
429.3612	DATA	{'pressed': False, 'port': 0, 'key': 1, 'time': 0}
430.2907	DATA	{'pressed': True, 'port': 0, 'key': 4, 'time': 0}
430.3072	DATA	{'pressed': False, 'port': 0, 'key': 4, 'time': 0}
430.3735	DATA	check
431.3864	DATA	check
432.3990	DATA	check
432.8971	DATA	{'pressed': True, 'port': 0, 'key': 4, 'time': 0}
432.9137	DATA	{'pressed': False, 'port': 0, 'key': 4, 'time': 0}
433.4114	DATA	check
434.4239	DATA	check
434.4239	DATA	free R
434.5449	DATA	{'pressed': True, 'port': 0, 'key': 1, 'time': 0}
434.7065	DATA	{'pressed': False, 'port': 0, 'key': 1, 'time': 0}
435.4863	DATA	{'pressed': True, 'port': 0, 'key': 4, 'time': 0}
435.5196	DATA	{'pressed': False, 'port': 0, 'key': 4, 'time': 0}
436.4489	DATA	check
437.4613	DATA	check
438.0093	DATA	{'pressed': True, 'port': 0, 'key': 1, 'time': 0}
438.0922	DATA	{'pressed': True, 'port': 0, 'key': 4, 'time': 0}
438.1089	DATA	{'pressed': False, 'port': 0, 'key': 4, 'time': 0}
438.2749	DATA	{'pressed': False, 'port': 0, 'key': 1, 'time': 0}
439.2871	DATA	check
439.2872	DATA	free R
440.6987	DATA	{'pressed': True, 'port': 0, 'key': 4, 'time': 0}
440.7153	DATA	{'pressed': False, 'port': 0, 'key': 4, 'time': 0}
441.1635	DATA	{'pressed': True, 'port': 0, 'key': 1, 'time': 0}
441.4291	DATA	{'pressed': False, 'port': 0, 'key': 1, 'time': 0}
442.4413	DATA	check
443.3046	DATA	{'pressed': True, 'port': 0, 'key': 4, 'time': 0}
443.3212	DATA	{'pressed': False, 'port': 0, 'key': 4, 'time': 0}
443.4538	DATA	check
444.4663	DATA	check
445.4291	DATA	{'pressed': True, 'port': 0, 'key': 1, 'time': 0}
445.4455	DATA	earn R
445.6949	DATA	{'pressed': False, 'port': 0, 'key': 1, 'time': 0}
445.8940	DATA	{'pressed': True, 'port': 0, 'key': 4, 'time': 0}
445.9273	DATA	{'pressed': False, 'port': 0, 'key': 4, 'time': 0}
447.4705	DATA	check
448.4830	DATA	check
448.4830	DATA	free R
448.5858	DATA	{'pressed': True, 'port': 0, 'key': 4, 'time': 0}
448.5996	DATA	{'pressed': False, 'port': 0, 'key': 4, 'time': 0}
450.0268	DATA	{'pressed': True, 'port': 0, 'key': 1, 'time': 0}
450.3754	DATA	{'pressed': False, 'port': 0, 'key': 1, 'time': 0}
451.1062	DATA	{'pressed': True, 'port': 0, 'key': 4, 'time': 0}
451.1228	DATA	{'pressed': False, 'port': 0, 'key': 4, 'time': 0}
451.3882	DATA	check
451.3882	DATA	free R
453.4131	DATA	check
453.7122	DATA	{'pressed': True, 'port': 0, 'key': 4, 'time': 0}
453.7287	DATA	{'pressed': False, 'port': 0, 'key': 4, 'time': 0}
454.0441	DATA	{'pressed': True, 'port': 0, 'key': 0, 'time': 0}
454.3262	DATA	{'pressed': False, 'port': 0, 'key': 0, 'time': 0}
455.3385	DATA	check
456.3014	DATA	{'pressed': True, 'port': 0, 'key': 4, 'time': 0}
456.3347	DATA	{'pressed': False, 'port': 0, 'key': 4, 'time': 0}
456.3510	DATA	check
457.3635	DATA	check
458.3759	DATA	check
458.8741	DATA	{'pressed': True, 'port': 0, 'key': 0, 'time': 0}
458.9072	DATA	{'pressed': True, 'port': 0, 'key': 4, 'time': 0}
458.9405	DATA	{'pressed': False, 'port': 0, 'key': 4, 'time': 0}
459.1895	DATA	{'pressed': False, 'port': 0, 'key': 0, 'time': 0}
460.2017	DATA	check
461.2147	DATA	check
461.5137	DATA	{'pressed': True, 'port': 0, 'key': 4, 'time': 0}
461.5303	DATA	{'pressed': False, 'port': 0, 'key': 4, 'time': 0}
462.2272	DATA	check
463.2397	DATA	check
463.2397	DATA	free R
464.1198	DATA	{'pressed': True, 'port': 0, 'key': 4, 'time': 0}
464.1364	DATA	{'pressed': False, 'port': 0, 'key': 4, 'time': 0}
465.0990	DATA	{'pressed': True, 'port': 0, 'key': 0, 'time': 0}
465.2647	DATA	earn L
465.4974	DATA	{'pressed': False, 'port': 0, 'key': 0, 'time': 0}
466.7256	DATA	{'pressed': True, 'port': 0, 'key': 4, 'time': 0}
466.7421	DATA	{'pressed': False, 'port': 0, 'key': 4, 'time': 0}
467.2896	DATA	check
468.3021	DATA	check
468.3021	DATA	free R
469.3168	DATA	{'pressed': True, 'port': 0, 'key': 4, 'time': 0}
469.3480	DATA	{'pressed': False, 'port': 0, 'key': 4, 'time': 0}
469.9289	DATA	{'pressed': True, 'port': 0, 'key': 0, 'time': 0}
470.2775	DATA	{'pressed': False, 'port': 0, 'key': 0, 'time': 0}
471.2903	DATA	check
471.9212	DATA	{'pressed': True, 'port': 0, 'key': 4, 'time': 0}
471.9378	DATA	{'pressed': False, 'port': 0, 'key': 4, 'time': 0}
472.3028	DATA	check
473.3152	DATA	check
474.3277	DATA	check
474.3278	DATA	free R
474.5272	DATA	{'pressed': True, 'port': 0, 'key': 4, 'time': 0}
474.5438	DATA	{'pressed': False, 'port': 0, 'key': 4, 'time': 0}
475.4233	DATA	start rating A
477.4150	DATA	EmulatedKey: 0
478.0958	DATA	EmulatedKey: 0
485.4323	DATA	2.0
485.4324	DATA	end rating A
485.4326	DATA	start rating B
486.2126	DATA	EmulatedKey: 0
495.4249	DATA	3.0
495.4249	DATA	end rating B
496.4374	DATA	check
497.3505	DATA	{'pressed': True, 'port': 0, 'key': 0, 'time': 0}
497.7322	DATA	{'pressed': False, 'port': 0, 'key': 0, 'time': 0}
497.9481	DATA	{'pressed': True, 'port': 0, 'key': 4, 'time': 0}
497.9646	DATA	{'pressed': False, 'port': 0, 'key': 4, 'time': 0}
498.7445	DATA	check
499.7570	DATA	check
500.5540	DATA	{'pressed': True, 'port': 0, 'key': 4, 'time': 0}
500.5706	DATA	{'pressed': False, 'port': 0, 'key': 4, 'time': 0}
500.7700	DATA	check
501.7825	DATA	check
501.9985	DATA	{'pressed': True, 'port': 0, 'key': 0, 'time': 0}
502.0149	DATA	earn L
502.2973	DATA	{'pressed': False, 'port': 0, 'key': 0, 'time': 0}
503.1436	DATA	{'pressed': True, 'port': 0, 'key': 4, 'time': 0}
503.1770	DATA	{'pressed': False, 'port': 0, 'key': 4, 'time': 0}
504.0398	DATA	check
505.0523	DATA	check
505.0524	DATA	free L
505.7497	DATA	{'pressed': True, 'port': 0, 'key': 4, 'time': 0}
505.7664	DATA	{'pressed': False, 'port': 0, 'key': 4, 'time': 0}
507.0771	DATA	check
508.0898	DATA	check
508.3555	DATA	{'pressed': True, 'port': 0, 'key': 4, 'time': 0}
508.3722	DATA	{'pressed': False, 'port': 0, 'key': 4, 'time': 0}
508.5215	DATA	{'pressed': True, 'port': 0, 'key': 0, 'time': 0}
508.8369	DATA	{'pressed': False, 'port': 0, 'key': 0, 'time': 0}
509.8491	DATA	check
510.8622	DATA	check
510.9620	DATA	{'pressed': True, 'port': 0, 'key': 4, 'time': 0}
510.9786	DATA	{'pressed': False, 'port': 0, 'key': 4, 'time': 0}
511.8746	DATA	check
512.8871	DATA	check
512.8872	DATA	free L
513.0085	DATA	{'pressed': True, 'port': 0, 'key': 0, 'time': 0}
513.2692	DATA	{'pressed': False, 'port': 0, 'key': 0, 'time': 0}
513.5513	DATA	{'pressed': True, 'port': 0, 'key': 4, 'time': 0}
513.5846	DATA	{'pressed': False, 'port': 0, 'key': 4, 'time': 0}
514.9121	DATA	check
515.9246	DATA	check
516.1570	DATA	{'pressed': True, 'port': 0, 'key': 4, 'time': 0}
516.1738	DATA	{'pressed': False, 'port': 0, 'key': 4, 'time': 0}
516.9371	DATA	check
517.9495	DATA	check
518.2984	DATA	{'pressed': True, 'port': 0, 'key': 0, 'time': 0}
518.6469	DATA	{'pressed': False, 'port': 0, 'key': 0, 'time': 0}
518.7630	DATA	{'pressed': True, 'port': 0, 'key': 4, 'time': 0}
518.7797	DATA	{'pressed': False, 'port': 0, 'key': 4, 'time': 0}
519.6591	DATA	check
520.6720	DATA	check
521.3694	DATA	{'pressed': True, 'port': 0, 'key': 4, 'time': 0}
521.3861	DATA	{'pressed': False, 'port': 0, 'key': 4, 'time': 0}
521.6846	DATA	check
522.0832	DATA	{'pressed': True, 'port': 0, 'key': 0, 'time': 0}
522.4981	DATA	{'pressed': False, 'port': 0, 'key': 0, 'time': 0}
523.5104	DATA	check
523.5104	DATA	free L
523.9588	DATA	{'pressed': True, 'port': 0, 'key': 4, 'time': 0}
523.9922	DATA	{'pressed': False, 'port': 0, 'key': 4, 'time': 0}
525.5354	DATA	check
525.8842	DATA	{'pressed': True, 'port': 0, 'key': 0, 'time': 0}
526.1332	DATA	{'pressed': False, 'port': 0, 'key': 0, 'time': 0}
526.5646	DATA	{'pressed': True, 'port': 0, 'key': 4, 'time': 0}
526.5813	DATA	{'pressed': False, 'port': 0, 'key': 4, 'time': 0}
527.1454	DATA	check
528.1579	DATA	check
528.1579	DATA	free L
529.1733	DATA	{'pressed': True, 'port': 0, 'key': 4, 'time': 0}
529.1871	DATA	{'pressed': False, 'port': 0, 'key': 4, 'time': 0}
529.9507	DATA	{'pressed': True, 'port': 0, 'key': 0, 'time': 0}
530.2328	DATA	{'pressed': False, 'port': 0, 'key': 0, 'time': 0}
531.2456	DATA	check
531.7769	DATA	{'pressed': True, 'port': 0, 'key': 4, 'time': 0}
531.7936	DATA	{'pressed': False, 'port': 0, 'key': 4, 'time': 0}
532.2581	DATA	check
533.2044	DATA	{'pressed': True, 'port': 0, 'key': 0, 'time': 0}
533.2208	DATA	earn L
533.5366	DATA	{'pressed': False, 'port': 0, 'key': 0, 'time': 0}
534.3829	DATA	{'pressed': True, 'port': 0, 'key': 4, 'time': 0}
534.3994	DATA	{'pressed': False, 'port': 0, 'key': 4, 'time': 0}
535.2457	DATA	check
535.2458	DATA	free L
536.9720	DATA	{'pressed': True, 'port': 0, 'key': 4, 'time': 0}
537.0054	DATA	{'pressed': False, 'port': 0, 'key': 4, 'time': 0}
537.1548	DATA	{'pressed': True, 'port': 0, 'key': 0, 'time': 0}
537.5365	DATA	{'pressed': False, 'port': 0, 'key': 0, 'time': 0}
538.5488	DATA	check
539.5612	DATA	check
539.5779	DATA	{'pressed': True, 'port': 0, 'key': 4, 'time': 0}
539.5947	DATA	{'pressed': False, 'port': 0, 'key': 4, 'time': 0}
540.5242	DATA	{'pressed': True, 'port': 0, 'key': 1, 'time': 0}
540.8402	DATA	{'pressed': False, 'port': 0, 'key': 1, 'time': 0}
541.8523	DATA	check
542.1844	DATA	{'pressed': True, 'port': 0, 'key': 4, 'time': 0}
542.2011	DATA	{'pressed': False, 'port': 0, 'key': 4, 'time': 0}
542.8648	DATA	check
543.8773	DATA	check
543.8773	DATA	free L
544.7905	DATA	{'pressed': True, 'port': 0, 'key': 4, 'time': 0}
544.8072	DATA	{'pressed': False, 'port': 0, 'key': 4, 'time': 0}
545.7863	DATA	{'pressed': True, 'port': 0, 'key': 1, 'time': 0}
546.0851	DATA	{'pressed': False, 'port': 0, 'key': 1, 'time': 0}
547.0973	DATA	check
547.3796	DATA	{'pressed': True, 'port': 0, 'key': 4, 'time': 0}
547.4129	DATA	{'pressed': False, 'port': 0, 'key': 4, 'time': 0}
548.1098	DATA	check
549.1222	DATA	check
549.9854	DATA	{'pressed': True, 'port': 0, 'key': 4, 'time': 0}
550.0022	DATA	{'pressed': False, 'port': 0, 'key': 4, 'time': 0}
550.1347	DATA	check
550.1348	DATA	free L
551.8451	DATA	{'pressed': True, 'port': 0, 'key': 1, 'time': 0}
552.1601	DATA	earn R
552.2705	DATA	{'pressed': False, 'port': 0, 'key': 1, 'time': 0}
552.5920	DATA	{'pressed': True, 'port': 0, 'key': 4, 'time': 0}
552.6087	DATA	{'pressed': False, 'port': 0, 'key': 4, 'time': 0}
554.1852	DATA	check
555.0320	DATA	{'pressed': True, 'port': 0, 'key': 1, 'time': 0}
555.1979	DATA	{'pressed': True, 'port': 0, 'key': 4, 'time': 0}
555.2143	DATA	{'pressed': False, 'port': 0, 'key': 4, 'time': 0}
555.3141	DATA	{'pressed': False, 'port': 0, 'key': 1, 'time': 0}
556.3263	DATA	check
557.3388	DATA	check
557.8038	DATA	{'pressed': True, 'port': 0, 'key': 4, 'time': 0}
557.8203	DATA	{'pressed': False, 'port': 0, 'key': 4, 'time': 0}
558.3513	DATA	check
559.3638	DATA	check
560.3762	DATA	check
560.3931	DATA	{'pressed': True, 'port': 0, 'key': 4, 'time': 0}
560.4099	DATA	{'pressed': False, 'port': 0, 'key': 4, 'time': 0}
560.4428	DATA	{'pressed': True, 'port': 0, 'key': 1, 'time': 0}
560.7256	DATA	{'pressed': False, 'port': 0, 'key': 1, 'time': 0}
561.7378	DATA	check
562.7503	DATA	check
562.9994	DATA	{'pressed': True, 'port': 0, 'key': 4, 'time': 0}
563.0162	DATA	{'pressed': False, 'port': 0, 'key': 4, 'time': 0}
563.7628	DATA	check
564.7753	DATA	check
564.7753	DATA	free L
565.6056	DATA	{'pressed': True, 'port': 0, 'key': 4, 'time': 0}
565.6222	DATA	{'pressed': False, 'port': 0, 'key': 4, 'time': 0}
566.5514	DATA	{'pressed': True, 'port': 0, 'key': 1, 'time': 0}
566.8669	DATA	{'pressed': False, 'port': 0, 'key': 1, 'time': 0}
567.8791	DATA	check
568.2113	DATA	{'pressed': True, 'port': 0, 'key': 4, 'time': 0}
568.2279	DATA	{'pressed': False, 'port': 0, 'key': 4, 'time': 0}
568.8916	DATA	check
568.8916	DATA	free L
570.8010	DATA	{'pressed': True, 'port': 0, 'key': 4, 'time': 0}
570.8343	DATA	{'pressed': False, 'port': 0, 'key': 4, 'time': 0}
570.9171	DATA	check
570.9171	DATA	free L
571.1499	DATA	{'pressed': True, 'port': 0, 'key': 1, 'time': 0}
571.5150	DATA	{'pressed': False, 'port': 0, 'key': 1, 'time': 0}
572.9420	DATA	check
573.4069	DATA	{'pressed': True, 'port': 0, 'key': 4, 'time': 0}
573.4236	DATA	{'pressed': False, 'port': 0, 'key': 4, 'time': 0}
573.9545	DATA	check
574.9009	DATA	{'pressed': True, 'port': 0, 'key': 1, 'time': 0}
574.9171	DATA	earn R
575.2330	DATA	{'pressed': False, 'port': 0, 'key': 1, 'time': 0}
576.0128	DATA	{'pressed': True, 'port': 0, 'key': 4, 'time': 0}
576.0295	DATA	{'pressed': False, 'port': 0, 'key': 4, 'time': 0}
576.9422	DATA	check
576.9422	DATA	free L
578.6188	DATA	{'pressed': True, 'port': 0, 'key': 4, 'time': 0}
578.6354	DATA	{'pressed': False, 'port': 0, 'key': 4, 'time': 0}
578.9671	DATA	check
578.9674	DATA	{'pressed': True, 'port': 0, 'key': 1, 'time': 0}
579.2993	DATA	{'pressed': False, 'port': 0, 'key': 1, 'time': 0}
580.3116	DATA	check
581.2085	DATA	{'pressed': True, 'port': 0, 'key': 4, 'time': 0}
581.2419	DATA	{'pressed': False, 'port': 0, 'key': 4, 'time': 0}
581.3246	DATA	check
582.3370	DATA	check
582.3539	DATA	{'pressed': True, 'port': 0, 'key': 1, 'time': 0}
582.7523	DATA	{'pressed': False, 'port': 0, 'key': 1, 'time': 0}
583.7644	DATA	check
583.8144	DATA	{'pressed': True, 'port': 0, 'key': 4, 'time': 0}
583.8311	DATA	{'pressed': False, 'port': 0, 'key': 4, 'time': 0}
584.7770	DATA	check
584.8272	DATA	{'pressed': True, 'port': 0, 'key': 0, 'time': 0}
585.2087	DATA	{'pressed': False, 'port': 0, 'key': 0, 'time': 0}
586.2210	DATA	check
586.4203	DATA	{'pressed': True, 'port': 0, 'key': 4, 'time': 0}
586.4370	DATA	{'pressed': False, 'port': 0, 'key': 4, 'time': 0}
587.2335	DATA	check
588.2459	DATA	check
589.0264	DATA	{'pressed': True, 'port': 0, 'key': 4, 'time': 0}
589.0430	DATA	{'pressed': False, 'port': 0, 'key': 4, 'time': 0}
589.2585	DATA	check
589.9225	DATA	{'pressed': True, 'port': 0, 'key': 0, 'time': 0}
590.3375	DATA	{'pressed': False, 'port': 0, 'key': 0, 'time': 0}
591.3503	DATA	check
591.3504	DATA	free L
591.6329	DATA	{'pressed': True, 'port': 0, 'key': 4, 'time': 0}
591.6494	DATA	{'pressed': False, 'port': 0, 'key': 4, 'time': 0}
593.1265	DATA	{'pressed': True, 'port': 0, 'key': 0, 'time': 0}
593.5747	DATA	{'pressed': False, 'port': 0, 'key': 0, 'time': 0}
594.2220	DATA	{'pressed': True, 'port': 0, 'key': 4, 'time': 0}
594.2386	DATA	{'pressed': False, 'port': 0, 'key': 4, 'time': 0}
594.5870	DATA	check
595.5994	DATA	check
596.4628	DATA	{'pressed': True, 'port': 0, 'key': 0, 'time': 0}
596.8279	DATA	{'pressed': True, 'port': 0, 'key': 4, 'time': 0}
596.8445	DATA	{'pressed': False, 'port': 0, 'key': 4, 'time': 0}
596.8611	DATA	{'pressed': False, 'port': 0, 'key': 0, 'time': 0}
597.8734	DATA	check
598.8858	DATA	check
598.9856	DATA	{'pressed': True, 'port': 0, 'key': 0, 'time': 0}
599.4338	DATA	{'pressed': True, 'port': 0, 'key': 4, 'time': 0}
599.4503	DATA	{'pressed': False, 'port': 0, 'key': 4, 'time': 0}
599.4837	DATA	{'pressed': False, 'port': 0, 'key': 0, 'time': 0}
600.4957	DATA	check
601.5089	DATA	check
602.0402	DATA	{'pressed': True, 'port': 0, 'key': 4, 'time': 0}
602.0568	DATA	{'pressed': False, 'port': 0, 'key': 4, 'time': 0}
602.5213	DATA	check
603.5338	DATA	check
604.5463	DATA	check
604.5463	DATA	free L
604.6681	DATA	{'pressed': True, 'port': 0, 'key': 4, 'time': 0}
604.6796	DATA	{'pressed': False, 'port': 0, 'key': 4, 'time': 0}
604.8787	DATA	{'pressed': True, 'port': 0, 'key': 0, 'time': 0}
605.3766	DATA	{'pressed': False, 'port': 0, 'key': 0, 'time': 0}
606.5713	DATA	check
607.2352	DATA	{'pressed': True, 'port': 0, 'key': 4, 'time': 0}
607.2521	DATA	{'pressed': False, 'port': 0, 'key': 4, 'time': 0}
607.5837	DATA	check
607.5838	DATA	free L
609.2439	DATA	{'pressed': True, 'port': 0, 'key': 0, 'time': 0}
609.6255	DATA	{'pressed': False, 'port': 0, 'key': 0, 'time': 0}
609.8413	DATA	{'pressed': True, 'port': 0, 'key': 4, 'time': 0}
609.8579	DATA	{'pressed': False, 'port': 0, 'key': 4, 'time': 0}
610.6381	DATA	check
611.6508	DATA	check
612.2154	DATA	{'pressed': True, 'port': 0, 'key': 0, 'time': 0}
612.4477	DATA	{'pressed': True, 'port': 0, 'key': 4, 'time': 0}
612.4644	DATA	{'pressed': False, 'port': 0, 'key': 4, 'time': 0}
612.5307	DATA	{'pressed': False, 'port': 0, 'key': 0, 'time': 0}
613.5430	DATA	check
614.5553	DATA	check
614.9872	DATA	{'pressed': True, 'port': 0, 'key': 0, 'time': 0}
615.0369	DATA	{'pressed': True, 'port': 0, 'key': 4, 'time': 0}
615.0702	DATA	{'pressed': False, 'port': 0, 'key': 4, 'time': 0}
615.3193	DATA	{'pressed': False, 'port': 0, 'key': 0, 'time': 0}
615.5311	DATA	start rating A
616.8130	DATA	EmulatedKey: 0
625.5439	DATA	3.0
625.5439	DATA	end rating A
625.5444	DATA	start rating B
626.3741	DATA	EmulatedKey: 0
626.7723	DATA	EmulatedKey: 0
635.5364	DATA	2.0
635.5365	DATA	end rating B
635.8687	DATA	{'pressed': True, 'port': 0, 'key': 4, 'time': 0}
635.8852	DATA	{'pressed': False, 'port': 0, 'key': 4, 'time': 0}
636.5489	DATA	check
637.5614	DATA	check
637.6115	DATA	{'pressed': True, 'port': 0, 'key': 0, 'time': 0}
638.1426	DATA	{'pressed': False, 'port': 0, 'key': 0, 'time': 0}
638.4579	DATA	{'pressed': True, 'port': 0, 'key': 4, 'time': 0}
638.4912	DATA	{'pressed': False, 'port': 0, 'key': 4, 'time': 0}
639.1549	DATA	check
640.1673	DATA	check
641.0643	DATA	{'pressed': True, 'port': 0, 'key': 4, 'time': 0}
641.0810	DATA	{'pressed': False, 'port': 0, 'key': 4, 'time': 0}
641.1803	DATA	check
642.1928	DATA	check
643.2053	DATA	check
643.2053	DATA	free L
643.6703	DATA	{'pressed': True, 'port': 0, 'key': 4, 'time': 0}
643.6869	DATA	{'pressed': False, 'port': 0, 'key': 4, 'time': 0}
645.2303	DATA	check
646.2427	DATA	check
646.2427	DATA	free L
646.3581	DATA	{'pressed': True, 'port': 0, 'key': 4, 'time': 0}
646.3760	DATA	{'pressed': False, 'port': 0, 'key': 4, 'time': 0}
648.2677	DATA	check
648.8654	DATA	{'pressed': True, 'port': 0, 'key': 4, 'time': 0}
648.8987	DATA	{'pressed': False, 'port': 0, 'key': 4, 'time': 0}
649.2802	DATA	check
650.2926	DATA	check
650.2926	DATA	free L
650.4057	DATA	{'pressed': True, 'port': 0, 'key': 0, 'time': 0}
650.7583	DATA	{'pressed': False, 'port': 0, 'key': 0, 'time': 0}
651.4718	DATA	{'pressed': True, 'port': 0, 'key': 4, 'time': 0}
651.4885	DATA	{'pressed': False, 'port': 0, 'key': 4, 'time': 0}
652.3182	DATA	check
652.3182	DATA	free L
654.0777	DATA	{'pressed': True, 'port': 0, 'key': 4, 'time': 0}
654.0943	DATA	{'pressed': False, 'port': 0, 'key': 4, 'time': 0}
654.3431	DATA	check
655.3226	DATA	{'pressed': True, 'port': 0, 'key': 0, 'time': 0}
655.3390	DATA	earn L
655.6381	DATA	{'pressed': False, 'port': 0, 'key': 0, 'time': 0}
656.6836	DATA	{'pressed': True, 'port': 0, 'key': 4, 'time': 0}
656.7003	DATA	{'pressed': False, 'port': 0, 'key': 4, 'time': 0}
657.3638	DATA	check
658.3764	DATA	check
659.0572	DATA	{'pressed': True, 'port': 0, 'key': 0, 'time': 0}
659.2730	DATA	{'pressed': True, 'port': 0, 'key': 4, 'time': 0}
659.3062	DATA	{'pressed': False, 'port': 0, 'key': 4, 'time': 0}
659.3228	DATA	{'pressed': False, 'port': 0, 'key': 0, 'time': 0}
660.3350	DATA	check
661.3480	DATA	check
661.8793	DATA	{'pressed': True, 'port': 0, 'key': 4, 'time': 0}
661.9126	DATA	{'pressed': False, 'port': 0, 'key': 4, 'time': 0}
662.3605	DATA	check
663.1740	DATA	{'pressed': True, 'port': 0, 'key': 0, 'time': 0}
663.4728	DATA	{'pressed': False, 'port': 0, 'key': 0, 'time': 0}
664.4850	DATA	check
664.4852	DATA	{'pressed': True, 'port': 0, 'key': 4, 'time': 0}
664.5019	DATA	{'pressed': False, 'port': 0, 'key': 4, 'time': 0}
665.4975	DATA	check
666.5100	DATA	check
667.0912	DATA	{'pressed': True, 'port': 0, 'key': 4, 'time': 0}
667.1078	DATA	{'pressed': False, 'port': 0, 'key': 4, 'time': 0}
667.1409	DATA	{'pressed': True, 'port': 0, 'key': 0, 'time': 0}
667.4067	DATA	{'pressed': False, 'port': 0, 'key': 0, 'time': 0}
668.4188	DATA	check
669.4313	DATA	check
669.6970	DATA	{'pressed': True, 'port': 0, 'key': 4, 'time': 0}
669.7137	DATA	{'pressed': False, 'port': 0, 'key': 4, 'time': 0}
670.3278	DATA	{'pressed': True, 'port': 0, 'key': 0, 'time': 0}
670.3441	DATA	earn L
670.6603	DATA	{'pressed': False, 'port': 0, 'key': 0, 'time': 0}
672.2869	DATA	{'pressed': True, 'port': 0, 'key': 4, 'time': 0}
672.3201	DATA	{'pressed': False, 'port': 0, 'key': 4, 'time': 0}
672.3696	DATA	check
673.3821	DATA	check
673.8139	DATA	{'pressed': True, 'port': 0, 'key': 0, 'time': 0}
673.8303	DATA	earn L
674.1627	DATA	{'pressed': False, 'port': 0, 'key': 0, 'time': 0}
674.8926	DATA	{'pressed': True, 'port': 0, 'key': 4, 'time': 0}
674.9093	DATA	{'pressed': False, 'port': 0, 'key': 4, 'time': 0}
675.8552	DATA	check
676.8677	DATA	check
676.8678	DATA	free L
677.4988	DATA	{'pressed': True, 'port': 0, 'key': 4, 'time': 0}
677.5154	DATA	{'pressed': False, 'port': 0, 'key': 4, 'time': 0}
678.6605	DATA	{'pressed': True, 'port': 0, 'key': 0, 'time': 0}
679.0589	DATA	{'pressed': False, 'port': 0, 'key': 0, 'time': 0}
680.0711	DATA	check
680.1046	DATA	{'pressed': True, 'port': 0, 'key': 4, 'time': 0}
680.1212	DATA	{'pressed': False, 'port': 0, 'key': 4, 'time': 0}
680.9848	DATA	{'pressed': True, 'port': 0, 'key': 1, 'time': 0}
681.4163	DATA	{'pressed': False, 'port': 0, 'key': 1, 'time': 0}
682.4286	DATA	check
682.6944	DATA	{'pressed': True, 'port': 0, 'key': 4, 'time': 0}
682.7276	DATA	{'pressed': False, 'port': 0, 'key': 4, 'time': 0}
683.4410	DATA	check
684.4535	DATA	check
684.4536	DATA	free L
685.3003	DATA	{'pressed': True, 'port': 0, 'key': 4, 'time': 0}
685.3171	DATA	{'pressed': False, 'port': 0, 'key': 4, 'time': 0}
686.3957	DATA	{'pressed': True, 'port': 0, 'key': 1, 'time': 0}
686.6780	DATA	{'pressed': False, 'port': 0, 'key': 1, 'time': 0}
687.6902	DATA	check
687.9061	DATA	{'pressed': True, 'port': 0, 'key': 4, 'time': 0}
687.9227	DATA	{'pressed': False, 'port': 0, 'key': 4, 'time': 0}
688.7027	DATA	check
689.4997	DATA	{'pressed': True, 'port': 0, 'key': 1, 'time': 0}
689.7485	DATA	{'pressed': False, 'port': 0, 'key': 1, 'time': 0}
690.5120	DATA	{'pressed': True, 'port': 0, 'key': 4, 'time': 0}
690.5287	DATA	{'pressed': False, 'port': 0, 'key': 4, 'time': 0}
690.7613	DATA	check
690.7614	DATA	free L
692.7863	DATA	check
693.1185	DATA	{'pressed': True, 'port': 0, 'key': 4, 'time': 0}
693.1351	DATA	{'pressed': False, 'port': 0, 'key': 4, 'time': 0}
693.4671	DATA	{'pressed': True, 'port': 0, 'key': 1, 'time': 0}
693.7326	DATA	{'pressed': False, 'port': 0, 'key': 1, 'time': 0}
694.7449	DATA	check
695.7077	DATA	{'pressed': True, 'port': 0, 'key': 4, 'time': 0}
695.7244	DATA	{'pressed': False, 'port': 0, 'key': 4, 'time': 0}
695.7573	DATA	check
696.7698	DATA	check
697.7823	DATA	check
698.3136	DATA	{'pressed': True, 'port': 0, 'key': 4, 'time': 0}
698.3303	DATA	{'pressed': False, 'port': 0, 'key': 4, 'time': 0}
698.7948	DATA	check
699.1602	DATA	{'pressed': True, 'port': 0, 'key': 1, 'time': 0}
699.5088	DATA	{'pressed': False, 'port': 0, 'key': 1, 'time': 0}
700.5210	DATA	check
700.5211	DATA	free L
700.9202	DATA	{'pressed': True, 'port': 0, 'key': 4, 'time': 0}
700.9369	DATA	{'pressed': False, 'port': 0, 'key': 4, 'time': 0}
702.5465	DATA	check
703.5260	DATA	{'pressed': True, 'port': 0, 'key': 4, 'time': 0}
703.5427	DATA	{'pressed': False, 'port': 0, 'key': 4, 'time': 0}
703.5590	DATA	check
704.2066	DATA	{'pressed': True, 'port': 0, 'key': 1, 'time': 0}
704.4887	DATA	{'pressed': False, 'port': 0, 'key': 1, 'time': 0}
705.5010	DATA	check
706.1152	DATA	{'pressed': True, 'port': 0, 'key': 4, 'time': 0}
706.1485	DATA	{'pressed': False, 'port': 0, 'key': 4, 'time': 0}
706.5134	DATA	check
707.4099	DATA	{'pressed': True, 'port': 0, 'key': 1, 'time': 0}
707.6423	DATA	{'pressed': False, 'port': 0, 'key': 1, 'time': 0}
708.6546	DATA	check
708.7210	DATA	{'pressed': True, 'port': 0, 'key': 4, 'time': 0}
708.7378	DATA	{'pressed': False, 'port': 0, 'key': 4, 'time': 0}
709.6670	DATA	check
710.6799	DATA	check
711.3275	DATA	{'pressed': True, 'port': 0, 'key': 4, 'time': 0}
711.3442	DATA	{'pressed': False, 'port': 0, 'key': 4, 'time': 0}
711.6925	DATA	check
712.7050	DATA	check
713.7175	DATA	check
713.9335	DATA	{'pressed': True, 'port': 0, 'key': 4, 'time': 0}
713.9502	DATA	{'pressed': False, 'port': 0, 'key': 4, 'time': 0}
714.6971	DATA	{'pressed': True, 'port': 0, 'key': 1, 'time': 0}
714.7134	DATA	earn R
715.0292	DATA	{'pressed': False, 'port': 0, 'key': 1, 'time': 0}
716.5228	DATA	{'pressed': True, 'port': 0, 'key': 4, 'time': 0}
716.5561	DATA	{'pressed': False, 'port': 0, 'key': 4, 'time': 0}
716.7383	DATA	check
717.7508	DATA	check
718.7633	DATA	check
718.7634	DATA	free L
719.1287	DATA	{'pressed': True, 'port': 0, 'key': 4, 'time': 0}
719.1455	DATA	{'pressed': False, 'port': 0, 'key': 4, 'time': 0}
720.7888	DATA	check
721.6853	DATA	{'pressed': True, 'port': 0, 'key': 1, 'time': 0}
721.7350	DATA	{'pressed': True, 'port': 0, 'key': 4, 'time': 0}
721.7517	DATA	{'pressed': False, 'port': 0, 'key': 4, 'time': 0}
722.0173	DATA	{'pressed': False, 'port': 0, 'key': 1, 'time': 0}
723.0295	DATA	check
724.0420	DATA	check
724.3410	DATA	{'pressed': True, 'port': 0, 'key': 4, 'time': 0}
724.3576	DATA	{'pressed': False, 'port': 0, 'key': 4, 'time': 0}
725.0050	DATA	{'pressed': True, 'port': 0, 'key': 0, 'time': 0}
725.4199	DATA	{'pressed': False, 'port': 0, 'key': 0, 'time': 0}
726.4322	DATA	check
726.4322	DATA	free L
726.9470	DATA	{'pressed': True, 'port': 0, 'key': 4, 'time': 0}
726.9637	DATA	{'pressed': False, 'port': 0, 'key': 4, 'time': 0}
728.4571	DATA	check
728.7561	DATA	{'pressed': True, 'port': 0, 'key': 0, 'time': 0}
729.0383	DATA	{'pressed': False, 'port': 0, 'key': 0, 'time': 0}
729.5360	DATA	{'pressed': True, 'port': 0, 'key': 4, 'time': 0}
729.5695	DATA	{'pressed': False, 'port': 0, 'key': 4, 'time': 0}
730.0505	DATA	check
731.0635	DATA	check
732.0760	DATA	check
732.1426	DATA	{'pressed': True, 'port': 0, 'key': 4, 'time': 0}
732.1592	DATA	{'pressed': False, 'port': 0, 'key': 4, 'time': 0}
732.6074	DATA	{'pressed': True, 'port': 0, 'key': 0, 'time': 0}
732.9062	DATA	{'pressed': False, 'port': 0, 'key': 0, 'time': 0}
733.9184	DATA	check
733.9184	DATA	free L
734.7485	DATA	{'pressed': True, 'port': 0, 'key': 4, 'time': 0}
734.7653	DATA	{'pressed': False, 'port': 0, 'key': 4, 'time': 0}
735.9433	DATA	check
735.9434	DATA	free L
736.0695	DATA	{'pressed': True, 'port': 0, 'key': 0, 'time': 0}
736.3919	DATA	{'pressed': False, 'port': 0, 'key': 0, 'time': 0}
737.3544	DATA	{'pressed': True, 'port': 0, 'key': 4, 'time': 0}
737.3710	DATA	{'pressed': False, 'port': 0, 'key': 4, 'time': 0}
737.9683	DATA	check
738.9808	DATA	check
739.1138	DATA	{'pressed': True, 'port': 0, 'key': 0, 'time': 0}
739.4292	DATA	{'pressed': False, 'port': 0, 'key': 0, 'time': 0}
739.9436	DATA	{'pressed': True, 'port': 0, 'key': 4, 'time': 0}
739.9769	DATA	{'pressed': False, 'port': 0, 'key': 4, 'time': 0}
740.4414	DATA	check
741.4546	DATA	check
741.4546	DATA	free L
742.5500	DATA	{'pressed': True, 'port': 0, 'key': 4, 'time': 0}
742.5667	DATA	{'pressed': False, 'port': 0, 'key': 4, 'time': 0}
743.2805	DATA	{'pressed': True, 'port': 0, 'key': 0, 'time': 0}
743.6622	DATA	{'pressed': False, 'port': 0, 'key': 0, 'time': 0}
744.6744	DATA	check
745.1559	DATA	{'pressed': True, 'port': 0, 'key': 4, 'time': 0}
745.1727	DATA	{'pressed': False, 'port': 0, 'key': 4, 'time': 0}
745.6870	DATA	check
746.1849	DATA	{'pressed': True, 'port': 0, 'key': 0, 'time': 0}
746.5337	DATA	{'pressed': False, 'port': 0, 'key': 0, 'time': 0}
747.5459	DATA	check
747.7619	DATA	{'pressed': True, 'port': 0, 'key': 4, 'time': 0}
747.7786	DATA	{'pressed': False, 'port': 0, 'key': 4, 'time': 0}
748.5584	DATA	check
748.5584	DATA	free L
750.3512	DATA	{'pressed': True, 'port': 0, 'key': 4, 'time': 0}
750.3845	DATA	{'pressed': False, 'port': 0, 'key': 4, 'time': 0}
750.4010	DATA	{'pressed': True, 'port': 0, 'key': 0, 'time': 0}
750.5835	DATA	earn L
750.7337	DATA	{'pressed': False, 'port': 0, 'key': 0, 'time': 0}
752.6089	DATA	check
752.8414	DATA	{'pressed': True, 'port': 0, 'key': 0, 'time': 0}
752.9575	DATA	{'pressed': True, 'port': 0, 'key': 4, 'time': 0}
752.9743	DATA	{'pressed': False, 'port': 0, 'key': 4, 'time': 0}
753.2564	DATA	{'pressed': False, 'port': 0, 'key': 0, 'time': 0}
754.2687	DATA	check
755.2811	DATA	check
755.5559	DATA	{'pressed': True, 'port': 0, 'key': 4, 'time': 0}
755.5761	DATA	{'pressed': False, 'port': 0, 'key': 4, 'time': 0}
755.6475	DATA	start rating A
755.7703	DATA	EmulatedKey: 1
757.4226	DATA	EmulatedKey: 0
765.6555	DATA	4.0
765.6555	DATA	end rating A
765.6560	DATA	start rating B
766.3362	DATA	EmulatedKey: 0
766.7510	DATA	EmulatedKey: 0
775.6480	DATA	2.0
775.6480	DATA	end rating B
776.3785	DATA	{'pressed': True, 'port': 0, 'key': 4, 'time': 0}
776.3953	DATA	{'pressed': False, 'port': 0, 'key': 4, 'time': 0}
776.6605	DATA	check
776.6605	DATA	free R
778.6854	DATA	check
778.6855	DATA	free R
778.9845	DATA	{'pressed': True, 'port': 0, 'key': 4, 'time': 0}
779.0012	DATA	{'pressed': False, 'port': 0, 'key': 4, 'time': 0}
780.7109	DATA	check
781.5908	DATA	{'pressed': True, 'port': 0, 'key': 4, 'time': 0}
781.6075	DATA	{'pressed': False, 'port': 0, 'key': 4, 'time': 0}
781.7234	DATA	check
782.7358	DATA	check
783.1511	DATA	{'pressed': True, 'port': 0, 'key': 0, 'time': 0}
783.4167	DATA	{'pressed': False, 'port': 0, 'key': 0, 'time': 0}
784.1801	DATA	{'pressed': True, 'port': 0, 'key': 4, 'time': 0}
784.2133	DATA	{'pressed': False, 'port': 0, 'key': 4, 'time': 0}
784.4289	DATA	check
784.4289	DATA	free R
786.4539	DATA	check
786.7859	DATA	{'pressed': True, 'port': 0, 'key': 4, 'time': 0}
786.8026	DATA	{'pressed': False, 'port': 0, 'key': 4, 'time': 0}
787.4663	DATA	check
788.4788	DATA	check
788.7612	DATA	{'pressed': True, 'port': 0, 'key': 0, 'time': 0}
789.0600	DATA	{'pressed': False, 'port': 0, 'key': 0, 'time': 0}
789.3919	DATA	{'pressed': True, 'port': 0, 'key': 4, 'time': 0}
789.4086	DATA	{'pressed': False, 'port': 0, 'key': 4, 'time': 0}
790.0722	DATA	check
791.0853	DATA	check
791.9984	DATA	{'pressed': True, 'port': 0, 'key': 4, 'time': 0}
792.0149	DATA	{'pressed': False, 'port': 0, 'key': 4, 'time': 0}
792.0977	DATA	check
793.1102	DATA	check
793.3760	DATA	{'pressed': True, 'port': 0, 'key': 0, 'time': 0}
793.6914	DATA	{'pressed': False, 'port': 0, 'key': 0, 'time': 0}
794.5876	DATA	{'pressed': True, 'port': 0, 'key': 4, 'time': 0}
794.6209	DATA	{'pressed': False, 'port': 0, 'key': 4, 'time': 0}
794.7036	DATA	check
795.7161	DATA	check
796.7286	DATA	check
796.7286	DATA	free R
797.1936	DATA	{'pressed': True, 'port': 0, 'key': 4, 'time': 0}
797.2269	DATA	{'pressed': False, 'port': 0, 'key': 4, 'time': 0}
798.7536	DATA	check
799.5339	DATA	{'pressed': True, 'port': 0, 'key': 0, 'time': 0}
799.7994	DATA	{'pressed': True, 'port': 0, 'key': 4, 'time': 0}
799.8160	DATA	{'pressed': False, 'port': 0, 'key': 4, 'time': 0}
799.8327	DATA	{'pressed': False, 'port': 0, 'key': 0, 'time': 0}
800.8454	DATA	check
801.8579	DATA	check
801.8579	DATA	free R
802.4059	DATA	{'pressed': True, 'port': 0, 'key': 4, 'time': 0}
802.4226	DATA	{'pressed': False, 'port': 0, 'key': 4, 'time': 0}
803.8829	DATA	check
803.8829	DATA	free R
805.0118	DATA	{'pressed': True, 'port': 0, 'key': 4, 'time': 0}
805.0284	DATA	{'pressed': False, 'port': 0, 'key': 4, 'time': 0}
805.9078	DATA	check
806.5388	DATA	{'pressed': True, 'port': 0, 'key': 0, 'time': 0}
806.9205	DATA	{'pressed': False, 'port': 0, 'key': 0, 'time': 0}
807.6011	DATA	{'pressed': True, 'port': 0, 'key': 4, 'time': 0}
807.6343	DATA	{'pressed': False, 'port': 0, 'key': 4, 'time': 0}
807.9328	DATA	check
808.9451	DATA	check
809.9578	DATA	check
810.2069	DATA	{'pressed': True, 'port': 0, 'key': 4, 'time': 0}
810.2236	DATA	{'pressed': False, 'port': 0, 'key': 4, 'time': 0}
810.9708	DATA	check
811.4025	DATA	{'pressed': True, 'port': 0, 'key': 0, 'time': 0}
811.7179	DATA	{'pressed': False, 'port': 0, 'key': 0, 'time': 0}
812.7301	DATA	check
812.8133	DATA	{'pressed': True, 'port': 0, 'key': 4, 'time': 0}
812.8299	DATA	{'pressed': False, 'port': 0, 'key': 4, 'time': 0}
813.7427	DATA	check
814.3902	DATA	{'pressed': True, 'port': 0, 'key': 0, 'time': 0}
814.7886	DATA	{'pressed': False, 'port': 0, 'key': 0, 'time': 0}
815.4193	DATA	{'pressed': True, 'port': 0, 'key': 4, 'time': 0}
815.4359	DATA	{'pressed': False, 'port': 0, 'key': 4, 'time': 0}
815.8008	DATA	check
816.8133	DATA	check
816.8133	DATA	free R
818.0084	DATA	{'pressed': True, 'port': 0, 'key': 4, 'time': 0}
818.0418	DATA	{'pressed': False, 'port': 0, 'key': 4, 'time': 0}
818.6891	DATA	{'pressed': True, 'port': 0, 'key': 0, 'time': 0}
819.0210	DATA	{'pressed': False, 'port': 0, 'key': 0, 'time': 0}
820.0333	DATA	check
820.6144	DATA	{'pressed': True, 'port': 0, 'key': 4, 'time': 0}
820.6313	DATA	{'pressed': False, 'port': 0, 'key': 4, 'time': 0}
821.0463	DATA	check
821.0463	DATA	free R
822.4740	DATA	{'pressed': True, 'port': 0, 'key': 0, 'time': 0}
822.7727	DATA	{'pressed': False, 'port': 0, 'key': 0, 'time': 0}
823.2208	DATA	{'pressed': True, 'port': 0, 'key': 4, 'time': 0}
823.2375	DATA	{'pressed': False, 'port': 0, 'key': 4, 'time': 0}
823.7850	DATA	check
824.7977	DATA	check
824.7977	DATA	free R
825.8267	DATA	{'pressed': True, 'port': 0, 'key': 4, 'time': 0}
825.8434	DATA	{'pressed': False, 'port': 0, 'key': 4, 'time': 0}
826.8224	DATA	check
826.9056	DATA	{'pressed': True, 'port': 0, 'key': 0, 'time': 0}
826.9220	DATA	earn L
827.2379	DATA	{'pressed': False, 'port': 0, 'key': 0, 'time': 0}
828.4327	DATA	{'pressed': True, 'port': 0, 'key': 4, 'time': 0}
828.4492	DATA	{'pressed': False, 'port': 0, 'key': 4, 'time': 0}
828.9470	DATA	check
828.9470	DATA	free R
830.9725	DATA	check
830.9725	DATA	free R
831.0757	DATA	{'pressed': True, 'port': 0, 'key': 4, 'time': 0}
831.0891	DATA	{'pressed': False, 'port': 0, 'key': 4, 'time': 0}
832.9974	DATA	check
833.6283	DATA	{'pressed': True, 'port': 0, 'key': 4, 'time': 0}
833.6450	DATA	{'pressed': False, 'port': 0, 'key': 4, 'time': 0}
834.0099	DATA	check
834.0099	DATA	free R
836.0349	DATA	check
836.2343	DATA	{'pressed': True, 'port': 0, 'key': 4, 'time': 0}
836.2508	DATA	{'pressed': False, 'port': 0, 'key': 4, 'time': 0}
837.0473	DATA	check
838.0599	DATA	check
838.0599	DATA	free R
838.8403	DATA	{'pressed': True, 'port': 0, 'key': 4, 'time': 0}
838.8570	DATA	{'pressed': False, 'port': 0, 'key': 4, 'time': 0}
839.6701	DATA	{'pressed': True, 'port': 0, 'key': 1, 'time': 0}
840.0352	DATA	{'pressed': False, 'port': 0, 'key': 1, 'time': 0}
841.0480	DATA	check
841.4300	DATA	{'pressed': True, 'port': 0, 'key': 4, 'time': 0}
841.4632	DATA	{'pressed': False, 'port': 0, 'key': 4, 'time': 0}
842.0605	DATA	check
842.0605	DATA	free R
843.9363	DATA	{'pressed': True, 'port': 0, 'key': 1, 'time': 0}
844.0358	DATA	{'pressed': True, 'port': 0, 'key': 4, 'time': 0}
844.0525	DATA	{'pressed': False, 'port': 0, 'key': 4, 'time': 0}
844.2683	DATA	{'pressed': False, 'port': 0, 'key': 1, 'time': 0}
845.2805	DATA	check
846.2930	DATA	check
846.6417	DATA	{'pressed': True, 'port': 0, 'key': 4, 'time': 0}
846.6584	DATA	{'pressed': False, 'port': 0, 'key': 4, 'time': 0}
847.3055	DATA	check
847.6542	DATA	{'pressed': True, 'port': 0, 'key': 1, 'time': 0}
847.6707	DATA	earn R
847.9366	DATA	{'pressed': False, 'port': 0, 'key': 1, 'time': 0}
849.2478	DATA	{'pressed': True, 'port': 0, 'key': 4, 'time': 0}
849.2643	DATA	{'pressed': False, 'port': 0, 'key': 4, 'time': 0}
849.6956	DATA	check
850.7086	DATA	check
851.0740	DATA	{'pressed': True, 'port': 0, 'key': 1, 'time': 0}
851.3727	DATA	{'pressed': False, 'port': 0, 'key': 1, 'time': 0}
851.8374	DATA	{'pressed': True, 'port': 0, 'key': 4, 'time': 0}
851.8708	DATA	{'pressed': False, 'port': 0, 'key': 4, 'time': 0}
852.3850	DATA	check
853.3975	DATA	check
854.4100	DATA	check
854.4433	DATA	{'pressed': True, 'port': 0, 'key': 4, 'time': 0}
854.4601	DATA	{'pressed': False, 'port': 0, 'key': 4, 'time': 0}
854.7422	DATA	{'pressed': True, 'port': 0, 'key': 1, 'time': 0}
854.9746	DATA	{'pressed': False, 'port': 0, 'key': 1, 'time': 0}
855.9868	DATA	check
855.9868	DATA	free R
857.0492	DATA	{'pressed': True, 'port': 0, 'key': 4, 'time': 0}
857.0659	DATA	{'pressed': False, 'port': 0, 'key': 4, 'time': 0}
858.0118	DATA	check
858.5100	DATA	{'pressed': True, 'port': 0, 'key': 1, 'time': 0}
858.7423	DATA	{'pressed': False, 'port': 0, 'key': 1, 'time': 0}
859.6552	DATA	{'pressed': True, 'port': 0, 'key': 4, 'time': 0}
859.6718	DATA	{'pressed': False, 'port': 0, 'key': 4, 'time': 0}
859.7545	DATA	check
860.7676	DATA	check
861.7799	DATA	check
861.8467	DATA	{'pressed': True, 'port': 0, 'key': 1, 'time': 0}
862.1454	DATA	{'pressed': False, 'port': 0, 'key': 1, 'time': 0}
862.2616	DATA	{'pressed': True, 'port': 0, 'key': 4, 'time': 0}
862.2783	DATA	{'pressed': False, 'port': 0, 'key': 4, 'time': 0}
863.1577	DATA	check
864.1701	DATA	check
864.1702	DATA	free R
864.8509	DATA	{'pressed': True, 'port': 0, 'key': 4, 'time': 0}
864.8843	DATA	{'pressed': False, 'port': 0, 'key': 4, 'time': 0}
865.7472	DATA	{'pressed': True, 'port': 0, 'key': 1, 'time': 0}
866.0293	DATA	{'pressed': False, 'port': 0, 'key': 1, 'time': 0}
867.0416	DATA	check
867.4568	DATA	{'pressed': True, 'port': 0, 'key': 4, 'time': 0}
867.4734	DATA	{'pressed': False, 'port': 0, 'key': 4, 'time': 0}
868.0541	DATA	check
869.0666	DATA	check
870.0626	DATA	{'pressed': True, 'port': 0, 'key': 4, 'time': 0}
870.0791	DATA	check
870.0794	DATA	{'pressed': False, 'port': 0, 'key': 4, 'time': 0}
870.9429	DATA	{'pressed': True, 'port': 0, 'key': 1, 'time': 0}
871.2085	DATA	{'pressed': False, 'port': 0, 'key': 1, 'time': 0}
872.2207	DATA	check
872.6691	DATA	{'pressed': True, 'port': 0, 'key': 4, 'time': 0}
872.6857	DATA	{'pressed': False, 'port': 0, 'key': 4, 'time': 0}
873.2332	DATA	check
874.2457	DATA	check
874.2457	DATA	free R
875.2604	DATA	{'pressed': True, 'port': 0, 'key': 4, 'time': 0}
875.2917	DATA	{'pressed': False, 'port': 0, 'key': 4, 'time': 0}
875.7729	DATA	{'pressed': True, 'port': 0, 'key': 1, 'time': 0}
876.0883	DATA	{'pressed': False, 'port': 0, 'key': 1, 'time': 0}
877.1006	DATA	check
877.8641	DATA	{'pressed': True, 'port': 0, 'key': 4, 'time': 0}
877.8809	DATA	{'pressed': False, 'port': 0, 'key': 4, 'time': 0}
878.1130	DATA	check
879.1254	DATA	check
879.1255	DATA	free R
880.4701	DATA	{'pressed': True, 'port': 0, 'key': 4, 'time': 0}
880.4868	DATA	{'pressed': False, 'port': 0, 'key': 4, 'time': 0}
880.7195	DATA	{'pressed': True, 'port': 0, 'key': 1, 'time': 0}
880.9355	DATA	{'pressed': False, 'port': 0, 'key': 1, 'time': 0}
881.9477	DATA	check
882.4792	DATA	{'pressed': True, 'port': 0, 'key': 1, 'time': 0}
882.7447	DATA	{'pressed': False, 'port': 0, 'key': 1, 'time': 0}
883.0766	DATA	{'pressed': True, 'port': 0, 'key': 4, 'time': 0}
883.0933	DATA	{'pressed': False, 'port': 0, 'key': 4, 'time': 0}
883.7569	DATA	check
884.7694	DATA	check
884.7694	DATA	free R
885.6659	DATA	{'pressed': True, 'port': 0, 'key': 4, 'time': 0}
885.6993	DATA	{'pressed': False, 'port': 0, 'key': 4, 'time': 0}
886.4959	DATA	{'pressed': True, 'port': 0, 'key': 1, 'time': 0}
886.7780	DATA	{'pressed': False, 'port': 0, 'key': 1, 'time': 0}
887.7903	DATA	check
888.2717	DATA	{'pressed': True, 'port': 0, 'key': 4, 'time': 0}
888.2884	DATA	{'pressed': False, 'port': 0, 'key': 4, 'time': 0}
888.8027	DATA	check
889.8152	DATA	check
889.8153	DATA	free R
890.8781	DATA	{'pressed': True, 'port': 0, 'key': 4, 'time': 0}
890.8948	DATA	{'pressed': False, 'port': 0, 'key': 4, 'time': 0}
891.2932	DATA	{'pressed': True, 'port': 0, 'key': 1, 'time': 0}
891.5421	DATA	{'pressed': False, 'port': 0, 'key': 1, 'time': 0}
892.5544	DATA	check
893.4841	DATA	{'pressed': True, 'port': 0, 'key': 4, 'time': 0}
893.5007	DATA	{'pressed': False, 'port': 0, 'key': 4, 'time': 0}
893.5669	DATA	check
894.0817	DATA	{'pressed': True, 'port': 0, 'key': 1, 'time': 0}
894.3306	DATA	{'pressed': False, 'port': 0, 'key': 1, 'time': 0}
895.3429	DATA	check
895.7526	DATA	start rating A
897.6834	DATA	EmulatedKey: 0
905.7670	DATA	3.0
905.7670	DATA	end rating A
905.7673	DATA	start rating B
906.5474	DATA	EmulatedKey: 0
906.8959	DATA	EmulatedKey: 0
915.7595	DATA	2.0
915.7596	DATA	end rating B
975.4997	DATA	Keypress: escape
