8.1804	DATA	version E
9.5564	DATA	Keypress: space
9.5723	DATA	trigger received
60.0497	DATA	{'pressed': True, 'port': 0, 'key': 4, 'time': 0}
60.0831	DATA	{'pressed': False, 'port': 0, 'key': 4, 'time': 0}
62.6557	DATA	{'pressed': True, 'port': 0, 'key': 4, 'time': 0}
62.6723	DATA	{'pressed': False, 'port': 0, 'key': 4, 'time': 0}
65.2615	DATA	{'pressed': True, 'port': 0, 'key': 4, 'time': 0}
65.2782	DATA	{'pressed': False, 'port': 0, 'key': 4, 'time': 0}
67.8681	DATA	{'pressed': True, 'port': 0, 'key': 4, 'time': 0}
67.8848	DATA	{'pressed': False, 'port': 0, 'key': 4, 'time': 0}
70.4573	DATA	{'pressed': True, 'port': 0, 'key': 4, 'time': 0}
70.4905	DATA	{'pressed': False, 'port': 0, 'key': 4, 'time': 0}
73.0639	DATA	{'pressed': True, 'port': 0, 'key': 4, 'time': 0}
73.0805	DATA	{'pressed': False, 'port': 0, 'key': 4, 'time': 0}
75.6698	DATA	{'pressed': True, 'port': 0, 'key': 4, 'time': 0}
75.6698	DATA	begin trial
75.6882	DATA	{'pressed': False, 'port': 0, 'key': 4, 'time': 0}
76.6987	DATA	check
77.7112	DATA	check
77.7112	DATA	free L
78.2760	DATA	{'pressed': True, 'port': 0, 'key': 4, 'time': 0}
78.2926	DATA	{'pressed': False, 'port': 0, 'key': 4, 'time': 0}
79.7361	DATA	check
80.7486	DATA	check
80.7486	DATA	free L
80.8820	DATA	{'pressed': True, 'port': 0, 'key': 4, 'time': 0}
80.8984	DATA	{'pressed': False, 'port': 0, 'key': 4, 'time': 0}
82.7736	DATA	check
83.4708	DATA	{'pressed': True, 'port': 0, 'key': 4, 'time': 0}
83.4875	DATA	{'pressed': False, 'port': 0, 'key': 4, 'time': 0}
83.7860	DATA	check
84.7986	DATA	check
85.8110	DATA	check
86.0767	DATA	{'pressed': True, 'port': 0, 'key': 4, 'time': 0}
86.0935	DATA	{'pressed': False, 'port': 0, 'key': 4, 'time': 0}
86.8241	DATA	check
86.8242	DATA	free L
86.9222	DATA	{'pressed': True, 'port': 0, 'key': 0, 'time': 0}
87.2062	DATA	{'pressed': False, 'port': 0, 'key': 0, 'time': 0}
88.6834	DATA	{'pressed': True, 'port': 0, 'key': 4, 'time': 0}
88.6999	DATA	{'pressed': False, 'port': 0, 'key': 4, 'time': 0}
88.8491	DATA	check
89.8615	DATA	check
89.8618	DATA	{'pressed': True, 'port': 0, 'key': 1, 'time': 0}
90.1440	DATA	{'pressed': False, 'port': 0, 'key': 1, 'time': 0}
91.1562	DATA	check
91.2892	DATA	{'pressed': True, 'port': 0, 'key': 4, 'time': 0}
91.3058	DATA	{'pressed': False, 'port': 0, 'key': 4, 'time': 0}
92.1686	DATA	check
93.0155	DATA	{'pressed': True, 'port': 0, 'key': 1, 'time': 0}
93.1811	DATA	check
93.2478	DATA	{'pressed': False, 'port': 0, 'key': 1, 'time': 0}
93.8784	DATA	{'pressed': True, 'port': 0, 'key': 4, 'time': 0}
93.9117	DATA	{'pressed': False, 'port': 0, 'key': 4, 'time': 0}
94.2602	DATA	check
95.2725	DATA	check
96.2850	DATA	check
96.4844	DATA	{'pressed': True, 'port': 0, 'key': 4, 'time': 0}
96.5010	DATA	{'pressed': False, 'port': 0, 'key': 4, 'time': 0}
96.7007	DATA	{'pressed': True, 'port': 0, 'key': 1, 'time': 0}
96.9498	DATA	{'pressed': False, 'port': 0, 'key': 1, 'time': 0}
97.5141	DATA	{'pressed': True, 'port': 0, 'key': 1, 'time': 0}
97.7296	DATA	earn R
97.8533	DATA	{'pressed': False, 'port': 0, 'key': 1, 'time': 0}
99.0908	DATA	{'pressed': True, 'port': 0, 'key': 4, 'time': 0}
99.1075	DATA	{'pressed': False, 'port': 0, 'key': 4, 'time': 0}
99.3067	DATA	{'pressed': True, 'port': 0, 'key': 0, 'time': 0}
99.6220	DATA	{'pressed': False, 'port': 0, 'key': 0, 'time': 0}
100.6344	DATA	check
101.0660	DATA	{'pressed': True, 'port': 0, 'key': 0, 'time': 0}
101.3151	DATA	{'pressed': False, 'port': 0, 'key': 0, 'time': 0}
101.6968	DATA	{'pressed': True, 'port': 0, 'key': 4, 'time': 0}
101.7134	DATA	{'pressed': False, 'port': 0, 'key': 4, 'time': 0}
102.3273	DATA	check
102.3273	DATA	free L
104.2860	DATA	{'pressed': True, 'port': 0, 'key': 4, 'time': 0}
104.3193	DATA	{'pressed': False, 'port': 0, 'key': 4, 'time': 0}
104.3522	DATA	check
104.9335	DATA	{'pressed': True, 'port': 0, 'key': 0, 'time': 0}
105.2321	DATA	{'pressed': False, 'port': 0, 'key': 0, 'time': 0}
106.2444	DATA	check
106.8926	DATA	{'pressed': True, 'port': 0, 'key': 4, 'time': 0}
106.9092	DATA	{'pressed': False, 'port': 0, 'key': 4, 'time': 0}
107.2575	DATA	check
107.4403	DATA	{'pressed': True, 'port': 0, 'key': 0, 'time': 0}
107.6893	DATA	{'pressed': False, 'port': 0, 'key': 0, 'time': 0}
108.2536	DATA	{'pressed': True, 'port': 0, 'key': 0, 'time': 0}
108.5524	DATA	{'pressed': False, 'port': 0, 'key': 0, 'time': 0}
109.1001	DATA	{'pressed': True, 'port': 0, 'key': 0, 'time': 0}
109.3823	DATA	{'pressed': False, 'port': 0, 'key': 0, 'time': 0}
109.4984	DATA	{'pressed': True, 'port': 0, 'key': 4, 'time': 0}
109.5150	DATA	{'pressed': False, 'port': 0, 'key': 4, 'time': 0}
110.2786	DATA	{'pressed': True, 'port': 0, 'key': 1, 'time': 0}
110.3946	DATA	check
110.5275	DATA	{'pressed': False, 'port': 0, 'key': 1, 'time': 0}
111.5398	DATA	check
112.1043	DATA	{'pressed': True, 'port': 0, 'key': 4, 'time': 0}
112.1210	DATA	{'pressed': False, 'port': 0, 'key': 4, 'time': 0}
112.5523	DATA	check
112.8181	DATA	{'pressed': True, 'port': 0, 'key': 1, 'time': 0}
113.0837	DATA	{'pressed': False, 'port': 0, 'key': 1, 'time': 0}
114.0959	DATA	check
114.7103	DATA	{'pressed': True, 'port': 0, 'key': 4, 'time': 0}
114.7267	DATA	{'pressed': False, 'port': 0, 'key': 4, 'time': 0}
115.1084	DATA	check
116.1046	DATA	{'pressed': True, 'port': 0, 'key': 1, 'time': 0}
116.1208	DATA	check
116.3203	DATA	{'pressed': False, 'port': 0, 'key': 1, 'time': 0}
116.9516	DATA	{'pressed': True, 'port': 0, 'key': 0, 'time': 0}
117.1340	DATA	earn L
117.2394	DATA	{'pressed': False, 'port': 0, 'key': 0, 'time': 0}
117.3003	DATA	{'pressed': True, 'port': 0, 'key': 4, 'time': 0}
117.3168	DATA	{'pressed': False, 'port': 0, 'key': 4, 'time': 0}
119.1589	DATA	check
119.8563	DATA	{'pressed': True, 'port': 0, 'key': 1, 'time': 0}
119.9060	DATA	{'pressed': True, 'port': 0, 'key': 4, 'time': 0}
119.9226	DATA	{'pressed': False, 'port': 0, 'key': 4, 'time': 0}
120.0388	DATA	{'pressed': False, 'port': 0, 'key': 1, 'time': 0}
121.0511	DATA	check
122.0636	DATA	check
122.5120	DATA	{'pressed': True, 'port': 0, 'key': 4, 'time': 0}
122.5285	DATA	{'pressed': False, 'port': 0, 'key': 4, 'time': 0}
123.0761	DATA	check
124.0885	DATA	check
124.3875	DATA	{'pressed': True, 'port': 0, 'key': 1, 'time': 0}
124.5534	DATA	{'pressed': False, 'port': 0, 'key': 1, 'time': 0}
125.1180	DATA	{'pressed': True, 'port': 0, 'key': 4, 'time': 0}
125.1344	DATA	{'pressed': False, 'port': 0, 'key': 4, 'time': 0}
125.5658	DATA	check
126.5784	DATA	check
126.5784	DATA	free L
126.9444	DATA	{'pressed': True, 'port': 0, 'key': 1, 'time': 0}
127.0440	DATA	{'pressed': False, 'port': 0, 'key': 1, 'time': 0}
127.7077	DATA	{'pressed': True, 'port': 0, 'key': 4, 'time': 0}
127.7410	DATA	{'pressed': False, 'port': 0, 'key': 4, 'time': 0}
128.6038	DATA	check
129.4008	DATA	{'pressed': True, 'port': 0, 'key': 0, 'time': 0}
129.6000	DATA	{'pressed': False, 'port': 0, 'key': 0, 'time': 0}
130.3136	DATA	{'pressed': True, 'port': 0, 'key': 4, 'time': 0}
130.3303	DATA	{'pressed': False, 'port': 0, 'key': 4, 'time': 0}
130.6122	DATA	check
131.6247	DATA	check
132.6371	DATA	check
132.7370	DATA	{'pressed': True, 'port': 0, 'key': 0, 'time': 0}
132.7534	DATA	earn L
132.9196	DATA	{'pressed': True, 'port': 0, 'key': 4, 'time': 0}
132.9363	DATA	{'pressed': False, 'port': 0, 'key': 4, 'time': 0}
132.9530	DATA	{'pressed': False, 'port': 0, 'key': 0, 'time': 0}
134.7782	DATA	check
135.5253	DATA	{'pressed': True, 'port': 0, 'key': 4, 'time': 0}
135.5421	DATA	{'pressed': False, 'port': 0, 'key': 4, 'time': 0}
135.7908	DATA	check
136.8039	DATA	check
137.7170	DATA	{'pressed': True, 'port': 0, 'key': 0, 'time': 0}
137.8163	DATA	check
137.9659	DATA	{'pressed': False, 'port': 0, 'key': 0, 'time': 0}
138.1153	DATA	{'pressed': True, 'port': 0, 'key': 4, 'time': 0}
138.1485	DATA	{'pressed': False, 'port': 0, 'key': 4, 'time': 0}
138.9782	DATA	check
139.1112	DATA	{'pressed': True, 'port': 0, 'key': 1, 'time': 0}
139.3270	DATA	{'pressed': False, 'port': 0, 'key': 1, 'time': 0}
140.3392	DATA	check
140.3393	DATA	free L
140.7213	DATA	{'pressed': True, 'port': 0, 'key': 4, 'time': 0}
140.7380	DATA	{'pressed': False, 'port': 0, 'key': 4, 'time': 0}
142.3642	DATA	check
143.3271	DATA	{'pressed': True, 'port': 0, 'key': 4, 'time': 0}
143.3437	DATA	{'pressed': False, 'port': 0, 'key': 4, 'time': 0}
143.3767	DATA	check
143.3767	DATA	free L
145.4017	DATA	check
145.4018	DATA	free L
145.9333	DATA	{'pressed': True, 'port': 0, 'key': 4, 'time': 0}
145.9498	DATA	{'pressed': False, 'port': 0, 'key': 4, 'time': 0}
147.4273	DATA	check
148.4397	DATA	check
148.5395	DATA	{'pressed': True, 'port': 0, 'key': 4, 'time': 0}
148.5562	DATA	{'pressed': False, 'port': 0, 'key': 4, 'time': 0}
149.1869	DATA	{'pressed': True, 'port': 0, 'key': 1, 'time': 0}
149.3528	DATA	{'pressed': False, 'port': 0, 'key': 1, 'time': 0}
150.3651	DATA	check
151.1288	DATA	{'pressed': True, 'port': 0, 'key': 4, 'time': 0}
151.1455	DATA	{'pressed': False, 'port': 0, 'key': 4, 'time': 0}
151.3776	DATA	check
151.5935	DATA	{'pressed': True, 'port': 0, 'key': 0, 'time': 0}
151.8591	DATA	{'pressed': False, 'port': 0, 'key': 0, 'time': 0}
152.8714	DATA	check
153.7346	DATA	{'pressed': True, 'port': 0, 'key': 4, 'time': 0}
153.7513	DATA	{'pressed': False, 'port': 0, 'key': 4, 'time': 0}
153.8839	DATA	check
154.3157	DATA	{'pressed': True, 'port': 0, 'key': 1, 'time': 0}
154.5149	DATA	{'pressed': False, 'port': 0, 'key': 1, 'time': 0}
155.5270	DATA	check
156.3406	DATA	{'pressed': True, 'port': 0, 'key': 4, 'time': 0}
156.3573	DATA	{'pressed': False, 'port': 0, 'key': 4, 'time': 0}
156.5395	DATA	check
157.5526	DATA	check
157.5527	DATA	free L
158.9472	DATA	{'pressed': True, 'port': 0, 'key': 4, 'time': 0}
158.9637	DATA	{'pressed': False, 'port': 0, 'key': 4, 'time': 0}
159.5776	DATA	check
160.5901	DATA	check
160.5901	DATA	free L
161.5365	DATA	{'pressed': True, 'port': 0, 'key': 4, 'time': 0}
161.5697	DATA	{'pressed': False, 'port': 0, 'key': 4, 'time': 0}
162.6151	DATA	check
163.6275	DATA	check
164.1422	DATA	{'pressed': True, 'port': 0, 'key': 4, 'time': 0}
164.1588	DATA	{'pressed': False, 'port': 0, 'key': 4, 'time': 0}
164.6400	DATA	check
165.6525	DATA	check
166.6655	DATA	check
166.6655	DATA	free L
166.7628	DATA	{'pressed': True, 'port': 0, 'key': 4, 'time': 0}
166.7822	DATA	{'pressed': False, 'port': 0, 'key': 4, 'time': 0}
168.1429	DATA	{'pressed': True, 'port': 0, 'key': 1, 'time': 0}
168.3756	DATA	{'pressed': False, 'port': 0, 'key': 1, 'time': 0}
169.3548	DATA	{'pressed': True, 'port': 0, 'key': 4, 'time': 0}
169.3712	DATA	{'pressed': False, 'port': 0, 'key': 4, 'time': 0}
169.3877	DATA	check
169.5705	DATA	{'pressed': True, 'port': 0, 'key': 0, 'time': 0}
169.5868	DATA	earn L
169.7864	DATA	{'pressed': False, 'port': 0, 'key': 0, 'time': 0}
171.6118	DATA	check
171.9439	DATA	{'pressed': True, 'port': 0, 'key': 4, 'time': 0}
171.9773	DATA	{'pressed': False, 'port': 0, 'key': 4, 'time': 0}
172.6243	DATA	check
173.6368	DATA	check
173.6368	DATA	free L
174.5501	DATA	{'pressed': True, 'port': 0, 'key': 4, 'time': 0}
174.5667	DATA	{'pressed': False, 'port': 0, 'key': 4, 'time': 0}
174.6331	DATA	{'pressed': True, 'port': 0, 'key': 0, 'time': 0}
174.8984	DATA	{'pressed': False, 'port': 0, 'key': 0, 'time': 0}
175.9107	DATA	check
176.8908	DATA	{'pressed': True, 'port': 0, 'key': 1, 'time': 0}
176.9238	DATA	check
177.0734	DATA	{'pressed': False, 'port': 0, 'key': 1, 'time': 0}
177.1563	DATA	{'pressed': True, 'port': 0, 'key': 4, 'time': 0}
177.1729	DATA	{'pressed': False, 'port': 0, 'key': 4, 'time': 0}
178.0856	DATA	check
179.0981	DATA	check
179.7621	DATA	{'pressed': True, 'port': 0, 'key': 4, 'time': 0}
179.7790	DATA	{'pressed': False, 'port': 0, 'key': 4, 'time': 0}
179.9116	DATA	{'pressed': True, 'port': 0, 'key': 1, 'time': 0}
180.1106	DATA	check
180.1109	DATA	{'pressed': False, 'port': 0, 'key': 1, 'time': 0}
181.1231	DATA	check
181.1231	DATA	free L
182.3514	DATA	{'pressed': True, 'port': 0, 'key': 4, 'time': 0}
182.3848	DATA	{'pressed': False, 'port': 0, 'key': 4, 'time': 0}
183.1481	DATA	check
184.0280	DATA	{'pressed': True, 'port': 0, 'key': 1, 'time': 0}
184.0443	DATA	earn R
184.1941	DATA	{'pressed': False, 'port': 0, 'key': 1, 'time': 0}
184.9575	DATA	{'pressed': True, 'port': 0, 'key': 4, 'time': 0}
184.9909	DATA	{'pressed': False, 'port': 0, 'key': 4, 'time': 0}
186.0693	DATA	check
186.5676	DATA	{'pressed': True, 'port': 0, 'key': 1, 'time': 0}
186.7838	DATA	{'pressed': False, 'port': 0, 'key': 1, 'time': 0}
187.5639	DATA	{'pressed': True, 'port': 0, 'key': 4, 'time': 0}
187.5805	DATA	{'pressed': False, 'port': 0, 'key': 4, 'time': 0}
187.7961	DATA	check
188.8086	DATA	check
188.8086	DATA	free L
190.1699	DATA	{'pressed': True, 'port': 0, 'key': 4, 'time': 0}
190.1865	DATA	{'pressed': False, 'port': 0, 'key': 4, 'time': 0}
190.8336	DATA	check
191.8461	DATA	check
192.7757	DATA	{'pressed': True, 'port': 0, 'key': 4, 'time': 0}
192.7924	DATA	{'pressed': False, 'port': 0, 'key': 4, 'time': 0}
192.8585	DATA	check
193.0248	DATA	{'pressed': True, 'port': 0, 'key': 0, 'time': 0}
193.2737	DATA	{'pressed': False, 'port': 0, 'key': 0, 'time': 0}
194.2860	DATA	check
194.2861	DATA	free L
195.3651	DATA	{'pressed': True, 'port': 0, 'key': 4, 'time': 0}
195.3982	DATA	{'pressed': False, 'port': 0, 'key': 4, 'time': 0}
195.7881	DATA	start rating A
198.6022	DATA	EmulatedKey: 0
198.8843	DATA	EmulatedKey: 0
199.1000	DATA	EmulatedKey: 0
205.7890	DATA	1.0
205.7890	DATA	end rating A
205.7896	DATA	start rating B
207.2505	DATA	EmulatedKey: 0
207.6488	DATA	EmulatedKey: 0
215.7982	DATA	2.0
215.7982	DATA	end rating B
216.1968	DATA	{'pressed': True, 'port': 0, 'key': 4, 'time': 0}
216.2135	DATA	{'pressed': False, 'port': 0, 'key': 4, 'time': 0}
216.8113	DATA	check
217.1768	DATA	{'pressed': True, 'port': 0, 'key': 0, 'time': 0}
217.4092	DATA	{'pressed': False, 'port': 0, 'key': 0, 'time': 0}
217.8240	DATA	{'pressed': True, 'port': 0, 'key': 1, 'time': 0}
218.0398	DATA	{'pressed': False, 'port': 0, 'key': 1, 'time': 0}
218.3220	DATA	{'pressed': True, 'port': 0, 'key': 0, 'time': 0}
218.5378	DATA	{'pressed': False, 'port': 0, 'key': 0, 'time': 0}
218.7867	DATA	{'pressed': True, 'port': 0, 'key': 4, 'time': 0}
218.8035	DATA	{'pressed': False, 'port': 0, 'key': 4, 'time': 0}
218.8366	DATA	{'pressed': True, 'port': 0, 'key': 0, 'time': 0}
219.0690	DATA	{'pressed': False, 'port': 0, 'key': 0, 'time': 0}
219.3676	DATA	{'pressed': True, 'port': 0, 'key': 1, 'time': 0}
219.5669	DATA	{'pressed': False, 'port': 0, 'key': 1, 'time': 0}
219.9154	DATA	{'pressed': True, 'port': 0, 'key': 1, 'time': 0}
220.1312	DATA	{'pressed': False, 'port': 0, 'key': 1, 'time': 0}
220.4465	DATA	{'pressed': True, 'port': 0, 'key': 1, 'time': 0}
220.6457	DATA	{'pressed': False, 'port': 0, 'key': 1, 'time': 0}
220.9942	DATA	{'pressed': True, 'port': 0, 'key': 1, 'time': 0}
221.2100	DATA	{'pressed': False, 'port': 0, 'key': 1, 'time': 0}
221.3926	DATA	{'pressed': True, 'port': 0, 'key': 4, 'time': 0}
221.4092	DATA	{'pressed': False, 'port': 0, 'key': 4, 'time': 0}
221.5088	DATA	{'pressed': True, 'port': 0, 'key': 0, 'time': 0}
221.7578	DATA	{'pressed': False, 'port': 0, 'key': 0, 'time': 0}
222.0898	DATA	{'pressed': True, 'port': 0, 'key': 0, 'time': 0}
222.3554	DATA	{'pressed': False, 'port': 0, 'key': 0, 'time': 0}
222.6541	DATA	{'pressed': True, 'port': 0, 'key': 1, 'time': 0}
222.8532	DATA	{'pressed': False, 'port': 0, 'key': 1, 'time': 0}
223.1853	DATA	{'pressed': True, 'port': 0, 'key': 1, 'time': 0}
223.3843	DATA	{'pressed': False, 'port': 0, 'key': 1, 'time': 0}
223.6831	DATA	{'pressed': True, 'port': 0, 'key': 0, 'time': 0}
223.6995	DATA	earn L
223.9323	DATA	{'pressed': False, 'port': 0, 'key': 0, 'time': 0}
223.9986	DATA	{'pressed': True, 'port': 0, 'key': 4, 'time': 0}
224.0153	DATA	{'pressed': False, 'port': 0, 'key': 4, 'time': 0}
225.7244	DATA	check
226.6046	DATA	{'pressed': True, 'port': 0, 'key': 4, 'time': 0}
226.6213	DATA	{'pressed': False, 'port': 0, 'key': 4, 'time': 0}
226.7375	DATA	check
227.7501	DATA	check
227.9826	DATA	{'pressed': True, 'port': 0, 'key': 1, 'time': 0}
228.1487	DATA	{'pressed': False, 'port': 0, 'key': 1, 'time': 0}
229.1609	DATA	check
229.1942	DATA	{'pressed': True, 'port': 0, 'key': 4, 'time': 0}
229.2275	DATA	{'pressed': False, 'port': 0, 'key': 4, 'time': 0}
230.1734	DATA	check
231.1858	DATA	check
231.8001	DATA	{'pressed': True, 'port': 0, 'key': 4, 'time': 0}
231.8168	DATA	{'pressed': False, 'port': 0, 'key': 4, 'time': 0}
231.9164	DATA	{'pressed': True, 'port': 0, 'key': 0, 'time': 0}
232.0991	DATA	{'pressed': False, 'port': 0, 'key': 0, 'time': 0}
233.1112	DATA	check
234.1237	DATA	check
234.4060	DATA	{'pressed': True, 'port': 0, 'key': 4, 'time': 0}
234.4227	DATA	{'pressed': False, 'port': 0, 'key': 4, 'time': 0}
235.1362	DATA	check
236.0493	DATA	{'pressed': True, 'port': 0, 'key': 0, 'time': 0}
236.1487	DATA	check
236.2983	DATA	{'pressed': False, 'port': 0, 'key': 0, 'time': 0}
236.5807	DATA	{'pressed': True, 'port': 0, 'key': 0, 'time': 0}
236.8133	DATA	{'pressed': False, 'port': 0, 'key': 0, 'time': 0}
237.0126	DATA	{'pressed': True, 'port': 0, 'key': 4, 'time': 0}
237.0292	DATA	{'pressed': False, 'port': 0, 'key': 4, 'time': 0}
237.8257	DATA	check
238.8382	DATA	check
239.6018	DATA	{'pressed': True, 'port': 0, 'key': 4, 'time': 0}
239.6350	DATA	{'pressed': False, 'port': 0, 'key': 4, 'time': 0}
239.8506	DATA	check
240.0666	DATA	{'pressed': True, 'port': 0, 'key': 0, 'time': 0}
240.0830	DATA	earn L
240.2826	DATA	{'pressed': False, 'port': 0, 'key': 0, 'time': 0}
242.1080	DATA	check
242.2077	DATA	{'pressed': True, 'port': 0, 'key': 4, 'time': 0}
242.2244	DATA	{'pressed': False, 'port': 0, 'key': 4, 'time': 0}
242.4568	DATA	{'pressed': True, 'port': 0, 'key': 0, 'time': 0}
242.4731	DATA	earn L
242.7390	DATA	{'pressed': False, 'port': 0, 'key': 0, 'time': 0}
244.4981	DATA	check
244.4982	DATA	free R
244.8138	DATA	{'pressed': True, 'port': 0, 'key': 4, 'time': 0}
244.8304	DATA	{'pressed': False, 'port': 0, 'key': 4, 'time': 0}
246.5231	DATA	check
247.4202	DATA	{'pressed': True, 'port': 0, 'key': 4, 'time': 0}
247.4368	DATA	{'pressed': False, 'port': 0, 'key': 4, 'time': 0}
247.5361	DATA	check
247.5362	DATA	free R
249.5611	DATA	check
249.5611	DATA	free R
250.0095	DATA	{'pressed': True, 'port': 0, 'key': 4, 'time': 0}
250.0428	DATA	{'pressed': False, 'port': 0, 'key': 4, 'time': 0}
251.5861	DATA	check
252.5985	DATA	check
252.6152	DATA	{'pressed': True, 'port': 0, 'key': 4, 'time': 0}
252.6320	DATA	{'pressed': False, 'port': 0, 'key': 4, 'time': 0}
253.6111	DATA	check
254.6235	DATA	check
255.2212	DATA	{'pressed': True, 'port': 0, 'key': 4, 'time': 0}
255.2378	DATA	{'pressed': False, 'port': 0, 'key': 4, 'time': 0}
255.4536	DATA	{'pressed': True, 'port': 0, 'key': 1, 'time': 0}
255.6360	DATA	check
255.6360	DATA	free R
255.6363	DATA	{'pressed': False, 'port': 0, 'key': 1, 'time': 0}
257.6616	DATA	check
257.8277	DATA	{'pressed': True, 'port': 0, 'key': 4, 'time': 0}
257.8443	DATA	{'pressed': False, 'port': 0, 'key': 4, 'time': 0}
258.6740	DATA	check
259.6865	DATA	check
259.9191	DATA	{'pressed': True, 'port': 0, 'key': 0, 'time': 0}
260.1183	DATA	{'pressed': False, 'port': 0, 'key': 0, 'time': 0}
260.4336	DATA	{'pressed': True, 'port': 0, 'key': 4, 'time': 0}
260.4503	DATA	{'pressed': False, 'port': 0, 'key': 4, 'time': 0}
261.1305	DATA	check
262.1431	DATA	check
263.0228	DATA	{'pressed': True, 'port': 0, 'key': 4, 'time': 0}
263.0396	DATA	{'pressed': False, 'port': 0, 'key': 4, 'time': 0}
263.0561	DATA	{'pressed': True, 'port': 0, 'key': 0, 'time': 0}
263.1555	DATA	check
263.1556	DATA	free R
263.2858	DATA	{'pressed': False, 'port': 0, 'key': 0, 'time': 0}
265.1805	DATA	check
265.6288	DATA	{'pressed': True, 'port': 0, 'key': 4, 'time': 0}
265.6454	DATA	{'pressed': False, 'port': 0, 'key': 4, 'time': 0}
266.1930	DATA	check
267.0735	DATA	{'pressed': True, 'port': 0, 'key': 0, 'time': 0}
267.2060	DATA	check
267.2893	DATA	{'pressed': False, 'port': 0, 'key': 0, 'time': 0}
268.2353	DATA	{'pressed': True, 'port': 0, 'key': 4, 'time': 0}
268.2520	DATA	{'pressed': False, 'port': 0, 'key': 4, 'time': 0}
268.3015	DATA	check
268.6503	DATA	{'pressed': True, 'port': 0, 'key': 0, 'time': 0}
268.8495	DATA	{'pressed': False, 'port': 0, 'key': 0, 'time': 0}
269.2810	DATA	{'pressed': True, 'port': 0, 'key': 0, 'time': 0}
269.5134	DATA	{'pressed': False, 'port': 0, 'key': 0, 'time': 0}
270.5257	DATA	check
270.8413	DATA	{'pressed': True, 'port': 0, 'key': 4, 'time': 0}
270.8578	DATA	{'pressed': False, 'port': 0, 'key': 4, 'time': 0}
271.2563	DATA	{'pressed': True, 'port': 0, 'key': 0, 'time': 0}
271.4720	DATA	{'pressed': False, 'port': 0, 'key': 0, 'time': 0}
272.4842	DATA	check
272.4843	DATA	free R
272.5984	DATA	{'pressed': True, 'port': 0, 'key': 1, 'time': 0}
272.7668	DATA	{'pressed': False, 'port': 0, 'key': 1, 'time': 0}
273.4306	DATA	{'pressed': True, 'port': 0, 'key': 4, 'time': 0}
273.4639	DATA	{'pressed': False, 'port': 0, 'key': 4, 'time': 0}
274.5092	DATA	check
275.5217	DATA	check
276.0364	DATA	{'pressed': True, 'port': 0, 'key': 4, 'time': 0}
276.0531	DATA	{'pressed': False, 'port': 0, 'key': 4, 'time': 0}
276.5342	DATA	check
277.5472	DATA	check
278.5597	DATA	check
278.6428	DATA	{'pressed': True, 'port': 0, 'key': 4, 'time': 0}
278.6595	DATA	{'pressed': False, 'port': 0, 'key': 4, 'time': 0}
279.1077	DATA	{'pressed': True, 'port': 0, 'key': 0, 'time': 0}
279.1241	DATA	earn L
279.3237	DATA	{'pressed': False, 'port': 0, 'key': 0, 'time': 0}
280.5352	DATA	{'pressed': True, 'port': 0, 'key': 0, 'time': 0}
280.7509	DATA	{'pressed': False, 'port': 0, 'key': 0, 'time': 0}
281.2323	DATA	{'pressed': True, 'port': 0, 'key': 0, 'time': 0}
281.2488	DATA	{'pressed': True, 'port': 0, 'key': 4, 'time': 0}
281.2654	DATA	{'pressed': False, 'port': 0, 'key': 4, 'time': 0}
281.4646	DATA	{'pressed': False, 'port': 0, 'key': 0, 'time': 0}
282.4769	DATA	check
283.1743	DATA	{'pressed': True, 'port': 0, 'key': 0, 'time': 0}
283.4066	DATA	{'pressed': False, 'port': 0, 'key': 0, 'time': 0}
283.8547	DATA	{'pressed': True, 'port': 0, 'key': 4, 'time': 0}
283.8712	DATA	{'pressed': False, 'port': 0, 'key': 4, 'time': 0}
284.4187	DATA	check
285.4313	DATA	check
285.4313	DATA	free R
286.4460	DATA	{'pressed': True, 'port': 0, 'key': 4, 'time': 0}
286.4772	DATA	{'pressed': False, 'port': 0, 'key': 4, 'time': 0}
286.8927	DATA	{'pressed': True, 'port': 0, 'key': 1, 'time': 0}
287.1251	DATA	{'pressed': False, 'port': 0, 'key': 1, 'time': 0}
288.1374	DATA	check
289.0506	DATA	{'pressed': True, 'port': 0, 'key': 4, 'time': 0}
289.0670	DATA	{'pressed': False, 'port': 0, 'key': 4, 'time': 0}
289.1499	DATA	check
290.0463	DATA	{'pressed': True, 'port': 0, 'key': 0, 'time': 0}
290.1624	DATA	check
290.2953	DATA	{'pressed': False, 'port': 0, 'key': 0, 'time': 0}
291.3077	DATA	check
291.3077	DATA	free R
291.6566	DATA	{'pressed': True, 'port': 0, 'key': 4, 'time': 0}
291.6732	DATA	{'pressed': False, 'port': 0, 'key': 4, 'time': 0}
292.7685	DATA	{'pressed': True, 'port': 0, 'key': 0, 'time': 0}
293.0505	DATA	{'pressed': False, 'port': 0, 'key': 0, 'time': 0}
294.0629	DATA	check
294.2624	DATA	{'pressed': True, 'port': 0, 'key': 4, 'time': 0}
294.2789	DATA	{'pressed': False, 'port': 0, 'key': 4, 'time': 0}
295.0753	DATA	check
296.0879	DATA	check
296.1048	DATA	{'pressed': True, 'port': 0, 'key': 1, 'time': 0}
296.1210	DATA	earn R
296.3206	DATA	{'pressed': False, 'port': 0, 'key': 1, 'time': 0}
296.8522	DATA	{'pressed': True, 'port': 0, 'key': 4, 'time': 0}
296.8856	DATA	{'pressed': False, 'port': 0, 'key': 4, 'time': 0}
297.7485	DATA	{'pressed': True, 'port': 0, 'key': 0, 'time': 0}
297.9975	DATA	{'pressed': False, 'port': 0, 'key': 0, 'time': 0}
298.5286	DATA	{'pressed': True, 'port': 0, 'key': 0, 'time': 0}
298.5450	DATA	earn L
298.7942	DATA	{'pressed': False, 'port': 0, 'key': 0, 'time': 0}
299.4580	DATA	{'pressed': True, 'port': 0, 'key': 4, 'time': 0}
299.4749	DATA	{'pressed': False, 'port': 0, 'key': 4, 'time': 0}
300.5699	DATA	check
300.8358	DATA	{'pressed': True, 'port': 0, 'key': 0, 'time': 0}
301.0516	DATA	{'pressed': False, 'port': 0, 'key': 0, 'time': 0}
302.0638	DATA	check
302.0638	DATA	free R
302.0640	DATA	{'pressed': True, 'port': 0, 'key': 4, 'time': 0}
302.1731	DATA	{'pressed': False, 'port': 0, 'key': 4, 'time': 0}
304.0887	DATA	check
304.6532	DATA	{'pressed': True, 'port': 0, 'key': 0, 'time': 0}
304.6698	DATA	{'pressed': True, 'port': 0, 'key': 4, 'time': 0}
304.6864	DATA	{'pressed': False, 'port': 0, 'key': 4, 'time': 0}
304.8525	DATA	{'pressed': False, 'port': 0, 'key': 0, 'time': 0}
305.2176	DATA	{'pressed': True, 'port': 0, 'key': 0, 'time': 0}
305.4334	DATA	{'pressed': False, 'port': 0, 'key': 0, 'time': 0}
306.4457	DATA	check
306.4457	DATA	free R
307.2599	DATA	{'pressed': True, 'port': 0, 'key': 4, 'time': 0}
307.2931	DATA	{'pressed': False, 'port': 0, 'key': 4, 'time': 0}
308.4712	DATA	check
309.4837	DATA	check
309.8655	DATA	{'pressed': True, 'port': 0, 'key': 4, 'time': 0}
309.8989	DATA	{'pressed': False, 'port': 0, 'key': 4, 'time': 0}
310.4962	DATA	check
311.4094	DATA	{'pressed': True, 'port': 0, 'key': 0, 'time': 0}
311.5087	DATA	check
311.5753	DATA	{'pressed': False, 'port': 0, 'key': 0, 'time': 0}
311.9405	DATA	{'pressed': True, 'port': 0, 'key': 0, 'time': 0}
312.1397	DATA	{'pressed': False, 'port': 0, 'key': 0, 'time': 0}
312.4715	DATA	{'pressed': True, 'port': 0, 'key': 4, 'time': 0}
312.4882	DATA	{'pressed': False, 'port': 0, 'key': 4, 'time': 0}
312.7371	DATA	{'pressed': True, 'port': 0, 'key': 0, 'time': 0}
312.7535	DATA	earn L
312.9199	DATA	{'pressed': False, 'port': 0, 'key': 0, 'time': 0}
314.6957	DATA	{'pressed': True, 'port': 0, 'key': 0, 'time': 0}
314.7784	DATA	check
314.8784	DATA	{'pressed': False, 'port': 0, 'key': 0, 'time': 0}
315.0775	DATA	{'pressed': True, 'port': 0, 'key': 4, 'time': 0}
315.0940	DATA	{'pressed': False, 'port': 0, 'key': 4, 'time': 0}
315.2767	DATA	{'pressed': True, 'port': 0, 'key': 1, 'time': 0}
315.4593	DATA	{'pressed': False, 'port': 0, 'key': 1, 'time': 0}
315.9239	DATA	{'pressed': True, 'port': 0, 'key': 0, 'time': 0}
316.0900	DATA	{'pressed': False, 'port': 0, 'key': 0, 'time': 0}
316.5382	DATA	{'pressed': True, 'port': 0, 'key': 1, 'time': 0}
316.7047	DATA	{'pressed': False, 'port': 0, 'key': 1, 'time': 0}
317.5678	DATA	{'pressed': True, 'port': 0, 'key': 1, 'time': 0}
317.6673	DATA	{'pressed': True, 'port': 0, 'key': 4, 'time': 0}
317.7005	DATA	{'pressed': False, 'port': 0, 'key': 4, 'time': 0}
317.7169	DATA	check
317.7172	DATA	{'pressed': False, 'port': 0, 'key': 1, 'time': 0}
318.7294	DATA	check
318.7295	DATA	free R
320.2731	DATA	{'pressed': True, 'port': 0, 'key': 4, 'time': 0}
320.3064	DATA	{'pressed': False, 'port': 0, 'key': 4, 'time': 0}
320.7543	DATA	check
321.7007	DATA	{'pressed': True, 'port': 0, 'key': 1, 'time': 0}
321.7669	DATA	check
321.8833	DATA	{'pressed': False, 'port': 0, 'key': 1, 'time': 0}
322.3813	DATA	{'pressed': True, 'port': 0, 'key': 0, 'time': 0}
322.5970	DATA	{'pressed': False, 'port': 0, 'key': 0, 'time': 0}
322.8791	DATA	{'pressed': True, 'port': 0, 'key': 4, 'time': 0}
322.8958	DATA	{'pressed': False, 'port': 0, 'key': 4, 'time': 0}
323.3937	DATA	{'pressed': True, 'port': 0, 'key': 1, 'time': 0}
323.5597	DATA	{'pressed': False, 'port': 0, 'key': 1, 'time': 0}
323.8751	DATA	{'pressed': True, 'port': 0, 'key': 0, 'time': 0}
324.0576	DATA	{'pressed': False, 'port': 0, 'key': 0, 'time': 0}
325.0699	DATA	check
325.4851	DATA	{'pressed': True, 'port': 0, 'key': 4, 'time': 0}
325.5017	DATA	{'pressed': False, 'port': 0, 'key': 4, 'time': 0}
326.0824	DATA	check
326.0824	DATA	free R
328.0916	DATA	{'pressed': True, 'port': 0, 'key': 4, 'time': 0}
328.1079	DATA	check
328.1081	DATA	{'pressed': False, 'port': 0, 'key': 4, 'time': 0}
329.1204	DATA	check
329.1204	DATA	free R
330.6808	DATA	{'pressed': True, 'port': 0, 'key': 4, 'time': 0}
330.7141	DATA	{'pressed': False, 'port': 0, 'key': 4, 'time': 0}
331.1454	DATA	check
332.1578	DATA	check
333.1704	DATA	check
333.1706	DATA	{'pressed': True, 'port': 0, 'key': 0, 'time': 0}
333.2866	DATA	{'pressed': True, 'port': 0, 'key': 4, 'time': 0}
333.3033	DATA	{'pressed': False, 'port': 0, 'key': 4, 'time': 0}
333.3366	DATA	{'pressed': False, 'port': 0, 'key': 0, 'time': 0}
334.3324	DATA	{'pressed': True, 'port': 0, 'key': 0, 'time': 0}
334.3488	DATA	check
334.3488	DATA	free R
334.5152	DATA	{'pressed': False, 'port': 0, 'key': 0, 'time': 0}
335.8841	DATA	{'pressed': True, 'port': 0, 'key': 4, 'time': 0}
335.9053	DATA	{'pressed': False, 'port': 0, 'key': 4, 'time': 0}
335.9073	DATA	start rating A
337.7023	DATA	EmulatedKey: 0
337.9846	DATA	EmulatedKey: 0
338.2500	DATA	EmulatedKey: 0
339.5944	DATA	EmulatedKey: 0
345.9182	DATA	1.0
345.9182	DATA	end rating A
345.9187	DATA	start rating B
347.5124	DATA	EmulatedKey: 0
347.9272	DATA	EmulatedKey: 0
348.3921	DATA	EmulatedKey: 0
355.9109	DATA	1.0
355.9109	DATA	end rating B
356.7083	DATA	{'pressed': True, 'port': 0, 'key': 4, 'time': 0}
356.7251	DATA	{'pressed': False, 'port': 0, 'key': 4, 'time': 0}
356.9240	DATA	check
357.9365	DATA	check
357.9365	DATA	free R
358.1692	DATA	{'pressed': True, 'port': 0, 'key': 1, 'time': 0}
358.3850	DATA	{'pressed': False, 'port': 0, 'key': 1, 'time': 0}
359.3142	DATA	{'pressed': True, 'port': 0, 'key': 4, 'time': 0}
359.3309	DATA	{'pressed': False, 'port': 0, 'key': 4, 'time': 0}
359.5467	DATA	{'pressed': True, 'port': 0, 'key': 1, 'time': 0}
359.7127	DATA	{'pressed': False, 'port': 0, 'key': 1, 'time': 0}
360.7249	DATA	check
361.7374	DATA	check
361.7374	DATA	free R
361.9204	DATA	{'pressed': True, 'port': 0, 'key': 4, 'time': 0}
361.9370	DATA	{'pressed': False, 'port': 0, 'key': 4, 'time': 0}
363.4805	DATA	{'pressed': True, 'port': 0, 'key': 0, 'time': 0}
363.6630	DATA	{'pressed': False, 'port': 0, 'key': 0, 'time': 0}
364.0282	DATA	{'pressed': True, 'port': 0, 'key': 0, 'time': 0}
364.0445	DATA	earn L
364.2110	DATA	{'pressed': False, 'port': 0, 'key': 0, 'time': 0}
364.5095	DATA	{'pressed': True, 'port': 0, 'key': 4, 'time': 0}
364.5429	DATA	{'pressed': False, 'port': 0, 'key': 4, 'time': 0}
366.0695	DATA	check
366.0696	DATA	free R
366.9834	DATA	{'pressed': True, 'port': 0, 'key': 1, 'time': 0}
367.1158	DATA	{'pressed': True, 'port': 0, 'key': 4, 'time': 0}
367.1325	DATA	{'pressed': False, 'port': 0, 'key': 4, 'time': 0}
367.1824	DATA	{'pressed': False, 'port': 0, 'key': 1, 'time': 0}
368.1947	DATA	check
369.2071	DATA	check
369.7218	DATA	{'pressed': True, 'port': 0, 'key': 4, 'time': 0}
369.7385	DATA	{'pressed': False, 'port': 0, 'key': 4, 'time': 0}
370.2196	DATA	check
370.2863	DATA	{'pressed': True, 'port': 0, 'key': 0, 'time': 0}
370.4687	DATA	{'pressed': False, 'port': 0, 'key': 0, 'time': 0}
371.4811	DATA	check
371.4811	DATA	free R
372.3279	DATA	{'pressed': True, 'port': 0, 'key': 4, 'time': 0}
372.3445	DATA	{'pressed': False, 'port': 0, 'key': 4, 'time': 0}
373.5061	DATA	check
374.2863	DATA	{'pressed': True, 'port': 0, 'key': 0, 'time': 0}
374.5022	DATA	{'pressed': False, 'port': 0, 'key': 0, 'time': 0}
374.9170	DATA	{'pressed': True, 'port': 0, 'key': 4, 'time': 0}
374.9503	DATA	{'pressed': False, 'port': 0, 'key': 4, 'time': 0}
375.5144	DATA	check
376.5269	DATA	check
377.5235	DATA	{'pressed': True, 'port': 0, 'key': 4, 'time': 0}
377.5400	DATA	check
377.5400	DATA	free R
377.5402	DATA	{'pressed': False, 'port': 0, 'key': 4, 'time': 0}
378.3869	DATA	{'pressed': True, 'port': 0, 'key': 0, 'time': 0}
378.6026	DATA	{'pressed': False, 'port': 0, 'key': 0, 'time': 0}
379.1337	DATA	{'pressed': True, 'port': 0, 'key': 0, 'time': 0}
379.3826	DATA	{'pressed': False, 'port': 0, 'key': 0, 'time': 0}
380.1294	DATA	{'pressed': True, 'port': 0, 'key': 4, 'time': 0}
380.1460	DATA	{'pressed': False, 'port': 0, 'key': 4, 'time': 0}
380.2125	DATA	{'pressed': True, 'port': 0, 'key': 0, 'time': 0}
380.2288	DATA	earn L
380.4616	DATA	{'pressed': False, 'port': 0, 'key': 0, 'time': 0}
381.6233	DATA	{'pressed': True, 'port': 0, 'key': 0, 'time': 0}
381.8556	DATA	{'pressed': False, 'port': 0, 'key': 0, 'time': 0}
382.3204	DATA	{'pressed': True, 'port': 0, 'key': 0, 'time': 0}
382.5860	DATA	{'pressed': False, 'port': 0, 'key': 0, 'time': 0}
382.7355	DATA	{'pressed': True, 'port': 0, 'key': 4, 'time': 0}
382.7520	DATA	{'pressed': False, 'port': 0, 'key': 4, 'time': 0}
383.1005	DATA	{'pressed': True, 'port': 0, 'key': 1, 'time': 0}
383.2666	DATA	{'pressed': False, 'port': 0, 'key': 1, 'time': 0}
383.7976	DATA	{'pressed': True, 'port': 0, 'key': 0, 'time': 0}
383.9802	DATA	{'pressed': False, 'port': 0, 'key': 0, 'time': 0}
384.9925	DATA	check
385.3247	DATA	{'pressed': True, 'port': 0, 'key': 4, 'time': 0}
385.3579	DATA	{'pressed': False, 'port': 0, 'key': 4, 'time': 0}
385.9721	DATA	{'pressed': True, 'port': 0, 'key': 0, 'time': 0}
386.0050	DATA	check
386.1712	DATA	{'pressed': False, 'port': 0, 'key': 0, 'time': 0}
387.1839	DATA	check
387.4830	DATA	{'pressed': True, 'port': 0, 'key': 1, 'time': 0}
387.6822	DATA	{'pressed': False, 'port': 0, 'key': 1, 'time': 0}
387.9311	DATA	{'pressed': True, 'port': 0, 'key': 4, 'time': 0}
387.9644	DATA	{'pressed': False, 'port': 0, 'key': 4, 'time': 0}
388.3461	DATA	{'pressed': True, 'port': 0, 'key': 0, 'time': 0}
388.5288	DATA	{'pressed': False, 'port': 0, 'key': 0, 'time': 0}
389.5410	DATA	check
390.5370	DATA	{'pressed': True, 'port': 0, 'key': 4, 'time': 0}
390.5535	DATA	check
390.5537	DATA	{'pressed': False, 'port': 0, 'key': 4, 'time': 0}
391.0349	DATA	{'pressed': True, 'port': 0, 'key': 0, 'time': 0}
391.2009	DATA	{'pressed': False, 'port': 0, 'key': 0, 'time': 0}
392.2133	DATA	check
393.1429	DATA	{'pressed': True, 'port': 0, 'key': 4, 'time': 0}
393.1596	DATA	{'pressed': False, 'port': 0, 'key': 4, 'time': 0}
393.2257	DATA	check
393.5579	DATA	{'pressed': True, 'port': 0, 'key': 1, 'time': 0}
393.7406	DATA	{'pressed': False, 'port': 0, 'key': 1, 'time': 0}
394.7527	DATA	check
395.7489	DATA	{'pressed': True, 'port': 0, 'key': 4, 'time': 0}
395.7652	DATA	check
395.7655	DATA	{'pressed': False, 'port': 0, 'key': 4, 'time': 0}
396.7783	DATA	check
397.2101	DATA	{'pressed': True, 'port': 0, 'key': 0, 'time': 0}
397.2264	DATA	earn L
397.3928	DATA	{'pressed': False, 'port': 0, 'key': 0, 'time': 0}
398.2061	DATA	{'pressed': True, 'port': 0, 'key': 0, 'time': 0}
398.3386	DATA	{'pressed': True, 'port': 0, 'key': 4, 'time': 0}
398.3720	DATA	{'pressed': False, 'port': 0, 'key': 4, 'time': 0}
398.4051	DATA	{'pressed': False, 'port': 0, 'key': 0, 'time': 0}
399.4174	DATA	check
400.4299	DATA	check
400.4799	DATA	{'pressed': True, 'port': 0, 'key': 0, 'time': 0}
400.6956	DATA	{'pressed': False, 'port': 0, 'key': 0, 'time': 0}
400.9445	DATA	{'pressed': True, 'port': 0, 'key': 4, 'time': 0}
400.9612	DATA	{'pressed': False, 'port': 0, 'key': 4, 'time': 0}
401.7079	DATA	check
401.7079	DATA	free R
402.7705	DATA	{'pressed': True, 'port': 0, 'key': 0, 'time': 0}
402.9697	DATA	{'pressed': False, 'port': 0, 'key': 0, 'time': 0}
403.5505	DATA	{'pressed': True, 'port': 0, 'key': 4, 'time': 0}
403.5671	DATA	{'pressed': False, 'port': 0, 'key': 4, 'time': 0}
403.9818	DATA	check
404.9943	DATA	check
406.0068	DATA	check
406.1564	DATA	{'pressed': True, 'port': 0, 'key': 4, 'time': 0}
406.1730	DATA	{'pressed': False, 'port': 0, 'key': 4, 'time': 0}
407.0199	DATA	check
407.3855	DATA	{'pressed': True, 'port': 0, 'key': 0, 'time': 0}
407.4017	DATA	earn L
407.5681	DATA	{'pressed': False, 'port': 0, 'key': 0, 'time': 0}
408.4974	DATA	{'pressed': True, 'port': 0, 'key': 1, 'time': 0}
408.6634	DATA	{'pressed': False, 'port': 0, 'key': 1, 'time': 0}
408.7466	DATA	{'pressed': True, 'port': 0, 'key': 4, 'time': 0}
408.7795	DATA	{'pressed': False, 'port': 0, 'key': 4, 'time': 0}
409.6756	DATA	check
409.6756	DATA	free R
411.3521	DATA	{'pressed': True, 'port': 0, 'key': 0, 'time': 0}
411.3688	DATA	{'pressed': True, 'port': 0, 'key': 4, 'time': 0}
411.3855	DATA	{'pressed': False, 'port': 0, 'key': 4, 'time': 0}
411.5680	DATA	{'pressed': False, 'port': 0, 'key': 0, 'time': 0}
412.5803	DATA	check
412.5803	DATA	free R
413.4438	DATA	{'pressed': True, 'port': 0, 'key': 0, 'time': 0}
413.6761	DATA	{'pressed': False, 'port': 0, 'key': 0, 'time': 0}
413.9581	DATA	{'pressed': True, 'port': 0, 'key': 4, 'time': 0}
413.9747	DATA	{'pressed': False, 'port': 0, 'key': 4, 'time': 0}
414.6882	DATA	check
414.6882	DATA	free R
416.5641	DATA	{'pressed': True, 'port': 0, 'key': 4, 'time': 0}
416.5809	DATA	{'pressed': False, 'port': 0, 'key': 4, 'time': 0}
416.7138	DATA	check
416.9962	DATA	{'pressed': True, 'port': 0, 'key': 0, 'time': 0}
417.0126	DATA	earn L
417.1956	DATA	{'pressed': False, 'port': 0, 'key': 0, 'time': 0}
419.0375	DATA	check
419.0376	DATA	free R
419.1576	DATA	{'pressed': True, 'port': 0, 'key': 4, 'time': 0}
419.1873	DATA	{'pressed': False, 'port': 0, 'key': 4, 'time': 0}
421.0625	DATA	check
421.7598	DATA	{'pressed': True, 'port': 0, 'key': 4, 'time': 0}
421.7765	DATA	{'pressed': False, 'port': 0, 'key': 4, 'time': 0}
422.0750	DATA	check
422.0750	DATA	free R
422.6231	DATA	{'pressed': True, 'port': 0, 'key': 0, 'time': 0}
422.8223	DATA	{'pressed': False, 'port': 0, 'key': 0, 'time': 0}
423.1541	DATA	{'pressed': True, 'port': 0, 'key': 1, 'time': 0}
423.3035	DATA	{'pressed': False, 'port': 0, 'key': 1, 'time': 0}
424.3157	DATA	check
424.3657	DATA	{'pressed': True, 'port': 0, 'key': 4, 'time': 0}
424.3824	DATA	{'pressed': False, 'port': 0, 'key': 4, 'time': 0}
425.3282	DATA	check
426.3407	DATA	check
426.6733	DATA	{'pressed': True, 'port': 0, 'key': 0, 'time': 0}
426.8893	DATA	{'pressed': False, 'port': 0, 'key': 0, 'time': 0}
426.9723	DATA	{'pressed': True, 'port': 0, 'key': 4, 'time': 0}
426.9888	DATA	{'pressed': False, 'port': 0, 'key': 4, 'time': 0}
427.9015	DATA	check
428.9140	DATA	check
429.5782	DATA	{'pressed': True, 'port': 0, 'key': 4, 'time': 0}
429.5948	DATA	{'pressed': False, 'port': 0, 'key': 4, 'time': 0}
429.9264	DATA	check
430.9390	DATA	check
431.1549	DATA	{'pressed': True, 'port': 0, 'key': 1, 'time': 0}
431.3209	DATA	{'pressed': False, 'port': 0, 'key': 1, 'time': 0}
432.1674	DATA	{'pressed': True, 'port': 0, 'key': 4, 'time': 0}
432.2007	DATA	{'pressed': False, 'port': 0, 'key': 4, 'time': 0}
432.3332	DATA	check
433.3456	DATA	check
433.3456	DATA	free R
434.0434	DATA	{'pressed': True, 'port': 0, 'key': 0, 'time': 0}
434.2093	DATA	{'pressed': False, 'port': 0, 'key': 0, 'time': 0}
434.7732	DATA	{'pressed': True, 'port': 0, 'key': 4, 'time': 0}
434.7899	DATA	{'pressed': False, 'port': 0, 'key': 4, 'time': 0}
435.3706	DATA	check
436.3831	DATA	check
436.5991	DATA	{'pressed': True, 'port': 0, 'key': 0, 'time': 0}
436.7491	DATA	{'pressed': False, 'port': 0, 'key': 0, 'time': 0}
437.3797	DATA	{'pressed': True, 'port': 0, 'key': 4, 'time': 0}
437.3964	DATA	{'pressed': False, 'port': 0, 'key': 4, 'time': 0}
437.7613	DATA	check
438.1101	DATA	{'pressed': True, 'port': 0, 'key': 0, 'time': 0}
438.2098	DATA	{'pressed': False, 'port': 0, 'key': 0, 'time': 0}
438.6744	DATA	{'pressed': True, 'port': 0, 'key': 1, 'time': 0}
438.8072	DATA	{'pressed': False, 'port': 0, 'key': 1, 'time': 0}
439.8195	DATA	check
439.9858	DATA	{'pressed': True, 'port': 0, 'key': 4, 'time': 0}
440.0023	DATA	{'pressed': False, 'port': 0, 'key': 4, 'time': 0}
440.8320	DATA	check
440.8320	DATA	free R
442.2098	DATA	{'pressed': True, 'port': 0, 'key': 0, 'time': 0}
442.3592	DATA	{'pressed': False, 'port': 0, 'key': 0, 'time': 0}
442.5749	DATA	{'pressed': True, 'port': 0, 'key': 4, 'time': 0}
442.6082	DATA	{'pressed': False, 'port': 0, 'key': 4, 'time': 0}
443.3715	DATA	check
444.3840	DATA	check
444.3840	DATA	free R
445.1810	DATA	{'pressed': True, 'port': 0, 'key': 4, 'time': 0}
445.1977	DATA	{'pressed': False, 'port': 0, 'key': 4, 'time': 0}
445.2476	DATA	{'pressed': True, 'port': 0, 'key': 0, 'time': 0}
445.3802	DATA	{'pressed': False, 'port': 0, 'key': 0, 'time': 0}
446.4089	DATA	check
447.3890	DATA	{'pressed': True, 'port': 0, 'key': 1, 'time': 0}
447.4053	DATA	earn R
447.5552	DATA	{'pressed': False, 'port': 0, 'key': 1, 'time': 0}
447.7874	DATA	{'pressed': True, 'port': 0, 'key': 4, 'time': 0}
447.8041	DATA	{'pressed': False, 'port': 0, 'key': 4, 'time': 0}
448.4514	DATA	{'pressed': True, 'port': 0, 'key': 0, 'time': 0}
448.5842	DATA	{'pressed': False, 'port': 0, 'key': 0, 'time': 0}
449.5963	DATA	check
450.3933	DATA	{'pressed': True, 'port': 0, 'key': 4, 'time': 0}
450.4099	DATA	{'pressed': False, 'port': 0, 'key': 4, 'time': 0}
450.6088	DATA	check
451.6213	DATA	check
451.6214	DATA	free R
452.9992	DATA	{'pressed': True, 'port': 0, 'key': 4, 'time': 0}
453.0157	DATA	{'pressed': False, 'port': 0, 'key': 4, 'time': 0}
453.6463	DATA	check
453.6964	DATA	{'pressed': True, 'port': 0, 'key': 0, 'time': 0}
453.7127	DATA	earn L
453.8957	DATA	{'pressed': False, 'port': 0, 'key': 0, 'time': 0}
455.2233	DATA	{'pressed': True, 'port': 0, 'key': 0, 'time': 0}
455.4059	DATA	{'pressed': False, 'port': 0, 'key': 0, 'time': 0}
455.5884	DATA	{'pressed': True, 'port': 0, 'key': 4, 'time': 0}
455.6217	DATA	{'pressed': False, 'port': 0, 'key': 4, 'time': 0}
456.4182	DATA	check
457.4313	DATA	check
458.1948	DATA	{'pressed': True, 'port': 0, 'key': 4, 'time': 0}
458.2115	DATA	{'pressed': False, 'port': 0, 'key': 4, 'time': 0}
458.4437	DATA	check
459.4562	DATA	check
460.4687	DATA	check
460.8009	DATA	{'pressed': True, 'port': 0, 'key': 4, 'time': 0}
460.8176	DATA	{'pressed': False, 'port': 0, 'key': 4, 'time': 0}
461.0001	DATA	{'pressed': True, 'port': 0, 'key': 0, 'time': 0}
461.1993	DATA	{'pressed': False, 'port': 0, 'key': 0, 'time': 0}
461.9296	DATA	{'pressed': True, 'port': 0, 'key': 1, 'time': 0}
462.1122	DATA	{'pressed': False, 'port': 0, 'key': 1, 'time': 0}
462.7594	DATA	{'pressed': True, 'port': 0, 'key': 0, 'time': 0}
462.8923	DATA	{'pressed': False, 'port': 0, 'key': 0, 'time': 0}
463.4067	DATA	{'pressed': True, 'port': 0, 'key': 4, 'time': 0}
463.4233	DATA	{'pressed': False, 'port': 0, 'key': 4, 'time': 0}
463.9045	DATA	check
464.9170	DATA	check
465.0667	DATA	{'pressed': True, 'port': 0, 'key': 0, 'time': 0}
465.2159	DATA	{'pressed': False, 'port': 0, 'key': 0, 'time': 0}
465.4152	DATA	{'pressed': True, 'port': 0, 'key': 0, 'time': 0}
465.5646	DATA	{'pressed': False, 'port': 0, 'key': 0, 'time': 0}
465.8302	DATA	{'pressed': True, 'port': 0, 'key': 0, 'time': 0}
465.9794	DATA	{'pressed': False, 'port': 0, 'key': 0, 'time': 0}
465.9960	DATA	{'pressed': True, 'port': 0, 'key': 4, 'time': 0}
466.0293	DATA	{'pressed': False, 'port': 0, 'key': 4, 'time': 0}
466.9923	DATA	check
466.9924	DATA	free R
468.6024	DATA	{'pressed': True, 'port': 0, 'key': 4, 'time': 0}
468.6192	DATA	{'pressed': False, 'port': 0, 'key': 4, 'time': 0}
468.7685	DATA	{'pressed': True, 'port': 0, 'key': 0, 'time': 0}
468.9345	DATA	{'pressed': False, 'port': 0, 'key': 0, 'time': 0}
469.7478	DATA	{'pressed': True, 'port': 0, 'key': 1, 'time': 0}
469.7642	DATA	earn R
469.8972	DATA	{'pressed': False, 'port': 0, 'key': 1, 'time': 0}
471.2084	DATA	{'pressed': True, 'port': 0, 'key': 4, 'time': 0}
471.2250	DATA	{'pressed': False, 'port': 0, 'key': 4, 'time': 0}
471.7892	DATA	check
471.7892	DATA	free R
471.9196	DATA	{'pressed': True, 'port': 0, 'key': 0, 'time': 0}
472.0882	DATA	{'pressed': False, 'port': 0, 'key': 0, 'time': 0}
473.8141	DATA	check
473.8144	DATA	{'pressed': True, 'port': 0, 'key': 4, 'time': 0}
473.8310	DATA	{'pressed': False, 'port': 0, 'key': 4, 'time': 0}
474.8266	DATA	check
474.8266	DATA	free R
475.3581	DATA	{'pressed': True, 'port': 0, 'key': 0, 'time': 0}
475.5242	DATA	{'pressed': False, 'port': 0, 'key': 0, 'time': 0}
476.0016	DATA	start rating A
477.5164	DATA	EmulatedKey: 0
477.7817	DATA	EmulatedKey: 0
478.0142	DATA	EmulatedKey: 0
480.5538	DATA	EmulatedKey: 0
486.0143	DATA	1.0
486.0143	DATA	end rating A
486.0146	DATA	start rating B
486.9942	DATA	EmulatedKey: 0
487.1934	DATA	EmulatedKey: 0
487.3760	DATA	EmulatedKey: 0
496.0070	DATA	1.0
496.0070	DATA	end rating B
496.7215	DATA	{'pressed': True, 'port': 0, 'key': 0, 'time': 0}
496.9538	DATA	{'pressed': False, 'port': 0, 'key': 0, 'time': 0}
497.2361	DATA	{'pressed': True, 'port': 0, 'key': 4, 'time': 0}
497.2525	DATA	{'pressed': False, 'port': 0, 'key': 4, 'time': 0}
497.9661	DATA	check
498.9786	DATA	check
498.9786	DATA	free L
499.8254	DATA	{'pressed': True, 'port': 0, 'key': 4, 'time': 0}
499.8587	DATA	{'pressed': False, 'port': 0, 'key': 4, 'time': 0}
501.0036	DATA	check
501.4851	DATA	{'pressed': True, 'port': 0, 'key': 0, 'time': 0}
501.6843	DATA	{'pressed': False, 'port': 0, 'key': 0, 'time': 0}
501.8835	DATA	{'pressed': True, 'port': 0, 'key': 0, 'time': 0}
502.0493	DATA	{'pressed': False, 'port': 0, 'key': 0, 'time': 0}
502.4311	DATA	{'pressed': True, 'port': 0, 'key': 4, 'time': 0}
502.4478	DATA	{'pressed': False, 'port': 0, 'key': 4, 'time': 0}
502.4977	DATA	{'pressed': True, 'port': 0, 'key': 0, 'time': 0}
502.6469	DATA	{'pressed': False, 'port': 0, 'key': 0, 'time': 0}
503.6592	DATA	check
504.6717	DATA	check
504.8214	DATA	{'pressed': True, 'port': 0, 'key': 0, 'time': 0}
505.0370	DATA	{'pressed': False, 'port': 0, 'key': 0, 'time': 0}
505.0538	DATA	{'pressed': True, 'port': 0, 'key': 4, 'time': 0}
505.0703	DATA	{'pressed': False, 'port': 0, 'key': 4, 'time': 0}
506.0494	DATA	check
506.0828	DATA	{'pressed': True, 'port': 0, 'key': 1, 'time': 0}
506.2487	DATA	{'pressed': False, 'port': 0, 'key': 1, 'time': 0}
506.4977	DATA	{'pressed': True, 'port': 0, 'key': 1, 'time': 0}
506.6640	DATA	{'pressed': False, 'port': 0, 'key': 1, 'time': 0}
507.6437	DATA	{'pressed': True, 'port': 0, 'key': 4, 'time': 0}
507.6602	DATA	{'pressed': False, 'port': 0, 'key': 4, 'time': 0}
507.6766	DATA	check
507.6766	DATA	free L
509.7015	DATA	check
510.2330	DATA	{'pressed': True, 'port': 0, 'key': 0, 'time': 0}
510.2493	DATA	earn L
510.2495	DATA	{'pressed': True, 'port': 0, 'key': 4, 'time': 0}
510.3483	DATA	{'pressed': False, 'port': 0, 'key': 4, 'time': 0}
510.4156	DATA	{'pressed': False, 'port': 0, 'key': 0, 'time': 0}
512.2742	DATA	check
512.5567	DATA	{'pressed': True, 'port': 0, 'key': 1, 'time': 0}
512.5730	DATA	earn R
512.7228	DATA	{'pressed': False, 'port': 0, 'key': 1, 'time': 0}
512.8390	DATA	{'pressed': True, 'port': 0, 'key': 4, 'time': 0}
512.8556	DATA	{'pressed': False, 'port': 0, 'key': 4, 'time': 0}
513.9510	DATA	{'pressed': True, 'port': 0, 'key': 0, 'time': 0}
514.1169	DATA	{'pressed': False, 'port': 0, 'key': 0, 'time': 0}
515.0628	DATA	{'pressed': True, 'port': 0, 'key': 1, 'time': 0}
515.0793	DATA	earn R
515.2458	DATA	{'pressed': False, 'port': 0, 'key': 1, 'time': 0}
515.4447	DATA	{'pressed': True, 'port': 0, 'key': 4, 'time': 0}
515.4614	DATA	{'pressed': False, 'port': 0, 'key': 4, 'time': 0}
516.7566	DATA	{'pressed': True, 'port': 0, 'key': 0, 'time': 0}
516.9224	DATA	{'pressed': False, 'port': 0, 'key': 0, 'time': 0}
517.9348	DATA	check
518.0511	DATA	{'pressed': True, 'port': 0, 'key': 4, 'time': 0}
518.0679	DATA	{'pressed': False, 'port': 0, 'key': 4, 'time': 0}
518.9473	DATA	check
519.9598	DATA	check
520.0927	DATA	{'pressed': True, 'port': 0, 'key': 0, 'time': 0}
520.2421	DATA	{'pressed': False, 'port': 0, 'key': 0, 'time': 0}
520.6571	DATA	{'pressed': True, 'port': 0, 'key': 4, 'time': 0}
520.6737	DATA	{'pressed': False, 'port': 0, 'key': 4, 'time': 0}
521.2544	DATA	check
522.2669	DATA	check
523.2463	DATA	{'pressed': True, 'port': 0, 'key': 4, 'time': 0}
523.2794	DATA	check
523.2797	DATA	{'pressed': False, 'port': 0, 'key': 4, 'time': 0}
524.2918	DATA	check
524.8232	DATA	{'pressed': True, 'port': 0, 'key': 0, 'time': 0}
525.0390	DATA	{'pressed': False, 'port': 0, 'key': 0, 'time': 0}
525.1551	DATA	{'pressed': True, 'port': 0, 'key': 0, 'time': 0}
525.3543	DATA	{'pressed': False, 'port': 0, 'key': 0, 'time': 0}
525.8522	DATA	{'pressed': True, 'port': 0, 'key': 4, 'time': 0}
525.8689	DATA	{'pressed': False, 'port': 0, 'key': 4, 'time': 0}
526.1013	DATA	{'pressed': True, 'port': 0, 'key': 0, 'time': 0}
526.3170	DATA	{'pressed': False, 'port': 0, 'key': 0, 'time': 0}
527.0479	DATA	{'pressed': True, 'port': 0, 'key': 1, 'time': 0}
527.1307	DATA	earn R
527.2523	DATA	{'pressed': False, 'port': 0, 'key': 1, 'time': 0}
528.4588	DATA	{'pressed': True, 'port': 0, 'key': 0, 'time': 0}
528.4754	DATA	{'pressed': False, 'port': 0, 'key': 4, 'time': 0}
528.6414	DATA	{'pressed': False, 'port': 0, 'key': 0, 'time': 0}
529.0729	DATA	{'pressed': True, 'port': 0, 'key': 1, 'time': 0}
529.2389	DATA	{'pressed': False, 'port': 0, 'key': 1, 'time': 0}
530.2512	DATA	check
530.2514	DATA	{'pressed': True, 'port': 0, 'key': 0, 'time': 0}
530.4007	DATA	{'pressed': False, 'port': 0, 'key': 0, 'time': 0}
530.5335	DATA	{'pressed': True, 'port': 0, 'key': 0, 'time': 0}
530.6664	DATA	{'pressed': False, 'port': 0, 'key': 0, 'time': 0}
530.9319	DATA	{'pressed': True, 'port': 0, 'key': 0, 'time': 0}
531.0645	DATA	{'pressed': True, 'port': 0, 'key': 4, 'time': 0}
531.0813	DATA	{'pressed': False, 'port': 0, 'key': 4, 'time': 0}
531.0979	DATA	{'pressed': False, 'port': 0, 'key': 0, 'time': 0}
531.4962	DATA	{'pressed': True, 'port': 0, 'key': 1, 'time': 0}
531.6622	DATA	{'pressed': False, 'port': 0, 'key': 1, 'time': 0}
531.8946	DATA	{'pressed': True, 'port': 0, 'key': 1, 'time': 0}
532.0439	DATA	{'pressed': False, 'port': 0, 'key': 1, 'time': 0}
532.3428	DATA	{'pressed': True, 'port': 0, 'key': 1, 'time': 0}
532.5088	DATA	{'pressed': False, 'port': 0, 'key': 1, 'time': 0}
533.5209	DATA	check
533.6540	DATA	{'pressed': True, 'port': 0, 'key': 4, 'time': 0}
533.6872	DATA	{'pressed': False, 'port': 0, 'key': 4, 'time': 0}
534.5333	DATA	check
534.6997	DATA	{'pressed': True, 'port': 0, 'key': 0, 'time': 0}
534.7160	DATA	earn L
534.8492	DATA	{'pressed': False, 'port': 0, 'key': 0, 'time': 0}
535.9942	DATA	{'pressed': True, 'port': 0, 'key': 1, 'time': 0}
536.1601	DATA	{'pressed': False, 'port': 0, 'key': 1, 'time': 0}
536.2597	DATA	{'pressed': True, 'port': 0, 'key': 4, 'time': 0}
536.2765	DATA	{'pressed': False, 'port': 0, 'key': 4, 'time': 0}
537.1731	DATA	check
537.9534	DATA	{'pressed': True, 'port': 0, 'key': 0, 'time': 0}
537.9698	DATA	earn L
538.1528	DATA	{'pressed': False, 'port': 0, 'key': 0, 'time': 0}
538.8664	DATA	{'pressed': True, 'port': 0, 'key': 4, 'time': 0}
538.8832	DATA	{'pressed': False, 'port': 0, 'key': 4, 'time': 0}
539.7295	DATA	{'pressed': True, 'port': 0, 'key': 1, 'time': 0}
539.9120	DATA	{'pressed': False, 'port': 0, 'key': 1, 'time': 0}
540.9243	DATA	check
541.4722	DATA	{'pressed': True, 'port': 0, 'key': 4, 'time': 0}
541.4888	DATA	{'pressed': False, 'port': 0, 'key': 4, 'time': 0}
541.7211	DATA	{'pressed': True, 'port': 0, 'key': 0, 'time': 0}
541.9368	DATA	check
541.9368	DATA	free L
541.9371	DATA	{'pressed': False, 'port': 0, 'key': 0, 'time': 0}
543.9616	DATA	check
544.0615	DATA	{'pressed': True, 'port': 0, 'key': 4, 'time': 0}
544.0947	DATA	{'pressed': True, 'port': 0, 'key': 0, 'time': 0}
544.2940	DATA	{'pressed': False, 'port': 0, 'key': 0, 'time': 0}
545.0409	DATA	{'pressed': True, 'port': 0, 'key': 0, 'time': 0}
545.1236	DATA	earn L
545.2303	DATA	{'pressed': False, 'port': 0, 'key': 0, 'time': 0}
545.3564	DATA	{'pressed': True, 'port': 0, 'key': 0, 'time': 0}
545.5223	DATA	{'pressed': False, 'port': 0, 'key': 0, 'time': 0}
546.6677	DATA	{'pressed': True, 'port': 0, 'key': 4, 'time': 0}
546.6845	DATA	{'pressed': False, 'port': 0, 'key': 4, 'time': 0}
547.1492	DATA	check
547.1492	DATA	free L
549.1741	DATA	check
549.2739	DATA	{'pressed': True, 'port': 0, 'key': 4, 'time': 0}
549.2906	DATA	{'pressed': False, 'port': 0, 'key': 4, 'time': 0}
550.1866	DATA	check
550.2698	DATA	{'pressed': True, 'port': 0, 'key': 1, 'time': 0}
550.4523	DATA	{'pressed': False, 'port': 0, 'key': 1, 'time': 0}
551.4647	DATA	check
551.7803	DATA	{'pressed': True, 'port': 0, 'key': 0, 'time': 0}
551.8800	DATA	{'pressed': True, 'port': 0, 'key': 4, 'time': 0}
551.8964	DATA	{'pressed': False, 'port': 0, 'key': 4, 'time': 0}
551.9795	DATA	{'pressed': False, 'port': 0, 'key': 0, 'time': 0}
552.4277	DATA	{'pressed': True, 'port': 0, 'key': 1, 'time': 0}
552.6102	DATA	{'pressed': False, 'port': 0, 'key': 1, 'time': 0}
553.1745	DATA	{'pressed': True, 'port': 0, 'key': 0, 'time': 0}
553.1908	DATA	earn L
553.3407	DATA	{'pressed': False, 'port': 0, 'key': 0, 'time': 0}
553.4569	DATA	{'pressed': True, 'port': 0, 'key': 0, 'time': 0}
553.6394	DATA	{'pressed': False, 'port': 0, 'key': 0, 'time': 0}
554.4857	DATA	{'pressed': True, 'port': 0, 'key': 4, 'time': 0}
554.5023	DATA	{'pressed': False, 'port': 0, 'key': 4, 'time': 0}
555.2158	DATA	check
555.9961	DATA	{'pressed': True, 'port': 0, 'key': 1, 'time': 0}
556.1954	DATA	{'pressed': False, 'port': 0, 'key': 1, 'time': 0}
557.0756	DATA	{'pressed': True, 'port': 0, 'key': 4, 'time': 0}
557.1088	DATA	{'pressed': False, 'port': 0, 'key': 4, 'time': 0}
557.2082	DATA	check
557.2082	DATA	free L
559.2332	DATA	check
559.2997	DATA	{'pressed': True, 'port': 0, 'key': 0, 'time': 0}
559.5156	DATA	{'pressed': False, 'port': 0, 'key': 0, 'time': 0}
559.6814	DATA	{'pressed': True, 'port': 0, 'key': 4, 'time': 0}
559.6981	DATA	{'pressed': False, 'port': 0, 'key': 4, 'time': 0}
560.5278	DATA	check
561.5403	DATA	check
561.6235	DATA	{'pressed': True, 'port': 0, 'key': 0, 'time': 0}
561.6399	DATA	earn L
561.9224	DATA	{'pressed': False, 'port': 0, 'key': 0, 'time': 0}
562.2876	DATA	{'pressed': True, 'port': 0, 'key': 4, 'time': 0}
562.3042	DATA	{'pressed': False, 'port': 0, 'key': 4, 'time': 0}
563.6648	DATA	check
564.5780	DATA	{'pressed': True, 'port': 0, 'key': 1, 'time': 0}
564.6773	DATA	check
564.7440	DATA	{'pressed': False, 'port': 0, 'key': 1, 'time': 0}
564.8934	DATA	{'pressed': True, 'port': 0, 'key': 4, 'time': 0}
564.9099	DATA	{'pressed': False, 'port': 0, 'key': 4, 'time': 0}
565.7562	DATA	check
565.7562	DATA	free L
567.0185	DATA	{'pressed': True, 'port': 0, 'key': 0, 'time': 0}
567.2011	DATA	{'pressed': False, 'port': 0, 'key': 0, 'time': 0}
567.4832	DATA	{'pressed': True, 'port': 0, 'key': 4, 'time': 0}
567.5165	DATA	{'pressed': False, 'port': 0, 'key': 4, 'time': 0}
567.6657	DATA	{'pressed': True, 'port': 0, 'key': 1, 'time': 0}
567.7818	DATA	earn R
567.8948	DATA	{'pressed': False, 'port': 0, 'key': 1, 'time': 0}
569.6909	DATA	{'pressed': True, 'port': 0, 'key': 1, 'time': 0}
569.8068	DATA	check
569.8734	DATA	{'pressed': False, 'port': 0, 'key': 1, 'time': 0}
570.0889	DATA	{'pressed': True, 'port': 0, 'key': 4, 'time': 0}
570.1058	DATA	{'pressed': False, 'port': 0, 'key': 4, 'time': 0}
570.1390	DATA	{'pressed': True, 'port': 0, 'key': 1, 'time': 0}
570.3215	DATA	{'pressed': False, 'port': 0, 'key': 1, 'time': 0}
571.3338	DATA	check
572.3462	DATA	check
572.6950	DATA	{'pressed': True, 'port': 0, 'key': 4, 'time': 0}
572.7116	DATA	{'pressed': False, 'port': 0, 'key': 4, 'time': 0}
573.3587	DATA	check
573.4087	DATA	{'pressed': True, 'port': 0, 'key': 0, 'time': 0}
573.4251	DATA	earn L
573.5583	DATA	{'pressed': False, 'port': 0, 'key': 0, 'time': 0}
574.5873	DATA	{'pressed': True, 'port': 0, 'key': 1, 'time': 0}
574.7864	DATA	{'pressed': False, 'port': 0, 'key': 1, 'time': 0}
575.2013	DATA	{'pressed': True, 'port': 0, 'key': 0, 'time': 0}
575.3009	DATA	{'pressed': True, 'port': 0, 'key': 4, 'time': 0}
575.3176	DATA	{'pressed': False, 'port': 0, 'key': 4, 'time': 0}
575.3507	DATA	{'pressed': False, 'port': 0, 'key': 0, 'time': 0}
575.6827	DATA	{'pressed': True, 'port': 0, 'key': 0, 'time': 0}
575.6990	DATA	earn L
575.7982	DATA	{'pressed': False, 'port': 0, 'key': 0, 'time': 0}
577.1106	DATA	{'pressed': True, 'port': 0, 'key': 1, 'time': 0}
577.2601	DATA	{'pressed': False, 'port': 0, 'key': 1, 'time': 0}
577.8907	DATA	{'pressed': True, 'port': 0, 'key': 4, 'time': 0}
577.9240	DATA	{'pressed': False, 'port': 0, 'key': 4, 'time': 0}
578.2724	DATA	check
578.2724	DATA	free L
580.2973	DATA	check
580.4965	DATA	{'pressed': True, 'port': 0, 'key': 4, 'time': 0}
580.5134	DATA	{'pressed': False, 'port': 0, 'key': 4, 'time': 0}
580.7456	DATA	{'pressed': True, 'port': 0, 'key': 0, 'time': 0}
580.9283	DATA	{'pressed': False, 'port': 0, 'key': 0, 'time': 0}
581.9405	DATA	check
582.5549	DATA	{'pressed': True, 'port': 0, 'key': 1, 'time': 0}
582.7043	DATA	{'pressed': False, 'port': 0, 'key': 1, 'time': 0}
583.0694	DATA	{'pressed': True, 'port': 0, 'key': 1, 'time': 0}
583.1025	DATA	{'pressed': True, 'port': 0, 'key': 4, 'time': 0}
583.1192	DATA	{'pressed': False, 'port': 0, 'key': 4, 'time': 0}
583.2188	DATA	{'pressed': False, 'port': 0, 'key': 1, 'time': 0}
583.7665	DATA	{'pressed': True, 'port': 0, 'key': 1, 'time': 0}
583.9159	DATA	{'pressed': False, 'port': 0, 'key': 1, 'time': 0}
584.3807	DATA	{'pressed': True, 'port': 0, 'key': 0, 'time': 0}
584.5135	DATA	{'pressed': False, 'port': 0, 'key': 0, 'time': 0}
585.5257	DATA	check
585.7085	DATA	{'pressed': True, 'port': 0, 'key': 4, 'time': 0}
585.7251	DATA	{'pressed': False, 'port': 0, 'key': 4, 'time': 0}
586.5382	DATA	check
586.5382	DATA	free L
587.3027	DATA	{'pressed': True, 'port': 0, 'key': 0, 'time': 0}
587.5019	DATA	{'pressed': False, 'port': 0, 'key': 0, 'time': 0}
588.0495	DATA	{'pressed': True, 'port': 0, 'key': 0, 'time': 0}
588.2320	DATA	{'pressed': False, 'port': 0, 'key': 0, 'time': 0}
588.3149	DATA	{'pressed': True, 'port': 0, 'key': 4, 'time': 0}
588.3316	DATA	{'pressed': False, 'port': 0, 'key': 4, 'time': 0}
588.7134	DATA	{'pressed': True, 'port': 0, 'key': 1, 'time': 0}
588.8792	DATA	{'pressed': False, 'port': 0, 'key': 1, 'time': 0}
589.3109	DATA	{'pressed': True, 'port': 0, 'key': 0, 'time': 0}
589.4935	DATA	{'pressed': False, 'port': 0, 'key': 0, 'time': 0}
590.5057	DATA	check
590.5058	DATA	free L
590.9043	DATA	{'pressed': True, 'port': 0, 'key': 4, 'time': 0}
590.9377	DATA	{'pressed': False, 'port': 0, 'key': 4, 'time': 0}
591.2696	DATA	{'pressed': True, 'port': 0, 'key': 0, 'time': 0}
591.5350	DATA	{'pressed': False, 'port': 0, 'key': 0, 'time': 0}
592.0164	DATA	{'pressed': True, 'port': 0, 'key': 0, 'time': 0}
592.2653	DATA	{'pressed': False, 'port': 0, 'key': 0, 'time': 0}
593.2776	DATA	check
593.5101	DATA	{'pressed': True, 'port': 0, 'key': 4, 'time': 0}
593.5268	DATA	{'pressed': False, 'port': 0, 'key': 4, 'time': 0}
594.2901	DATA	check
595.2862	DATA	{'pressed': True, 'port': 0, 'key': 0, 'time': 0}
595.3025	DATA	check
595.5019	DATA	{'pressed': False, 'port': 0, 'key': 0, 'time': 0}
596.0331	DATA	{'pressed': True, 'port': 0, 'key': 1, 'time': 0}
596.1161	DATA	{'pressed': True, 'port': 0, 'key': 4, 'time': 0}
596.1327	DATA	{'pressed': False, 'port': 0, 'key': 4, 'time': 0}
596.2156	DATA	{'pressed': False, 'port': 0, 'key': 1, 'time': 0}
597.2284	DATA	check
597.5774	DATA	{'pressed': True, 'port': 0, 'key': 0, 'time': 0}
597.8429	DATA	{'pressed': False, 'port': 0, 'key': 0, 'time': 0}
598.7226	DATA	{'pressed': True, 'port': 0, 'key': 4, 'time': 0}
598.7392	DATA	{'pressed': False, 'port': 0, 'key': 4, 'time': 0}
598.8551	DATA	check
599.8676	DATA	check
600.2496	DATA	{'pressed': True, 'port': 0, 'key': 0, 'time': 0}
600.6314	DATA	{'pressed': False, 'port': 0, 'key': 0, 'time': 0}
600.7145	DATA	{'pressed': True, 'port': 0, 'key': 0, 'time': 0}
600.9466	DATA	{'pressed': False, 'port': 0, 'key': 0, 'time': 0}
601.3121	DATA	{'pressed': True, 'port': 0, 'key': 4, 'time': 0}
601.3451	DATA	{'pressed': False, 'port': 0, 'key': 4, 'time': 0}
601.3948	DATA	{'pressed': True, 'port': 0, 'key': 1, 'time': 0}
601.5442	DATA	{'pressed': False, 'port': 0, 'key': 1, 'time': 0}
602.5565	DATA	check
603.2040	DATA	{'pressed': True, 'port': 0, 'key': 0, 'time': 0}
603.3369	DATA	{'pressed': False, 'port': 0, 'key': 0, 'time': 0}
603.9177	DATA	{'pressed': True, 'port': 0, 'key': 4, 'time': 0}
603.9344	DATA	{'pressed': False, 'port': 0, 'key': 4, 'time': 0}
604.1502	DATA	{'pressed': True, 'port': 0, 'key': 0, 'time': 0}
604.2664	DATA	{'pressed': False, 'port': 0, 'key': 0, 'time': 0}
605.2786	DATA	check
606.2414	DATA	{'pressed': True, 'port': 0, 'key': 1, 'time': 0}
606.2911	DATA	check
606.4407	DATA	{'pressed': False, 'port': 0, 'key': 1, 'time': 0}
606.5235	DATA	{'pressed': True, 'port': 0, 'key': 4, 'time': 0}
606.5403	DATA	{'pressed': False, 'port': 0, 'key': 4, 'time': 0}
606.6901	DATA	{'pressed': True, 'port': 0, 'key': 0, 'time': 0}
606.8396	DATA	{'pressed': False, 'port': 0, 'key': 0, 'time': 0}
607.3376	DATA	{'pressed': True, 'port': 0, 'key': 1, 'time': 0}
607.3539	DATA	earn R
607.4851	DATA	{'pressed': False, 'port': 0, 'key': 1, 'time': 0}
608.2007	DATA	{'pressed': True, 'port': 0, 'key': 0, 'time': 0}
608.4000	DATA	{'pressed': False, 'port': 0, 'key': 0, 'time': 0}
608.9808	DATA	{'pressed': True, 'port': 0, 'key': 1, 'time': 0}
609.1135	DATA	{'pressed': False, 'port': 0, 'key': 1, 'time': 0}
609.1302	DATA	{'pressed': True, 'port': 0, 'key': 4, 'time': 0}
609.1467	DATA	{'pressed': False, 'port': 0, 'key': 4, 'time': 0}
609.5119	DATA	{'pressed': True, 'port': 0, 'key': 0, 'time': 0}
609.5283	DATA	earn L
609.6449	DATA	{'pressed': False, 'port': 0, 'key': 0, 'time': 0}
610.9892	DATA	{'pressed': True, 'port': 0, 'key': 0, 'time': 0}
611.1551	DATA	{'pressed': False, 'port': 0, 'key': 0, 'time': 0}
611.7193	DATA	{'pressed': True, 'port': 0, 'key': 4, 'time': 0}
611.7527	DATA	{'pressed': False, 'port': 0, 'key': 4, 'time': 0}
612.0016	DATA	{'pressed': True, 'port': 0, 'key': 1, 'time': 0}
612.1511	DATA	{'pressed': False, 'port': 0, 'key': 1, 'time': 0}
612.4664	DATA	{'pressed': True, 'port': 0, 'key': 0, 'time': 0}
612.6323	DATA	{'pressed': False, 'port': 0, 'key': 0, 'time': 0}
613.2797	DATA	{'pressed': True, 'port': 0, 'key': 0, 'time': 0}
613.3627	DATA	{'pressed': True, 'port': 0, 'key': 1, 'time': 0}
613.3958	DATA	{'pressed': False, 'port': 0, 'key': 1, 'time': 0}
613.4623	DATA	{'pressed': False, 'port': 0, 'key': 0, 'time': 0}
613.9934	DATA	{'pressed': True, 'port': 0, 'key': 0, 'time': 0}
614.1759	DATA	{'pressed': False, 'port': 0, 'key': 0, 'time': 0}
614.3251	DATA	{'pressed': True, 'port': 0, 'key': 4, 'time': 0}
614.3420	DATA	{'pressed': False, 'port': 0, 'key': 4, 'time': 0}
614.8897	DATA	{'pressed': True, 'port': 0, 'key': 1, 'time': 0}
615.0722	DATA	{'pressed': False, 'port': 0, 'key': 1, 'time': 0}
615.3046	DATA	{'pressed': True, 'port': 0, 'key': 0, 'time': 0}
615.5038	DATA	{'pressed': False, 'port': 0, 'key': 0, 'time': 0}
616.1108	DATA	start rating A
617.5126	DATA	EmulatedKey: 0
618.4423	DATA	EmulatedKey: 0
626.1103	DATA	2.0
626.1103	DATA	end rating A
626.1106	DATA	start rating B
626.9576	DATA	EmulatedKey: 0
627.4721	DATA	EmulatedKey: 0
636.1195	DATA	2.0
636.1196	DATA	end rating B
637.1326	DATA	check
637.7469	DATA	{'pressed': True, 'port': 0, 'key': 4, 'time': 0}
637.7636	DATA	{'pressed': False, 'port': 0, 'key': 4, 'time': 0}
637.7802	DATA	{'pressed': True, 'port': 0, 'key': 0, 'time': 0}
637.9960	DATA	{'pressed': False, 'port': 0, 'key': 0, 'time': 0}
639.0083	DATA	check
640.0207	DATA	check
640.2201	DATA	{'pressed': True, 'port': 0, 'key': 1, 'time': 0}
640.3528	DATA	{'pressed': True, 'port': 0, 'key': 4, 'time': 0}
640.3695	DATA	{'pressed': False, 'port': 0, 'key': 4, 'time': 0}
640.3861	DATA	{'pressed': False, 'port': 0, 'key': 1, 'time': 0}
640.5687	DATA	{'pressed': True, 'port': 0, 'key': 1, 'time': 0}
640.7347	DATA	{'pressed': False, 'port': 0, 'key': 1, 'time': 0}
641.7468	DATA	check
641.7468	DATA	free L
642.9587	DATA	{'pressed': True, 'port': 0, 'key': 4, 'time': 0}
642.9755	DATA	{'pressed': False, 'port': 0, 'key': 4, 'time': 0}
643.3240	DATA	{'pressed': True, 'port': 0, 'key': 1, 'time': 0}
643.5065	DATA	{'pressed': False, 'port': 0, 'key': 1, 'time': 0}
643.9215	DATA	{'pressed': True, 'port': 0, 'key': 0, 'time': 0}
644.1206	DATA	{'pressed': False, 'port': 0, 'key': 0, 'time': 0}
645.1329	DATA	check
645.1996	DATA	{'pressed': True, 'port': 0, 'key': 1, 'time': 0}
645.3657	DATA	{'pressed': False, 'port': 0, 'key': 1, 'time': 0}
645.5481	DATA	{'pressed': True, 'port': 0, 'key': 4, 'time': 0}
645.5813	DATA	{'pressed': False, 'port': 0, 'key': 4, 'time': 0}
645.6976	DATA	{'pressed': True, 'port': 0, 'key': 1, 'time': 0}
645.8967	DATA	{'pressed': False, 'port': 0, 'key': 1, 'time': 0}
646.9095	DATA	check
646.9095	DATA	free L
648.1544	DATA	{'pressed': True, 'port': 0, 'key': 4, 'time': 0}
648.1712	DATA	{'pressed': False, 'port': 0, 'key': 4, 'time': 0}
648.6361	DATA	{'pressed': True, 'port': 0, 'key': 0, 'time': 0}
648.9181	DATA	{'pressed': False, 'port': 0, 'key': 0, 'time': 0}
649.9304	DATA	check
650.7604	DATA	{'pressed': True, 'port': 0, 'key': 4, 'time': 0}
650.7771	DATA	{'pressed': False, 'port': 0, 'key': 4, 'time': 0}
650.9429	DATA	check
651.2916	DATA	{'pressed': True, 'port': 0, 'key': 1, 'time': 0}
651.4411	DATA	{'pressed': False, 'port': 0, 'key': 1, 'time': 0}
651.7897	DATA	{'pressed': True, 'port': 0, 'key': 0, 'time': 0}
651.9888	DATA	{'pressed': False, 'port': 0, 'key': 0, 'time': 0}
652.1715	DATA	{'pressed': True, 'port': 0, 'key': 0, 'time': 0}
652.3706	DATA	{'pressed': False, 'port': 0, 'key': 0, 'time': 0}
653.3664	DATA	{'pressed': True, 'port': 0, 'key': 4, 'time': 0}
653.3828	DATA	check
653.3831	DATA	{'pressed': False, 'port': 0, 'key': 4, 'time': 0}
654.3953	DATA	check
655.4077	DATA	check
655.9723	DATA	{'pressed': True, 'port': 0, 'key': 4, 'time': 0}
655.9889	DATA	{'pressed': False, 'port': 0, 'key': 4, 'time': 0}
656.4202	DATA	check
657.1016	DATA	{'pressed': True, 'port': 0, 'key': 0, 'time': 0}
657.3173	DATA	{'pressed': False, 'port': 0, 'key': 0, 'time': 0}
657.3506	DATA	{'pressed': True, 'port': 0, 'key': 0, 'time': 0}
657.5165	DATA	{'pressed': False, 'port': 0, 'key': 0, 'time': 0}
657.9647	DATA	{'pressed': True, 'port': 0, 'key': 1, 'time': 0}
658.1304	DATA	earn R
658.1306	DATA	{'pressed': False, 'port': 0, 'key': 1, 'time': 0}
658.5622	DATA	{'pressed': True, 'port': 0, 'key': 4, 'time': 0}
658.5956	DATA	{'pressed': False, 'port': 0, 'key': 4, 'time': 0}
659.0439	DATA	{'pressed': True, 'port': 0, 'key': 0, 'time': 0}
659.2925	DATA	{'pressed': False, 'port': 0, 'key': 0, 'time': 0}
660.3048	DATA	check
660.3714	DATA	{'pressed': True, 'port': 0, 'key': 0, 'time': 0}
660.5208	DATA	{'pressed': False, 'port': 0, 'key': 0, 'time': 0}
661.1680	DATA	{'pressed': True, 'port': 0, 'key': 4, 'time': 0}
661.1847	DATA	{'pressed': False, 'port': 0, 'key': 4, 'time': 0}
661.5000	DATA	{'pressed': True, 'port': 0, 'key': 1, 'time': 0}
661.5330	DATA	check
661.5331	DATA	free L
661.6663	DATA	{'pressed': False, 'port': 0, 'key': 1, 'time': 0}
662.2637	DATA	{'pressed': True, 'port': 0, 'key': 0, 'time': 0}
662.3302	DATA	{'pressed': False, 'port': 0, 'key': 0, 'time': 0}
663.0769	DATA	{'pressed': True, 'port': 0, 'key': 0, 'time': 0}
663.2429	DATA	{'pressed': False, 'port': 0, 'key': 0, 'time': 0}
663.5748	DATA	{'pressed': True, 'port': 0, 'key': 1, 'time': 0}
663.5912	DATA	earn R
663.7244	DATA	{'pressed': False, 'port': 0, 'key': 1, 'time': 0}
663.7740	DATA	{'pressed': True, 'port': 0, 'key': 4, 'time': 0}
663.7908	DATA	{'pressed': False, 'port': 0, 'key': 4, 'time': 0}
665.3010	DATA	{'pressed': True, 'port': 0, 'key': 0, 'time': 0}
665.5168	DATA	{'pressed': False, 'port': 0, 'key': 0, 'time': 0}
666.0479	DATA	{'pressed': True, 'port': 0, 'key': 1, 'time': 0}
666.2140	DATA	{'pressed': False, 'port': 0, 'key': 1, 'time': 0}
666.3799	DATA	{'pressed': True, 'port': 0, 'key': 4, 'time': 0}
666.3965	DATA	{'pressed': False, 'port': 0, 'key': 4, 'time': 0}
667.2267	DATA	check
668.2229	DATA	{'pressed': True, 'port': 0, 'key': 1, 'time': 0}
668.2392	DATA	check
668.2393	DATA	free L
668.4054	DATA	{'pressed': False, 'port': 0, 'key': 1, 'time': 0}
668.9699	DATA	{'pressed': True, 'port': 0, 'key': 4, 'time': 0}
669.0031	DATA	{'pressed': False, 'port': 0, 'key': 4, 'time': 0}
669.3349	DATA	{'pressed': True, 'port': 0, 'key': 1, 'time': 0}
669.5341	DATA	{'pressed': False, 'port': 0, 'key': 1, 'time': 0}
670.5464	DATA	check
671.5091	DATA	{'pressed': True, 'port': 0, 'key': 1, 'time': 0}
671.5589	DATA	check
671.5756	DATA	{'pressed': True, 'port': 0, 'key': 4, 'time': 0}
671.5923	DATA	{'pressed': False, 'port': 0, 'key': 4, 'time': 0}
671.6586	DATA	{'pressed': False, 'port': 0, 'key': 1, 'time': 0}
672.1068	DATA	{'pressed': True, 'port': 0, 'key': 1, 'time': 0}
672.2729	DATA	{'pressed': False, 'port': 0, 'key': 1, 'time': 0}
673.2851	DATA	check
673.2851	DATA	free L
674.1817	DATA	{'pressed': True, 'port': 0, 'key': 4, 'time': 0}
674.1982	DATA	{'pressed': False, 'port': 0, 'key': 4, 'time': 0}
674.7459	DATA	{'pressed': True, 'port': 0, 'key': 0, 'time': 0}
674.9616	DATA	{'pressed': False, 'port': 0, 'key': 0, 'time': 0}
675.9739	DATA	check
676.7216	DATA	{'pressed': True, 'port': 0, 'key': 0, 'time': 0}
676.7881	DATA	{'pressed': True, 'port': 0, 'key': 4, 'time': 0}
676.8047	DATA	{'pressed': False, 'port': 0, 'key': 4, 'time': 0}
676.9042	DATA	{'pressed': False, 'port': 0, 'key': 0, 'time': 0}
677.9165	DATA	check
678.9290	DATA	check
679.3772	DATA	{'pressed': True, 'port': 0, 'key': 4, 'time': 0}
679.4106	DATA	{'pressed': False, 'port': 0, 'key': 4, 'time': 0}
679.6096	DATA	{'pressed': True, 'port': 0, 'key': 1, 'time': 0}
679.6261	DATA	earn R
679.7925	DATA	{'pressed': False, 'port': 0, 'key': 1, 'time': 0}
681.6511	DATA	check
681.9830	DATA	{'pressed': True, 'port': 0, 'key': 4, 'time': 0}
681.9999	DATA	{'pressed': False, 'port': 0, 'key': 4, 'time': 0}
682.2820	DATA	{'pressed': True, 'port': 0, 'key': 1, 'time': 0}
682.2984	DATA	earn R
682.4814	DATA	{'pressed': False, 'port': 0, 'key': 1, 'time': 0}
684.3234	DATA	check
684.5891	DATA	{'pressed': True, 'port': 0, 'key': 4, 'time': 0}
684.6057	DATA	{'pressed': False, 'port': 0, 'key': 4, 'time': 0}
685.3358	DATA	check
685.7345	DATA	{'pressed': True, 'port': 0, 'key': 0, 'time': 0}
685.8839	DATA	{'pressed': False, 'port': 0, 'key': 0, 'time': 0}
686.2656	DATA	{'pressed': True, 'port': 0, 'key': 1, 'time': 0}
686.4149	DATA	{'pressed': False, 'port': 0, 'key': 1, 'time': 0}
687.1956	DATA	{'pressed': True, 'port': 0, 'key': 4, 'time': 0}
687.2123	DATA	{'pressed': False, 'port': 0, 'key': 4, 'time': 0}
687.2787	DATA	{'pressed': True, 'port': 0, 'key': 0, 'time': 0}
687.4278	DATA	check
687.4278	DATA	free L
687.5301	DATA	{'pressed': False, 'port': 0, 'key': 0, 'time': 0}
687.6937	DATA	{'pressed': True, 'port': 0, 'key': 1, 'time': 0}
687.8599	DATA	{'pressed': False, 'port': 0, 'key': 1, 'time': 0}
689.1708	DATA	{'pressed': True, 'port': 0, 'key': 1, 'time': 0}
689.3202	DATA	{'pressed': False, 'port': 0, 'key': 1, 'time': 0}
689.8015	DATA	{'pressed': True, 'port': 0, 'key': 4, 'time': 0}
689.8182	DATA	{'pressed': False, 'port': 0, 'key': 4, 'time': 0}
690.3324	DATA	check
691.3450	DATA	check
692.0257	DATA	{'pressed': True, 'port': 0, 'key': 0, 'time': 0}
692.2248	DATA	{'pressed': False, 'port': 0, 'key': 0, 'time': 0}
692.3907	DATA	{'pressed': True, 'port': 0, 'key': 4, 'time': 0}
692.4241	DATA	{'pressed': False, 'port': 0, 'key': 4, 'time': 0}
693.2372	DATA	check
694.2496	DATA	check
694.9967	DATA	{'pressed': True, 'port': 0, 'key': 4, 'time': 0}
695.0134	DATA	{'pressed': False, 'port': 0, 'key': 4, 'time': 0}
695.2621	DATA	check
696.1918	DATA	{'pressed': True, 'port': 0, 'key': 0, 'time': 0}
696.2082	DATA	earn L
696.3747	DATA	{'pressed': False, 'port': 0, 'key': 0, 'time': 0}
697.3377	DATA	{'pressed': True, 'port': 0, 'key': 1, 'time': 0}
697.5368	DATA	{'pressed': False, 'port': 0, 'key': 1, 'time': 0}
697.6032	DATA	{'pressed': True, 'port': 0, 'key': 4, 'time': 0}
697.6198	DATA	{'pressed': False, 'port': 0, 'key': 4, 'time': 0}
698.5491	DATA	check
699.5616	DATA	check
700.2091	DATA	{'pressed': True, 'port': 0, 'key': 4, 'time': 0}
700.2257	DATA	{'pressed': False, 'port': 0, 'key': 4, 'time': 0}
700.5740	DATA	check
700.9229	DATA	{'pressed': True, 'port': 0, 'key': 1, 'time': 0}
701.1054	DATA	{'pressed': False, 'port': 0, 'key': 1, 'time': 0}
701.3378	DATA	{'pressed': True, 'port': 0, 'key': 1, 'time': 0}
701.5037	DATA	{'pressed': False, 'port': 0, 'key': 1, 'time': 0}
702.5160	DATA	check
702.7984	DATA	{'pressed': True, 'port': 0, 'key': 4, 'time': 0}
702.8315	DATA	{'pressed': False, 'port': 0, 'key': 4, 'time': 0}
703.5285	DATA	check
703.6449	DATA	{'pressed': True, 'port': 0, 'key': 0, 'time': 0}
703.8773	DATA	{'pressed': False, 'port': 0, 'key': 0, 'time': 0}
704.2756	DATA	{'pressed': True, 'port': 0, 'key': 0, 'time': 0}
704.4748	DATA	{'pressed': False, 'port': 0, 'key': 0, 'time': 0}
705.4042	DATA	{'pressed': True, 'port': 0, 'key': 4, 'time': 0}
705.4210	DATA	{'pressed': False, 'port': 0, 'key': 4, 'time': 0}
705.4871	DATA	check
705.4871	DATA	free L
706.4667	DATA	{'pressed': True, 'port': 0, 'key': 1, 'time': 0}
706.6327	DATA	{'pressed': False, 'port': 0, 'key': 1, 'time': 0}
707.6455	DATA	check
708.0108	DATA	{'pressed': True, 'port': 0, 'key': 4, 'time': 0}
708.0273	DATA	{'pressed': False, 'port': 0, 'key': 4, 'time': 0}
708.6579	DATA	check
708.6580	DATA	free L
709.2890	DATA	{'pressed': True, 'port': 0, 'key': 1, 'time': 0}
709.5049	DATA	{'pressed': False, 'port': 0, 'key': 1, 'time': 0}
710.6168	DATA	{'pressed': True, 'port': 0, 'key': 4, 'time': 0}
710.6332	DATA	{'pressed': False, 'port': 0, 'key': 4, 'time': 0}
710.6829	DATA	check
710.6829	DATA	free L
711.5298	DATA	{'pressed': True, 'port': 0, 'key': 1, 'time': 0}
711.7122	DATA	{'pressed': False, 'port': 0, 'key': 1, 'time': 0}
711.9613	DATA	{'pressed': True, 'port': 0, 'key': 1, 'time': 0}
712.1438	DATA	{'pressed': False, 'port': 0, 'key': 1, 'time': 0}
713.1560	DATA	check
713.2060	DATA	{'pressed': True, 'port': 0, 'key': 4, 'time': 0}
713.2392	DATA	{'pressed': False, 'port': 0, 'key': 4, 'time': 0}
714.1685	DATA	check
714.6335	DATA	{'pressed': True, 'port': 0, 'key': 0, 'time': 0}
714.7995	DATA	{'pressed': False, 'port': 0, 'key': 0, 'time': 0}
715.8116	DATA	check
715.8119	DATA	{'pressed': True, 'port': 0, 'key': 4, 'time': 0}
715.8285	DATA	{'pressed': False, 'port': 0, 'key': 4, 'time': 0}
715.8617	DATA	{'pressed': True, 'port': 0, 'key': 1, 'time': 0}
716.0443	DATA	{'pressed': False, 'port': 0, 'key': 1, 'time': 0}
717.0571	DATA	check
717.0572	DATA	free L
718.4017	DATA	{'pressed': True, 'port': 0, 'key': 1, 'time': 0}
718.4183	DATA	{'pressed': True, 'port': 0, 'key': 4, 'time': 0}
718.4352	DATA	{'pressed': False, 'port': 0, 'key': 4, 'time': 0}
718.7006	DATA	{'pressed': False, 'port': 0, 'key': 1, 'time': 0}
719.7127	DATA	check
720.7253	DATA	check
721.0244	DATA	{'pressed': True, 'port': 0, 'key': 4, 'time': 0}
721.0409	DATA	{'pressed': False, 'port': 0, 'key': 4, 'time': 0}
721.7378	DATA	check
721.7378	DATA	free L
721.8876	DATA	{'pressed': True, 'port': 0, 'key': 0, 'time': 0}
722.1199	DATA	{'pressed': False, 'port': 0, 'key': 0, 'time': 0}
723.6302	DATA	{'pressed': True, 'port': 0, 'key': 4, 'time': 0}
723.6468	DATA	{'pressed': False, 'port': 0, 'key': 4, 'time': 0}
723.7627	DATA	check
724.7751	DATA	check
725.6552	DATA	{'pressed': True, 'port': 0, 'key': 1, 'time': 0}
725.7877	DATA	check
725.8543	DATA	{'pressed': False, 'port': 0, 'key': 1, 'time': 0}
726.1200	DATA	{'pressed': True, 'port': 0, 'key': 0, 'time': 0}
726.2193	DATA	{'pressed': True, 'port': 0, 'key': 4, 'time': 0}
726.2527	DATA	{'pressed': False, 'port': 0, 'key': 4, 'time': 0}
726.3190	DATA	{'pressed': False, 'port': 0, 'key': 0, 'time': 0}
727.3319	DATA	check
727.3320	DATA	free L
728.8259	DATA	{'pressed': True, 'port': 0, 'key': 4, 'time': 0}
728.8425	DATA	{'pressed': False, 'port': 0, 'key': 4, 'time': 0}
729.3569	DATA	check
729.6891	DATA	{'pressed': True, 'port': 0, 'key': 0, 'time': 0}
729.9049	DATA	{'pressed': False, 'port': 0, 'key': 0, 'time': 0}
730.2533	DATA	{'pressed': True, 'port': 0, 'key': 1, 'time': 0}
730.4361	DATA	{'pressed': False, 'port': 0, 'key': 1, 'time': 0}
730.7347	DATA	{'pressed': True, 'port': 0, 'key': 0, 'time': 0}
730.8841	DATA	{'pressed': False, 'port': 0, 'key': 0, 'time': 0}
731.2327	DATA	{'pressed': True, 'port': 0, 'key': 1, 'time': 0}
731.3821	DATA	{'pressed': False, 'port': 0, 'key': 1, 'time': 0}
731.4318	DATA	{'pressed': True, 'port': 0, 'key': 4, 'time': 0}
731.4485	DATA	{'pressed': False, 'port': 0, 'key': 4, 'time': 0}
732.3282	DATA	{'pressed': True, 'port': 0, 'key': 1, 'time': 0}
732.3943	DATA	check
732.4776	DATA	{'pressed': False, 'port': 0, 'key': 1, 'time': 0}
733.4898	DATA	check
734.0379	DATA	{'pressed': True, 'port': 0, 'key': 4, 'time': 0}
734.0544	DATA	{'pressed': False, 'port': 0, 'key': 4, 'time': 0}
734.5023	DATA	check
735.1997	DATA	{'pressed': True, 'port': 0, 'key': 0, 'time': 0}
735.3988	DATA	{'pressed': False, 'port': 0, 'key': 0, 'time': 0}
736.4111	DATA	check
736.4111	DATA	free L
736.6273	DATA	{'pressed': True, 'port': 0, 'key': 4, 'time': 0}
736.6608	DATA	{'pressed': False, 'port': 0, 'key': 4, 'time': 0}
737.7397	DATA	{'pressed': True, 'port': 0, 'key': 1, 'time': 0}
737.9223	DATA	{'pressed': False, 'port': 0, 'key': 1, 'time': 0}
738.9346	DATA	check
739.2334	DATA	{'pressed': True, 'port': 0, 'key': 4, 'time': 0}
739.2502	DATA	{'pressed': False, 'port': 0, 'key': 4, 'time': 0}
739.7813	DATA	{'pressed': True, 'port': 0, 'key': 0, 'time': 0}
739.9471	DATA	check
739.9805	DATA	{'pressed': False, 'port': 0, 'key': 0, 'time': 0}
740.2293	DATA	{'pressed': True, 'port': 0, 'key': 0, 'time': 0}
740.4287	DATA	{'pressed': False, 'port': 0, 'key': 0, 'time': 0}
741.4409	DATA	check
741.6568	DATA	{'pressed': True, 'port': 0, 'key': 1, 'time': 0}
741.8229	DATA	{'pressed': False, 'port': 0, 'key': 1, 'time': 0}
741.8394	DATA	{'pressed': True, 'port': 0, 'key': 4, 'time': 0}
741.8560	DATA	{'pressed': False, 'port': 0, 'key': 4, 'time': 0}
742.8351	DATA	check
743.8476	DATA	check
744.4453	DATA	{'pressed': True, 'port': 0, 'key': 4, 'time': 0}
744.4620	DATA	{'pressed': False, 'port': 0, 'key': 4, 'time': 0}
744.8601	DATA	check
744.8601	DATA	free L
745.1261	DATA	{'pressed': True, 'port': 0, 'key': 1, 'time': 0}
745.3253	DATA	{'pressed': False, 'port': 0, 'key': 1, 'time': 0}
745.8232	DATA	{'pressed': True, 'port': 0, 'key': 1, 'time': 0}
746.0221	DATA	{'pressed': False, 'port': 0, 'key': 1, 'time': 0}
747.0351	DATA	check
747.0353	DATA	{'pressed': True, 'port': 0, 'key': 4, 'time': 0}
747.0684	DATA	{'pressed': False, 'port': 0, 'key': 4, 'time': 0}
747.2179	DATA	{'pressed': True, 'port': 0, 'key': 0, 'time': 0}
747.4336	DATA	{'pressed': False, 'port': 0, 'key': 0, 'time': 0}
748.2634	DATA	{'pressed': True, 'port': 0, 'key': 0, 'time': 0}
748.2799	DATA	earn L
748.4628	DATA	{'pressed': False, 'port': 0, 'key': 0, 'time': 0}
749.6411	DATA	{'pressed': True, 'port': 0, 'key': 4, 'time': 0}
749.6744	DATA	{'pressed': False, 'port': 0, 'key': 4, 'time': 0}
750.3048	DATA	check
750.6039	DATA	{'pressed': True, 'port': 0, 'key': 0, 'time': 0}
750.8363	DATA	{'pressed': False, 'port': 0, 'key': 0, 'time': 0}
750.9359	DATA	{'pressed': True, 'port': 0, 'key': 0, 'time': 0}
751.1185	DATA	{'pressed': False, 'port': 0, 'key': 0, 'time': 0}
752.1307	DATA	check
752.2470	DATA	{'pressed': True, 'port': 0, 'key': 4, 'time': 0}
752.2636	DATA	{'pressed': False, 'port': 0, 'key': 4, 'time': 0}
753.1431	DATA	check
754.1226	DATA	{'pressed': True, 'port': 0, 'key': 1, 'time': 0}
754.1556	DATA	check
754.3052	DATA	{'pressed': False, 'port': 0, 'key': 1, 'time': 0}
754.8528	DATA	{'pressed': True, 'port': 0, 'key': 4, 'time': 0}
754.8695	DATA	{'pressed': False, 'port': 0, 'key': 4, 'time': 0}
755.3175	DATA	check
756.2263	DATA	start rating A
757.2767	DATA	EmulatedKey: 0
758.0900	DATA	EmulatedKey: 0
766.2396	DATA	2.0
766.2396	DATA	end rating A
766.2398	DATA	start rating B
766.9374	DATA	EmulatedKey: 0
776.2324	DATA	3.0
776.2325	DATA	end rating B
777.2453	DATA	check
777.8431	DATA	{'pressed': True, 'port': 0, 'key': 0, 'time': 0}
778.0920	DATA	{'pressed': False, 'port': 0, 'key': 0, 'time': 0}
778.2746	DATA	{'pressed': True, 'port': 0, 'key': 4, 'time': 0}
778.2912	DATA	{'pressed': False, 'port': 0, 'key': 4, 'time': 0}
778.4406	DATA	{'pressed': True, 'port': 0, 'key': 1, 'time': 0}
778.6397	DATA	{'pressed': False, 'port': 0, 'key': 1, 'time': 0}
779.0713	DATA	{'pressed': True, 'port': 0, 'key': 0, 'time': 0}
779.3037	DATA	{'pressed': False, 'port': 0, 'key': 0, 'time': 0}
779.6689	DATA	{'pressed': True, 'port': 0, 'key': 0, 'time': 0}
779.9178	DATA	{'pressed': False, 'port': 0, 'key': 0, 'time': 0}
780.7311	DATA	{'pressed': True, 'port': 0, 'key': 1, 'time': 0}
780.8638	DATA	{'pressed': True, 'port': 0, 'key': 4, 'time': 0}
780.8805	DATA	{'pressed': False, 'port': 0, 'key': 4, 'time': 0}
780.9137	DATA	{'pressed': False, 'port': 0, 'key': 1, 'time': 0}
781.3287	DATA	{'pressed': True, 'port': 0, 'key': 1, 'time': 0}
781.4781	DATA	{'pressed': False, 'port': 0, 'key': 1, 'time': 0}
781.9594	DATA	{'pressed': True, 'port': 0, 'key': 0, 'time': 0}
781.9757	DATA	earn L
782.1754	DATA	{'pressed': False, 'port': 0, 'key': 0, 'time': 0}
783.4698	DATA	{'pressed': True, 'port': 0, 'key': 4, 'time': 0}
783.4863	DATA	{'pressed': False, 'port': 0, 'key': 4, 'time': 0}
784.0007	DATA	check
784.0008	DATA	free R
786.0257	DATA	check
786.0756	DATA	{'pressed': True, 'port': 0, 'key': 4, 'time': 0}
786.0923	DATA	{'pressed': False, 'port': 0, 'key': 4, 'time': 0}
787.0388	DATA	check
787.3709	DATA	{'pressed': True, 'port': 0, 'key': 0, 'time': 0}
787.5868	DATA	{'pressed': False, 'port': 0, 'key': 0, 'time': 0}
788.1013	DATA	{'pressed': True, 'port': 0, 'key': 0, 'time': 0}
788.3171	DATA	{'pressed': False, 'port': 0, 'key': 0, 'time': 0}
788.6821	DATA	{'pressed': True, 'port': 0, 'key': 4, 'time': 0}
788.6988	DATA	{'pressed': False, 'port': 0, 'key': 4, 'time': 0}
789.3293	DATA	check
789.7611	DATA	{'pressed': True, 'port': 0, 'key': 1, 'time': 0}
789.9437	DATA	{'pressed': False, 'port': 0, 'key': 1, 'time': 0}
790.6408	DATA	{'pressed': True, 'port': 0, 'key': 0, 'time': 0}
790.8233	DATA	{'pressed': False, 'port': 0, 'key': 0, 'time': 0}
791.2881	DATA	{'pressed': True, 'port': 0, 'key': 4, 'time': 0}
791.3047	DATA	{'pressed': False, 'port': 0, 'key': 4, 'time': 0}
791.8357	DATA	check
792.8479	DATA	check
793.3794	DATA	{'pressed': True, 'port': 0, 'key': 1, 'time': 0}
793.3958	DATA	earn R
793.5789	DATA	{'pressed': False, 'port': 0, 'key': 1, 'time': 0}
793.8776	DATA	{'pressed': True, 'port': 0, 'key': 4, 'time': 0}
793.9108	DATA	{'pressed': False, 'port': 0, 'key': 4, 'time': 0}
795.4208	DATA	check
795.4209	DATA	free R
795.5423	DATA	{'pressed': True, 'port': 0, 'key': 1, 'time': 0}
795.7034	DATA	{'pressed': False, 'port': 0, 'key': 1, 'time': 0}
796.4831	DATA	{'pressed': True, 'port': 0, 'key': 4, 'time': 0}
796.4999	DATA	{'pressed': False, 'port': 0, 'key': 4, 'time': 0}
797.4462	DATA	check
797.4463	DATA	free R
799.0897	DATA	{'pressed': True, 'port': 0, 'key': 4, 'time': 0}
799.1063	DATA	{'pressed': False, 'port': 0, 'key': 4, 'time': 0}
799.4713	DATA	check
799.9197	DATA	{'pressed': True, 'port': 0, 'key': 1, 'time': 0}
800.0856	DATA	{'pressed': False, 'port': 0, 'key': 1, 'time': 0}
800.9488	DATA	{'pressed': True, 'port': 0, 'key': 0, 'time': 0}
801.0979	DATA	check
801.1148	DATA	{'pressed': False, 'port': 0, 'key': 0, 'time': 0}
801.6956	DATA	{'pressed': True, 'port': 0, 'key': 4, 'time': 0}
801.7123	DATA	{'pressed': False, 'port': 0, 'key': 4, 'time': 0}
802.1270	DATA	check
803.1395	DATA	check
804.1520	DATA	check
804.2849	DATA	{'pressed': True, 'port': 0, 'key': 4, 'time': 0}
804.3182	DATA	{'pressed': False, 'port': 0, 'key': 4, 'time': 0}
805.1644	DATA	check
805.1645	DATA	free R
806.5423	DATA	{'pressed': True, 'port': 0, 'key': 0, 'time': 0}
806.7587	DATA	{'pressed': False, 'port': 0, 'key': 0, 'time': 0}
806.8914	DATA	{'pressed': True, 'port': 0, 'key': 4, 'time': 0}
806.9081	DATA	{'pressed': False, 'port': 0, 'key': 4, 'time': 0}
807.7709	DATA	check
807.7710	DATA	free R
808.5846	DATA	{'pressed': True, 'port': 0, 'key': 0, 'time': 0}
808.7672	DATA	{'pressed': False, 'port': 0, 'key': 0, 'time': 0}
809.4973	DATA	{'pressed': True, 'port': 0, 'key': 4, 'time': 0}
809.5139	DATA	{'pressed': False, 'port': 0, 'key': 4, 'time': 0}
809.7959	DATA	check
810.8084	DATA	check
810.8084	DATA	free R
811.6055	DATA	{'pressed': True, 'port': 0, 'key': 0, 'time': 0}
811.8047	DATA	{'pressed': False, 'port': 0, 'key': 0, 'time': 0}
812.1032	DATA	{'pressed': True, 'port': 0, 'key': 4, 'time': 0}
812.1199	DATA	{'pressed': False, 'port': 0, 'key': 4, 'time': 0}
812.8334	DATA	check
813.8458	DATA	check
813.8459	DATA	free R
814.6926	DATA	{'pressed': True, 'port': 0, 'key': 0, 'time': 0}
814.7094	DATA	{'pressed': True, 'port': 0, 'key': 4, 'time': 0}
814.7259	DATA	{'pressed': False, 'port': 0, 'key': 4, 'time': 0}
814.8918	DATA	{'pressed': False, 'port': 0, 'key': 0, 'time': 0}
815.1905	DATA	{'pressed': True, 'port': 0, 'key': 1, 'time': 0}
815.3565	DATA	{'pressed': False, 'port': 0, 'key': 1, 'time': 0}
816.3687	DATA	check
817.2990	DATA	{'pressed': True, 'port': 0, 'key': 4, 'time': 0}
817.3157	DATA	{'pressed': False, 'port': 0, 'key': 4, 'time': 0}
817.3817	DATA	check
818.3943	DATA	check
818.3943	DATA	free R
819.3408	DATA	{'pressed': True, 'port': 0, 'key': 0, 'time': 0}
819.5064	DATA	{'pressed': False, 'port': 0, 'key': 0, 'time': 0}
819.9049	DATA	{'pressed': True, 'port': 0, 'key': 4, 'time': 0}
819.9216	DATA	{'pressed': False, 'port': 0, 'key': 4, 'time': 0}
820.5189	DATA	check
821.5314	DATA	check
821.5314	DATA	free R
821.5316	DATA	{'pressed': True, 'port': 0, 'key': 1, 'time': 0}
821.7142	DATA	{'pressed': False, 'port': 0, 'key': 1, 'time': 0}
821.9799	DATA	{'pressed': True, 'port': 0, 'key': 0, 'time': 0}
822.0961	DATA	{'pressed': False, 'port': 0, 'key': 0, 'time': 0}
822.5111	DATA	{'pressed': True, 'port': 0, 'key': 4, 'time': 0}
822.5276	DATA	{'pressed': False, 'port': 0, 'key': 4, 'time': 0}
823.5563	DATA	check
824.5688	DATA	check
824.5688	DATA	free R
825.1170	DATA	{'pressed': True, 'port': 0, 'key': 4, 'time': 0}
825.1335	DATA	{'pressed': False, 'port': 0, 'key': 4, 'time': 0}
825.9798	DATA	{'pressed': True, 'port': 0, 'key': 0, 'time': 0}
826.1459	DATA	{'pressed': False, 'port': 0, 'key': 0, 'time': 0}
826.8768	DATA	{'pressed': True, 'port': 0, 'key': 0, 'time': 0}
827.0760	DATA	{'pressed': False, 'port': 0, 'key': 0, 'time': 0}
827.7065	DATA	{'pressed': True, 'port': 0, 'key': 4, 'time': 0}
827.7403	DATA	{'pressed': False, 'port': 0, 'key': 4, 'time': 0}
828.0882	DATA	check
829.1006	DATA	check
829.1007	DATA	free R
829.7981	DATA	{'pressed': True, 'port': 0, 'key': 0, 'time': 0}
829.9974	DATA	{'pressed': False, 'port': 0, 'key': 0, 'time': 0}
830.3125	DATA	{'pressed': True, 'port': 0, 'key': 4, 'time': 0}
830.3291	DATA	{'pressed': False, 'port': 0, 'key': 4, 'time': 0}
830.5781	DATA	{'pressed': True, 'port': 0, 'key': 1, 'time': 0}
830.7607	DATA	{'pressed': False, 'port': 0, 'key': 1, 'time': 0}
831.3084	DATA	{'pressed': True, 'port': 0, 'key': 0, 'time': 0}
831.4412	DATA	{'pressed': False, 'port': 0, 'key': 0, 'time': 0}
832.4535	DATA	check
832.9184	DATA	{'pressed': True, 'port': 0, 'key': 4, 'time': 0}
832.9351	DATA	{'pressed': False, 'port': 0, 'key': 4, 'time': 0}
833.4659	DATA	check
834.3293	DATA	{'pressed': True, 'port': 0, 'key': 0, 'time': 0}
834.4784	DATA	check
834.4785	DATA	free R
834.5986	DATA	{'pressed': False, 'port': 0, 'key': 0, 'time': 0}
835.5244	DATA	{'pressed': True, 'port': 0, 'key': 4, 'time': 0}
835.5409	DATA	{'pressed': False, 'port': 0, 'key': 4, 'time': 0}
836.5034	DATA	check
836.9358	DATA	{'pressed': True, 'port': 0, 'key': 0, 'time': 0}
837.1681	DATA	{'pressed': False, 'port': 0, 'key': 0, 'time': 0}
838.0479	DATA	{'pressed': True, 'port': 0, 'key': 1, 'time': 0}
838.1141	DATA	{'pressed': True, 'port': 0, 'key': 4, 'time': 0}
838.1474	DATA	{'pressed': False, 'port': 0, 'key': 4, 'time': 0}
838.1804	DATA	check
838.2138	DATA	{'pressed': False, 'port': 0, 'key': 1, 'time': 0}
839.2261	DATA	check
840.2386	DATA	check
840.7200	DATA	{'pressed': True, 'port': 0, 'key': 4, 'time': 0}
840.7367	DATA	{'pressed': False, 'port': 0, 'key': 4, 'time': 0}
840.9691	DATA	{'pressed': True, 'port': 0, 'key': 0, 'time': 0}
841.1849	DATA	{'pressed': False, 'port': 0, 'key': 0, 'time': 0}
841.6827	DATA	{'pressed': True, 'port': 0, 'key': 1, 'time': 0}
841.8654	DATA	{'pressed': False, 'port': 0, 'key': 1, 'time': 0}
842.8776	DATA	check
843.3260	DATA	{'pressed': True, 'port': 0, 'key': 4, 'time': 0}
843.3427	DATA	{'pressed': False, 'port': 0, 'key': 4, 'time': 0}
843.8902	DATA	check
844.9026	DATA	check
845.3344	DATA	{'pressed': True, 'port': 0, 'key': 1, 'time': 0}
845.5170	DATA	{'pressed': False, 'port': 0, 'key': 1, 'time': 0}
845.9318	DATA	{'pressed': True, 'port': 0, 'key': 4, 'time': 0}
845.9484	DATA	{'pressed': False, 'port': 0, 'key': 4, 'time': 0}
845.9651	DATA	{'pressed': True, 'port': 0, 'key': 0, 'time': 0}
846.1145	DATA	{'pressed': False, 'port': 0, 'key': 0, 'time': 0}
847.1273	DATA	check
848.1398	DATA	check
848.5216	DATA	{'pressed': True, 'port': 0, 'key': 4, 'time': 0}
848.5550	DATA	{'pressed': False, 'port': 0, 'key': 4, 'time': 0}
849.1523	DATA	check
849.9658	DATA	{'pressed': True, 'port': 0, 'key': 1, 'time': 0}
850.1484	DATA	{'pressed': False, 'port': 0, 'key': 1, 'time': 0}
850.6298	DATA	{'pressed': True, 'port': 0, 'key': 0, 'time': 0}
850.7958	DATA	{'pressed': False, 'port': 0, 'key': 0, 'time': 0}
851.1277	DATA	{'pressed': True, 'port': 0, 'key': 4, 'time': 0}
851.1443	DATA	{'pressed': False, 'port': 0, 'key': 4, 'time': 0}
851.8080	DATA	check
852.8205	DATA	check
853.0032	DATA	{'pressed': True, 'port': 0, 'key': 1, 'time': 0}
853.2191	DATA	{'pressed': False, 'port': 0, 'key': 1, 'time': 0}
853.7335	DATA	{'pressed': True, 'port': 0, 'key': 4, 'time': 0}
853.7502	DATA	{'pressed': False, 'port': 0, 'key': 4, 'time': 0}
854.2313	DATA	check
854.2314	DATA	free R
856.2563	DATA	check
856.3395	DATA	{'pressed': True, 'port': 0, 'key': 4, 'time': 0}
856.3560	DATA	{'pressed': False, 'port': 0, 'key': 4, 'time': 0}
857.0206	DATA	{'pressed': True, 'port': 0, 'key': 0, 'time': 0}
857.2364	DATA	{'pressed': False, 'port': 0, 'key': 0, 'time': 0}
858.2487	DATA	check
858.9292	DATA	{'pressed': True, 'port': 0, 'key': 0, 'time': 0}
858.9460	DATA	{'pressed': True, 'port': 0, 'key': 4, 'time': 0}
858.9626	DATA	{'pressed': False, 'port': 0, 'key': 4, 'time': 0}
859.0954	DATA	{'pressed': False, 'port': 0, 'key': 0, 'time': 0}
859.2448	DATA	{'pressed': True, 'port': 0, 'key': 0, 'time': 0}
859.3942	DATA	{'pressed': False, 'port': 0, 'key': 0, 'time': 0}
860.4064	DATA	check
860.4064	DATA	free R
861.5352	DATA	{'pressed': True, 'port': 0, 'key': 4, 'time': 0}
861.5686	DATA	{'pressed': False, 'port': 0, 'key': 4, 'time': 0}
862.4314	DATA	check
862.5976	DATA	{'pressed': True, 'port': 0, 'key': 0, 'time': 0}
862.7469	DATA	{'pressed': False, 'port': 0, 'key': 0, 'time': 0}
863.1121	DATA	{'pressed': True, 'port': 0, 'key': 1, 'time': 0}
863.2781	DATA	{'pressed': False, 'port': 0, 'key': 1, 'time': 0}
864.1411	DATA	{'pressed': True, 'port': 0, 'key': 4, 'time': 0}
864.1578	DATA	{'pressed': False, 'port': 0, 'key': 4, 'time': 0}
864.2903	DATA	check
864.2904	DATA	free R
866.3153	DATA	check
866.3153	DATA	free R
866.7477	DATA	{'pressed': True, 'port': 0, 'key': 4, 'time': 0}
866.7644	DATA	{'pressed': False, 'port': 0, 'key': 4, 'time': 0}
866.9803	DATA	{'pressed': True, 'port': 0, 'key': 0, 'time': 0}
867.0965	DATA	{'pressed': False, 'port': 0, 'key': 0, 'time': 0}
867.1960	DATA	{'pressed': True, 'port': 0, 'key': 0, 'time': 0}
867.3310	DATA	{'pressed': False, 'port': 0, 'key': 0, 'time': 0}
868.3408	DATA	check
869.3533	DATA	check
869.3534	DATA	free R
869.3536	DATA	{'pressed': True, 'port': 0, 'key': 4, 'time': 0}
869.4701	DATA	{'pressed': False, 'port': 0, 'key': 4, 'time': 0}
871.3783	DATA	check
871.3784	DATA	free R
871.9429	DATA	{'pressed': True, 'port': 0, 'key': 4, 'time': 0}
871.9762	DATA	{'pressed': False, 'port': 0, 'key': 4, 'time': 0}
873.4033	DATA	check
874.4157	DATA	check
874.4158	DATA	free R
874.5489	DATA	{'pressed': True, 'port': 0, 'key': 4, 'time': 0}
874.5654	DATA	{'pressed': False, 'port': 0, 'key': 4, 'time': 0}
875.0137	DATA	{'pressed': True, 'port': 0, 'key': 0, 'time': 0}
875.2461	DATA	{'pressed': False, 'port': 0, 'key': 0, 'time': 0}
876.2086	DATA	{'pressed': True, 'port': 0, 'key': 0, 'time': 0}
876.3912	DATA	{'pressed': False, 'port': 0, 'key': 0, 'time': 0}
877.1552	DATA	{'pressed': True, 'port': 0, 'key': 4, 'time': 0}
877.1719	DATA	{'pressed': False, 'port': 0, 'key': 4, 'time': 0}
877.4040	DATA	check
877.4041	DATA	free R
879.4289	DATA	check
879.7612	DATA	{'pressed': True, 'port': 0, 'key': 4, 'time': 0}
879.7778	DATA	{'pressed': False, 'port': 0, 'key': 4, 'time': 0}
880.4415	DATA	check
881.4540	DATA	check
881.5537	DATA	{'pressed': True, 'port': 0, 'key': 0, 'time': 0}
881.5701	DATA	earn L
881.8195	DATA	{'pressed': False, 'port': 0, 'key': 0, 'time': 0}
882.3507	DATA	{'pressed': True, 'port': 0, 'key': 4, 'time': 0}
882.3837	DATA	{'pressed': False, 'port': 0, 'key': 4, 'time': 0}
882.4999	DATA	{'pressed': True, 'port': 0, 'key': 0, 'time': 0}
882.7156	DATA	{'pressed': False, 'port': 0, 'key': 0, 'time': 0}
883.3962	DATA	{'pressed': True, 'port': 0, 'key': 0, 'time': 0}
883.5954	DATA	{'pressed': False, 'port': 0, 'key': 0, 'time': 0}
884.0933	DATA	{'pressed': True, 'port': 0, 'key': 0, 'time': 0}
884.3089	DATA	{'pressed': False, 'port': 0, 'key': 0, 'time': 0}
884.9562	DATA	{'pressed': True, 'port': 0, 'key': 4, 'time': 0}
884.9896	DATA	{'pressed': False, 'port': 0, 'key': 4, 'time': 0}
885.3213	DATA	check
885.7199	DATA	{'pressed': True, 'port': 0, 'key': 1, 'time': 0}
885.7362	DATA	earn R
885.9026	DATA	{'pressed': False, 'port': 0, 'key': 1, 'time': 0}
887.4634	DATA	{'pressed': True, 'port': 0, 'key': 0, 'time': 0}
887.5628	DATA	{'pressed': True, 'port': 0, 'key': 4, 'time': 0}
887.5795	DATA	{'pressed': False, 'port': 0, 'key': 4, 'time': 0}
887.6790	DATA	{'pressed': False, 'port': 0, 'key': 0, 'time': 0}
888.6913	DATA	check
889.7038	DATA	check
889.7038	DATA	free R
890.1689	DATA	{'pressed': True, 'port': 0, 'key': 4, 'time': 0}
890.1855	DATA	{'pressed': False, 'port': 0, 'key': 4, 'time': 0}
891.7288	DATA	check
891.9116	DATA	{'pressed': True, 'port': 0, 'key': 0, 'time': 0}
892.1439	DATA	{'pressed': False, 'port': 0, 'key': 0, 'time': 0}
892.7580	DATA	{'pressed': True, 'port': 0, 'key': 0, 'time': 0}
892.7746	DATA	{'pressed': True, 'port': 0, 'key': 4, 'time': 0}
892.7913	DATA	{'pressed': False, 'port': 0, 'key': 4, 'time': 0}
892.9739	DATA	{'pressed': False, 'port': 0, 'key': 0, 'time': 0}
893.9861	DATA	check
894.9985	DATA	check
895.3638	DATA	{'pressed': True, 'port': 0, 'key': 4, 'time': 0}
895.3971	DATA	{'pressed': False, 'port': 0, 'key': 4, 'time': 0}
896.0110	DATA	check
896.3239	DATA	start rating A
897.5555	DATA	EmulatedKey: 0
897.9039	DATA	EmulatedKey: 0
898.2360	DATA	EmulatedKey: 0
906.3356	DATA	1.0
906.3356	DATA	end rating A
906.3359	DATA	start rating B
907.5314	DATA	EmulatedKey: 0
907.9463	DATA	EmulatedKey: 0
916.3282	DATA	2.0
916.3283	DATA	end rating B
